INFO 2022-09-28 11:10:49,052 - Analysis initialization: FINISHED
INFO 2022-09-28 11:10:49,058 - -----------------------------------------------------
INFO 2022-09-28 11:10:49,058 - Starting analysis for application "BridgeWeave API"
INFO 2022-09-28 11:10:49,058 - -----------------------------------------------------
INFO 2022-09-28 11:10:49,060 - Model retrieval: STARTED
INFO 2022-09-28 11:10:50,137 - Model retrieved from cache
INFO 2022-09-28 11:10:50,137 - Model retrieval: FINISHED
INFO 2022-09-28 11:10:50,138 - Analysis authorization: STARTED
INFO 2022-09-28 11:10:51,164 - Upload analyzed source code forced to "false" - not allowed for user / application
INFO 2022-09-28 11:10:51,165 - Analysis authorization: FINISHED
INFO 2022-09-28 11:10:51,172 - License check: STARTED
INFO 2022-09-28 11:10:52,399 - License check: FINISHED
INFO 2022-09-28 11:10:52,400 - Prepare analysis data: STARTED
INFO 2022-09-28 11:10:52,426 - Prepare analysis data: FINISHED
INFO 2022-09-28 11:10:52,426 - Prepare source code files for upload: STARTED
INFO 2022-09-28 11:10:52,426 - Prepare source code files for upload: FINISHED
WARN 2022-09-28 11:10:55,297 - -----------------------------------------------------
WARN 2022-09-28 11:10:55,297 - Executing rules analysis for technology javascript
WARN 2022-09-28 11:10:55,298 - -----------------------------------------------------
WARN 2022-09-28 11:10:55,298 - directory: D:\Repos\Brideweave Crypto Repo\bwbucket-crypto-secret-manager-b2c59e033e68
WARN 2022-09-28 11:10:55,299 - bill-of-materials: 
WARN 2022-09-28 11:10:55,299 - bill-of-materials format: 
WARN 2022-09-28 11:10:55,299 - includes: 
WARN 2022-09-28 11:10:55,300 - excludes: **/src/test/**,**/__MACOSX/**,**/*.min.js,**/*.Designer.vb,**/*.designer.vb,**/*Reference.vb,**/*Service.vb,**/*Silverlight.vb,**/*.Designer.cs,**/*.designer.cs,**/*Reference.cs,**/*Service.cs,**/*Silverlight.cs,**/.*,**/Pods/BuildHeaders/**/*.h,**/Pods/Headers/**/*.h,**/node_modules/**,**/bower_components/**,**/target/**,**/bin/**,**/obj/**,**/dist/**,**/lib/**
WARN 2022-09-28 11:10:55,300 - configuration: D:\Software\KiuwanLocalAnalyzer\bin\..\conf\apps\BridgeWeave API.properties
WARN 2022-09-28 11:10:55,300 - VM version: 1.8.0_333
WARN 2022-09-28 11:10:55,478 - VM settings:
WARN 2022-09-28 11:10:55,480 -     Stack Size: 2.00M
WARN 2022-09-28 11:10:55,481 -     Min. Heap Size: 128.00M
WARN 2022-09-28 11:10:55,481 -     Max. Heap Size: 1.00G
WARN 2022-09-28 11:10:55,481 -     Ergonomics Machine Class: client
WARN 2022-09-28 11:10:55,481 -     Using VM: Java HotSpot(TM) 64-Bit Server VM
WARN 2022-09-28 11:10:55,481 - 
INFO 2022-09-28 11:11:08,213 - Moving 1 file to D:\Software\KiuwanLocalAnalyzer\temp\BridgeWeave API.3681467584632950909\results
INFO 2022-09-28 11:11:08,229 - Deleting: D:\Software\KiuwanLocalAnalyzer\temp\BridgeWeave API.3681467584632950909\results\rules_javascript.key
WARN 2022-09-28 11:11:08,459 - -----------------------------------------------------
WARN 2022-09-28 11:11:08,459 - Executing metrics analysis for technology javascript
WARN 2022-09-28 11:11:08,459 - -----------------------------------------------------
WARN 2022-09-28 11:11:08,460 - directory: D:\Repos\Brideweave Crypto Repo\bwbucket-crypto-secret-manager-b2c59e033e68
WARN 2022-09-28 11:11:08,460 - bill-of-materials: 
WARN 2022-09-28 11:11:08,461 - bill-of-materials format: 
WARN 2022-09-28 11:11:08,461 - includes: 
WARN 2022-09-28 11:11:08,461 - excludes: **/src/test/**,**/__MACOSX/**,**/*.min.js,**/*.Designer.vb,**/*.designer.vb,**/*Reference.vb,**/*Service.vb,**/*Silverlight.vb,**/*.Designer.cs,**/*.designer.cs,**/*Reference.cs,**/*Service.cs,**/*Silverlight.cs,**/.*,**/Pods/BuildHeaders/**/*.h,**/Pods/Headers/**/*.h,**/node_modules/**,**/bower_components/**,**/target/**,**/bin/**,**/obj/**,**/dist/**,**/lib/**
WARN 2022-09-28 11:11:08,461 - configuration: D:\Software\KiuwanLocalAnalyzer\bin\..\conf\apps\BridgeWeave API.properties
WARN 2022-09-28 11:11:08,461 - VM version: 1.8.0_333
WARN 2022-09-28 11:11:08,570 - VM settings:
WARN 2022-09-28 11:11:08,571 -     Stack Size: 2.00M
WARN 2022-09-28 11:11:08,571 -     Min. Heap Size: 128.00M
WARN 2022-09-28 11:11:08,572 -     Max. Heap Size: 1.00G
WARN 2022-09-28 11:11:08,572 -     Ergonomics Machine Class: client
WARN 2022-09-28 11:11:08,572 -     Using VM: Java HotSpot(TM) 64-Bit Server VM
WARN 2022-09-28 11:11:08,573 - 
INFO 2022-09-28 11:11:18,325 - Moving 1 file to D:\Software\KiuwanLocalAnalyzer\temp\BridgeWeave API.3681467584632950909\results
INFO 2022-09-28 11:11:18,329 - Deleting: D:\Software\KiuwanLocalAnalyzer\temp\BridgeWeave API.3681467584632950909\results\metrics_javascript.key
INFO 2022-09-28 11:11:18,338 - Update global report: STARTED
INFO 2022-09-28 11:11:18,346 - Update global report: FINISHED
INFO 2022-09-28 11:11:18,347 - Upload results to kiuwan: STARTED
INFO 2022-09-28 11:11:20,515 - Upload results to kiuwan: FINISHED
INFO 2022-09-28 11:11:20,516 - Retrieve complete results from kiuwan: STARTED
INFO 2022-09-28 11:11:21,400 - Retrieve complete results from kiuwan: FINISHED
INFO 2022-09-28 11:11:21,401 - Register analysis code in global report: STARTED
INFO 2022-09-28 11:11:21,403 - Register analysis code in global report: FINISHED
INFO 2022-09-28 11:11:21,412 - Analysis finished: A-7e6-183822e2d85
