INFO 2022-08-24 11:32:17,640 - Analysis initialization: FINISHED
INFO 2022-08-24 11:32:17,641 - -----------------------------------------------------
INFO 2022-08-24 11:32:17,641 - Starting analysis for application "internal-poc"
INFO 2022-08-24 11:32:17,641 - -----------------------------------------------------
INFO 2022-08-24 11:32:17,642 - Model retrieval: STARTED
INFO 2022-08-24 11:32:18,411 - Model retrieved from cache
INFO 2022-08-24 11:32:18,411 - Model retrieval: FINISHED
INFO 2022-08-24 11:32:18,411 - Analysis authorization: STARTED
INFO 2022-08-24 11:32:19,297 - Upload analyzed source code forced to "false" - not allowed for user / application
INFO 2022-08-24 11:32:19,297 - Analysis authorization: FINISHED
INFO 2022-08-24 11:32:19,303 - License check: STARTED
INFO 2022-08-24 11:32:20,144 - License check: FINISHED
INFO 2022-08-24 11:32:20,145 - Prepare analysis data: STARTED
INFO 2022-08-24 11:32:20,172 - Prepare analysis data: FINISHED
INFO 2022-08-24 11:32:20,172 - Prepare source code files for upload: STARTED
INFO 2022-08-24 11:32:20,173 - Prepare source code files for upload: FINISHED
WARN 2022-08-24 11:32:21,916 - -----------------------------------------------------
WARN 2022-08-24 11:32:21,916 - Executing rules analysis for technology javascript
WARN 2022-08-24 11:32:21,916 - -----------------------------------------------------
WARN 2022-08-24 11:32:21,916 - directory: D:\Repos\inter-protocol
WARN 2022-08-24 11:32:21,916 - bill-of-materials: 
WARN 2022-08-24 11:32:21,917 - bill-of-materials format: 
WARN 2022-08-24 11:32:21,917 - includes: 
WARN 2022-08-24 11:32:21,917 - excludes: **/src/test/**,**/__MACOSX/**,**/*.min.js,**/*.Designer.vb,**/*.designer.vb,**/*Reference.vb,**/*Service.vb,**/*Silverlight.vb,**/*.Designer.cs,**/*.designer.cs,**/*Reference.cs,**/*Service.cs,**/*Silverlight.cs,**/.*,**/Pods/BuildHeaders/**/*.h,**/Pods/Headers/**/*.h,**/node_modules/**,**/bower_components/**,**/target/**,**/bin/**,**/obj/**,**/dist/**,**/lib/**
WARN 2022-08-24 11:32:21,917 - configuration: D:\Software\KiuwanLocalAnalyzer\bin\..\conf\apps\internal_poc.properties
WARN 2022-08-24 11:32:21,917 - VM version: 1.8.0_333
WARN 2022-08-24 11:32:22,030 - VM settings:
WARN 2022-08-24 11:32:22,031 -     Stack Size: 2.00M
WARN 2022-08-24 11:32:22,031 -     Min. Heap Size: 128.00M
WARN 2022-08-24 11:32:22,031 -     Max. Heap Size: 1.00G
WARN 2022-08-24 11:32:22,031 -     Ergonomics Machine Class: client
WARN 2022-08-24 11:32:22,032 -     Using VM: Java HotSpot(TM) 64-Bit Server VM
WARN 2022-08-24 11:32:22,032 - 
INFO 2022-08-24 11:32:33,964 - Moving 1 file to D:\Software\KiuwanLocalAnalyzer\temp\internal_poc.144719647753166100\results
INFO 2022-08-24 11:32:33,977 - Deleting: D:\Software\KiuwanLocalAnalyzer\temp\internal_poc.144719647753166100\results\rules_javascript.key
WARN 2022-08-24 11:32:34,203 - -----------------------------------------------------
WARN 2022-08-24 11:32:34,204 - Executing metrics analysis for technology javascript
WARN 2022-08-24 11:32:34,204 - -----------------------------------------------------
WARN 2022-08-24 11:32:34,204 - directory: D:\Repos\inter-protocol
WARN 2022-08-24 11:32:34,204 - bill-of-materials: 
WARN 2022-08-24 11:32:34,204 - bill-of-materials format: 
WARN 2022-08-24 11:32:34,205 - includes: 
WARN 2022-08-24 11:32:34,205 - excludes: **/src/test/**,**/__MACOSX/**,**/*.min.js,**/*.Designer.vb,**/*.designer.vb,**/*Reference.vb,**/*Service.vb,**/*Silverlight.vb,**/*.Designer.cs,**/*.designer.cs,**/*Reference.cs,**/*Service.cs,**/*Silverlight.cs,**/.*,**/Pods/BuildHeaders/**/*.h,**/Pods/Headers/**/*.h,**/node_modules/**,**/bower_components/**,**/target/**,**/bin/**,**/obj/**,**/dist/**,**/lib/**
WARN 2022-08-24 11:32:34,205 - configuration: D:\Software\KiuwanLocalAnalyzer\bin\..\conf\apps\internal_poc.properties
WARN 2022-08-24 11:32:34,205 - VM version: 1.8.0_333
WARN 2022-08-24 11:32:34,310 - VM settings:
WARN 2022-08-24 11:32:34,311 -     Stack Size: 2.00M
WARN 2022-08-24 11:32:34,311 -     Min. Heap Size: 128.00M
WARN 2022-08-24 11:32:34,311 -     Max. Heap Size: 1.00G
WARN 2022-08-24 11:32:34,312 -     Ergonomics Machine Class: client
WARN 2022-08-24 11:32:34,312 -     Using VM: Java HotSpot(TM) 64-Bit Server VM
WARN 2022-08-24 11:32:34,312 - 
INFO 2022-08-24 11:32:42,750 - Moving 1 file to D:\Software\KiuwanLocalAnalyzer\temp\internal_poc.144719647753166100\results
INFO 2022-08-24 11:32:42,757 - Deleting: D:\Software\KiuwanLocalAnalyzer\temp\internal_poc.144719647753166100\results\metrics_javascript.key
INFO 2022-08-24 11:32:42,763 - Update global report: STARTED
INFO 2022-08-24 11:32:42,772 - Update global report: FINISHED
INFO 2022-08-24 11:32:42,772 - Upload results to kiuwan: STARTED
INFO 2022-08-24 11:32:44,443 - Upload results to kiuwan: FINISHED
INFO 2022-08-24 11:32:44,443 - Retrieve complete results from kiuwan: STARTED
INFO 2022-08-24 11:32:45,225 - Retrieve complete results from kiuwan: FINISHED
INFO 2022-08-24 11:32:45,226 - Register analysis code in global report: STARTED
INFO 2022-08-24 11:32:45,227 - Register analysis code in global report: FINISHED
INFO 2022-08-24 11:32:45,229 - Analysis finished: A-7e6-182ce05fec3
