INFO 2022-08-24 11:32:37,251 - com.optimyth.qaking.codeanalysis.metadata.model.LibrariesResolver: Metadata libraries FACTORY directory added = D:\Software\KiuwanLocalAnalyzer\libraries
INFO 2022-08-24 11:32:37,253 - com.optimyth.qaking.codeanalysis.metadata.model.LibrariesResolver: Metadata libraries resolver found 1 directories to inspect: [D:\Software\KiuwanLocalAnalyzer\libraries]
WARN 2022-08-24 11:32:37,473 - com.als.core.main.SingleTechnologyStaticAnalyzer: ***************************************************
WARN 2022-08-24 11:32:37,473 - com.als.core.main.SingleTechnologyStaticAnalyzer: File: D:\Repos\inter-protocol\scripts\add-initial-liquidity.js
WARN 2022-08-24 11:32:37,474 - com.als.core.main.SingleTechnologyStaticAnalyzer: Technology: javascript
WARN 2022-08-24 11:32:37,475 - com.als.core.main.SingleTechnologyStaticAnalyzer: Message: Cannot parse D:\Repos\inter-protocol\scripts\add-initial-liquidity.js, due to: org.mozilla.javascript.EvaluatorException: missing } after property list (D:\Repos\inter-protocol\scripts\add-initial-liquidity.js#11)
WARN 2022-08-24 11:32:37,476 - com.als.core.main.SingleTechnologyStaticAnalyzer: Stack:
WARN 2022-08-24 11:32:37,476 - com.als.core.main.SingleTechnologyStaticAnalyzer: com.als.core.parser.ParseException: Cannot parse D:\Repos\inter-protocol\scripts\add-initial-liquidity.js, due to: org.mozilla.javascript.EvaluatorException: missing } after property list (D:\Repos\inter-protocol\scripts\add-initial-liquidity.js#11)
	at com.als.core.parser.AbstractReaderParser.wrapException(AbstractReaderParser.java:98)
	at com.als.core.parser.AbstractReaderParser.throwParseException(AbstractReaderParser.java:93)
	at com.optimyth.qaking.js.ast.MozillaParser.parse(MozillaParser.java:79)
	at com.optimyth.qaking.js.ast.MozillaParser.parse(MozillaParser.java:69)
	at com.optimyth.qaking.js.ast.MozillaParser.parse(MozillaParser.java:13)
	at com.als.core.parser.multiparser.ArrangementBasedMultiParser$2.parse(ArrangementBasedMultiParser.java:60)
	at com.als.core.parser.multiparser.ArrangementBasedMultiParser.k26(ArrangementBasedMultiParser.java:111)
	at com.als.core.parser.multiparser.ArrangementBasedMultiParser.parse(ArrangementBasedMultiParser.java:58)
	at com.als.core.language.LanguageSupport.parseAndValidate(LanguageSupport.java:304)
...

WARN 2022-08-24 11:32:37,476 - com.als.core.main.SingleTechnologyStaticAnalyzer: ***************************************************
WARN 2022-08-24 11:32:37,480 - com.als.core.main.SingleTechnologyStaticAnalyzer: ***************************************************
WARN 2022-08-24 11:32:37,480 - com.als.core.main.SingleTechnologyStaticAnalyzer: File: D:\Repos\inter-protocol\scripts\deploy-contracts.js
WARN 2022-08-24 11:32:37,480 - com.als.core.main.SingleTechnologyStaticAnalyzer: Technology: javascript
WARN 2022-08-24 11:32:37,480 - com.als.core.main.SingleTechnologyStaticAnalyzer: Message: Cannot parse D:\Repos\inter-protocol\scripts\deploy-contracts.js, due to: org.mozilla.javascript.EvaluatorException: missing ( after for (D:\Repos\inter-protocol\scripts\deploy-contracts.js#64)
WARN 2022-08-24 11:32:37,481 - com.als.core.main.SingleTechnologyStaticAnalyzer: Stack:
WARN 2022-08-24 11:32:37,481 - com.als.core.main.SingleTechnologyStaticAnalyzer: com.als.core.parser.ParseException: Cannot parse D:\Repos\inter-protocol\scripts\deploy-contracts.js, due to: org.mozilla.javascript.EvaluatorException: missing ( after for (D:\Repos\inter-protocol\scripts\deploy-contracts.js#64)
	at com.als.core.parser.AbstractReaderParser.wrapException(AbstractReaderParser.java:98)
	at com.als.core.parser.AbstractReaderParser.throwParseException(AbstractReaderParser.java:93)
	at com.optimyth.qaking.js.ast.MozillaParser.parse(MozillaParser.java:79)
	at com.optimyth.qaking.js.ast.MozillaParser.parse(MozillaParser.java:69)
	at com.optimyth.qaking.js.ast.MozillaParser.parse(MozillaParser.java:13)
	at com.als.core.parser.multiparser.ArrangementBasedMultiParser$2.parse(ArrangementBasedMultiParser.java:60)
	at com.als.core.parser.multiparser.ArrangementBasedMultiParser.k26(ArrangementBasedMultiParser.java:111)
	at com.als.core.parser.multiparser.ArrangementBasedMultiParser.parse(ArrangementBasedMultiParser.java:58)
	at com.als.core.language.LanguageSupport.parseAndValidate(LanguageSupport.java:304)
...

WARN 2022-08-24 11:32:37,481 - com.als.core.main.SingleTechnologyStaticAnalyzer: ***************************************************
WARN 2022-08-24 11:32:37,496 - com.als.core.main.SingleTechnologyStaticAnalyzer: ***************************************************
WARN 2022-08-24 11:32:37,496 - com.als.core.main.SingleTechnologyStaticAnalyzer: File: D:\Repos\inter-protocol\scripts\manual-price-feed.js
WARN 2022-08-24 11:32:37,496 - com.als.core.main.SingleTechnologyStaticAnalyzer: Technology: javascript
WARN 2022-08-24 11:32:37,497 - com.als.core.main.SingleTechnologyStaticAnalyzer: Message: Cannot parse D:\Repos\inter-protocol\scripts\manual-price-feed.js, due to: org.mozilla.javascript.EvaluatorException: missing ( after for (D:\Repos\inter-protocol\scripts\manual-price-feed.js#97)
WARN 2022-08-24 11:32:37,497 - com.als.core.main.SingleTechnologyStaticAnalyzer: Stack:
WARN 2022-08-24 11:32:37,497 - com.als.core.main.SingleTechnologyStaticAnalyzer: com.als.core.parser.ParseException: Cannot parse D:\Repos\inter-protocol\scripts\manual-price-feed.js, due to: org.mozilla.javascript.EvaluatorException: missing ( after for (D:\Repos\inter-protocol\scripts\manual-price-feed.js#97)
	at com.als.core.parser.AbstractReaderParser.wrapException(AbstractReaderParser.java:98)
	at com.als.core.parser.AbstractReaderParser.throwParseException(AbstractReaderParser.java:93)
	at com.optimyth.qaking.js.ast.MozillaParser.parse(MozillaParser.java:79)
	at com.optimyth.qaking.js.ast.MozillaParser.parse(MozillaParser.java:69)
	at com.optimyth.qaking.js.ast.MozillaParser.parse(MozillaParser.java:13)
	at com.als.core.parser.multiparser.ArrangementBasedMultiParser$2.parse(ArrangementBasedMultiParser.java:60)
	at com.als.core.parser.multiparser.ArrangementBasedMultiParser.k26(ArrangementBasedMultiParser.java:111)
	at com.als.core.parser.multiparser.ArrangementBasedMultiParser.parse(ArrangementBasedMultiParser.java:58)
	at com.als.core.language.LanguageSupport.parseAndValidate(LanguageSupport.java:304)
...

WARN 2022-08-24 11:32:37,497 - com.als.core.main.SingleTechnologyStaticAnalyzer: ***************************************************
WARN 2022-08-24 11:32:37,535 - com.als.core.main.SingleTechnologyStaticAnalyzer: ***************************************************
WARN 2022-08-24 11:32:37,535 - com.als.core.main.SingleTechnologyStaticAnalyzer: File: D:\Repos\inter-protocol\src\proposals\addAssetToVault.js
WARN 2022-08-24 11:32:37,535 - com.als.core.main.SingleTechnologyStaticAnalyzer: Technology: javascript
WARN 2022-08-24 11:32:37,535 - com.als.core.main.SingleTechnologyStaticAnalyzer: Message: Cannot parse D:\Repos\inter-protocol\src\proposals\addAssetToVault.js, due to: java.lang.IllegalStateException: FAILED ASSERTION: ts.cursor=3052, ts.tokenBeg=3050, currentToken=165
WARN 2022-08-24 11:32:37,536 - com.als.core.main.SingleTechnologyStaticAnalyzer: Stack:
WARN 2022-08-24 11:32:37,536 - com.als.core.main.SingleTechnologyStaticAnalyzer: com.als.core.parser.ParseException: Cannot parse D:\Repos\inter-protocol\src\proposals\addAssetToVault.js, due to: java.lang.IllegalStateException: FAILED ASSERTION: ts.cursor=3052, ts.tokenBeg=3050, currentToken=165
	at com.als.core.parser.AbstractReaderParser.wrapException(AbstractReaderParser.java:98)
	at com.als.core.parser.AbstractReaderParser.throwParseException(AbstractReaderParser.java:93)
	at com.optimyth.qaking.js.ast.MozillaParser.parse(MozillaParser.java:79)
	at com.optimyth.qaking.js.ast.MozillaParser.parse(MozillaParser.java:69)
	at com.optimyth.qaking.js.ast.MozillaParser.parse(MozillaParser.java:13)
	at com.als.core.parser.multiparser.ArrangementBasedMultiParser$2.parse(ArrangementBasedMultiParser.java:60)
	at com.als.core.parser.multiparser.ArrangementBasedMultiParser.k26(ArrangementBasedMultiParser.java:111)
	at com.als.core.parser.multiparser.ArrangementBasedMultiParser.parse(ArrangementBasedMultiParser.java:58)
	at com.als.core.language.LanguageSupport.parseAndValidate(LanguageSupport.java:304)
...

WARN 2022-08-24 11:32:37,536 - com.als.core.main.SingleTechnologyStaticAnalyzer: ***************************************************
WARN 2022-08-24 11:32:37,546 - com.als.core.main.SingleTechnologyStaticAnalyzer: ***************************************************
WARN 2022-08-24 11:32:37,546 - com.als.core.main.SingleTechnologyStaticAnalyzer: File: D:\Repos\inter-protocol\src\proposals\demoIssuers.js
WARN 2022-08-24 11:32:37,546 - com.als.core.main.SingleTechnologyStaticAnalyzer: Technology: javascript
WARN 2022-08-24 11:32:37,546 - com.als.core.main.SingleTechnologyStaticAnalyzer: Message: Cannot parse D:\Repos\inter-protocol\src\proposals\demoIssuers.js, due to: org.mozilla.javascript.EvaluatorException: missing } after property list (D:\Repos\inter-protocol\src\proposals\demoIssuers.js#42)
WARN 2022-08-24 11:32:37,546 - com.als.core.main.SingleTechnologyStaticAnalyzer: Stack:
WARN 2022-08-24 11:32:37,546 - com.als.core.main.SingleTechnologyStaticAnalyzer: com.als.core.parser.ParseException: Cannot parse D:\Repos\inter-protocol\src\proposals\demoIssuers.js, due to: org.mozilla.javascript.EvaluatorException: missing } after property list (D:\Repos\inter-protocol\src\proposals\demoIssuers.js#42)
	at com.als.core.parser.AbstractReaderParser.wrapException(AbstractReaderParser.java:98)
	at com.als.core.parser.AbstractReaderParser.throwParseException(AbstractReaderParser.java:93)
	at com.optimyth.qaking.js.ast.MozillaParser.parse(MozillaParser.java:79)
	at com.optimyth.qaking.js.ast.MozillaParser.parse(MozillaParser.java:69)
	at com.optimyth.qaking.js.ast.MozillaParser.parse(MozillaParser.java:13)
	at com.als.core.parser.multiparser.ArrangementBasedMultiParser$2.parse(ArrangementBasedMultiParser.java:60)
	at com.als.core.parser.multiparser.ArrangementBasedMultiParser.k26(ArrangementBasedMultiParser.java:111)
	at com.als.core.parser.multiparser.ArrangementBasedMultiParser.parse(ArrangementBasedMultiParser.java:58)
	at com.als.core.language.LanguageSupport.parseAndValidate(LanguageSupport.java:304)
...

WARN 2022-08-24 11:32:37,547 - com.als.core.main.SingleTechnologyStaticAnalyzer: ***************************************************
WARN 2022-08-24 11:32:37,548 - com.als.core.main.SingleTechnologyStaticAnalyzer: ***************************************************
WARN 2022-08-24 11:32:37,548 - com.als.core.main.SingleTechnologyStaticAnalyzer: File: D:\Repos\inter-protocol\src\proposals\econ-behaviors.js
WARN 2022-08-24 11:32:37,548 - com.als.core.main.SingleTechnologyStaticAnalyzer: Technology: javascript
WARN 2022-08-24 11:32:37,548 - com.als.core.main.SingleTechnologyStaticAnalyzer: Message: Cannot parse D:\Repos\inter-protocol\src\proposals\econ-behaviors.js, due to: org.mozilla.javascript.EvaluatorException: missing ; before statement (D:\Repos\inter-protocol\src\proposals\econ-behaviors.js#29)
WARN 2022-08-24 11:32:37,548 - com.als.core.main.SingleTechnologyStaticAnalyzer: Stack:
WARN 2022-08-24 11:32:37,548 - com.als.core.main.SingleTechnologyStaticAnalyzer: com.als.core.parser.ParseException: Cannot parse D:\Repos\inter-protocol\src\proposals\econ-behaviors.js, due to: org.mozilla.javascript.EvaluatorException: missing ; before statement (D:\Repos\inter-protocol\src\proposals\econ-behaviors.js#29)
	at com.als.core.parser.AbstractReaderParser.wrapException(AbstractReaderParser.java:98)
	at com.als.core.parser.AbstractReaderParser.throwParseException(AbstractReaderParser.java:93)
	at com.optimyth.qaking.js.ast.MozillaParser.parse(MozillaParser.java:79)
	at com.optimyth.qaking.js.ast.MozillaParser.parse(MozillaParser.java:69)
	at com.optimyth.qaking.js.ast.MozillaParser.parse(MozillaParser.java:13)
	at com.als.core.parser.multiparser.ArrangementBasedMultiParser$2.parse(ArrangementBasedMultiParser.java:60)
	at com.als.core.parser.multiparser.ArrangementBasedMultiParser.k26(ArrangementBasedMultiParser.java:111)
	at com.als.core.parser.multiparser.ArrangementBasedMultiParser.parse(ArrangementBasedMultiParser.java:58)
	at com.als.core.language.LanguageSupport.parseAndValidate(LanguageSupport.java:304)
...

WARN 2022-08-24 11:32:37,549 - com.als.core.main.SingleTechnologyStaticAnalyzer: ***************************************************
WARN 2022-08-24 11:32:37,559 - com.als.core.main.SingleTechnologyStaticAnalyzer: ***************************************************
WARN 2022-08-24 11:32:37,559 - com.als.core.main.SingleTechnologyStaticAnalyzer: File: D:\Repos\inter-protocol\src\proposals\startPSM.js
WARN 2022-08-24 11:32:37,559 - com.als.core.main.SingleTechnologyStaticAnalyzer: Technology: javascript
WARN 2022-08-24 11:32:37,559 - com.als.core.main.SingleTechnologyStaticAnalyzer: Message: Cannot parse D:\Repos\inter-protocol\src\proposals\startPSM.js, due to: org.mozilla.javascript.EvaluatorException: missing } after property list (D:\Repos\inter-protocol\src\proposals\startPSM.js#51)
WARN 2022-08-24 11:32:37,559 - com.als.core.main.SingleTechnologyStaticAnalyzer: Stack:
WARN 2022-08-24 11:32:37,560 - com.als.core.main.SingleTechnologyStaticAnalyzer: com.als.core.parser.ParseException: Cannot parse D:\Repos\inter-protocol\src\proposals\startPSM.js, due to: org.mozilla.javascript.EvaluatorException: missing } after property list (D:\Repos\inter-protocol\src\proposals\startPSM.js#51)
	at com.als.core.parser.AbstractReaderParser.wrapException(AbstractReaderParser.java:98)
	at com.als.core.parser.AbstractReaderParser.throwParseException(AbstractReaderParser.java:93)
	at com.optimyth.qaking.js.ast.MozillaParser.parse(MozillaParser.java:79)
	at com.optimyth.qaking.js.ast.MozillaParser.parse(MozillaParser.java:69)
	at com.optimyth.qaking.js.ast.MozillaParser.parse(MozillaParser.java:13)
	at com.als.core.parser.multiparser.ArrangementBasedMultiParser$2.parse(ArrangementBasedMultiParser.java:60)
	at com.als.core.parser.multiparser.ArrangementBasedMultiParser.k26(ArrangementBasedMultiParser.java:111)
	at com.als.core.parser.multiparser.ArrangementBasedMultiParser.parse(ArrangementBasedMultiParser.java:58)
	at com.als.core.language.LanguageSupport.parseAndValidate(LanguageSupport.java:304)
...

WARN 2022-08-24 11:32:37,560 - com.als.core.main.SingleTechnologyStaticAnalyzer: ***************************************************
WARN 2022-08-24 11:32:37,596 - com.als.core.main.SingleTechnologyStaticAnalyzer: ***************************************************
WARN 2022-08-24 11:32:37,596 - com.als.core.main.SingleTechnologyStaticAnalyzer: File: D:\Repos\inter-protocol\src\vaultFactory\liquidateIncrementally.js
WARN 2022-08-24 11:32:37,596 - com.als.core.main.SingleTechnologyStaticAnalyzer: Technology: javascript
WARN 2022-08-24 11:32:37,596 - com.als.core.main.SingleTechnologyStaticAnalyzer: Message: Cannot parse D:\Repos\inter-protocol\src\vaultFactory\liquidateIncrementally.js, due to: org.mozilla.javascript.EvaluatorException: missing ; before statement (D:\Repos\inter-protocol\src\vaultFactory\liquidateIncrementally.js#74)
WARN 2022-08-24 11:32:37,597 - com.als.core.main.SingleTechnologyStaticAnalyzer: Stack:
WARN 2022-08-24 11:32:37,597 - com.als.core.main.SingleTechnologyStaticAnalyzer: com.als.core.parser.ParseException: Cannot parse D:\Repos\inter-protocol\src\vaultFactory\liquidateIncrementally.js, due to: org.mozilla.javascript.EvaluatorException: missing ; before statement (D:\Repos\inter-protocol\src\vaultFactory\liquidateIncrementally.js#74)
	at com.als.core.parser.AbstractReaderParser.wrapException(AbstractReaderParser.java:98)
	at com.als.core.parser.AbstractReaderParser.throwParseException(AbstractReaderParser.java:93)
	at com.optimyth.qaking.js.ast.MozillaParser.parse(MozillaParser.java:79)
	at com.optimyth.qaking.js.ast.MozillaParser.parse(MozillaParser.java:69)
	at com.optimyth.qaking.js.ast.MozillaParser.parse(MozillaParser.java:13)
	at com.als.core.parser.multiparser.ArrangementBasedMultiParser$2.parse(ArrangementBasedMultiParser.java:60)
	at com.als.core.parser.multiparser.ArrangementBasedMultiParser.k26(ArrangementBasedMultiParser.java:111)
	at com.als.core.parser.multiparser.ArrangementBasedMultiParser.parse(ArrangementBasedMultiParser.java:58)
	at com.als.core.language.LanguageSupport.parseAndValidate(LanguageSupport.java:304)
...

WARN 2022-08-24 11:32:37,597 - com.als.core.main.SingleTechnologyStaticAnalyzer: ***************************************************
WARN 2022-08-24 11:32:37,631 - com.als.core.main.SingleTechnologyStaticAnalyzer: ***************************************************
WARN 2022-08-24 11:32:37,631 - com.als.core.main.SingleTechnologyStaticAnalyzer: File: D:\Repos\inter-protocol\src\vaultFactory\vaultManager.js
WARN 2022-08-24 11:32:37,631 - com.als.core.main.SingleTechnologyStaticAnalyzer: Technology: javascript
WARN 2022-08-24 11:32:37,631 - com.als.core.main.SingleTechnologyStaticAnalyzer: Message: Cannot parse D:\Repos\inter-protocol\src\vaultFactory\vaultManager.js, due to: org.mozilla.javascript.EvaluatorException: missing ( after for (D:\Repos\inter-protocol\src\vaultFactory\vaultManager.js#489)
WARN 2022-08-24 11:32:37,632 - com.als.core.main.SingleTechnologyStaticAnalyzer: Stack:
WARN 2022-08-24 11:32:37,632 - com.als.core.main.SingleTechnologyStaticAnalyzer: com.als.core.parser.ParseException: Cannot parse D:\Repos\inter-protocol\src\vaultFactory\vaultManager.js, due to: org.mozilla.javascript.EvaluatorException: missing ( after for (D:\Repos\inter-protocol\src\vaultFactory\vaultManager.js#489)
	at com.als.core.parser.AbstractReaderParser.wrapException(AbstractReaderParser.java:98)
	at com.als.core.parser.AbstractReaderParser.throwParseException(AbstractReaderParser.java:93)
	at com.optimyth.qaking.js.ast.MozillaParser.parse(MozillaParser.java:79)
	at com.optimyth.qaking.js.ast.MozillaParser.parse(MozillaParser.java:69)
	at com.optimyth.qaking.js.ast.MozillaParser.parse(MozillaParser.java:13)
	at com.als.core.parser.multiparser.ArrangementBasedMultiParser$2.parse(ArrangementBasedMultiParser.java:60)
	at com.als.core.parser.multiparser.ArrangementBasedMultiParser.k26(ArrangementBasedMultiParser.java:111)
	at com.als.core.parser.multiparser.ArrangementBasedMultiParser.parse(ArrangementBasedMultiParser.java:58)
	at com.als.core.language.LanguageSupport.parseAndValidate(LanguageSupport.java:304)
...

WARN 2022-08-24 11:32:37,632 - com.als.core.main.SingleTechnologyStaticAnalyzer: ***************************************************
WARN 2022-08-24 11:32:37,691 - com.als.core.main.SingleTechnologyStaticAnalyzer: ***************************************************
WARN 2022-08-24 11:32:37,691 - com.als.core.main.SingleTechnologyStaticAnalyzer: File: D:\Repos\inter-protocol\test\test-demoAMM.js
WARN 2022-08-24 11:32:37,691 - com.als.core.main.SingleTechnologyStaticAnalyzer: Technology: javascript
WARN 2022-08-24 11:32:37,691 - com.als.core.main.SingleTechnologyStaticAnalyzer: Message: Cannot parse D:\Repos\inter-protocol\test\test-demoAMM.js, due to: org.mozilla.javascript.EvaluatorException: missing ) after argument list (D:\Repos\inter-protocol\test\test-demoAMM.js#70)
WARN 2022-08-24 11:32:37,691 - com.als.core.main.SingleTechnologyStaticAnalyzer: Stack:
WARN 2022-08-24 11:32:37,691 - com.als.core.main.SingleTechnologyStaticAnalyzer: com.als.core.parser.ParseException: Cannot parse D:\Repos\inter-protocol\test\test-demoAMM.js, due to: org.mozilla.javascript.EvaluatorException: missing ) after argument list (D:\Repos\inter-protocol\test\test-demoAMM.js#70)
	at com.als.core.parser.AbstractReaderParser.wrapException(AbstractReaderParser.java:98)
	at com.als.core.parser.AbstractReaderParser.throwParseException(AbstractReaderParser.java:93)
	at com.optimyth.qaking.js.ast.MozillaParser.parse(MozillaParser.java:79)
	at com.optimyth.qaking.js.ast.MozillaParser.parse(MozillaParser.java:69)
	at com.optimyth.qaking.js.ast.MozillaParser.parse(MozillaParser.java:13)
	at com.als.core.parser.multiparser.ArrangementBasedMultiParser$2.parse(ArrangementBasedMultiParser.java:60)
	at com.als.core.parser.multiparser.ArrangementBasedMultiParser.k26(ArrangementBasedMultiParser.java:111)
	at com.als.core.parser.multiparser.ArrangementBasedMultiParser.parse(ArrangementBasedMultiParser.java:58)
	at com.als.core.language.LanguageSupport.parseAndValidate(LanguageSupport.java:304)
...

WARN 2022-08-24 11:32:37,691 - com.als.core.main.SingleTechnologyStaticAnalyzer: ***************************************************
WARN 2022-08-24 11:32:37,697 - com.als.core.main.SingleTechnologyStaticAnalyzer: ***************************************************
WARN 2022-08-24 11:32:37,697 - com.als.core.main.SingleTechnologyStaticAnalyzer: File: D:\Repos\inter-protocol\test\test-gov-collateral.js
WARN 2022-08-24 11:32:37,697 - com.als.core.main.SingleTechnologyStaticAnalyzer: Technology: javascript
WARN 2022-08-24 11:32:37,697 - com.als.core.main.SingleTechnologyStaticAnalyzer: Message: Cannot parse D:\Repos\inter-protocol\test\test-gov-collateral.js, due to: org.mozilla.javascript.EvaluatorException: missing ) after argument list (D:\Repos\inter-protocol\test\test-gov-collateral.js#327)
WARN 2022-08-24 11:32:37,697 - com.als.core.main.SingleTechnologyStaticAnalyzer: Stack:
WARN 2022-08-24 11:32:37,697 - com.als.core.main.SingleTechnologyStaticAnalyzer: com.als.core.parser.ParseException: Cannot parse D:\Repos\inter-protocol\test\test-gov-collateral.js, due to: org.mozilla.javascript.EvaluatorException: missing ) after argument list (D:\Repos\inter-protocol\test\test-gov-collateral.js#327)
	at com.als.core.parser.AbstractReaderParser.wrapException(AbstractReaderParser.java:98)
	at com.als.core.parser.AbstractReaderParser.throwParseException(AbstractReaderParser.java:93)
	at com.optimyth.qaking.js.ast.MozillaParser.parse(MozillaParser.java:79)
	at com.optimyth.qaking.js.ast.MozillaParser.parse(MozillaParser.java:69)
	at com.optimyth.qaking.js.ast.MozillaParser.parse(MozillaParser.java:13)
	at com.als.core.parser.multiparser.ArrangementBasedMultiParser$2.parse(ArrangementBasedMultiParser.java:60)
	at com.als.core.parser.multiparser.ArrangementBasedMultiParser.k26(ArrangementBasedMultiParser.java:111)
	at com.als.core.parser.multiparser.ArrangementBasedMultiParser.parse(ArrangementBasedMultiParser.java:58)
	at com.als.core.language.LanguageSupport.parseAndValidate(LanguageSupport.java:304)
...

WARN 2022-08-24 11:32:37,697 - com.als.core.main.SingleTechnologyStaticAnalyzer: ***************************************************
WARN 2022-08-24 11:32:37,698 - com.als.core.main.SingleTechnologyStaticAnalyzer: ***************************************************
WARN 2022-08-24 11:32:37,698 - com.als.core.main.SingleTechnologyStaticAnalyzer: File: D:\Repos\inter-protocol\test\test-interchainPool.js
WARN 2022-08-24 11:32:37,698 - com.als.core.main.SingleTechnologyStaticAnalyzer: Technology: javascript
WARN 2022-08-24 11:32:37,698 - com.als.core.main.SingleTechnologyStaticAnalyzer: Message: Cannot parse D:\Repos\inter-protocol\test\test-interchainPool.js, due to: org.mozilla.javascript.EvaluatorException: missing ) after argument list (D:\Repos\inter-protocol\test\test-interchainPool.js#52)
WARN 2022-08-24 11:32:37,698 - com.als.core.main.SingleTechnologyStaticAnalyzer: Stack:
WARN 2022-08-24 11:32:37,698 - com.als.core.main.SingleTechnologyStaticAnalyzer: com.als.core.parser.ParseException: Cannot parse D:\Repos\inter-protocol\test\test-interchainPool.js, due to: org.mozilla.javascript.EvaluatorException: missing ) after argument list (D:\Repos\inter-protocol\test\test-interchainPool.js#52)
	at com.als.core.parser.AbstractReaderParser.wrapException(AbstractReaderParser.java:98)
	at com.als.core.parser.AbstractReaderParser.throwParseException(AbstractReaderParser.java:93)
	at com.optimyth.qaking.js.ast.MozillaParser.parse(MozillaParser.java:79)
	at com.optimyth.qaking.js.ast.MozillaParser.parse(MozillaParser.java:69)
	at com.optimyth.qaking.js.ast.MozillaParser.parse(MozillaParser.java:13)
	at com.als.core.parser.multiparser.ArrangementBasedMultiParser$2.parse(ArrangementBasedMultiParser.java:60)
	at com.als.core.parser.multiparser.ArrangementBasedMultiParser.k26(ArrangementBasedMultiParser.java:111)
	at com.als.core.parser.multiparser.ArrangementBasedMultiParser.parse(ArrangementBasedMultiParser.java:58)
	at com.als.core.language.LanguageSupport.parseAndValidate(LanguageSupport.java:304)
...

WARN 2022-08-24 11:32:37,698 - com.als.core.main.SingleTechnologyStaticAnalyzer: ***************************************************
WARN 2022-08-24 11:32:37,702 - com.als.core.main.SingleTechnologyStaticAnalyzer: ***************************************************
WARN 2022-08-24 11:32:37,702 - com.als.core.main.SingleTechnologyStaticAnalyzer: File: D:\Repos\inter-protocol\test\test-interest-math.js
WARN 2022-08-24 11:32:37,702 - com.als.core.main.SingleTechnologyStaticAnalyzer: Technology: javascript
WARN 2022-08-24 11:32:37,702 - com.als.core.main.SingleTechnologyStaticAnalyzer: Message: Cannot parse D:\Repos\inter-protocol\test\test-interest-math.js, due to: org.mozilla.javascript.EvaluatorException: missing ] after element list (D:\Repos\inter-protocol\test\test-interest-math.js#36)
WARN 2022-08-24 11:32:37,702 - com.als.core.main.SingleTechnologyStaticAnalyzer: Stack:
WARN 2022-08-24 11:32:37,702 - com.als.core.main.SingleTechnologyStaticAnalyzer: com.als.core.parser.ParseException: Cannot parse D:\Repos\inter-protocol\test\test-interest-math.js, due to: org.mozilla.javascript.EvaluatorException: missing ] after element list (D:\Repos\inter-protocol\test\test-interest-math.js#36)
	at com.als.core.parser.AbstractReaderParser.wrapException(AbstractReaderParser.java:98)
	at com.als.core.parser.AbstractReaderParser.throwParseException(AbstractReaderParser.java:93)
	at com.optimyth.qaking.js.ast.MozillaParser.parse(MozillaParser.java:79)
	at com.optimyth.qaking.js.ast.MozillaParser.parse(MozillaParser.java:69)
	at com.optimyth.qaking.js.ast.MozillaParser.parse(MozillaParser.java:13)
	at com.als.core.parser.multiparser.ArrangementBasedMultiParser$2.parse(ArrangementBasedMultiParser.java:60)
	at com.als.core.parser.multiparser.ArrangementBasedMultiParser.k26(ArrangementBasedMultiParser.java:111)
	at com.als.core.parser.multiparser.ArrangementBasedMultiParser.parse(ArrangementBasedMultiParser.java:58)
	at com.als.core.language.LanguageSupport.parseAndValidate(LanguageSupport.java:304)
...

WARN 2022-08-24 11:32:37,702 - com.als.core.main.SingleTechnologyStaticAnalyzer: ***************************************************
WARN 2022-08-24 11:32:37,704 - com.als.core.main.SingleTechnologyStaticAnalyzer: ***************************************************
WARN 2022-08-24 11:32:37,704 - com.als.core.main.SingleTechnologyStaticAnalyzer: File: D:\Repos\inter-protocol\test\test-interest.js
WARN 2022-08-24 11:32:37,704 - com.als.core.main.SingleTechnologyStaticAnalyzer: Technology: javascript
WARN 2022-08-24 11:32:37,704 - com.als.core.main.SingleTechnologyStaticAnalyzer: Message: Cannot parse D:\Repos\inter-protocol\test\test-interest.js, due to: org.mozilla.javascript.EvaluatorException: missing ; before statement (D:\Repos\inter-protocol\test\test-interest.js#430)
WARN 2022-08-24 11:32:37,705 - com.als.core.main.SingleTechnologyStaticAnalyzer: Stack:
WARN 2022-08-24 11:32:37,705 - com.als.core.main.SingleTechnologyStaticAnalyzer: com.als.core.parser.ParseException: Cannot parse D:\Repos\inter-protocol\test\test-interest.js, due to: org.mozilla.javascript.EvaluatorException: missing ; before statement (D:\Repos\inter-protocol\test\test-interest.js#430)
	at com.als.core.parser.AbstractReaderParser.wrapException(AbstractReaderParser.java:98)
	at com.als.core.parser.AbstractReaderParser.throwParseException(AbstractReaderParser.java:93)
	at com.optimyth.qaking.js.ast.MozillaParser.parse(MozillaParser.java:79)
	at com.optimyth.qaking.js.ast.MozillaParser.parse(MozillaParser.java:69)
	at com.optimyth.qaking.js.ast.MozillaParser.parse(MozillaParser.java:13)
	at com.als.core.parser.multiparser.ArrangementBasedMultiParser$2.parse(ArrangementBasedMultiParser.java:60)
	at com.als.core.parser.multiparser.ArrangementBasedMultiParser.k26(ArrangementBasedMultiParser.java:111)
	at com.als.core.parser.multiparser.ArrangementBasedMultiParser.parse(ArrangementBasedMultiParser.java:58)
	at com.als.core.language.LanguageSupport.parseAndValidate(LanguageSupport.java:304)
...

WARN 2022-08-24 11:32:37,705 - com.als.core.main.SingleTechnologyStaticAnalyzer: ***************************************************
WARN 2022-08-24 11:32:37,710 - com.als.core.main.SingleTechnologyStaticAnalyzer: ***************************************************
WARN 2022-08-24 11:32:37,710 - com.als.core.main.SingleTechnologyStaticAnalyzer: File: D:\Repos\inter-protocol\test\amm\constantProduct\test-calcDeltaX.js
WARN 2022-08-24 11:32:37,710 - com.als.core.main.SingleTechnologyStaticAnalyzer: Technology: javascript
WARN 2022-08-24 11:32:37,710 - com.als.core.main.SingleTechnologyStaticAnalyzer: Message: Cannot parse D:\Repos\inter-protocol\test\amm\constantProduct\test-calcDeltaX.js, due to: org.mozilla.javascript.EvaluatorException: missing ) after argument list (D:\Repos\inter-protocol\test\amm\constantProduct\test-calcDeltaX.js#59)
WARN 2022-08-24 11:32:37,710 - com.als.core.main.SingleTechnologyStaticAnalyzer: Stack:
WARN 2022-08-24 11:32:37,710 - com.als.core.main.SingleTechnologyStaticAnalyzer: com.als.core.parser.ParseException: Cannot parse D:\Repos\inter-protocol\test\amm\constantProduct\test-calcDeltaX.js, due to: org.mozilla.javascript.EvaluatorException: missing ) after argument list (D:\Repos\inter-protocol\test\amm\constantProduct\test-calcDeltaX.js#59)
	at com.als.core.parser.AbstractReaderParser.wrapException(AbstractReaderParser.java:98)
	at com.als.core.parser.AbstractReaderParser.throwParseException(AbstractReaderParser.java:93)
	at com.optimyth.qaking.js.ast.MozillaParser.parse(MozillaParser.java:79)
	at com.optimyth.qaking.js.ast.MozillaParser.parse(MozillaParser.java:69)
	at com.optimyth.qaking.js.ast.MozillaParser.parse(MozillaParser.java:13)
	at com.als.core.parser.multiparser.ArrangementBasedMultiParser$2.parse(ArrangementBasedMultiParser.java:60)
	at com.als.core.parser.multiparser.ArrangementBasedMultiParser.k26(ArrangementBasedMultiParser.java:111)
	at com.als.core.parser.multiparser.ArrangementBasedMultiParser.parse(ArrangementBasedMultiParser.java:58)
	at com.als.core.language.LanguageSupport.parseAndValidate(LanguageSupport.java:304)
...

WARN 2022-08-24 11:32:37,710 - com.als.core.main.SingleTechnologyStaticAnalyzer: ***************************************************
WARN 2022-08-24 11:32:37,714 - com.als.core.main.SingleTechnologyStaticAnalyzer: ***************************************************
WARN 2022-08-24 11:32:37,714 - com.als.core.main.SingleTechnologyStaticAnalyzer: File: D:\Repos\inter-protocol\test\amm\constantProduct\test-checkInvariants.js
WARN 2022-08-24 11:32:37,714 - com.als.core.main.SingleTechnologyStaticAnalyzer: Technology: javascript
WARN 2022-08-24 11:32:37,715 - com.als.core.main.SingleTechnologyStaticAnalyzer: Message: Cannot parse D:\Repos\inter-protocol\test\amm\constantProduct\test-checkInvariants.js, due to: org.mozilla.javascript.EvaluatorException: missing } after property list (D:\Repos\inter-protocol\test\amm\constantProduct\test-checkInvariants.js#329)
WARN 2022-08-24 11:32:37,715 - com.als.core.main.SingleTechnologyStaticAnalyzer: Stack:
WARN 2022-08-24 11:32:37,715 - com.als.core.main.SingleTechnologyStaticAnalyzer: com.als.core.parser.ParseException: Cannot parse D:\Repos\inter-protocol\test\amm\constantProduct\test-checkInvariants.js, due to: org.mozilla.javascript.EvaluatorException: missing } after property list (D:\Repos\inter-protocol\test\amm\constantProduct\test-checkInvariants.js#329)
	at com.als.core.parser.AbstractReaderParser.wrapException(AbstractReaderParser.java:98)
	at com.als.core.parser.AbstractReaderParser.throwParseException(AbstractReaderParser.java:93)
	at com.optimyth.qaking.js.ast.MozillaParser.parse(MozillaParser.java:79)
	at com.optimyth.qaking.js.ast.MozillaParser.parse(MozillaParser.java:69)
	at com.optimyth.qaking.js.ast.MozillaParser.parse(MozillaParser.java:13)
	at com.als.core.parser.multiparser.ArrangementBasedMultiParser$2.parse(ArrangementBasedMultiParser.java:60)
	at com.als.core.parser.multiparser.ArrangementBasedMultiParser.k26(ArrangementBasedMultiParser.java:111)
	at com.als.core.parser.multiparser.ArrangementBasedMultiParser.parse(ArrangementBasedMultiParser.java:58)
	at com.als.core.language.LanguageSupport.parseAndValidate(LanguageSupport.java:304)
...

WARN 2022-08-24 11:32:37,715 - com.als.core.main.SingleTechnologyStaticAnalyzer: ***************************************************
WARN 2022-08-24 11:32:37,717 - com.als.core.main.SingleTechnologyStaticAnalyzer: ***************************************************
WARN 2022-08-24 11:32:37,717 - com.als.core.main.SingleTechnologyStaticAnalyzer: File: D:\Repos\inter-protocol\test\amm\constantProduct\test-compareBondingCurves.js
WARN 2022-08-24 11:32:37,717 - com.als.core.main.SingleTechnologyStaticAnalyzer: Technology: javascript
WARN 2022-08-24 11:32:37,717 - com.als.core.main.SingleTechnologyStaticAnalyzer: Message: Cannot parse D:\Repos\inter-protocol\test\amm\constantProduct\test-compareBondingCurves.js, due to: org.mozilla.javascript.EvaluatorException: missing } after property list (D:\Repos\inter-protocol\test\amm\constantProduct\test-compareBondingCurves.js#219)
WARN 2022-08-24 11:32:37,717 - com.als.core.main.SingleTechnologyStaticAnalyzer: Stack:
WARN 2022-08-24 11:32:37,717 - com.als.core.main.SingleTechnologyStaticAnalyzer: com.als.core.parser.ParseException: Cannot parse D:\Repos\inter-protocol\test\amm\constantProduct\test-compareBondingCurves.js, due to: org.mozilla.javascript.EvaluatorException: missing } after property list (D:\Repos\inter-protocol\test\amm\constantProduct\test-compareBondingCurves.js#219)
	at com.als.core.parser.AbstractReaderParser.wrapException(AbstractReaderParser.java:98)
	at com.als.core.parser.AbstractReaderParser.throwParseException(AbstractReaderParser.java:93)
	at com.optimyth.qaking.js.ast.MozillaParser.parse(MozillaParser.java:79)
	at com.optimyth.qaking.js.ast.MozillaParser.parse(MozillaParser.java:69)
	at com.optimyth.qaking.js.ast.MozillaParser.parse(MozillaParser.java:13)
	at com.als.core.parser.multiparser.ArrangementBasedMultiParser$2.parse(ArrangementBasedMultiParser.java:60)
	at com.als.core.parser.multiparser.ArrangementBasedMultiParser.k26(ArrangementBasedMultiParser.java:111)
	at com.als.core.parser.multiparser.ArrangementBasedMultiParser.parse(ArrangementBasedMultiParser.java:58)
	at com.als.core.language.LanguageSupport.parseAndValidate(LanguageSupport.java:304)
...

WARN 2022-08-24 11:32:37,717 - com.als.core.main.SingleTechnologyStaticAnalyzer: ***************************************************
WARN 2022-08-24 11:32:37,718 - com.als.core.main.SingleTechnologyStaticAnalyzer: ***************************************************
WARN 2022-08-24 11:32:37,718 - com.als.core.main.SingleTechnologyStaticAnalyzer: File: D:\Repos\inter-protocol\test\amm\constantProduct\test-estimator.js
WARN 2022-08-24 11:32:37,718 - com.als.core.main.SingleTechnologyStaticAnalyzer: Technology: javascript
WARN 2022-08-24 11:32:37,718 - com.als.core.main.SingleTechnologyStaticAnalyzer: Message: Cannot parse D:\Repos\inter-protocol\test\amm\constantProduct\test-estimator.js, due to: org.mozilla.javascript.EvaluatorException: missing ; before statement (D:\Repos\inter-protocol\test\amm\constantProduct\test-estimator.js#19)
WARN 2022-08-24 11:32:37,719 - com.als.core.main.SingleTechnologyStaticAnalyzer: Stack:
WARN 2022-08-24 11:32:37,719 - com.als.core.main.SingleTechnologyStaticAnalyzer: com.als.core.parser.ParseException: Cannot parse D:\Repos\inter-protocol\test\amm\constantProduct\test-estimator.js, due to: org.mozilla.javascript.EvaluatorException: missing ; before statement (D:\Repos\inter-protocol\test\amm\constantProduct\test-estimator.js#19)
	at com.als.core.parser.AbstractReaderParser.wrapException(AbstractReaderParser.java:98)
	at com.als.core.parser.AbstractReaderParser.throwParseException(AbstractReaderParser.java:93)
	at com.optimyth.qaking.js.ast.MozillaParser.parse(MozillaParser.java:79)
	at com.optimyth.qaking.js.ast.MozillaParser.parse(MozillaParser.java:69)
	at com.optimyth.qaking.js.ast.MozillaParser.parse(MozillaParser.java:13)
	at com.als.core.parser.multiparser.ArrangementBasedMultiParser$2.parse(ArrangementBasedMultiParser.java:60)
	at com.als.core.parser.multiparser.ArrangementBasedMultiParser.k26(ArrangementBasedMultiParser.java:111)
	at com.als.core.parser.multiparser.ArrangementBasedMultiParser.parse(ArrangementBasedMultiParser.java:58)
	at com.als.core.language.LanguageSupport.parseAndValidate(LanguageSupport.java:304)
...

WARN 2022-08-24 11:32:37,719 - com.als.core.main.SingleTechnologyStaticAnalyzer: ***************************************************
WARN 2022-08-24 11:32:37,721 - com.als.core.main.SingleTechnologyStaticAnalyzer: ***************************************************
WARN 2022-08-24 11:32:37,721 - com.als.core.main.SingleTechnologyStaticAnalyzer: File: D:\Repos\inter-protocol\test\amm\constantProduct\test-readmeScenario.js
WARN 2022-08-24 11:32:37,721 - com.als.core.main.SingleTechnologyStaticAnalyzer: Technology: javascript
WARN 2022-08-24 11:32:37,721 - com.als.core.main.SingleTechnologyStaticAnalyzer: Message: Cannot parse D:\Repos\inter-protocol\test\amm\constantProduct\test-readmeScenario.js, due to: org.mozilla.javascript.EvaluatorException: missing ) after argument list (D:\Repos\inter-protocol\test\amm\constantProduct\test-readmeScenario.js#40)
WARN 2022-08-24 11:32:37,721 - com.als.core.main.SingleTechnologyStaticAnalyzer: Stack:
WARN 2022-08-24 11:32:37,721 - com.als.core.main.SingleTechnologyStaticAnalyzer: com.als.core.parser.ParseException: Cannot parse D:\Repos\inter-protocol\test\amm\constantProduct\test-readmeScenario.js, due to: org.mozilla.javascript.EvaluatorException: missing ) after argument list (D:\Repos\inter-protocol\test\amm\constantProduct\test-readmeScenario.js#40)
	at com.als.core.parser.AbstractReaderParser.wrapException(AbstractReaderParser.java:98)
	at com.als.core.parser.AbstractReaderParser.throwParseException(AbstractReaderParser.java:93)
	at com.optimyth.qaking.js.ast.MozillaParser.parse(MozillaParser.java:79)
	at com.optimyth.qaking.js.ast.MozillaParser.parse(MozillaParser.java:69)
	at com.optimyth.qaking.js.ast.MozillaParser.parse(MozillaParser.java:13)
	at com.als.core.parser.multiparser.ArrangementBasedMultiParser$2.parse(ArrangementBasedMultiParser.java:60)
	at com.als.core.parser.multiparser.ArrangementBasedMultiParser.k26(ArrangementBasedMultiParser.java:111)
	at com.als.core.parser.multiparser.ArrangementBasedMultiParser.parse(ArrangementBasedMultiParser.java:58)
	at com.als.core.language.LanguageSupport.parseAndValidate(LanguageSupport.java:304)
...

WARN 2022-08-24 11:32:37,721 - com.als.core.main.SingleTechnologyStaticAnalyzer: ***************************************************
WARN 2022-08-24 11:32:37,725 - com.als.core.main.SingleTechnologyStaticAnalyzer: ***************************************************
WARN 2022-08-24 11:32:37,725 - com.als.core.main.SingleTechnologyStaticAnalyzer: File: D:\Repos\inter-protocol\test\amm\vpool-xyk-amm\test-addLiquidity.js
WARN 2022-08-24 11:32:37,725 - com.als.core.main.SingleTechnologyStaticAnalyzer: Technology: javascript
WARN 2022-08-24 11:32:37,725 - com.als.core.main.SingleTechnologyStaticAnalyzer: Message: Cannot parse D:\Repos\inter-protocol\test\amm\vpool-xyk-amm\test-addLiquidity.js, due to: org.mozilla.javascript.EvaluatorException: missing ) after argument list (D:\Repos\inter-protocol\test\amm\vpool-xyk-amm\test-addLiquidity.js#19)
WARN 2022-08-24 11:32:37,729 - com.als.core.main.SingleTechnologyStaticAnalyzer: Stack:
WARN 2022-08-24 11:32:37,729 - com.als.core.main.SingleTechnologyStaticAnalyzer: com.als.core.parser.ParseException: Cannot parse D:\Repos\inter-protocol\test\amm\vpool-xyk-amm\test-addLiquidity.js, due to: org.mozilla.javascript.EvaluatorException: missing ) after argument list (D:\Repos\inter-protocol\test\amm\vpool-xyk-amm\test-addLiquidity.js#19)
	at com.als.core.parser.AbstractReaderParser.wrapException(AbstractReaderParser.java:98)
	at com.als.core.parser.AbstractReaderParser.throwParseException(AbstractReaderParser.java:93)
	at com.optimyth.qaking.js.ast.MozillaParser.parse(MozillaParser.java:79)
	at com.optimyth.qaking.js.ast.MozillaParser.parse(MozillaParser.java:69)
	at com.optimyth.qaking.js.ast.MozillaParser.parse(MozillaParser.java:13)
	at com.als.core.parser.multiparser.ArrangementBasedMultiParser$2.parse(ArrangementBasedMultiParser.java:60)
	at com.als.core.parser.multiparser.ArrangementBasedMultiParser.k26(ArrangementBasedMultiParser.java:111)
	at com.als.core.parser.multiparser.ArrangementBasedMultiParser.parse(ArrangementBasedMultiParser.java:58)
	at com.als.core.language.LanguageSupport.parseAndValidate(LanguageSupport.java:304)
...

WARN 2022-08-24 11:32:37,729 - com.als.core.main.SingleTechnologyStaticAnalyzer: ***************************************************
WARN 2022-08-24 11:32:37,729 - com.als.core.main.SingleTechnologyStaticAnalyzer: ***************************************************
WARN 2022-08-24 11:32:37,729 - com.als.core.main.SingleTechnologyStaticAnalyzer: File: D:\Repos\inter-protocol\test\amm\vpool-xyk-amm\test-amm-calc.js
WARN 2022-08-24 11:32:37,729 - com.als.core.main.SingleTechnologyStaticAnalyzer: Technology: javascript
WARN 2022-08-24 11:32:37,729 - com.als.core.main.SingleTechnologyStaticAnalyzer: Message: Cannot parse D:\Repos\inter-protocol\test\amm\vpool-xyk-amm\test-amm-calc.js, due to: org.mozilla.javascript.EvaluatorException: missing ; before statement (D:\Repos\inter-protocol\test\amm\vpool-xyk-amm\test-amm-calc.js#15)
WARN 2022-08-24 11:32:37,730 - com.als.core.main.SingleTechnologyStaticAnalyzer: Stack:
WARN 2022-08-24 11:32:37,730 - com.als.core.main.SingleTechnologyStaticAnalyzer: com.als.core.parser.ParseException: Cannot parse D:\Repos\inter-protocol\test\amm\vpool-xyk-amm\test-amm-calc.js, due to: org.mozilla.javascript.EvaluatorException: missing ; before statement (D:\Repos\inter-protocol\test\amm\vpool-xyk-amm\test-amm-calc.js#15)
	at com.als.core.parser.AbstractReaderParser.wrapException(AbstractReaderParser.java:98)
	at com.als.core.parser.AbstractReaderParser.throwParseException(AbstractReaderParser.java:93)
	at com.optimyth.qaking.js.ast.MozillaParser.parse(MozillaParser.java:79)
	at com.optimyth.qaking.js.ast.MozillaParser.parse(MozillaParser.java:69)
	at com.optimyth.qaking.js.ast.MozillaParser.parse(MozillaParser.java:13)
	at com.als.core.parser.multiparser.ArrangementBasedMultiParser$2.parse(ArrangementBasedMultiParser.java:60)
	at com.als.core.parser.multiparser.ArrangementBasedMultiParser.k26(ArrangementBasedMultiParser.java:111)
	at com.als.core.parser.multiparser.ArrangementBasedMultiParser.parse(ArrangementBasedMultiParser.java:58)
	at com.als.core.language.LanguageSupport.parseAndValidate(LanguageSupport.java:304)
...

WARN 2022-08-24 11:32:37,730 - com.als.core.main.SingleTechnologyStaticAnalyzer: ***************************************************
WARN 2022-08-24 11:32:37,733 - com.als.core.main.SingleTechnologyStaticAnalyzer: ***************************************************
WARN 2022-08-24 11:32:37,733 - com.als.core.main.SingleTechnologyStaticAnalyzer: File: D:\Repos\inter-protocol\test\amm\vpool-xyk-amm\test-liquidity.js
WARN 2022-08-24 11:32:37,733 - com.als.core.main.SingleTechnologyStaticAnalyzer: Technology: javascript
WARN 2022-08-24 11:32:37,733 - com.als.core.main.SingleTechnologyStaticAnalyzer: Message: Cannot parse D:\Repos\inter-protocol\test\amm\vpool-xyk-amm\test-liquidity.js, due to: org.mozilla.javascript.EvaluatorException: missing ; before statement (D:\Repos\inter-protocol\test\amm\vpool-xyk-amm\test-liquidity.js#194)
WARN 2022-08-24 11:32:37,734 - com.als.core.main.SingleTechnologyStaticAnalyzer: Stack:
WARN 2022-08-24 11:32:37,734 - com.als.core.main.SingleTechnologyStaticAnalyzer: com.als.core.parser.ParseException: Cannot parse D:\Repos\inter-protocol\test\amm\vpool-xyk-amm\test-liquidity.js, due to: org.mozilla.javascript.EvaluatorException: missing ; before statement (D:\Repos\inter-protocol\test\amm\vpool-xyk-amm\test-liquidity.js#194)
	at com.als.core.parser.AbstractReaderParser.wrapException(AbstractReaderParser.java:98)
	at com.als.core.parser.AbstractReaderParser.throwParseException(AbstractReaderParser.java:93)
	at com.optimyth.qaking.js.ast.MozillaParser.parse(MozillaParser.java:79)
	at com.optimyth.qaking.js.ast.MozillaParser.parse(MozillaParser.java:69)
	at com.optimyth.qaking.js.ast.MozillaParser.parse(MozillaParser.java:13)
	at com.als.core.parser.multiparser.ArrangementBasedMultiParser$2.parse(ArrangementBasedMultiParser.java:60)
	at com.als.core.parser.multiparser.ArrangementBasedMultiParser.k26(ArrangementBasedMultiParser.java:111)
	at com.als.core.parser.multiparser.ArrangementBasedMultiParser.parse(ArrangementBasedMultiParser.java:58)
	at com.als.core.language.LanguageSupport.parseAndValidate(LanguageSupport.java:304)
...

WARN 2022-08-24 11:32:37,734 - com.als.core.main.SingleTechnologyStaticAnalyzer: ***************************************************
WARN 2022-08-24 11:32:37,735 - com.als.core.main.SingleTechnologyStaticAnalyzer: ***************************************************
WARN 2022-08-24 11:32:37,735 - com.als.core.main.SingleTechnologyStaticAnalyzer: File: D:\Repos\inter-protocol\test\amm\vpool-xyk-amm\test-xyk-amm-swap.js
WARN 2022-08-24 11:32:37,735 - com.als.core.main.SingleTechnologyStaticAnalyzer: Technology: javascript
WARN 2022-08-24 11:32:37,735 - com.als.core.main.SingleTechnologyStaticAnalyzer: Message: Cannot parse D:\Repos\inter-protocol\test\amm\vpool-xyk-amm\test-xyk-amm-swap.js, due to: org.mozilla.javascript.EvaluatorException: missing ; before statement (D:\Repos\inter-protocol\test\amm\vpool-xyk-amm\test-xyk-amm-swap.js#38)
WARN 2022-08-24 11:32:37,736 - com.als.core.main.SingleTechnologyStaticAnalyzer: Stack:
WARN 2022-08-24 11:32:37,736 - com.als.core.main.SingleTechnologyStaticAnalyzer: com.als.core.parser.ParseException: Cannot parse D:\Repos\inter-protocol\test\amm\vpool-xyk-amm\test-xyk-amm-swap.js, due to: org.mozilla.javascript.EvaluatorException: missing ; before statement (D:\Repos\inter-protocol\test\amm\vpool-xyk-amm\test-xyk-amm-swap.js#38)
	at com.als.core.parser.AbstractReaderParser.wrapException(AbstractReaderParser.java:98)
	at com.als.core.parser.AbstractReaderParser.throwParseException(AbstractReaderParser.java:93)
	at com.optimyth.qaking.js.ast.MozillaParser.parse(MozillaParser.java:79)
	at com.optimyth.qaking.js.ast.MozillaParser.parse(MozillaParser.java:69)
	at com.optimyth.qaking.js.ast.MozillaParser.parse(MozillaParser.java:13)
	at com.als.core.parser.multiparser.ArrangementBasedMultiParser$2.parse(ArrangementBasedMultiParser.java:60)
	at com.als.core.parser.multiparser.ArrangementBasedMultiParser.k26(ArrangementBasedMultiParser.java:111)
	at com.als.core.parser.multiparser.ArrangementBasedMultiParser.parse(ArrangementBasedMultiParser.java:58)
	at com.als.core.language.LanguageSupport.parseAndValidate(LanguageSupport.java:304)
...

WARN 2022-08-24 11:32:37,736 - com.als.core.main.SingleTechnologyStaticAnalyzer: ***************************************************
WARN 2022-08-24 11:32:37,742 - com.als.core.main.SingleTechnologyStaticAnalyzer: ***************************************************
WARN 2022-08-24 11:32:37,742 - com.als.core.main.SingleTechnologyStaticAnalyzer: File: D:\Repos\inter-protocol\test\psm\test-psm.js
WARN 2022-08-24 11:32:37,742 - com.als.core.main.SingleTechnologyStaticAnalyzer: Technology: javascript
WARN 2022-08-24 11:32:37,742 - com.als.core.main.SingleTechnologyStaticAnalyzer: Message: Cannot parse D:\Repos\inter-protocol\test\psm\test-psm.js, due to: org.mozilla.javascript.EvaluatorException: missing ; before statement (D:\Repos\inter-protocol\test\psm\test-psm.js#42)
WARN 2022-08-24 11:32:37,743 - com.als.core.main.SingleTechnologyStaticAnalyzer: Stack:
WARN 2022-08-24 11:32:37,743 - com.als.core.main.SingleTechnologyStaticAnalyzer: com.als.core.parser.ParseException: Cannot parse D:\Repos\inter-protocol\test\psm\test-psm.js, due to: org.mozilla.javascript.EvaluatorException: missing ; before statement (D:\Repos\inter-protocol\test\psm\test-psm.js#42)
	at com.als.core.parser.AbstractReaderParser.wrapException(AbstractReaderParser.java:98)
	at com.als.core.parser.AbstractReaderParser.throwParseException(AbstractReaderParser.java:93)
	at com.optimyth.qaking.js.ast.MozillaParser.parse(MozillaParser.java:79)
	at com.optimyth.qaking.js.ast.MozillaParser.parse(MozillaParser.java:69)
	at com.optimyth.qaking.js.ast.MozillaParser.parse(MozillaParser.java:13)
	at com.als.core.parser.multiparser.ArrangementBasedMultiParser$2.parse(ArrangementBasedMultiParser.java:60)
	at com.als.core.parser.multiparser.ArrangementBasedMultiParser.k26(ArrangementBasedMultiParser.java:111)
	at com.als.core.parser.multiparser.ArrangementBasedMultiParser.parse(ArrangementBasedMultiParser.java:58)
	at com.als.core.language.LanguageSupport.parseAndValidate(LanguageSupport.java:304)
...

WARN 2022-08-24 11:32:37,743 - com.als.core.main.SingleTechnologyStaticAnalyzer: ***************************************************
WARN 2022-08-24 11:32:37,746 - com.als.core.main.SingleTechnologyStaticAnalyzer: ***************************************************
WARN 2022-08-24 11:32:37,746 - com.als.core.main.SingleTechnologyStaticAnalyzer: File: D:\Repos\inter-protocol\test\reserve\test-reserve.js
WARN 2022-08-24 11:32:37,746 - com.als.core.main.SingleTechnologyStaticAnalyzer: Technology: javascript
WARN 2022-08-24 11:32:37,746 - com.als.core.main.SingleTechnologyStaticAnalyzer: Message: Cannot parse D:\Repos\inter-protocol\test\reserve\test-reserve.js, due to: org.mozilla.javascript.EvaluatorException: missing ) after argument list (D:\Repos\inter-protocol\test\reserve\test-reserve.js#111)
WARN 2022-08-24 11:32:37,746 - com.als.core.main.SingleTechnologyStaticAnalyzer: Stack:
WARN 2022-08-24 11:32:37,746 - com.als.core.main.SingleTechnologyStaticAnalyzer: com.als.core.parser.ParseException: Cannot parse D:\Repos\inter-protocol\test\reserve\test-reserve.js, due to: org.mozilla.javascript.EvaluatorException: missing ) after argument list (D:\Repos\inter-protocol\test\reserve\test-reserve.js#111)
	at com.als.core.parser.AbstractReaderParser.wrapException(AbstractReaderParser.java:98)
	at com.als.core.parser.AbstractReaderParser.throwParseException(AbstractReaderParser.java:93)
	at com.optimyth.qaking.js.ast.MozillaParser.parse(MozillaParser.java:79)
	at com.optimyth.qaking.js.ast.MozillaParser.parse(MozillaParser.java:69)
	at com.optimyth.qaking.js.ast.MozillaParser.parse(MozillaParser.java:13)
	at com.als.core.parser.multiparser.ArrangementBasedMultiParser$2.parse(ArrangementBasedMultiParser.java:60)
	at com.als.core.parser.multiparser.ArrangementBasedMultiParser.k26(ArrangementBasedMultiParser.java:111)
	at com.als.core.parser.multiparser.ArrangementBasedMultiParser.parse(ArrangementBasedMultiParser.java:58)
	at com.als.core.language.LanguageSupport.parseAndValidate(LanguageSupport.java:304)
...

WARN 2022-08-24 11:32:37,746 - com.als.core.main.SingleTechnologyStaticAnalyzer: ***************************************************
WARN 2022-08-24 11:32:37,748 - com.als.core.main.SingleTechnologyStaticAnalyzer: ***************************************************
WARN 2022-08-24 11:32:37,749 - com.als.core.main.SingleTechnologyStaticAnalyzer: File: D:\Repos\inter-protocol\test\stakeFactory\test-stakeFactory.js
WARN 2022-08-24 11:32:37,749 - com.als.core.main.SingleTechnologyStaticAnalyzer: Technology: javascript
WARN 2022-08-24 11:32:37,749 - com.als.core.main.SingleTechnologyStaticAnalyzer: Message: Cannot parse D:\Repos\inter-protocol\test\stakeFactory\test-stakeFactory.js, due to: org.mozilla.javascript.EvaluatorException: missing } after property list (D:\Repos\inter-protocol\test\stakeFactory\test-stakeFactory.js#55)
WARN 2022-08-24 11:32:37,749 - com.als.core.main.SingleTechnologyStaticAnalyzer: Stack:
WARN 2022-08-24 11:32:37,749 - com.als.core.main.SingleTechnologyStaticAnalyzer: com.als.core.parser.ParseException: Cannot parse D:\Repos\inter-protocol\test\stakeFactory\test-stakeFactory.js, due to: org.mozilla.javascript.EvaluatorException: missing } after property list (D:\Repos\inter-protocol\test\stakeFactory\test-stakeFactory.js#55)
	at com.als.core.parser.AbstractReaderParser.wrapException(AbstractReaderParser.java:98)
	at com.als.core.parser.AbstractReaderParser.throwParseException(AbstractReaderParser.java:93)
	at com.optimyth.qaking.js.ast.MozillaParser.parse(MozillaParser.java:79)
	at com.optimyth.qaking.js.ast.MozillaParser.parse(MozillaParser.java:69)
	at com.optimyth.qaking.js.ast.MozillaParser.parse(MozillaParser.java:13)
	at com.als.core.parser.multiparser.ArrangementBasedMultiParser$2.parse(ArrangementBasedMultiParser.java:60)
	at com.als.core.parser.multiparser.ArrangementBasedMultiParser.k26(ArrangementBasedMultiParser.java:111)
	at com.als.core.parser.multiparser.ArrangementBasedMultiParser.parse(ArrangementBasedMultiParser.java:58)
	at com.als.core.language.LanguageSupport.parseAndValidate(LanguageSupport.java:304)
...

WARN 2022-08-24 11:32:37,749 - com.als.core.main.SingleTechnologyStaticAnalyzer: ***************************************************
WARN 2022-08-24 11:32:37,751 - com.als.core.main.SingleTechnologyStaticAnalyzer: ***************************************************
WARN 2022-08-24 11:32:37,751 - com.als.core.main.SingleTechnologyStaticAnalyzer: File: D:\Repos\inter-protocol\test\swingsetTests\setup.js
WARN 2022-08-24 11:32:37,751 - com.als.core.main.SingleTechnologyStaticAnalyzer: Technology: javascript
WARN 2022-08-24 11:32:37,751 - com.als.core.main.SingleTechnologyStaticAnalyzer: Message: Cannot parse D:\Repos\inter-protocol\test\swingsetTests\setup.js, due to: org.mozilla.javascript.EvaluatorException: missing ) after argument list (D:\Repos\inter-protocol\test\swingsetTests\setup.js#57)
WARN 2022-08-24 11:32:37,752 - com.als.core.main.SingleTechnologyStaticAnalyzer: Stack:
WARN 2022-08-24 11:32:37,752 - com.als.core.main.SingleTechnologyStaticAnalyzer: com.als.core.parser.ParseException: Cannot parse D:\Repos\inter-protocol\test\swingsetTests\setup.js, due to: org.mozilla.javascript.EvaluatorException: missing ) after argument list (D:\Repos\inter-protocol\test\swingsetTests\setup.js#57)
	at com.als.core.parser.AbstractReaderParser.wrapException(AbstractReaderParser.java:98)
	at com.als.core.parser.AbstractReaderParser.throwParseException(AbstractReaderParser.java:93)
	at com.optimyth.qaking.js.ast.MozillaParser.parse(MozillaParser.java:79)
	at com.optimyth.qaking.js.ast.MozillaParser.parse(MozillaParser.java:69)
	at com.optimyth.qaking.js.ast.MozillaParser.parse(MozillaParser.java:13)
	at com.als.core.parser.multiparser.ArrangementBasedMultiParser$2.parse(ArrangementBasedMultiParser.java:60)
	at com.als.core.parser.multiparser.ArrangementBasedMultiParser.k26(ArrangementBasedMultiParser.java:111)
	at com.als.core.parser.multiparser.ArrangementBasedMultiParser.parse(ArrangementBasedMultiParser.java:58)
	at com.als.core.language.LanguageSupport.parseAndValidate(LanguageSupport.java:304)
...

WARN 2022-08-24 11:32:37,752 - com.als.core.main.SingleTechnologyStaticAnalyzer: ***************************************************
WARN 2022-08-24 11:32:37,773 - com.als.core.main.SingleTechnologyStaticAnalyzer: ***************************************************
WARN 2022-08-24 11:32:37,773 - com.als.core.main.SingleTechnologyStaticAnalyzer: File: D:\Repos\inter-protocol\test\vaultFactory\driver.js
WARN 2022-08-24 11:32:37,773 - com.als.core.main.SingleTechnologyStaticAnalyzer: Technology: javascript
WARN 2022-08-24 11:32:37,773 - com.als.core.main.SingleTechnologyStaticAnalyzer: Message: Cannot parse D:\Repos\inter-protocol\test\vaultFactory\driver.js, due to: org.mozilla.javascript.EvaluatorException: missing ) after argument list (D:\Repos\inter-protocol\test\vaultFactory\driver.js#66)
WARN 2022-08-24 11:32:37,774 - com.als.core.main.SingleTechnologyStaticAnalyzer: Stack:
WARN 2022-08-24 11:32:37,774 - com.als.core.main.SingleTechnologyStaticAnalyzer: com.als.core.parser.ParseException: Cannot parse D:\Repos\inter-protocol\test\vaultFactory\driver.js, due to: org.mozilla.javascript.EvaluatorException: missing ) after argument list (D:\Repos\inter-protocol\test\vaultFactory\driver.js#66)
	at com.als.core.parser.AbstractReaderParser.wrapException(AbstractReaderParser.java:98)
	at com.als.core.parser.AbstractReaderParser.throwParseException(AbstractReaderParser.java:93)
	at com.optimyth.qaking.js.ast.MozillaParser.parse(MozillaParser.java:79)
	at com.optimyth.qaking.js.ast.MozillaParser.parse(MozillaParser.java:69)
	at com.optimyth.qaking.js.ast.MozillaParser.parse(MozillaParser.java:13)
	at com.als.core.parser.multiparser.ArrangementBasedMultiParser$2.parse(ArrangementBasedMultiParser.java:60)
	at com.als.core.parser.multiparser.ArrangementBasedMultiParser.k26(ArrangementBasedMultiParser.java:111)
	at com.als.core.parser.multiparser.ArrangementBasedMultiParser.parse(ArrangementBasedMultiParser.java:58)
	at com.als.core.language.LanguageSupport.parseAndValidate(LanguageSupport.java:304)
...

WARN 2022-08-24 11:32:37,774 - com.als.core.main.SingleTechnologyStaticAnalyzer: ***************************************************
WARN 2022-08-24 11:32:37,778 - com.als.core.main.SingleTechnologyStaticAnalyzer: ***************************************************
WARN 2022-08-24 11:32:37,778 - com.als.core.main.SingleTechnologyStaticAnalyzer: File: D:\Repos\inter-protocol\test\vaultFactory\test-liquidator.js
WARN 2022-08-24 11:32:37,778 - com.als.core.main.SingleTechnologyStaticAnalyzer: Technology: javascript
WARN 2022-08-24 11:32:37,778 - com.als.core.main.SingleTechnologyStaticAnalyzer: Message: Cannot parse D:\Repos\inter-protocol\test\vaultFactory\test-liquidator.js, due to: org.mozilla.javascript.EvaluatorException: missing ) after argument list (D:\Repos\inter-protocol\test\vaultFactory\test-liquidator.js#149)
WARN 2022-08-24 11:32:37,779 - com.als.core.main.SingleTechnologyStaticAnalyzer: Stack:
WARN 2022-08-24 11:32:37,779 - com.als.core.main.SingleTechnologyStaticAnalyzer: com.als.core.parser.ParseException: Cannot parse D:\Repos\inter-protocol\test\vaultFactory\test-liquidator.js, due to: org.mozilla.javascript.EvaluatorException: missing ) after argument list (D:\Repos\inter-protocol\test\vaultFactory\test-liquidator.js#149)
	at com.als.core.parser.AbstractReaderParser.wrapException(AbstractReaderParser.java:98)
	at com.als.core.parser.AbstractReaderParser.throwParseException(AbstractReaderParser.java:93)
	at com.optimyth.qaking.js.ast.MozillaParser.parse(MozillaParser.java:79)
	at com.optimyth.qaking.js.ast.MozillaParser.parse(MozillaParser.java:69)
	at com.optimyth.qaking.js.ast.MozillaParser.parse(MozillaParser.java:13)
	at com.als.core.parser.multiparser.ArrangementBasedMultiParser$2.parse(ArrangementBasedMultiParser.java:60)
	at com.als.core.parser.multiparser.ArrangementBasedMultiParser.k26(ArrangementBasedMultiParser.java:111)
	at com.als.core.parser.multiparser.ArrangementBasedMultiParser.parse(ArrangementBasedMultiParser.java:58)
	at com.als.core.language.LanguageSupport.parseAndValidate(LanguageSupport.java:304)
...

WARN 2022-08-24 11:32:37,779 - com.als.core.main.SingleTechnologyStaticAnalyzer: ***************************************************
WARN 2022-08-24 11:32:37,793 - com.als.core.main.SingleTechnologyStaticAnalyzer: ***************************************************
WARN 2022-08-24 11:32:37,793 - com.als.core.main.SingleTechnologyStaticAnalyzer: File: D:\Repos\inter-protocol\test\vaultFactory\test-vaultFactory.js
WARN 2022-08-24 11:32:37,793 - com.als.core.main.SingleTechnologyStaticAnalyzer: Technology: javascript
WARN 2022-08-24 11:32:37,793 - com.als.core.main.SingleTechnologyStaticAnalyzer: Message: Cannot parse D:\Repos\inter-protocol\test\vaultFactory\test-vaultFactory.js, due to: org.mozilla.javascript.EvaluatorException: missing ) after argument list (D:\Repos\inter-protocol\test\vaultFactory\test-vaultFactory.js#100)
WARN 2022-08-24 11:32:37,794 - com.als.core.main.SingleTechnologyStaticAnalyzer: Stack:
WARN 2022-08-24 11:32:37,794 - com.als.core.main.SingleTechnologyStaticAnalyzer: com.als.core.parser.ParseException: Cannot parse D:\Repos\inter-protocol\test\vaultFactory\test-vaultFactory.js, due to: org.mozilla.javascript.EvaluatorException: missing ) after argument list (D:\Repos\inter-protocol\test\vaultFactory\test-vaultFactory.js#100)
	at com.als.core.parser.AbstractReaderParser.wrapException(AbstractReaderParser.java:98)
	at com.als.core.parser.AbstractReaderParser.throwParseException(AbstractReaderParser.java:93)
	at com.optimyth.qaking.js.ast.MozillaParser.parse(MozillaParser.java:79)
	at com.optimyth.qaking.js.ast.MozillaParser.parse(MozillaParser.java:69)
	at com.optimyth.qaking.js.ast.MozillaParser.parse(MozillaParser.java:13)
	at com.als.core.parser.multiparser.ArrangementBasedMultiParser$2.parse(ArrangementBasedMultiParser.java:60)
	at com.als.core.parser.multiparser.ArrangementBasedMultiParser.k26(ArrangementBasedMultiParser.java:111)
	at com.als.core.parser.multiparser.ArrangementBasedMultiParser.parse(ArrangementBasedMultiParser.java:58)
	at com.als.core.language.LanguageSupport.parseAndValidate(LanguageSupport.java:304)
...

WARN 2022-08-24 11:32:37,794 - com.als.core.main.SingleTechnologyStaticAnalyzer: ***************************************************
