INFO 2022-08-24 11:32:27,067 - com.optimyth.qaking.codeanalysis.metadata.model.LibrariesResolver: Metadata libraries FACTORY directory added = D:\Software\KiuwanLocalAnalyzer\libraries
INFO 2022-08-24 11:32:27,069 - com.optimyth.qaking.codeanalysis.metadata.model.LibrariesResolver: Metadata libraries resolver found 1 directories to inspect: [D:\Software\KiuwanLocalAnalyzer\libraries]
WARN 2022-08-24 11:32:28,090 - com.optimyth.qaking.js.tainting.CachedClassResolver: Cannot parse file: D:\Repos\inter-protocol\test\swingsetTests\setup.js
WARN 2022-08-24 11:32:28,272 - com.als.core.main.SingleTechnologyStaticAnalyzer: ***************************************************
WARN 2022-08-24 11:32:28,273 - com.als.core.main.SingleTechnologyStaticAnalyzer: File: D:\Repos\inter-protocol\scripts\add-initial-liquidity.js
WARN 2022-08-24 11:32:28,274 - com.als.core.main.SingleTechnologyStaticAnalyzer: Technology: javascript
WARN 2022-08-24 11:32:28,274 - com.als.core.main.SingleTechnologyStaticAnalyzer: Message: Cannot parse D:\Repos\inter-protocol\scripts\add-initial-liquidity.js, due to: org.mozilla.javascript.EvaluatorException: missing } after property list (D:\Repos\inter-protocol\scripts\add-initial-liquidity.js#11)
WARN 2022-08-24 11:32:28,277 - com.als.core.main.SingleTechnologyStaticAnalyzer: Stack:
WARN 2022-08-24 11:32:28,277 - com.als.core.main.SingleTechnologyStaticAnalyzer: com.als.core.parser.ParseException: Cannot parse D:\Repos\inter-protocol\scripts\add-initial-liquidity.js, due to: org.mozilla.javascript.EvaluatorException: missing } after property list (D:\Repos\inter-protocol\scripts\add-initial-liquidity.js#11)
	at com.als.core.parser.AbstractReaderParser.wrapException(AbstractReaderParser.java:98)
	at com.als.core.parser.AbstractReaderParser.throwParseException(AbstractReaderParser.java:93)
	at com.optimyth.qaking.js.ast.MozillaParser.parse(MozillaParser.java:79)
	at com.optimyth.qaking.js.ast.MozillaParser.parse(MozillaParser.java:69)
	at com.optimyth.qaking.js.ast.MozillaParser.parse(MozillaParser.java:13)
	at com.als.core.parser.multiparser.ArrangementBasedMultiParser$2.parse(ArrangementBasedMultiParser.java:60)
	at com.als.core.parser.multiparser.ArrangementBasedMultiParser.k26(ArrangementBasedMultiParser.java:111)
	at com.als.core.parser.multiparser.ArrangementBasedMultiParser.parse(ArrangementBasedMultiParser.java:58)
	at com.als.core.language.LanguageSupport.parseAndValidate(LanguageSupport.java:304)
...

WARN 2022-08-24 11:32:28,278 - com.als.core.main.SingleTechnologyStaticAnalyzer: ***************************************************
WARN 2022-08-24 11:32:28,293 - com.als.core.main.SingleTechnologyStaticAnalyzer: ***************************************************
WARN 2022-08-24 11:32:28,293 - com.als.core.main.SingleTechnologyStaticAnalyzer: File: D:\Repos\inter-protocol\scripts\deploy-contracts.js
WARN 2022-08-24 11:32:28,293 - com.als.core.main.SingleTechnologyStaticAnalyzer: Technology: javascript
WARN 2022-08-24 11:32:28,293 - com.als.core.main.SingleTechnologyStaticAnalyzer: Message: Cannot parse D:\Repos\inter-protocol\scripts\deploy-contracts.js, due to: org.mozilla.javascript.EvaluatorException: missing ( after for (D:\Repos\inter-protocol\scripts\deploy-contracts.js#64)
WARN 2022-08-24 11:32:28,293 - com.als.core.main.SingleTechnologyStaticAnalyzer: Stack:
WARN 2022-08-24 11:32:28,293 - com.als.core.main.SingleTechnologyStaticAnalyzer: com.als.core.parser.ParseException: Cannot parse D:\Repos\inter-protocol\scripts\deploy-contracts.js, due to: org.mozilla.javascript.EvaluatorException: missing ( after for (D:\Repos\inter-protocol\scripts\deploy-contracts.js#64)
	at com.als.core.parser.AbstractReaderParser.wrapException(AbstractReaderParser.java:98)
	at com.als.core.parser.AbstractReaderParser.throwParseException(AbstractReaderParser.java:93)
	at com.optimyth.qaking.js.ast.MozillaParser.parse(MozillaParser.java:79)
	at com.optimyth.qaking.js.ast.MozillaParser.parse(MozillaParser.java:69)
	at com.optimyth.qaking.js.ast.MozillaParser.parse(MozillaParser.java:13)
	at com.als.core.parser.multiparser.ArrangementBasedMultiParser$2.parse(ArrangementBasedMultiParser.java:60)
	at com.als.core.parser.multiparser.ArrangementBasedMultiParser.k26(ArrangementBasedMultiParser.java:111)
	at com.als.core.parser.multiparser.ArrangementBasedMultiParser.parse(ArrangementBasedMultiParser.java:58)
	at com.als.core.language.LanguageSupport.parseAndValidate(LanguageSupport.java:304)
...

WARN 2022-08-24 11:32:28,294 - com.als.core.main.SingleTechnologyStaticAnalyzer: ***************************************************
WARN 2022-08-24 11:32:28,321 - com.als.core.main.SingleTechnologyStaticAnalyzer: ***************************************************
WARN 2022-08-24 11:32:28,321 - com.als.core.main.SingleTechnologyStaticAnalyzer: File: D:\Repos\inter-protocol\scripts\manual-price-feed.js
WARN 2022-08-24 11:32:28,321 - com.als.core.main.SingleTechnologyStaticAnalyzer: Technology: javascript
WARN 2022-08-24 11:32:28,321 - com.als.core.main.SingleTechnologyStaticAnalyzer: Message: Cannot parse D:\Repos\inter-protocol\scripts\manual-price-feed.js, due to: org.mozilla.javascript.EvaluatorException: missing ( after for (D:\Repos\inter-protocol\scripts\manual-price-feed.js#97)
WARN 2022-08-24 11:32:28,321 - com.als.core.main.SingleTechnologyStaticAnalyzer: Stack:
WARN 2022-08-24 11:32:28,321 - com.als.core.main.SingleTechnologyStaticAnalyzer: com.als.core.parser.ParseException: Cannot parse D:\Repos\inter-protocol\scripts\manual-price-feed.js, due to: org.mozilla.javascript.EvaluatorException: missing ( after for (D:\Repos\inter-protocol\scripts\manual-price-feed.js#97)
	at com.als.core.parser.AbstractReaderParser.wrapException(AbstractReaderParser.java:98)
	at com.als.core.parser.AbstractReaderParser.throwParseException(AbstractReaderParser.java:93)
	at com.optimyth.qaking.js.ast.MozillaParser.parse(MozillaParser.java:79)
	at com.optimyth.qaking.js.ast.MozillaParser.parse(MozillaParser.java:69)
	at com.optimyth.qaking.js.ast.MozillaParser.parse(MozillaParser.java:13)
	at com.als.core.parser.multiparser.ArrangementBasedMultiParser$2.parse(ArrangementBasedMultiParser.java:60)
	at com.als.core.parser.multiparser.ArrangementBasedMultiParser.k26(ArrangementBasedMultiParser.java:111)
	at com.als.core.parser.multiparser.ArrangementBasedMultiParser.parse(ArrangementBasedMultiParser.java:58)
	at com.als.core.language.LanguageSupport.parseAndValidate(LanguageSupport.java:304)
...

WARN 2022-08-24 11:32:28,329 - com.als.core.main.SingleTechnologyStaticAnalyzer: ***************************************************
WARN 2022-08-24 11:32:28,453 - com.als.core.main.SingleTechnologyStaticAnalyzer: ***************************************************
WARN 2022-08-24 11:32:28,456 - com.als.core.main.SingleTechnologyStaticAnalyzer: File: D:\Repos\inter-protocol\src\proposals\addAssetToVault.js
WARN 2022-08-24 11:32:28,456 - com.als.core.main.SingleTechnologyStaticAnalyzer: Technology: javascript
WARN 2022-08-24 11:32:28,456 - com.als.core.main.SingleTechnologyStaticAnalyzer: Message: Cannot parse D:\Repos\inter-protocol\src\proposals\addAssetToVault.js, due to: java.lang.IllegalStateException: FAILED ASSERTION: ts.cursor=3052, ts.tokenBeg=3050, currentToken=165
WARN 2022-08-24 11:32:28,456 - com.als.core.main.SingleTechnologyStaticAnalyzer: Stack:
WARN 2022-08-24 11:32:28,456 - com.als.core.main.SingleTechnologyStaticAnalyzer: com.als.core.parser.ParseException: Cannot parse D:\Repos\inter-protocol\src\proposals\addAssetToVault.js, due to: java.lang.IllegalStateException: FAILED ASSERTION: ts.cursor=3052, ts.tokenBeg=3050, currentToken=165
	at com.als.core.parser.AbstractReaderParser.wrapException(AbstractReaderParser.java:98)
	at com.als.core.parser.AbstractReaderParser.throwParseException(AbstractReaderParser.java:93)
	at com.optimyth.qaking.js.ast.MozillaParser.parse(MozillaParser.java:79)
	at com.optimyth.qaking.js.ast.MozillaParser.parse(MozillaParser.java:69)
	at com.optimyth.qaking.js.ast.MozillaParser.parse(MozillaParser.java:13)
	at com.als.core.parser.multiparser.ArrangementBasedMultiParser$2.parse(ArrangementBasedMultiParser.java:60)
	at com.als.core.parser.multiparser.ArrangementBasedMultiParser.k26(ArrangementBasedMultiParser.java:111)
	at com.als.core.parser.multiparser.ArrangementBasedMultiParser.parse(ArrangementBasedMultiParser.java:58)
	at com.als.core.language.LanguageSupport.parseAndValidate(LanguageSupport.java:304)
...

WARN 2022-08-24 11:32:28,457 - com.als.core.main.SingleTechnologyStaticAnalyzer: ***************************************************
WARN 2022-08-24 11:32:28,478 - com.als.core.main.SingleTechnologyStaticAnalyzer: ***************************************************
WARN 2022-08-24 11:32:28,478 - com.als.core.main.SingleTechnologyStaticAnalyzer: File: D:\Repos\inter-protocol\src\proposals\demoIssuers.js
WARN 2022-08-24 11:32:28,478 - com.als.core.main.SingleTechnologyStaticAnalyzer: Technology: javascript
WARN 2022-08-24 11:32:28,478 - com.als.core.main.SingleTechnologyStaticAnalyzer: Message: Cannot parse D:\Repos\inter-protocol\src\proposals\demoIssuers.js, due to: org.mozilla.javascript.EvaluatorException: missing } after property list (D:\Repos\inter-protocol\src\proposals\demoIssuers.js#42)
WARN 2022-08-24 11:32:28,479 - com.als.core.main.SingleTechnologyStaticAnalyzer: Stack:
WARN 2022-08-24 11:32:28,479 - com.als.core.main.SingleTechnologyStaticAnalyzer: com.als.core.parser.ParseException: Cannot parse D:\Repos\inter-protocol\src\proposals\demoIssuers.js, due to: org.mozilla.javascript.EvaluatorException: missing } after property list (D:\Repos\inter-protocol\src\proposals\demoIssuers.js#42)
	at com.als.core.parser.AbstractReaderParser.wrapException(AbstractReaderParser.java:98)
	at com.als.core.parser.AbstractReaderParser.throwParseException(AbstractReaderParser.java:93)
	at com.optimyth.qaking.js.ast.MozillaParser.parse(MozillaParser.java:79)
	at com.optimyth.qaking.js.ast.MozillaParser.parse(MozillaParser.java:69)
	at com.optimyth.qaking.js.ast.MozillaParser.parse(MozillaParser.java:13)
	at com.als.core.parser.multiparser.ArrangementBasedMultiParser$2.parse(ArrangementBasedMultiParser.java:60)
	at com.als.core.parser.multiparser.ArrangementBasedMultiParser.k26(ArrangementBasedMultiParser.java:111)
	at com.als.core.parser.multiparser.ArrangementBasedMultiParser.parse(ArrangementBasedMultiParser.java:58)
	at com.als.core.language.LanguageSupport.parseAndValidate(LanguageSupport.java:304)
...

WARN 2022-08-24 11:32:28,479 - com.als.core.main.SingleTechnologyStaticAnalyzer: ***************************************************
WARN 2022-08-24 11:32:28,480 - com.als.core.main.SingleTechnologyStaticAnalyzer: ***************************************************
WARN 2022-08-24 11:32:28,480 - com.als.core.main.SingleTechnologyStaticAnalyzer: File: D:\Repos\inter-protocol\src\proposals\econ-behaviors.js
WARN 2022-08-24 11:32:28,480 - com.als.core.main.SingleTechnologyStaticAnalyzer: Technology: javascript
WARN 2022-08-24 11:32:28,480 - com.als.core.main.SingleTechnologyStaticAnalyzer: Message: Cannot parse D:\Repos\inter-protocol\src\proposals\econ-behaviors.js, due to: org.mozilla.javascript.EvaluatorException: missing ; before statement (D:\Repos\inter-protocol\src\proposals\econ-behaviors.js#29)
WARN 2022-08-24 11:32:28,480 - com.als.core.main.SingleTechnologyStaticAnalyzer: Stack:
WARN 2022-08-24 11:32:28,480 - com.als.core.main.SingleTechnologyStaticAnalyzer: com.als.core.parser.ParseException: Cannot parse D:\Repos\inter-protocol\src\proposals\econ-behaviors.js, due to: org.mozilla.javascript.EvaluatorException: missing ; before statement (D:\Repos\inter-protocol\src\proposals\econ-behaviors.js#29)
	at com.als.core.parser.AbstractReaderParser.wrapException(AbstractReaderParser.java:98)
	at com.als.core.parser.AbstractReaderParser.throwParseException(AbstractReaderParser.java:93)
	at com.optimyth.qaking.js.ast.MozillaParser.parse(MozillaParser.java:79)
	at com.optimyth.qaking.js.ast.MozillaParser.parse(MozillaParser.java:69)
	at com.optimyth.qaking.js.ast.MozillaParser.parse(MozillaParser.java:13)
	at com.als.core.parser.multiparser.ArrangementBasedMultiParser$2.parse(ArrangementBasedMultiParser.java:60)
	at com.als.core.parser.multiparser.ArrangementBasedMultiParser.k26(ArrangementBasedMultiParser.java:111)
	at com.als.core.parser.multiparser.ArrangementBasedMultiParser.parse(ArrangementBasedMultiParser.java:58)
	at com.als.core.language.LanguageSupport.parseAndValidate(LanguageSupport.java:304)
...

WARN 2022-08-24 11:32:28,481 - com.als.core.main.SingleTechnologyStaticAnalyzer: ***************************************************
WARN 2022-08-24 11:32:28,500 - com.als.core.main.SingleTechnologyStaticAnalyzer: ***************************************************
WARN 2022-08-24 11:32:28,500 - com.als.core.main.SingleTechnologyStaticAnalyzer: File: D:\Repos\inter-protocol\src\proposals\startPSM.js
WARN 2022-08-24 11:32:28,500 - com.als.core.main.SingleTechnologyStaticAnalyzer: Technology: javascript
WARN 2022-08-24 11:32:28,500 - com.als.core.main.SingleTechnologyStaticAnalyzer: Message: Cannot parse D:\Repos\inter-protocol\src\proposals\startPSM.js, due to: org.mozilla.javascript.EvaluatorException: missing } after property list (D:\Repos\inter-protocol\src\proposals\startPSM.js#51)
WARN 2022-08-24 11:32:28,501 - com.als.core.main.SingleTechnologyStaticAnalyzer: Stack:
WARN 2022-08-24 11:32:28,501 - com.als.core.main.SingleTechnologyStaticAnalyzer: com.als.core.parser.ParseException: Cannot parse D:\Repos\inter-protocol\src\proposals\startPSM.js, due to: org.mozilla.javascript.EvaluatorException: missing } after property list (D:\Repos\inter-protocol\src\proposals\startPSM.js#51)
	at com.als.core.parser.AbstractReaderParser.wrapException(AbstractReaderParser.java:98)
	at com.als.core.parser.AbstractReaderParser.throwParseException(AbstractReaderParser.java:93)
	at com.optimyth.qaking.js.ast.MozillaParser.parse(MozillaParser.java:79)
	at com.optimyth.qaking.js.ast.MozillaParser.parse(MozillaParser.java:69)
	at com.optimyth.qaking.js.ast.MozillaParser.parse(MozillaParser.java:13)
	at com.als.core.parser.multiparser.ArrangementBasedMultiParser$2.parse(ArrangementBasedMultiParser.java:60)
	at com.als.core.parser.multiparser.ArrangementBasedMultiParser.k26(ArrangementBasedMultiParser.java:111)
	at com.als.core.parser.multiparser.ArrangementBasedMultiParser.parse(ArrangementBasedMultiParser.java:58)
	at com.als.core.language.LanguageSupport.parseAndValidate(LanguageSupport.java:304)
...

WARN 2022-08-24 11:32:28,501 - com.als.core.main.SingleTechnologyStaticAnalyzer: ***************************************************
WARN 2022-08-24 11:32:28,708 - com.als.core.main.SingleTechnologyStaticAnalyzer: ***************************************************
WARN 2022-08-24 11:32:28,709 - com.als.core.main.SingleTechnologyStaticAnalyzer: File: D:\Repos\inter-protocol\src\vaultFactory\liquidateIncrementally.js
WARN 2022-08-24 11:32:28,709 - com.als.core.main.SingleTechnologyStaticAnalyzer: Technology: javascript
WARN 2022-08-24 11:32:28,709 - com.als.core.main.SingleTechnologyStaticAnalyzer: Message: Cannot parse D:\Repos\inter-protocol\src\vaultFactory\liquidateIncrementally.js, due to: org.mozilla.javascript.EvaluatorException: missing ; before statement (D:\Repos\inter-protocol\src\vaultFactory\liquidateIncrementally.js#74)
WARN 2022-08-24 11:32:28,709 - com.als.core.main.SingleTechnologyStaticAnalyzer: Stack:
WARN 2022-08-24 11:32:28,709 - com.als.core.main.SingleTechnologyStaticAnalyzer: com.als.core.parser.ParseException: Cannot parse D:\Repos\inter-protocol\src\vaultFactory\liquidateIncrementally.js, due to: org.mozilla.javascript.EvaluatorException: missing ; before statement (D:\Repos\inter-protocol\src\vaultFactory\liquidateIncrementally.js#74)
	at com.als.core.parser.AbstractReaderParser.wrapException(AbstractReaderParser.java:98)
	at com.als.core.parser.AbstractReaderParser.throwParseException(AbstractReaderParser.java:93)
	at com.optimyth.qaking.js.ast.MozillaParser.parse(MozillaParser.java:79)
	at com.optimyth.qaking.js.ast.MozillaParser.parse(MozillaParser.java:69)
	at com.optimyth.qaking.js.ast.MozillaParser.parse(MozillaParser.java:13)
	at com.als.core.parser.multiparser.ArrangementBasedMultiParser$2.parse(ArrangementBasedMultiParser.java:60)
	at com.als.core.parser.multiparser.ArrangementBasedMultiParser.k26(ArrangementBasedMultiParser.java:111)
	at com.als.core.parser.multiparser.ArrangementBasedMultiParser.parse(ArrangementBasedMultiParser.java:58)
	at com.als.core.language.LanguageSupport.parseAndValidate(LanguageSupport.java:304)
...

WARN 2022-08-24 11:32:28,709 - com.als.core.main.SingleTechnologyStaticAnalyzer: ***************************************************
WARN 2022-08-24 11:32:28,835 - com.als.core.main.SingleTechnologyStaticAnalyzer: ***************************************************
WARN 2022-08-24 11:32:28,835 - com.als.core.main.SingleTechnologyStaticAnalyzer: File: D:\Repos\inter-protocol\src\vaultFactory\vaultManager.js
WARN 2022-08-24 11:32:28,835 - com.als.core.main.SingleTechnologyStaticAnalyzer: Technology: javascript
WARN 2022-08-24 11:32:28,836 - com.als.core.main.SingleTechnologyStaticAnalyzer: Message: Cannot parse D:\Repos\inter-protocol\src\vaultFactory\vaultManager.js, due to: org.mozilla.javascript.EvaluatorException: missing ( after for (D:\Repos\inter-protocol\src\vaultFactory\vaultManager.js#489)
WARN 2022-08-24 11:32:28,836 - com.als.core.main.SingleTechnologyStaticAnalyzer: Stack:
WARN 2022-08-24 11:32:28,836 - com.als.core.main.SingleTechnologyStaticAnalyzer: com.als.core.parser.ParseException: Cannot parse D:\Repos\inter-protocol\src\vaultFactory\vaultManager.js, due to: org.mozilla.javascript.EvaluatorException: missing ( after for (D:\Repos\inter-protocol\src\vaultFactory\vaultManager.js#489)
	at com.als.core.parser.AbstractReaderParser.wrapException(AbstractReaderParser.java:98)
	at com.als.core.parser.AbstractReaderParser.throwParseException(AbstractReaderParser.java:93)
	at com.optimyth.qaking.js.ast.MozillaParser.parse(MozillaParser.java:79)
	at com.optimyth.qaking.js.ast.MozillaParser.parse(MozillaParser.java:69)
	at com.optimyth.qaking.js.ast.MozillaParser.parse(MozillaParser.java:13)
	at com.als.core.parser.multiparser.ArrangementBasedMultiParser$2.parse(ArrangementBasedMultiParser.java:60)
	at com.als.core.parser.multiparser.ArrangementBasedMultiParser.k26(ArrangementBasedMultiParser.java:111)
	at com.als.core.parser.multiparser.ArrangementBasedMultiParser.parse(ArrangementBasedMultiParser.java:58)
	at com.als.core.language.LanguageSupport.parseAndValidate(LanguageSupport.java:304)
...

WARN 2022-08-24 11:32:28,836 - com.als.core.main.SingleTechnologyStaticAnalyzer: ***************************************************
WARN 2022-08-24 11:32:29,000 - com.als.core.main.SingleTechnologyStaticAnalyzer: ***************************************************
WARN 2022-08-24 11:32:29,000 - com.als.core.main.SingleTechnologyStaticAnalyzer: File: D:\Repos\inter-protocol\test\test-demoAMM.js
WARN 2022-08-24 11:32:29,000 - com.als.core.main.SingleTechnologyStaticAnalyzer: Technology: javascript
WARN 2022-08-24 11:32:29,000 - com.als.core.main.SingleTechnologyStaticAnalyzer: Message: Cannot parse D:\Repos\inter-protocol\test\test-demoAMM.js, due to: org.mozilla.javascript.EvaluatorException: missing ) after argument list (D:\Repos\inter-protocol\test\test-demoAMM.js#70)
WARN 2022-08-24 11:32:29,000 - com.als.core.main.SingleTechnologyStaticAnalyzer: Stack:
WARN 2022-08-24 11:32:29,000 - com.als.core.main.SingleTechnologyStaticAnalyzer: com.als.core.parser.ParseException: Cannot parse D:\Repos\inter-protocol\test\test-demoAMM.js, due to: org.mozilla.javascript.EvaluatorException: missing ) after argument list (D:\Repos\inter-protocol\test\test-demoAMM.js#70)
	at com.als.core.parser.AbstractReaderParser.wrapException(AbstractReaderParser.java:98)
	at com.als.core.parser.AbstractReaderParser.throwParseException(AbstractReaderParser.java:93)
	at com.optimyth.qaking.js.ast.MozillaParser.parse(MozillaParser.java:79)
	at com.optimyth.qaking.js.ast.MozillaParser.parse(MozillaParser.java:69)
	at com.optimyth.qaking.js.ast.MozillaParser.parse(MozillaParser.java:13)
	at com.als.core.parser.multiparser.ArrangementBasedMultiParser$2.parse(ArrangementBasedMultiParser.java:60)
	at com.als.core.parser.multiparser.ArrangementBasedMultiParser.k26(ArrangementBasedMultiParser.java:111)
	at com.als.core.parser.multiparser.ArrangementBasedMultiParser.parse(ArrangementBasedMultiParser.java:58)
	at com.als.core.language.LanguageSupport.parseAndValidate(LanguageSupport.java:304)
...

WARN 2022-08-24 11:32:29,000 - com.als.core.main.SingleTechnologyStaticAnalyzer: ***************************************************
WARN 2022-08-24 11:32:29,010 - com.als.core.main.SingleTechnologyStaticAnalyzer: ***************************************************
WARN 2022-08-24 11:32:29,010 - com.als.core.main.SingleTechnologyStaticAnalyzer: File: D:\Repos\inter-protocol\test\test-gov-collateral.js
WARN 2022-08-24 11:32:29,010 - com.als.core.main.SingleTechnologyStaticAnalyzer: Technology: javascript
WARN 2022-08-24 11:32:29,010 - com.als.core.main.SingleTechnologyStaticAnalyzer: Message: Cannot parse D:\Repos\inter-protocol\test\test-gov-collateral.js, due to: org.mozilla.javascript.EvaluatorException: missing ) after argument list (D:\Repos\inter-protocol\test\test-gov-collateral.js#327)
WARN 2022-08-24 11:32:29,012 - com.als.core.main.SingleTechnologyStaticAnalyzer: Stack:
WARN 2022-08-24 11:32:29,012 - com.als.core.main.SingleTechnologyStaticAnalyzer: com.als.core.parser.ParseException: Cannot parse D:\Repos\inter-protocol\test\test-gov-collateral.js, due to: org.mozilla.javascript.EvaluatorException: missing ) after argument list (D:\Repos\inter-protocol\test\test-gov-collateral.js#327)
	at com.als.core.parser.AbstractReaderParser.wrapException(AbstractReaderParser.java:98)
	at com.als.core.parser.AbstractReaderParser.throwParseException(AbstractReaderParser.java:93)
	at com.optimyth.qaking.js.ast.MozillaParser.parse(MozillaParser.java:79)
	at com.optimyth.qaking.js.ast.MozillaParser.parse(MozillaParser.java:69)
	at com.optimyth.qaking.js.ast.MozillaParser.parse(MozillaParser.java:13)
	at com.als.core.parser.multiparser.ArrangementBasedMultiParser$2.parse(ArrangementBasedMultiParser.java:60)
	at com.als.core.parser.multiparser.ArrangementBasedMultiParser.k26(ArrangementBasedMultiParser.java:111)
	at com.als.core.parser.multiparser.ArrangementBasedMultiParser.parse(ArrangementBasedMultiParser.java:58)
	at com.als.core.language.LanguageSupport.parseAndValidate(LanguageSupport.java:304)
...

WARN 2022-08-24 11:32:29,012 - com.als.core.main.SingleTechnologyStaticAnalyzer: ***************************************************
WARN 2022-08-24 11:32:29,012 - com.als.core.main.SingleTechnologyStaticAnalyzer: ***************************************************
WARN 2022-08-24 11:32:29,012 - com.als.core.main.SingleTechnologyStaticAnalyzer: File: D:\Repos\inter-protocol\test\test-interchainPool.js
WARN 2022-08-24 11:32:29,013 - com.als.core.main.SingleTechnologyStaticAnalyzer: Technology: javascript
WARN 2022-08-24 11:32:29,013 - com.als.core.main.SingleTechnologyStaticAnalyzer: Message: Cannot parse D:\Repos\inter-protocol\test\test-interchainPool.js, due to: org.mozilla.javascript.EvaluatorException: missing ) after argument list (D:\Repos\inter-protocol\test\test-interchainPool.js#52)
WARN 2022-08-24 11:32:29,013 - com.als.core.main.SingleTechnologyStaticAnalyzer: Stack:
WARN 2022-08-24 11:32:29,013 - com.als.core.main.SingleTechnologyStaticAnalyzer: com.als.core.parser.ParseException: Cannot parse D:\Repos\inter-protocol\test\test-interchainPool.js, due to: org.mozilla.javascript.EvaluatorException: missing ) after argument list (D:\Repos\inter-protocol\test\test-interchainPool.js#52)
	at com.als.core.parser.AbstractReaderParser.wrapException(AbstractReaderParser.java:98)
	at com.als.core.parser.AbstractReaderParser.throwParseException(AbstractReaderParser.java:93)
	at com.optimyth.qaking.js.ast.MozillaParser.parse(MozillaParser.java:79)
	at com.optimyth.qaking.js.ast.MozillaParser.parse(MozillaParser.java:69)
	at com.optimyth.qaking.js.ast.MozillaParser.parse(MozillaParser.java:13)
	at com.als.core.parser.multiparser.ArrangementBasedMultiParser$2.parse(ArrangementBasedMultiParser.java:60)
	at com.als.core.parser.multiparser.ArrangementBasedMultiParser.k26(ArrangementBasedMultiParser.java:111)
	at com.als.core.parser.multiparser.ArrangementBasedMultiParser.parse(ArrangementBasedMultiParser.java:58)
	at com.als.core.language.LanguageSupport.parseAndValidate(LanguageSupport.java:304)
...

WARN 2022-08-24 11:32:29,013 - com.als.core.main.SingleTechnologyStaticAnalyzer: ***************************************************
WARN 2022-08-24 11:32:29,014 - com.als.core.main.SingleTechnologyStaticAnalyzer: ***************************************************
WARN 2022-08-24 11:32:29,014 - com.als.core.main.SingleTechnologyStaticAnalyzer: File: D:\Repos\inter-protocol\test\test-interest-math.js
WARN 2022-08-24 11:32:29,014 - com.als.core.main.SingleTechnologyStaticAnalyzer: Technology: javascript
WARN 2022-08-24 11:32:29,014 - com.als.core.main.SingleTechnologyStaticAnalyzer: Message: Cannot parse D:\Repos\inter-protocol\test\test-interest-math.js, due to: org.mozilla.javascript.EvaluatorException: missing ] after element list (D:\Repos\inter-protocol\test\test-interest-math.js#36)
WARN 2022-08-24 11:32:29,022 - com.als.core.main.SingleTechnologyStaticAnalyzer: Stack:
WARN 2022-08-24 11:32:29,022 - com.als.core.main.SingleTechnologyStaticAnalyzer: com.als.core.parser.ParseException: Cannot parse D:\Repos\inter-protocol\test\test-interest-math.js, due to: org.mozilla.javascript.EvaluatorException: missing ] after element list (D:\Repos\inter-protocol\test\test-interest-math.js#36)
	at com.als.core.parser.AbstractReaderParser.wrapException(AbstractReaderParser.java:98)
	at com.als.core.parser.AbstractReaderParser.throwParseException(AbstractReaderParser.java:93)
	at com.optimyth.qaking.js.ast.MozillaParser.parse(MozillaParser.java:79)
	at com.optimyth.qaking.js.ast.MozillaParser.parse(MozillaParser.java:69)
	at com.optimyth.qaking.js.ast.MozillaParser.parse(MozillaParser.java:13)
	at com.als.core.parser.multiparser.ArrangementBasedMultiParser$2.parse(ArrangementBasedMultiParser.java:60)
	at com.als.core.parser.multiparser.ArrangementBasedMultiParser.k26(ArrangementBasedMultiParser.java:111)
	at com.als.core.parser.multiparser.ArrangementBasedMultiParser.parse(ArrangementBasedMultiParser.java:58)
	at com.als.core.language.LanguageSupport.parseAndValidate(LanguageSupport.java:304)
...

WARN 2022-08-24 11:32:29,022 - com.als.core.main.SingleTechnologyStaticAnalyzer: ***************************************************
WARN 2022-08-24 11:32:29,023 - com.als.core.main.SingleTechnologyStaticAnalyzer: ***************************************************
WARN 2022-08-24 11:32:29,023 - com.als.core.main.SingleTechnologyStaticAnalyzer: File: D:\Repos\inter-protocol\test\test-interest.js
WARN 2022-08-24 11:32:29,023 - com.als.core.main.SingleTechnologyStaticAnalyzer: Technology: javascript
WARN 2022-08-24 11:32:29,023 - com.als.core.main.SingleTechnologyStaticAnalyzer: Message: Cannot parse D:\Repos\inter-protocol\test\test-interest.js, due to: org.mozilla.javascript.EvaluatorException: missing ; before statement (D:\Repos\inter-protocol\test\test-interest.js#430)
WARN 2022-08-24 11:32:29,024 - com.als.core.main.SingleTechnologyStaticAnalyzer: Stack:
WARN 2022-08-24 11:32:29,024 - com.als.core.main.SingleTechnologyStaticAnalyzer: com.als.core.parser.ParseException: Cannot parse D:\Repos\inter-protocol\test\test-interest.js, due to: org.mozilla.javascript.EvaluatorException: missing ; before statement (D:\Repos\inter-protocol\test\test-interest.js#430)
	at com.als.core.parser.AbstractReaderParser.wrapException(AbstractReaderParser.java:98)
	at com.als.core.parser.AbstractReaderParser.throwParseException(AbstractReaderParser.java:93)
	at com.optimyth.qaking.js.ast.MozillaParser.parse(MozillaParser.java:79)
	at com.optimyth.qaking.js.ast.MozillaParser.parse(MozillaParser.java:69)
	at com.optimyth.qaking.js.ast.MozillaParser.parse(MozillaParser.java:13)
	at com.als.core.parser.multiparser.ArrangementBasedMultiParser$2.parse(ArrangementBasedMultiParser.java:60)
	at com.als.core.parser.multiparser.ArrangementBasedMultiParser.k26(ArrangementBasedMultiParser.java:111)
	at com.als.core.parser.multiparser.ArrangementBasedMultiParser.parse(ArrangementBasedMultiParser.java:58)
	at com.als.core.language.LanguageSupport.parseAndValidate(LanguageSupport.java:304)
...

WARN 2022-08-24 11:32:29,024 - com.als.core.main.SingleTechnologyStaticAnalyzer: ***************************************************
WARN 2022-08-24 11:32:29,050 - com.als.core.main.SingleTechnologyStaticAnalyzer: ***************************************************
WARN 2022-08-24 11:32:29,050 - com.als.core.main.SingleTechnologyStaticAnalyzer: File: D:\Repos\inter-protocol\test\amm\constantProduct\test-calcDeltaX.js
WARN 2022-08-24 11:32:29,050 - com.als.core.main.SingleTechnologyStaticAnalyzer: Technology: javascript
WARN 2022-08-24 11:32:29,050 - com.als.core.main.SingleTechnologyStaticAnalyzer: Message: Cannot parse D:\Repos\inter-protocol\test\amm\constantProduct\test-calcDeltaX.js, due to: org.mozilla.javascript.EvaluatorException: missing ) after argument list (D:\Repos\inter-protocol\test\amm\constantProduct\test-calcDeltaX.js#59)
WARN 2022-08-24 11:32:29,050 - com.als.core.main.SingleTechnologyStaticAnalyzer: Stack:
WARN 2022-08-24 11:32:29,050 - com.als.core.main.SingleTechnologyStaticAnalyzer: com.als.core.parser.ParseException: Cannot parse D:\Repos\inter-protocol\test\amm\constantProduct\test-calcDeltaX.js, due to: org.mozilla.javascript.EvaluatorException: missing ) after argument list (D:\Repos\inter-protocol\test\amm\constantProduct\test-calcDeltaX.js#59)
	at com.als.core.parser.AbstractReaderParser.wrapException(AbstractReaderParser.java:98)
	at com.als.core.parser.AbstractReaderParser.throwParseException(AbstractReaderParser.java:93)
	at com.optimyth.qaking.js.ast.MozillaParser.parse(MozillaParser.java:79)
	at com.optimyth.qaking.js.ast.MozillaParser.parse(MozillaParser.java:69)
	at com.optimyth.qaking.js.ast.MozillaParser.parse(MozillaParser.java:13)
	at com.als.core.parser.multiparser.ArrangementBasedMultiParser$2.parse(ArrangementBasedMultiParser.java:60)
	at com.als.core.parser.multiparser.ArrangementBasedMultiParser.k26(ArrangementBasedMultiParser.java:111)
	at com.als.core.parser.multiparser.ArrangementBasedMultiParser.parse(ArrangementBasedMultiParser.java:58)
	at com.als.core.language.LanguageSupport.parseAndValidate(LanguageSupport.java:304)
...

WARN 2022-08-24 11:32:29,050 - com.als.core.main.SingleTechnologyStaticAnalyzer: ***************************************************
WARN 2022-08-24 11:32:29,058 - com.als.core.main.SingleTechnologyStaticAnalyzer: ***************************************************
WARN 2022-08-24 11:32:29,059 - com.als.core.main.SingleTechnologyStaticAnalyzer: File: D:\Repos\inter-protocol\test\amm\constantProduct\test-checkInvariants.js
WARN 2022-08-24 11:32:29,059 - com.als.core.main.SingleTechnologyStaticAnalyzer: Technology: javascript
WARN 2022-08-24 11:32:29,059 - com.als.core.main.SingleTechnologyStaticAnalyzer: Message: Cannot parse D:\Repos\inter-protocol\test\amm\constantProduct\test-checkInvariants.js, due to: org.mozilla.javascript.EvaluatorException: missing } after property list (D:\Repos\inter-protocol\test\amm\constantProduct\test-checkInvariants.js#329)
WARN 2022-08-24 11:32:29,059 - com.als.core.main.SingleTechnologyStaticAnalyzer: Stack:
WARN 2022-08-24 11:32:29,059 - com.als.core.main.SingleTechnologyStaticAnalyzer: com.als.core.parser.ParseException: Cannot parse D:\Repos\inter-protocol\test\amm\constantProduct\test-checkInvariants.js, due to: org.mozilla.javascript.EvaluatorException: missing } after property list (D:\Repos\inter-protocol\test\amm\constantProduct\test-checkInvariants.js#329)
	at com.als.core.parser.AbstractReaderParser.wrapException(AbstractReaderParser.java:98)
	at com.als.core.parser.AbstractReaderParser.throwParseException(AbstractReaderParser.java:93)
	at com.optimyth.qaking.js.ast.MozillaParser.parse(MozillaParser.java:79)
	at com.optimyth.qaking.js.ast.MozillaParser.parse(MozillaParser.java:69)
	at com.optimyth.qaking.js.ast.MozillaParser.parse(MozillaParser.java:13)
	at com.als.core.parser.multiparser.ArrangementBasedMultiParser$2.parse(ArrangementBasedMultiParser.java:60)
	at com.als.core.parser.multiparser.ArrangementBasedMultiParser.k26(ArrangementBasedMultiParser.java:111)
	at com.als.core.parser.multiparser.ArrangementBasedMultiParser.parse(ArrangementBasedMultiParser.java:58)
	at com.als.core.language.LanguageSupport.parseAndValidate(LanguageSupport.java:304)
...

WARN 2022-08-24 11:32:29,059 - com.als.core.main.SingleTechnologyStaticAnalyzer: ***************************************************
WARN 2022-08-24 11:32:29,060 - com.als.core.main.SingleTechnologyStaticAnalyzer: ***************************************************
WARN 2022-08-24 11:32:29,060 - com.als.core.main.SingleTechnologyStaticAnalyzer: File: D:\Repos\inter-protocol\test\amm\constantProduct\test-compareBondingCurves.js
WARN 2022-08-24 11:32:29,060 - com.als.core.main.SingleTechnologyStaticAnalyzer: Technology: javascript
WARN 2022-08-24 11:32:29,060 - com.als.core.main.SingleTechnologyStaticAnalyzer: Message: Cannot parse D:\Repos\inter-protocol\test\amm\constantProduct\test-compareBondingCurves.js, due to: org.mozilla.javascript.EvaluatorException: missing } after property list (D:\Repos\inter-protocol\test\amm\constantProduct\test-compareBondingCurves.js#219)
WARN 2022-08-24 11:32:29,060 - com.als.core.main.SingleTechnologyStaticAnalyzer: Stack:
WARN 2022-08-24 11:32:29,060 - com.als.core.main.SingleTechnologyStaticAnalyzer: com.als.core.parser.ParseException: Cannot parse D:\Repos\inter-protocol\test\amm\constantProduct\test-compareBondingCurves.js, due to: org.mozilla.javascript.EvaluatorException: missing } after property list (D:\Repos\inter-protocol\test\amm\constantProduct\test-compareBondingCurves.js#219)
	at com.als.core.parser.AbstractReaderParser.wrapException(AbstractReaderParser.java:98)
	at com.als.core.parser.AbstractReaderParser.throwParseException(AbstractReaderParser.java:93)
	at com.optimyth.qaking.js.ast.MozillaParser.parse(MozillaParser.java:79)
	at com.optimyth.qaking.js.ast.MozillaParser.parse(MozillaParser.java:69)
	at com.optimyth.qaking.js.ast.MozillaParser.parse(MozillaParser.java:13)
	at com.als.core.parser.multiparser.ArrangementBasedMultiParser$2.parse(ArrangementBasedMultiParser.java:60)
	at com.als.core.parser.multiparser.ArrangementBasedMultiParser.k26(ArrangementBasedMultiParser.java:111)
	at com.als.core.parser.multiparser.ArrangementBasedMultiParser.parse(ArrangementBasedMultiParser.java:58)
	at com.als.core.language.LanguageSupport.parseAndValidate(LanguageSupport.java:304)
...

WARN 2022-08-24 11:32:29,060 - com.als.core.main.SingleTechnologyStaticAnalyzer: ***************************************************
WARN 2022-08-24 11:32:29,061 - com.als.core.main.SingleTechnologyStaticAnalyzer: ***************************************************
WARN 2022-08-24 11:32:29,061 - com.als.core.main.SingleTechnologyStaticAnalyzer: File: D:\Repos\inter-protocol\test\amm\constantProduct\test-estimator.js
WARN 2022-08-24 11:32:29,061 - com.als.core.main.SingleTechnologyStaticAnalyzer: Technology: javascript
WARN 2022-08-24 11:32:29,061 - com.als.core.main.SingleTechnologyStaticAnalyzer: Message: Cannot parse D:\Repos\inter-protocol\test\amm\constantProduct\test-estimator.js, due to: org.mozilla.javascript.EvaluatorException: missing ; before statement (D:\Repos\inter-protocol\test\amm\constantProduct\test-estimator.js#19)
WARN 2022-08-24 11:32:29,061 - com.als.core.main.SingleTechnologyStaticAnalyzer: Stack:
WARN 2022-08-24 11:32:29,061 - com.als.core.main.SingleTechnologyStaticAnalyzer: com.als.core.parser.ParseException: Cannot parse D:\Repos\inter-protocol\test\amm\constantProduct\test-estimator.js, due to: org.mozilla.javascript.EvaluatorException: missing ; before statement (D:\Repos\inter-protocol\test\amm\constantProduct\test-estimator.js#19)
	at com.als.core.parser.AbstractReaderParser.wrapException(AbstractReaderParser.java:98)
	at com.als.core.parser.AbstractReaderParser.throwParseException(AbstractReaderParser.java:93)
	at com.optimyth.qaking.js.ast.MozillaParser.parse(MozillaParser.java:79)
	at com.optimyth.qaking.js.ast.MozillaParser.parse(MozillaParser.java:69)
	at com.optimyth.qaking.js.ast.MozillaParser.parse(MozillaParser.java:13)
	at com.als.core.parser.multiparser.ArrangementBasedMultiParser$2.parse(ArrangementBasedMultiParser.java:60)
	at com.als.core.parser.multiparser.ArrangementBasedMultiParser.k26(ArrangementBasedMultiParser.java:111)
	at com.als.core.parser.multiparser.ArrangementBasedMultiParser.parse(ArrangementBasedMultiParser.java:58)
	at com.als.core.language.LanguageSupport.parseAndValidate(LanguageSupport.java:304)
...

WARN 2022-08-24 11:32:29,062 - com.als.core.main.SingleTechnologyStaticAnalyzer: ***************************************************
WARN 2022-08-24 11:32:29,071 - com.als.core.main.SingleTechnologyStaticAnalyzer: ***************************************************
WARN 2022-08-24 11:32:29,071 - com.als.core.main.SingleTechnologyStaticAnalyzer: File: D:\Repos\inter-protocol\test\amm\constantProduct\test-readmeScenario.js
WARN 2022-08-24 11:32:29,071 - com.als.core.main.SingleTechnologyStaticAnalyzer: Technology: javascript
WARN 2022-08-24 11:32:29,071 - com.als.core.main.SingleTechnologyStaticAnalyzer: Message: Cannot parse D:\Repos\inter-protocol\test\amm\constantProduct\test-readmeScenario.js, due to: org.mozilla.javascript.EvaluatorException: missing ) after argument list (D:\Repos\inter-protocol\test\amm\constantProduct\test-readmeScenario.js#40)
WARN 2022-08-24 11:32:29,071 - com.als.core.main.SingleTechnologyStaticAnalyzer: Stack:
WARN 2022-08-24 11:32:29,071 - com.als.core.main.SingleTechnologyStaticAnalyzer: com.als.core.parser.ParseException: Cannot parse D:\Repos\inter-protocol\test\amm\constantProduct\test-readmeScenario.js, due to: org.mozilla.javascript.EvaluatorException: missing ) after argument list (D:\Repos\inter-protocol\test\amm\constantProduct\test-readmeScenario.js#40)
	at com.als.core.parser.AbstractReaderParser.wrapException(AbstractReaderParser.java:98)
	at com.als.core.parser.AbstractReaderParser.throwParseException(AbstractReaderParser.java:93)
	at com.optimyth.qaking.js.ast.MozillaParser.parse(MozillaParser.java:79)
	at com.optimyth.qaking.js.ast.MozillaParser.parse(MozillaParser.java:69)
	at com.optimyth.qaking.js.ast.MozillaParser.parse(MozillaParser.java:13)
	at com.als.core.parser.multiparser.ArrangementBasedMultiParser$2.parse(ArrangementBasedMultiParser.java:60)
	at com.als.core.parser.multiparser.ArrangementBasedMultiParser.k26(ArrangementBasedMultiParser.java:111)
	at com.als.core.parser.multiparser.ArrangementBasedMultiParser.parse(ArrangementBasedMultiParser.java:58)
	at com.als.core.language.LanguageSupport.parseAndValidate(LanguageSupport.java:304)
...

WARN 2022-08-24 11:32:29,071 - com.als.core.main.SingleTechnologyStaticAnalyzer: ***************************************************
WARN 2022-08-24 11:32:29,090 - com.als.core.main.SingleTechnologyStaticAnalyzer: ***************************************************
WARN 2022-08-24 11:32:29,090 - com.als.core.main.SingleTechnologyStaticAnalyzer: File: D:\Repos\inter-protocol\test\amm\vpool-xyk-amm\test-addLiquidity.js
WARN 2022-08-24 11:32:29,090 - com.als.core.main.SingleTechnologyStaticAnalyzer: Technology: javascript
WARN 2022-08-24 11:32:29,090 - com.als.core.main.SingleTechnologyStaticAnalyzer: Message: Cannot parse D:\Repos\inter-protocol\test\amm\vpool-xyk-amm\test-addLiquidity.js, due to: org.mozilla.javascript.EvaluatorException: missing ) after argument list (D:\Repos\inter-protocol\test\amm\vpool-xyk-amm\test-addLiquidity.js#19)
WARN 2022-08-24 11:32:29,091 - com.als.core.main.SingleTechnologyStaticAnalyzer: Stack:
WARN 2022-08-24 11:32:29,091 - com.als.core.main.SingleTechnologyStaticAnalyzer: com.als.core.parser.ParseException: Cannot parse D:\Repos\inter-protocol\test\amm\vpool-xyk-amm\test-addLiquidity.js, due to: org.mozilla.javascript.EvaluatorException: missing ) after argument list (D:\Repos\inter-protocol\test\amm\vpool-xyk-amm\test-addLiquidity.js#19)
	at com.als.core.parser.AbstractReaderParser.wrapException(AbstractReaderParser.java:98)
	at com.als.core.parser.AbstractReaderParser.throwParseException(AbstractReaderParser.java:93)
	at com.optimyth.qaking.js.ast.MozillaParser.parse(MozillaParser.java:79)
	at com.optimyth.qaking.js.ast.MozillaParser.parse(MozillaParser.java:69)
	at com.optimyth.qaking.js.ast.MozillaParser.parse(MozillaParser.java:13)
	at com.als.core.parser.multiparser.ArrangementBasedMultiParser$2.parse(ArrangementBasedMultiParser.java:60)
	at com.als.core.parser.multiparser.ArrangementBasedMultiParser.k26(ArrangementBasedMultiParser.java:111)
	at com.als.core.parser.multiparser.ArrangementBasedMultiParser.parse(ArrangementBasedMultiParser.java:58)
	at com.als.core.language.LanguageSupport.parseAndValidate(LanguageSupport.java:304)
...

WARN 2022-08-24 11:32:29,092 - com.als.core.main.SingleTechnologyStaticAnalyzer: ***************************************************
WARN 2022-08-24 11:32:29,092 - com.als.core.main.SingleTechnologyStaticAnalyzer: ***************************************************
WARN 2022-08-24 11:32:29,092 - com.als.core.main.SingleTechnologyStaticAnalyzer: File: D:\Repos\inter-protocol\test\amm\vpool-xyk-amm\test-amm-calc.js
WARN 2022-08-24 11:32:29,092 - com.als.core.main.SingleTechnologyStaticAnalyzer: Technology: javascript
WARN 2022-08-24 11:32:29,092 - com.als.core.main.SingleTechnologyStaticAnalyzer: Message: Cannot parse D:\Repos\inter-protocol\test\amm\vpool-xyk-amm\test-amm-calc.js, due to: org.mozilla.javascript.EvaluatorException: missing ; before statement (D:\Repos\inter-protocol\test\amm\vpool-xyk-amm\test-amm-calc.js#15)
WARN 2022-08-24 11:32:29,093 - com.als.core.main.SingleTechnologyStaticAnalyzer: Stack:
WARN 2022-08-24 11:32:29,093 - com.als.core.main.SingleTechnologyStaticAnalyzer: com.als.core.parser.ParseException: Cannot parse D:\Repos\inter-protocol\test\amm\vpool-xyk-amm\test-amm-calc.js, due to: org.mozilla.javascript.EvaluatorException: missing ; before statement (D:\Repos\inter-protocol\test\amm\vpool-xyk-amm\test-amm-calc.js#15)
	at com.als.core.parser.AbstractReaderParser.wrapException(AbstractReaderParser.java:98)
	at com.als.core.parser.AbstractReaderParser.throwParseException(AbstractReaderParser.java:93)
	at com.optimyth.qaking.js.ast.MozillaParser.parse(MozillaParser.java:79)
	at com.optimyth.qaking.js.ast.MozillaParser.parse(MozillaParser.java:69)
	at com.optimyth.qaking.js.ast.MozillaParser.parse(MozillaParser.java:13)
	at com.als.core.parser.multiparser.ArrangementBasedMultiParser$2.parse(ArrangementBasedMultiParser.java:60)
	at com.als.core.parser.multiparser.ArrangementBasedMultiParser.k26(ArrangementBasedMultiParser.java:111)
	at com.als.core.parser.multiparser.ArrangementBasedMultiParser.parse(ArrangementBasedMultiParser.java:58)
	at com.als.core.language.LanguageSupport.parseAndValidate(LanguageSupport.java:304)
...

WARN 2022-08-24 11:32:29,093 - com.als.core.main.SingleTechnologyStaticAnalyzer: ***************************************************
WARN 2022-08-24 11:32:29,106 - com.als.core.main.SingleTechnologyStaticAnalyzer: ***************************************************
WARN 2022-08-24 11:32:29,106 - com.als.core.main.SingleTechnologyStaticAnalyzer: File: D:\Repos\inter-protocol\test\amm\vpool-xyk-amm\test-liquidity.js
WARN 2022-08-24 11:32:29,106 - com.als.core.main.SingleTechnologyStaticAnalyzer: Technology: javascript
WARN 2022-08-24 11:32:29,106 - com.als.core.main.SingleTechnologyStaticAnalyzer: Message: Cannot parse D:\Repos\inter-protocol\test\amm\vpool-xyk-amm\test-liquidity.js, due to: org.mozilla.javascript.EvaluatorException: missing ; before statement (D:\Repos\inter-protocol\test\amm\vpool-xyk-amm\test-liquidity.js#194)
WARN 2022-08-24 11:32:29,106 - com.als.core.main.SingleTechnologyStaticAnalyzer: Stack:
WARN 2022-08-24 11:32:29,107 - com.als.core.main.SingleTechnologyStaticAnalyzer: com.als.core.parser.ParseException: Cannot parse D:\Repos\inter-protocol\test\amm\vpool-xyk-amm\test-liquidity.js, due to: org.mozilla.javascript.EvaluatorException: missing ; before statement (D:\Repos\inter-protocol\test\amm\vpool-xyk-amm\test-liquidity.js#194)
	at com.als.core.parser.AbstractReaderParser.wrapException(AbstractReaderParser.java:98)
	at com.als.core.parser.AbstractReaderParser.throwParseException(AbstractReaderParser.java:93)
	at com.optimyth.qaking.js.ast.MozillaParser.parse(MozillaParser.java:79)
	at com.optimyth.qaking.js.ast.MozillaParser.parse(MozillaParser.java:69)
	at com.optimyth.qaking.js.ast.MozillaParser.parse(MozillaParser.java:13)
	at com.als.core.parser.multiparser.ArrangementBasedMultiParser$2.parse(ArrangementBasedMultiParser.java:60)
	at com.als.core.parser.multiparser.ArrangementBasedMultiParser.k26(ArrangementBasedMultiParser.java:111)
	at com.als.core.parser.multiparser.ArrangementBasedMultiParser.parse(ArrangementBasedMultiParser.java:58)
	at com.als.core.language.LanguageSupport.parseAndValidate(LanguageSupport.java:304)
...

WARN 2022-08-24 11:32:29,107 - com.als.core.main.SingleTechnologyStaticAnalyzer: ***************************************************
WARN 2022-08-24 11:32:29,107 - com.als.core.main.SingleTechnologyStaticAnalyzer: ***************************************************
WARN 2022-08-24 11:32:29,107 - com.als.core.main.SingleTechnologyStaticAnalyzer: File: D:\Repos\inter-protocol\test\amm\vpool-xyk-amm\test-xyk-amm-swap.js
WARN 2022-08-24 11:32:29,107 - com.als.core.main.SingleTechnologyStaticAnalyzer: Technology: javascript
WARN 2022-08-24 11:32:29,108 - com.als.core.main.SingleTechnologyStaticAnalyzer: Message: Cannot parse D:\Repos\inter-protocol\test\amm\vpool-xyk-amm\test-xyk-amm-swap.js, due to: org.mozilla.javascript.EvaluatorException: missing ; before statement (D:\Repos\inter-protocol\test\amm\vpool-xyk-amm\test-xyk-amm-swap.js#38)
WARN 2022-08-24 11:32:29,108 - com.als.core.main.SingleTechnologyStaticAnalyzer: Stack:
WARN 2022-08-24 11:32:29,108 - com.als.core.main.SingleTechnologyStaticAnalyzer: com.als.core.parser.ParseException: Cannot parse D:\Repos\inter-protocol\test\amm\vpool-xyk-amm\test-xyk-amm-swap.js, due to: org.mozilla.javascript.EvaluatorException: missing ; before statement (D:\Repos\inter-protocol\test\amm\vpool-xyk-amm\test-xyk-amm-swap.js#38)
	at com.als.core.parser.AbstractReaderParser.wrapException(AbstractReaderParser.java:98)
	at com.als.core.parser.AbstractReaderParser.throwParseException(AbstractReaderParser.java:93)
	at com.optimyth.qaking.js.ast.MozillaParser.parse(MozillaParser.java:79)
	at com.optimyth.qaking.js.ast.MozillaParser.parse(MozillaParser.java:69)
	at com.optimyth.qaking.js.ast.MozillaParser.parse(MozillaParser.java:13)
	at com.als.core.parser.multiparser.ArrangementBasedMultiParser$2.parse(ArrangementBasedMultiParser.java:60)
	at com.als.core.parser.multiparser.ArrangementBasedMultiParser.k26(ArrangementBasedMultiParser.java:111)
	at com.als.core.parser.multiparser.ArrangementBasedMultiParser.parse(ArrangementBasedMultiParser.java:58)
	at com.als.core.language.LanguageSupport.parseAndValidate(LanguageSupport.java:304)
...

WARN 2022-08-24 11:32:29,108 - com.als.core.main.SingleTechnologyStaticAnalyzer: ***************************************************
WARN 2022-08-24 11:32:29,160 - com.als.core.main.SingleTechnologyStaticAnalyzer: ***************************************************
WARN 2022-08-24 11:32:29,160 - com.als.core.main.SingleTechnologyStaticAnalyzer: File: D:\Repos\inter-protocol\test\psm\test-psm.js
WARN 2022-08-24 11:32:29,160 - com.als.core.main.SingleTechnologyStaticAnalyzer: Technology: javascript
WARN 2022-08-24 11:32:29,160 - com.als.core.main.SingleTechnologyStaticAnalyzer: Message: Cannot parse D:\Repos\inter-protocol\test\psm\test-psm.js, due to: org.mozilla.javascript.EvaluatorException: missing ; before statement (D:\Repos\inter-protocol\test\psm\test-psm.js#42)
WARN 2022-08-24 11:32:29,160 - com.als.core.main.SingleTechnologyStaticAnalyzer: Stack:
WARN 2022-08-24 11:32:29,160 - com.als.core.main.SingleTechnologyStaticAnalyzer: com.als.core.parser.ParseException: Cannot parse D:\Repos\inter-protocol\test\psm\test-psm.js, due to: org.mozilla.javascript.EvaluatorException: missing ; before statement (D:\Repos\inter-protocol\test\psm\test-psm.js#42)
	at com.als.core.parser.AbstractReaderParser.wrapException(AbstractReaderParser.java:98)
	at com.als.core.parser.AbstractReaderParser.throwParseException(AbstractReaderParser.java:93)
	at com.optimyth.qaking.js.ast.MozillaParser.parse(MozillaParser.java:79)
	at com.optimyth.qaking.js.ast.MozillaParser.parse(MozillaParser.java:69)
	at com.optimyth.qaking.js.ast.MozillaParser.parse(MozillaParser.java:13)
	at com.als.core.parser.multiparser.ArrangementBasedMultiParser$2.parse(ArrangementBasedMultiParser.java:60)
	at com.als.core.parser.multiparser.ArrangementBasedMultiParser.k26(ArrangementBasedMultiParser.java:111)
	at com.als.core.parser.multiparser.ArrangementBasedMultiParser.parse(ArrangementBasedMultiParser.java:58)
	at com.als.core.language.LanguageSupport.parseAndValidate(LanguageSupport.java:304)
...

WARN 2022-08-24 11:32:29,160 - com.als.core.main.SingleTechnologyStaticAnalyzer: ***************************************************
WARN 2022-08-24 11:32:29,168 - com.als.core.main.SingleTechnologyStaticAnalyzer: ***************************************************
WARN 2022-08-24 11:32:29,168 - com.als.core.main.SingleTechnologyStaticAnalyzer: File: D:\Repos\inter-protocol\test\reserve\test-reserve.js
WARN 2022-08-24 11:32:29,168 - com.als.core.main.SingleTechnologyStaticAnalyzer: Technology: javascript
WARN 2022-08-24 11:32:29,168 - com.als.core.main.SingleTechnologyStaticAnalyzer: Message: Cannot parse D:\Repos\inter-protocol\test\reserve\test-reserve.js, due to: org.mozilla.javascript.EvaluatorException: missing ) after argument list (D:\Repos\inter-protocol\test\reserve\test-reserve.js#111)
WARN 2022-08-24 11:32:29,169 - com.als.core.main.SingleTechnologyStaticAnalyzer: Stack:
WARN 2022-08-24 11:32:29,169 - com.als.core.main.SingleTechnologyStaticAnalyzer: com.als.core.parser.ParseException: Cannot parse D:\Repos\inter-protocol\test\reserve\test-reserve.js, due to: org.mozilla.javascript.EvaluatorException: missing ) after argument list (D:\Repos\inter-protocol\test\reserve\test-reserve.js#111)
	at com.als.core.parser.AbstractReaderParser.wrapException(AbstractReaderParser.java:98)
	at com.als.core.parser.AbstractReaderParser.throwParseException(AbstractReaderParser.java:93)
	at com.optimyth.qaking.js.ast.MozillaParser.parse(MozillaParser.java:79)
	at com.optimyth.qaking.js.ast.MozillaParser.parse(MozillaParser.java:69)
	at com.optimyth.qaking.js.ast.MozillaParser.parse(MozillaParser.java:13)
	at com.als.core.parser.multiparser.ArrangementBasedMultiParser$2.parse(ArrangementBasedMultiParser.java:60)
	at com.als.core.parser.multiparser.ArrangementBasedMultiParser.k26(ArrangementBasedMultiParser.java:111)
	at com.als.core.parser.multiparser.ArrangementBasedMultiParser.parse(ArrangementBasedMultiParser.java:58)
	at com.als.core.language.LanguageSupport.parseAndValidate(LanguageSupport.java:304)
...

WARN 2022-08-24 11:32:29,169 - com.als.core.main.SingleTechnologyStaticAnalyzer: ***************************************************
WARN 2022-08-24 11:32:29,178 - com.als.core.main.SingleTechnologyStaticAnalyzer: ***************************************************
WARN 2022-08-24 11:32:29,178 - com.als.core.main.SingleTechnologyStaticAnalyzer: File: D:\Repos\inter-protocol\test\stakeFactory\test-stakeFactory.js
WARN 2022-08-24 11:32:29,178 - com.als.core.main.SingleTechnologyStaticAnalyzer: Technology: javascript
WARN 2022-08-24 11:32:29,178 - com.als.core.main.SingleTechnologyStaticAnalyzer: Message: Cannot parse D:\Repos\inter-protocol\test\stakeFactory\test-stakeFactory.js, due to: org.mozilla.javascript.EvaluatorException: missing } after property list (D:\Repos\inter-protocol\test\stakeFactory\test-stakeFactory.js#55)
WARN 2022-08-24 11:32:29,178 - com.als.core.main.SingleTechnologyStaticAnalyzer: Stack:
WARN 2022-08-24 11:32:29,178 - com.als.core.main.SingleTechnologyStaticAnalyzer: com.als.core.parser.ParseException: Cannot parse D:\Repos\inter-protocol\test\stakeFactory\test-stakeFactory.js, due to: org.mozilla.javascript.EvaluatorException: missing } after property list (D:\Repos\inter-protocol\test\stakeFactory\test-stakeFactory.js#55)
	at com.als.core.parser.AbstractReaderParser.wrapException(AbstractReaderParser.java:98)
	at com.als.core.parser.AbstractReaderParser.throwParseException(AbstractReaderParser.java:93)
	at com.optimyth.qaking.js.ast.MozillaParser.parse(MozillaParser.java:79)
	at com.optimyth.qaking.js.ast.MozillaParser.parse(MozillaParser.java:69)
	at com.optimyth.qaking.js.ast.MozillaParser.parse(MozillaParser.java:13)
	at com.als.core.parser.multiparser.ArrangementBasedMultiParser$2.parse(ArrangementBasedMultiParser.java:60)
	at com.als.core.parser.multiparser.ArrangementBasedMultiParser.k26(ArrangementBasedMultiParser.java:111)
	at com.als.core.parser.multiparser.ArrangementBasedMultiParser.parse(ArrangementBasedMultiParser.java:58)
	at com.als.core.language.LanguageSupport.parseAndValidate(LanguageSupport.java:304)
...

WARN 2022-08-24 11:32:29,178 - com.als.core.main.SingleTechnologyStaticAnalyzer: ***************************************************
WARN 2022-08-24 11:32:29,186 - com.als.core.main.SingleTechnologyStaticAnalyzer: ***************************************************
WARN 2022-08-24 11:32:29,186 - com.als.core.main.SingleTechnologyStaticAnalyzer: File: D:\Repos\inter-protocol\test\swingsetTests\setup.js
WARN 2022-08-24 11:32:29,186 - com.als.core.main.SingleTechnologyStaticAnalyzer: Technology: javascript
WARN 2022-08-24 11:32:29,186 - com.als.core.main.SingleTechnologyStaticAnalyzer: Message: Cannot parse D:\Repos\inter-protocol\test\swingsetTests\setup.js, due to: org.mozilla.javascript.EvaluatorException: missing ) after argument list (D:\Repos\inter-protocol\test\swingsetTests\setup.js#57)
WARN 2022-08-24 11:32:29,186 - com.als.core.main.SingleTechnologyStaticAnalyzer: Stack:
WARN 2022-08-24 11:32:29,186 - com.als.core.main.SingleTechnologyStaticAnalyzer: com.als.core.parser.ParseException: Cannot parse D:\Repos\inter-protocol\test\swingsetTests\setup.js, due to: org.mozilla.javascript.EvaluatorException: missing ) after argument list (D:\Repos\inter-protocol\test\swingsetTests\setup.js#57)
	at com.als.core.parser.AbstractReaderParser.wrapException(AbstractReaderParser.java:98)
	at com.als.core.parser.AbstractReaderParser.throwParseException(AbstractReaderParser.java:93)
	at com.optimyth.qaking.js.ast.MozillaParser.parse(MozillaParser.java:79)
	at com.optimyth.qaking.js.ast.MozillaParser.parse(MozillaParser.java:69)
	at com.optimyth.qaking.js.ast.MozillaParser.parse(MozillaParser.java:13)
	at com.als.core.parser.multiparser.ArrangementBasedMultiParser$2.parse(ArrangementBasedMultiParser.java:60)
	at com.als.core.parser.multiparser.ArrangementBasedMultiParser.k26(ArrangementBasedMultiParser.java:111)
	at com.als.core.parser.multiparser.ArrangementBasedMultiParser.parse(ArrangementBasedMultiParser.java:58)
	at com.als.core.language.LanguageSupport.parseAndValidate(LanguageSupport.java:304)
...

WARN 2022-08-24 11:32:29,187 - com.als.core.main.SingleTechnologyStaticAnalyzer: ***************************************************
WARN 2022-08-24 11:32:29,280 - com.als.core.main.SingleTechnologyStaticAnalyzer: ***************************************************
WARN 2022-08-24 11:32:29,281 - com.als.core.main.SingleTechnologyStaticAnalyzer: File: D:\Repos\inter-protocol\test\vaultFactory\driver.js
WARN 2022-08-24 11:32:29,281 - com.als.core.main.SingleTechnologyStaticAnalyzer: Technology: javascript
WARN 2022-08-24 11:32:29,281 - com.als.core.main.SingleTechnologyStaticAnalyzer: Message: Cannot parse D:\Repos\inter-protocol\test\vaultFactory\driver.js, due to: org.mozilla.javascript.EvaluatorException: missing ) after argument list (D:\Repos\inter-protocol\test\vaultFactory\driver.js#66)
WARN 2022-08-24 11:32:29,282 - com.als.core.main.SingleTechnologyStaticAnalyzer: Stack:
WARN 2022-08-24 11:32:29,282 - com.als.core.main.SingleTechnologyStaticAnalyzer: com.als.core.parser.ParseException: Cannot parse D:\Repos\inter-protocol\test\vaultFactory\driver.js, due to: org.mozilla.javascript.EvaluatorException: missing ) after argument list (D:\Repos\inter-protocol\test\vaultFactory\driver.js#66)
	at com.als.core.parser.AbstractReaderParser.wrapException(AbstractReaderParser.java:98)
	at com.als.core.parser.AbstractReaderParser.throwParseException(AbstractReaderParser.java:93)
	at com.optimyth.qaking.js.ast.MozillaParser.parse(MozillaParser.java:79)
	at com.optimyth.qaking.js.ast.MozillaParser.parse(MozillaParser.java:69)
	at com.optimyth.qaking.js.ast.MozillaParser.parse(MozillaParser.java:13)
	at com.als.core.parser.multiparser.ArrangementBasedMultiParser$2.parse(ArrangementBasedMultiParser.java:60)
	at com.als.core.parser.multiparser.ArrangementBasedMultiParser.k26(ArrangementBasedMultiParser.java:111)
	at com.als.core.parser.multiparser.ArrangementBasedMultiParser.parse(ArrangementBasedMultiParser.java:58)
	at com.als.core.language.LanguageSupport.parseAndValidate(LanguageSupport.java:304)
...

WARN 2022-08-24 11:32:29,282 - com.als.core.main.SingleTechnologyStaticAnalyzer: ***************************************************
WARN 2022-08-24 11:32:29,294 - com.als.core.main.SingleTechnologyStaticAnalyzer: ***************************************************
WARN 2022-08-24 11:32:29,294 - com.als.core.main.SingleTechnologyStaticAnalyzer: File: D:\Repos\inter-protocol\test\vaultFactory\test-liquidator.js
WARN 2022-08-24 11:32:29,294 - com.als.core.main.SingleTechnologyStaticAnalyzer: Technology: javascript
WARN 2022-08-24 11:32:29,294 - com.als.core.main.SingleTechnologyStaticAnalyzer: Message: Cannot parse D:\Repos\inter-protocol\test\vaultFactory\test-liquidator.js, due to: org.mozilla.javascript.EvaluatorException: missing ) after argument list (D:\Repos\inter-protocol\test\vaultFactory\test-liquidator.js#149)
WARN 2022-08-24 11:32:29,295 - com.als.core.main.SingleTechnologyStaticAnalyzer: Stack:
WARN 2022-08-24 11:32:29,295 - com.als.core.main.SingleTechnologyStaticAnalyzer: com.als.core.parser.ParseException: Cannot parse D:\Repos\inter-protocol\test\vaultFactory\test-liquidator.js, due to: org.mozilla.javascript.EvaluatorException: missing ) after argument list (D:\Repos\inter-protocol\test\vaultFactory\test-liquidator.js#149)
	at com.als.core.parser.AbstractReaderParser.wrapException(AbstractReaderParser.java:98)
	at com.als.core.parser.AbstractReaderParser.throwParseException(AbstractReaderParser.java:93)
	at com.optimyth.qaking.js.ast.MozillaParser.parse(MozillaParser.java:79)
	at com.optimyth.qaking.js.ast.MozillaParser.parse(MozillaParser.java:69)
	at com.optimyth.qaking.js.ast.MozillaParser.parse(MozillaParser.java:13)
	at com.als.core.parser.multiparser.ArrangementBasedMultiParser$2.parse(ArrangementBasedMultiParser.java:60)
	at com.als.core.parser.multiparser.ArrangementBasedMultiParser.k26(ArrangementBasedMultiParser.java:111)
	at com.als.core.parser.multiparser.ArrangementBasedMultiParser.parse(ArrangementBasedMultiParser.java:58)
	at com.als.core.language.LanguageSupport.parseAndValidate(LanguageSupport.java:304)
...

WARN 2022-08-24 11:32:29,295 - com.als.core.main.SingleTechnologyStaticAnalyzer: ***************************************************
WARN 2022-08-24 11:32:29,343 - com.als.core.main.SingleTechnologyStaticAnalyzer: ***************************************************
WARN 2022-08-24 11:32:29,343 - com.als.core.main.SingleTechnologyStaticAnalyzer: File: D:\Repos\inter-protocol\test\vaultFactory\test-vaultFactory.js
WARN 2022-08-24 11:32:29,343 - com.als.core.main.SingleTechnologyStaticAnalyzer: Technology: javascript
WARN 2022-08-24 11:32:29,343 - com.als.core.main.SingleTechnologyStaticAnalyzer: Message: Cannot parse D:\Repos\inter-protocol\test\vaultFactory\test-vaultFactory.js, due to: org.mozilla.javascript.EvaluatorException: missing ) after argument list (D:\Repos\inter-protocol\test\vaultFactory\test-vaultFactory.js#100)
WARN 2022-08-24 11:32:29,343 - com.als.core.main.SingleTechnologyStaticAnalyzer: Stack:
WARN 2022-08-24 11:32:29,343 - com.als.core.main.SingleTechnologyStaticAnalyzer: com.als.core.parser.ParseException: Cannot parse D:\Repos\inter-protocol\test\vaultFactory\test-vaultFactory.js, due to: org.mozilla.javascript.EvaluatorException: missing ) after argument list (D:\Repos\inter-protocol\test\vaultFactory\test-vaultFactory.js#100)
	at com.als.core.parser.AbstractReaderParser.wrapException(AbstractReaderParser.java:98)
	at com.als.core.parser.AbstractReaderParser.throwParseException(AbstractReaderParser.java:93)
	at com.optimyth.qaking.js.ast.MozillaParser.parse(MozillaParser.java:79)
	at com.optimyth.qaking.js.ast.MozillaParser.parse(MozillaParser.java:69)
	at com.optimyth.qaking.js.ast.MozillaParser.parse(MozillaParser.java:13)
	at com.als.core.parser.multiparser.ArrangementBasedMultiParser$2.parse(ArrangementBasedMultiParser.java:60)
	at com.als.core.parser.multiparser.ArrangementBasedMultiParser.k26(ArrangementBasedMultiParser.java:111)
	at com.als.core.parser.multiparser.ArrangementBasedMultiParser.parse(ArrangementBasedMultiParser.java:58)
	at com.als.core.language.LanguageSupport.parseAndValidate(LanguageSupport.java:304)
...

WARN 2022-08-24 11:32:29,343 - com.als.core.main.SingleTechnologyStaticAnalyzer: ***************************************************
