INFO 2022-11-25 17:34:55,683 - Analysis initialization: FINISHED
INFO 2022-11-25 17:34:55,683 - -----------------------------------------------------
INFO 2022-11-25 17:34:55,684 - Starting analysis for application "HelloVerify 1"
INFO 2022-11-25 17:34:55,684 - -----------------------------------------------------
INFO 2022-11-25 17:34:55,685 - Model retrieval: STARTED
INFO 2022-11-25 17:35:03,073 - Model downloaded from Kiuwan
INFO 2022-11-25 17:35:03,074 - Model retrieval: FINISHED
INFO 2022-11-25 17:35:03,074 - Analysis authorization: STARTED
INFO 2022-11-25 17:35:04,241 - Upload analyzed source code forced to "false" - not allowed for user / application
INFO 2022-11-25 17:35:04,242 - Analysis authorization: FINISHED
INFO 2022-11-25 17:35:04,248 - License check: STARTED
INFO 2022-11-25 17:35:05,687 - License check: FINISHED
INFO 2022-11-25 17:35:05,688 - Prepare analysis data: STARTED
INFO 2022-11-25 17:35:05,728 - Prepare analysis data: FINISHED
INFO 2022-11-25 17:35:05,728 - Prepare source code files for upload: STARTED
INFO 2022-11-25 17:35:05,729 - Prepare source code files for upload: FINISHED
WARN 2022-11-25 17:35:08,626 - -----------------------------------------------------
WARN 2022-11-25 17:35:08,626 - Executing rules analysis for technology cpp
WARN 2022-11-25 17:35:08,627 - -----------------------------------------------------
WARN 2022-11-25 17:35:08,627 - directory: C:\Users\neera\Desktop\zilligq
WARN 2022-11-25 17:35:08,627 - bill-of-materials: 
WARN 2022-11-25 17:35:08,627 - bill-of-materials format: 
WARN 2022-11-25 17:35:08,627 - includes: 
WARN 2022-11-25 17:35:08,627 - excludes: **/src/test/**,**/__MACOSX/**,**/*.min.js,**/*.Designer.vb,**/*.designer.vb,**/*Reference.vb,**/*Service.vb,**/*Silverlight.vb,**/*.Designer.cs,**/*.designer.cs,**/*Reference.cs,**/*Service.cs,**/*Silverlight.cs,**/.*,**/Pods/BuildHeaders/**/*.h,**/Pods/Headers/**/*.h,**/node_modules/**,**/bower_components/**,**/target/**,**/bin/**,**/obj/**,**/dist/**,**/lib/**
WARN 2022-11-25 17:35:08,628 - configuration: D:\Software\KiuwanLocalAnalyzer\bin\..\conf\apps\HelloVerify 1.properties
WARN 2022-11-25 17:35:08,628 - VM version: 1.8.0_333
WARN 2022-11-25 17:35:08,819 - VM settings:
WARN 2022-11-25 17:35:08,822 -     Stack Size: 2.00M
WARN 2022-11-25 17:35:08,822 -     Min. Heap Size: 128.00M
WARN 2022-11-25 17:35:08,822 -     Max. Heap Size: 1.00G
WARN 2022-11-25 17:35:08,822 -     Ergonomics Machine Class: client
WARN 2022-11-25 17:35:08,822 -     Using VM: Java HotSpot(TM) 64-Bit Server VM
WARN 2022-11-25 17:35:08,822 - 
INFO 2022-11-25 17:35:24,533 - Moving 1 file to D:\Software\KiuwanLocalAnalyzer\temp\HelloVerify 1.5655237786563451827\results
INFO 2022-11-25 17:35:24,548 - Deleting: D:\Software\KiuwanLocalAnalyzer\temp\HelloVerify 1.5655237786563451827\results\rules_cpp.key
WARN 2022-11-25 17:35:24,830 - -----------------------------------------------------
WARN 2022-11-25 17:35:24,830 - Executing metrics analysis for technology cpp
WARN 2022-11-25 17:35:24,830 - -----------------------------------------------------
WARN 2022-11-25 17:35:24,830 - directory: C:\Users\neera\Desktop\zilligq
WARN 2022-11-25 17:35:24,830 - bill-of-materials: 
WARN 2022-11-25 17:35:24,831 - bill-of-materials format: 
WARN 2022-11-25 17:35:24,832 - includes: 
WARN 2022-11-25 17:35:24,832 - excludes: **/src/test/**,**/__MACOSX/**,**/*.min.js,**/*.Designer.vb,**/*.designer.vb,**/*Reference.vb,**/*Service.vb,**/*Silverlight.vb,**/*.Designer.cs,**/*.designer.cs,**/*Reference.cs,**/*Service.cs,**/*Silverlight.cs,**/.*,**/Pods/BuildHeaders/**/*.h,**/Pods/Headers/**/*.h,**/node_modules/**,**/bower_components/**,**/target/**,**/bin/**,**/obj/**,**/dist/**,**/lib/**
WARN 2022-11-25 17:35:24,832 - configuration: D:\Software\KiuwanLocalAnalyzer\bin\..\conf\apps\HelloVerify 1.properties
WARN 2022-11-25 17:35:24,832 - VM version: 1.8.0_333
WARN 2022-11-25 17:35:24,939 - VM settings:
WARN 2022-11-25 17:35:24,940 -     Stack Size: 2.00M
WARN 2022-11-25 17:35:24,941 -     Min. Heap Size: 128.00M
WARN 2022-11-25 17:35:24,941 -     Max. Heap Size: 1.00G
WARN 2022-11-25 17:35:24,941 -     Ergonomics Machine Class: client
WARN 2022-11-25 17:35:24,941 -     Using VM: Java HotSpot(TM) 64-Bit Server VM
WARN 2022-11-25 17:35:24,942 - 
INFO 2022-11-25 17:35:36,536 - Moving 1 file to D:\Software\KiuwanLocalAnalyzer\temp\HelloVerify 1.5655237786563451827\results
INFO 2022-11-25 17:35:36,545 - Deleting: D:\Software\KiuwanLocalAnalyzer\temp\HelloVerify 1.5655237786563451827\results\metrics_cpp.key
INFO 2022-11-25 17:35:36,551 - Update global report: STARTED
INFO 2022-11-25 17:35:36,562 - Update global report: FINISHED
INFO 2022-11-25 17:35:36,562 - Upload results to kiuwan: STARTED
INFO 2022-11-25 17:35:39,125 - Upload results to kiuwan: FINISHED
INFO 2022-11-25 17:35:39,126 - Retrieve complete results from kiuwan: STARTED
INFO 2022-11-25 17:35:41,125 - Retrieve complete results from kiuwan: FINISHED
INFO 2022-11-25 17:35:41,128 - Register analysis code in global report: STARTED
INFO 2022-11-25 17:35:41,132 - Register analysis code in global report: FINISHED
INFO 2022-11-25 17:35:41,141 - Analysis finished: A-7e6-184ae9cbd5d
