INFO 2022-11-25 17:35:28,052 - com.optimyth.qaking.codeanalysis.metadata.model.LibrariesResolver: Metadata libraries FACTORY directory added = D:\Software\KiuwanLocalAnalyzer\libraries
INFO 2022-11-25 17:35:28,054 - com.optimyth.qaking.codeanalysis.metadata.model.LibrariesResolver: Metadata libraries resolver found 1 directories to inspect: [D:\Software\KiuwanLocalAnalyzer\libraries]
INFO 2022-11-25 17:35:28,484 - com.optimyth.qaking.codeanalysis.metadata.model.functional.FunctionAlias: Cannot resolve target sqlite3DbRealloc for alias sqlite3@sqlite3DbReallocOrFree. Ignored
INFO 2022-11-25 17:35:28,484 - com.optimyth.qaking.codeanalysis.metadata.model.functional.FunctionAlias: Cannot resolve target vprintf for alias glib@g_vprintf. Ignored
INFO 2022-11-25 17:35:28,495 - com.optimyth.qaking.codeanalysis.metadata.model.LibrariesResolver: Metadata libraries FACTORY directory added = D:\Software\KiuwanLocalAnalyzer\libraries
INFO 2022-11-25 17:35:28,495 - com.optimyth.qaking.codeanalysis.metadata.model.LibrariesResolver: Metadata libraries resolver found 1 directories to inspect: [D:\Software\KiuwanLocalAnalyzer\libraries]
WARN 2022-11-25 17:35:29,678 - com.optimyth.qaking.cpp.CppLanguageSupport: 14 headers referenced in source files but not found:
WARN 2022-11-25 17:35:29,678 - com.optimyth.qaking.cpp.CppLanguageSupport: "LookupServer.h"
WARN 2022-11-25 17:35:29,678 - com.optimyth.qaking.cpp.CppLanguageSupport: "common/Constants.h"
WARN 2022-11-25 17:35:29,678 - com.optimyth.qaking.cpp.CppLanguageSupport: <json/json.h>
WARN 2022-11-25 17:35:29,678 - com.optimyth.qaking.cpp.CppLanguageSupport: "libData/BlockData/Block.h"
WARN 2022-11-25 17:35:29,678 - com.optimyth.qaking.cpp.CppLanguageSupport: "libData/BlockData/BlockHeader/BlockHashSet.h"
WARN 2022-11-25 17:35:29,678 - com.optimyth.qaking.cpp.CppLanguageSupport: "libData/AccountData/Account.h"
WARN 2022-11-25 17:35:29,678 - com.optimyth.qaking.cpp.CppLanguageSupport: "libData/AccountData/Address.h"
WARN 2022-11-25 17:35:29,678 - com.optimyth.qaking.cpp.CppLanguageSupport: "libMediator/Mediator.h"
WARN 2022-11-25 17:35:29,678 - com.optimyth.qaking.cpp.CppLanguageSupport: "libPersistence/Retriever.h"
WARN 2022-11-25 17:35:29,678 - com.optimyth.qaking.cpp.CppLanguageSupport: "libServer/WebsocketServer.h"
WARN 2022-11-25 17:35:29,678 - com.optimyth.qaking.cpp.CppLanguageSupport: "websocketpp/config/asio_no_tls.hpp"
WARN 2022-11-25 17:35:29,678 - com.optimyth.qaking.cpp.CppLanguageSupport: "websocketpp/server.hpp"
WARN 2022-11-25 17:35:29,678 - com.optimyth.qaking.cpp.CppLanguageSupport: "depends/common/FixedHash.h"
WARN 2022-11-25 17:35:29,678 - com.optimyth.qaking.cpp.CppLanguageSupport: "libData/AccountData/TransactionReceipt.h"
