INFO 2022-08-09 12:40:05,564 - Analysis initialization: FINISHED
INFO 2022-08-09 12:40:05,564 - -----------------------------------------------------
INFO 2022-08-09 12:40:05,564 - Starting analysis for application "Edcast GuideMe Web"
INFO 2022-08-09 12:40:05,565 - -----------------------------------------------------
INFO 2022-08-09 12:40:05,566 - Model retrieval: STARTED
INFO 2022-08-09 12:40:06,571 - Model retrieved from cache
INFO 2022-08-09 12:40:06,571 - Model retrieval: FINISHED
INFO 2022-08-09 12:40:06,572 - Analysis authorization: STARTED
INFO 2022-08-09 12:40:07,592 - Upload analyzed source code forced to "false" - not allowed for user / application
INFO 2022-08-09 12:40:07,593 - Analysis authorization: FINISHED
INFO 2022-08-09 12:40:07,599 - License check: STARTED
INFO 2022-08-09 12:40:08,544 - License check: FINISHED
INFO 2022-08-09 12:40:08,545 - Prepare analysis data: STARTED
INFO 2022-08-09 12:40:08,580 - Prepare analysis data: FINISHED
INFO 2022-08-09 12:40:08,581 - Prepare source code files for upload: STARTED
INFO 2022-08-09 12:40:08,581 - Prepare source code files for upload: FINISHED
WARN 2022-08-09 12:40:11,373 - -----------------------------------------------------
WARN 2022-08-09 12:40:11,373 - Executing rules analysis for technology html
WARN 2022-08-09 12:40:11,373 - -----------------------------------------------------
WARN 2022-08-09 12:40:11,374 - directory: D:\Repos\Edcast Repo\Edcast Myguide Web Retest Repo\guideme-web-dev
WARN 2022-08-09 12:40:11,374 - bill-of-materials: 
WARN 2022-08-09 12:40:11,374 - bill-of-materials format: 
WARN 2022-08-09 12:40:11,374 - includes: 
WARN 2022-08-09 12:40:11,374 - excludes: **/src/test/**,**/__MACOSX/**,**/*.min.js,**/*.Designer.vb,**/*.designer.vb,**/*Reference.vb,**/*Service.vb,**/*Silverlight.vb,**/*.Designer.cs,**/*.designer.cs,**/*Reference.cs,**/*Service.cs,**/*Silverlight.cs,**/.*,**/Pods/BuildHeaders/**/*.h,**/Pods/Headers/**/*.h,**/node_modules/**,**/bower_components/**,**/target/**,**/bin/**,**/obj/**,**/dist/**,**/lib/**
WARN 2022-08-09 12:40:11,374 - configuration: D:\Software\KiuwanLocalAnalyzer\bin\..\conf\apps\Edcast GuideMe Web.properties
WARN 2022-08-09 12:40:11,374 - VM version: 1.8.0_333
WARN 2022-08-09 12:40:11,544 - VM settings:
WARN 2022-08-09 12:40:11,546 -     Stack Size: 2.00M
WARN 2022-08-09 12:40:11,546 -     Min. Heap Size: 128.00M
WARN 2022-08-09 12:40:11,546 -     Max. Heap Size: 1.00G
WARN 2022-08-09 12:40:11,546 -     Ergonomics Machine Class: client
WARN 2022-08-09 12:40:11,546 -     Using VM: Java HotSpot(TM) 64-Bit Server VM
WARN 2022-08-09 12:40:11,546 - 
INFO 2022-08-09 12:40:22,962 - Moving 1 file to D:\Software\KiuwanLocalAnalyzer\temp\Edcast GuideMe Web.5059912728331861272\results
INFO 2022-08-09 12:40:22,963 - Deleting: D:\Software\KiuwanLocalAnalyzer\temp\Edcast GuideMe Web.5059912728331861272\results\rules_html.key
WARN 2022-08-09 12:40:23,184 - -----------------------------------------------------
WARN 2022-08-09 12:40:23,184 - Executing metrics analysis for technology html
WARN 2022-08-09 12:40:23,184 - -----------------------------------------------------
WARN 2022-08-09 12:40:23,184 - directory: D:\Repos\Edcast Repo\Edcast Myguide Web Retest Repo\guideme-web-dev
WARN 2022-08-09 12:40:23,185 - bill-of-materials: 
WARN 2022-08-09 12:40:23,185 - bill-of-materials format: 
WARN 2022-08-09 12:40:23,185 - includes: 
WARN 2022-08-09 12:40:23,185 - excludes: **/src/test/**,**/__MACOSX/**,**/*.min.js,**/*.Designer.vb,**/*.designer.vb,**/*Reference.vb,**/*Service.vb,**/*Silverlight.vb,**/*.Designer.cs,**/*.designer.cs,**/*Reference.cs,**/*Service.cs,**/*Silverlight.cs,**/.*,**/Pods/BuildHeaders/**/*.h,**/Pods/Headers/**/*.h,**/node_modules/**,**/bower_components/**,**/target/**,**/bin/**,**/obj/**,**/dist/**,**/lib/**
WARN 2022-08-09 12:40:23,185 - configuration: D:\Software\KiuwanLocalAnalyzer\bin\..\conf\apps\Edcast GuideMe Web.properties
WARN 2022-08-09 12:40:23,185 - VM version: 1.8.0_333
WARN 2022-08-09 12:40:23,294 - VM settings:
WARN 2022-08-09 12:40:23,296 -     Stack Size: 2.00M
WARN 2022-08-09 12:40:23,296 -     Min. Heap Size: 128.00M
WARN 2022-08-09 12:40:23,297 -     Max. Heap Size: 1.00G
WARN 2022-08-09 12:40:23,297 -     Ergonomics Machine Class: client
WARN 2022-08-09 12:40:23,297 -     Using VM: Java HotSpot(TM) 64-Bit Server VM
WARN 2022-08-09 12:40:23,297 - 
INFO 2022-08-09 12:40:32,358 - Moving 1 file to D:\Software\KiuwanLocalAnalyzer\temp\Edcast GuideMe Web.5059912728331861272\results
INFO 2022-08-09 12:40:32,366 - Deleting: D:\Software\KiuwanLocalAnalyzer\temp\Edcast GuideMe Web.5059912728331861272\results\metrics_html.key
WARN 2022-08-09 12:40:32,574 - -----------------------------------------------------
WARN 2022-08-09 12:40:32,574 - Executing rules analysis for technology javascript
WARN 2022-08-09 12:40:32,574 - -----------------------------------------------------
WARN 2022-08-09 12:40:32,574 - directory: D:\Repos\Edcast Repo\Edcast Myguide Web Retest Repo\guideme-web-dev
WARN 2022-08-09 12:40:32,574 - bill-of-materials: 
WARN 2022-08-09 12:40:32,574 - bill-of-materials format: 
WARN 2022-08-09 12:40:32,574 - includes: 
WARN 2022-08-09 12:40:32,575 - excludes: **/src/test/**,**/__MACOSX/**,**/*.min.js,**/*.Designer.vb,**/*.designer.vb,**/*Reference.vb,**/*Service.vb,**/*Silverlight.vb,**/*.Designer.cs,**/*.designer.cs,**/*Reference.cs,**/*Service.cs,**/*Silverlight.cs,**/.*,**/Pods/BuildHeaders/**/*.h,**/Pods/Headers/**/*.h,**/node_modules/**,**/bower_components/**,**/target/**,**/bin/**,**/obj/**,**/dist/**,**/lib/**
WARN 2022-08-09 12:40:32,575 - configuration: D:\Software\KiuwanLocalAnalyzer\bin\..\conf\apps\Edcast GuideMe Web.properties
WARN 2022-08-09 12:40:32,575 - VM version: 1.8.0_333
WARN 2022-08-09 12:40:32,682 - VM settings:
WARN 2022-08-09 12:40:32,684 -     Stack Size: 2.00M
WARN 2022-08-09 12:40:32,684 -     Min. Heap Size: 128.00M
WARN 2022-08-09 12:40:32,684 -     Max. Heap Size: 1.00G
WARN 2022-08-09 12:40:32,684 -     Ergonomics Machine Class: client
WARN 2022-08-09 12:40:32,684 -     Using VM: Java HotSpot(TM) 64-Bit Server VM
WARN 2022-08-09 12:40:32,684 - 
INFO 2022-08-09 12:41:24,107 - Moving 1 file to D:\Software\KiuwanLocalAnalyzer\temp\Edcast GuideMe Web.5059912728331861272\results
INFO 2022-08-09 12:41:24,114 - Deleting: D:\Software\KiuwanLocalAnalyzer\temp\Edcast GuideMe Web.5059912728331861272\results\rules_javascript.key
WARN 2022-08-09 12:41:24,301 - -----------------------------------------------------
WARN 2022-08-09 12:41:24,302 - Executing metrics analysis for technology javascript
WARN 2022-08-09 12:41:24,302 - -----------------------------------------------------
WARN 2022-08-09 12:41:24,302 - directory: D:\Repos\Edcast Repo\Edcast Myguide Web Retest Repo\guideme-web-dev
WARN 2022-08-09 12:41:24,302 - bill-of-materials: 
WARN 2022-08-09 12:41:24,302 - bill-of-materials format: 
WARN 2022-08-09 12:41:24,303 - includes: 
WARN 2022-08-09 12:41:24,303 - excludes: **/src/test/**,**/__MACOSX/**,**/*.min.js,**/*.Designer.vb,**/*.designer.vb,**/*Reference.vb,**/*Service.vb,**/*Silverlight.vb,**/*.Designer.cs,**/*.designer.cs,**/*Reference.cs,**/*Service.cs,**/*Silverlight.cs,**/.*,**/Pods/BuildHeaders/**/*.h,**/Pods/Headers/**/*.h,**/node_modules/**,**/bower_components/**,**/target/**,**/bin/**,**/obj/**,**/dist/**,**/lib/**
WARN 2022-08-09 12:41:24,303 - configuration: D:\Software\KiuwanLocalAnalyzer\bin\..\conf\apps\Edcast GuideMe Web.properties
WARN 2022-08-09 12:41:24,303 - VM version: 1.8.0_333
WARN 2022-08-09 12:41:24,413 - VM settings:
WARN 2022-08-09 12:41:24,414 -     Stack Size: 2.00M
WARN 2022-08-09 12:41:24,414 -     Min. Heap Size: 128.00M
WARN 2022-08-09 12:41:24,414 -     Max. Heap Size: 1.00G
WARN 2022-08-09 12:41:24,414 -     Ergonomics Machine Class: client
WARN 2022-08-09 12:41:24,414 -     Using VM: Java HotSpot(TM) 64-Bit Server VM
WARN 2022-08-09 12:41:24,415 - 
INFO 2022-08-09 12:41:37,600 - Moving 1 file to D:\Software\KiuwanLocalAnalyzer\temp\Edcast GuideMe Web.5059912728331861272\results
INFO 2022-08-09 12:41:37,615 - Deleting: D:\Software\KiuwanLocalAnalyzer\temp\Edcast GuideMe Web.5059912728331861272\results\metrics_javascript.key
INFO 2022-08-09 12:41:37,621 - Update global report: STARTED
INFO 2022-08-09 12:41:37,631 - Update global report: FINISHED
INFO 2022-08-09 12:41:37,631 - Upload results to kiuwan: STARTED
INFO 2022-08-09 12:41:39,957 - Upload results to kiuwan: FINISHED
INFO 2022-08-09 12:41:39,958 - Retrieve complete results from kiuwan: STARTED
INFO 2022-08-09 12:41:41,059 - Retrieve complete results from kiuwan: FINISHED
INFO 2022-08-09 12:41:41,059 - Register analysis code in global report: STARTED
INFO 2022-08-09 12:41:41,062 - Register analysis code in global report: FINISHED
INFO 2022-08-09 12:41:41,071 - Analysis finished: A-7e6-18281643772
