INFO 2022-09-09 13:02:38,006 - Analysis initialization: FINISHED
INFO 2022-09-09 13:02:38,007 - -----------------------------------------------------
INFO 2022-09-09 13:02:38,007 - Starting analysis for application "Threatcop-Pra-React"
INFO 2022-09-09 13:02:38,007 - -----------------------------------------------------
INFO 2022-09-09 13:02:38,007 - Model retrieval: STARTED
INFO 2022-09-09 13:02:38,729 - Model retrieved from cache
INFO 2022-09-09 13:02:38,729 - Model retrieval: FINISHED
INFO 2022-09-09 13:02:38,730 - Analysis authorization: STARTED
INFO 2022-09-09 13:02:39,501 - Upload analyzed source code forced to "false" - not allowed for user / application
INFO 2022-09-09 13:02:39,501 - Analysis authorization: FINISHED
INFO 2022-09-09 13:02:39,508 - License check: STARTED
INFO 2022-09-09 13:02:39,538 - License check: FINISHED
INFO 2022-09-09 13:02:39,538 - Prepare analysis data: STARTED
INFO 2022-09-09 13:02:39,544 - Prepare analysis data: FINISHED
INFO 2022-09-09 13:02:39,544 - Prepare source code files for upload: STARTED
INFO 2022-09-09 13:02:39,544 - Prepare source code files for upload: FINISHED
WARN 2022-09-09 13:02:39,706 - -----------------------------------------------------
WARN 2022-09-09 13:02:39,707 - Executing rules analysis for technology html
WARN 2022-09-09 13:02:39,707 - -----------------------------------------------------
WARN 2022-09-09 13:02:39,707 - directory: D:\Repos\threadcop Repo\pra-react-master
WARN 2022-09-09 13:02:39,707 - bill-of-materials: 
WARN 2022-09-09 13:02:39,708 - bill-of-materials format: 
WARN 2022-09-09 13:02:39,708 - includes: 
WARN 2022-09-09 13:02:39,708 - excludes: **/src/test/**,**/__MACOSX/**,**/*.min.js,**/*.Designer.vb,**/*.designer.vb,**/*Reference.vb,**/*Service.vb,**/*Silverlight.vb,**/*.Designer.cs,**/*.designer.cs,**/*Reference.cs,**/*Service.cs,**/*Silverlight.cs,**/.*,**/Pods/BuildHeaders/**/*.h,**/Pods/Headers/**/*.h,**/node_modules/**,**/bower_components/**,**/target/**,**/bin/**,**/obj/**,**/dist/**,**/lib/**
WARN 2022-09-09 13:02:39,708 - configuration: D:\Software\KiuwanLocalAnalyzer\bin\..\conf\apps\Threatcop_Pra_React.properties
WARN 2022-09-09 13:02:39,708 - VM version: 1.8.0_333
WARN 2022-09-09 13:02:39,813 - VM settings:
WARN 2022-09-09 13:02:39,814 -     Stack Size: 2.00M
WARN 2022-09-09 13:02:39,814 -     Min. Heap Size: 128.00M
WARN 2022-09-09 13:02:39,814 -     Max. Heap Size: 1.00G
WARN 2022-09-09 13:02:39,815 -     Ergonomics Machine Class: client
WARN 2022-09-09 13:02:39,815 -     Using VM: Java HotSpot(TM) 64-Bit Server VM
WARN 2022-09-09 13:02:39,815 - 
INFO 2022-09-09 13:02:48,683 - Moving 1 file to D:\Software\KiuwanLocalAnalyzer\temp\Threatcop_Pra_React.5364327247419173519\results
INFO 2022-09-09 13:02:48,690 - Deleting: D:\Software\KiuwanLocalAnalyzer\temp\Threatcop_Pra_React.5364327247419173519\results\rules_html.key
WARN 2022-09-09 13:02:48,877 - -----------------------------------------------------
WARN 2022-09-09 13:02:48,877 - Executing metrics analysis for technology html
WARN 2022-09-09 13:02:48,877 - -----------------------------------------------------
WARN 2022-09-09 13:02:48,877 - directory: D:\Repos\threadcop Repo\pra-react-master
WARN 2022-09-09 13:02:48,877 - bill-of-materials: 
WARN 2022-09-09 13:02:48,877 - bill-of-materials format: 
WARN 2022-09-09 13:02:48,878 - includes: 
WARN 2022-09-09 13:02:48,878 - excludes: **/src/test/**,**/__MACOSX/**,**/*.min.js,**/*.Designer.vb,**/*.designer.vb,**/*Reference.vb,**/*Service.vb,**/*Silverlight.vb,**/*.Designer.cs,**/*.designer.cs,**/*Reference.cs,**/*Service.cs,**/*Silverlight.cs,**/.*,**/Pods/BuildHeaders/**/*.h,**/Pods/Headers/**/*.h,**/node_modules/**,**/bower_components/**,**/target/**,**/bin/**,**/obj/**,**/dist/**,**/lib/**
WARN 2022-09-09 13:02:48,878 - configuration: D:\Software\KiuwanLocalAnalyzer\bin\..\conf\apps\Threatcop_Pra_React.properties
WARN 2022-09-09 13:02:48,878 - VM version: 1.8.0_333
WARN 2022-09-09 13:02:48,975 - VM settings:
WARN 2022-09-09 13:02:48,976 -     Stack Size: 2.00M
WARN 2022-09-09 13:02:48,977 -     Min. Heap Size: 128.00M
WARN 2022-09-09 13:02:48,977 -     Max. Heap Size: 1.00G
WARN 2022-09-09 13:02:48,977 -     Ergonomics Machine Class: client
WARN 2022-09-09 13:02:48,977 -     Using VM: Java HotSpot(TM) 64-Bit Server VM
WARN 2022-09-09 13:02:48,977 - 
INFO 2022-09-09 13:02:57,888 - Moving 1 file to D:\Software\KiuwanLocalAnalyzer\temp\Threatcop_Pra_React.5364327247419173519\results
INFO 2022-09-09 13:02:57,892 - Deleting: D:\Software\KiuwanLocalAnalyzer\temp\Threatcop_Pra_React.5364327247419173519\results\metrics_html.key
WARN 2022-09-09 13:02:58,047 - -----------------------------------------------------
WARN 2022-09-09 13:02:58,047 - Executing rules analysis for technology javascript
WARN 2022-09-09 13:02:58,047 - -----------------------------------------------------
WARN 2022-09-09 13:02:58,047 - directory: D:\Repos\threadcop Repo\pra-react-master
WARN 2022-09-09 13:02:58,047 - bill-of-materials: 
WARN 2022-09-09 13:02:58,047 - bill-of-materials format: 
WARN 2022-09-09 13:02:58,047 - includes: 
WARN 2022-09-09 13:02:58,047 - excludes: **/src/test/**,**/__MACOSX/**,**/*.min.js,**/*.Designer.vb,**/*.designer.vb,**/*Reference.vb,**/*Service.vb,**/*Silverlight.vb,**/*.Designer.cs,**/*.designer.cs,**/*Reference.cs,**/*Service.cs,**/*Silverlight.cs,**/.*,**/Pods/BuildHeaders/**/*.h,**/Pods/Headers/**/*.h,**/node_modules/**,**/bower_components/**,**/target/**,**/bin/**,**/obj/**,**/dist/**,**/lib/**
WARN 2022-09-09 13:02:58,047 - configuration: D:\Software\KiuwanLocalAnalyzer\bin\..\conf\apps\Threatcop_Pra_React.properties
WARN 2022-09-09 13:02:58,047 - VM version: 1.8.0_333
WARN 2022-09-09 13:02:58,147 - VM settings:
WARN 2022-09-09 13:02:58,149 -     Stack Size: 2.00M
WARN 2022-09-09 13:02:58,149 -     Min. Heap Size: 128.00M
WARN 2022-09-09 13:02:58,149 -     Max. Heap Size: 1.00G
WARN 2022-09-09 13:02:58,149 -     Ergonomics Machine Class: client
WARN 2022-09-09 13:02:58,149 -     Using VM: Java HotSpot(TM) 64-Bit Server VM
WARN 2022-09-09 13:02:58,149 - 
INFO 2022-09-09 13:03:17,844 - Moving 1 file to D:\Software\KiuwanLocalAnalyzer\temp\Threatcop_Pra_React.5364327247419173519\results
INFO 2022-09-09 13:03:17,851 - Deleting: D:\Software\KiuwanLocalAnalyzer\temp\Threatcop_Pra_React.5364327247419173519\results\rules_javascript.key
WARN 2022-09-09 13:03:18,026 - -----------------------------------------------------
WARN 2022-09-09 13:03:18,026 - Executing metrics analysis for technology javascript
WARN 2022-09-09 13:03:18,026 - -----------------------------------------------------
WARN 2022-09-09 13:03:18,026 - directory: D:\Repos\threadcop Repo\pra-react-master
WARN 2022-09-09 13:03:18,026 - bill-of-materials: 
WARN 2022-09-09 13:03:18,026 - bill-of-materials format: 
WARN 2022-09-09 13:03:18,026 - includes: 
WARN 2022-09-09 13:03:18,026 - excludes: **/src/test/**,**/__MACOSX/**,**/*.min.js,**/*.Designer.vb,**/*.designer.vb,**/*Reference.vb,**/*Service.vb,**/*Silverlight.vb,**/*.Designer.cs,**/*.designer.cs,**/*Reference.cs,**/*Service.cs,**/*Silverlight.cs,**/.*,**/Pods/BuildHeaders/**/*.h,**/Pods/Headers/**/*.h,**/node_modules/**,**/bower_components/**,**/target/**,**/bin/**,**/obj/**,**/dist/**,**/lib/**
WARN 2022-09-09 13:03:18,027 - configuration: D:\Software\KiuwanLocalAnalyzer\bin\..\conf\apps\Threatcop_Pra_React.properties
WARN 2022-09-09 13:03:18,027 - VM version: 1.8.0_333
WARN 2022-09-09 13:03:18,126 - VM settings:
WARN 2022-09-09 13:03:18,128 -     Stack Size: 2.00M
WARN 2022-09-09 13:03:18,128 -     Min. Heap Size: 128.00M
WARN 2022-09-09 13:03:18,128 -     Max. Heap Size: 1.00G
WARN 2022-09-09 13:03:18,128 -     Ergonomics Machine Class: client
WARN 2022-09-09 13:03:18,128 -     Using VM: Java HotSpot(TM) 64-Bit Server VM
WARN 2022-09-09 13:03:18,128 - 
INFO 2022-09-09 13:03:28,659 - Moving 1 file to D:\Software\KiuwanLocalAnalyzer\temp\Threatcop_Pra_React.5364327247419173519\results
INFO 2022-09-09 13:03:28,670 - Deleting: D:\Software\KiuwanLocalAnalyzer\temp\Threatcop_Pra_React.5364327247419173519\results\metrics_javascript.key
INFO 2022-09-09 13:03:28,675 - Update global report: STARTED
INFO 2022-09-09 13:03:28,682 - Update global report: FINISHED
INFO 2022-09-09 13:03:28,682 - Upload results to kiuwan: STARTED
INFO 2022-09-09 13:03:30,544 - Upload results to kiuwan: FINISHED
INFO 2022-09-09 13:03:30,545 - Retrieve complete results from kiuwan: STARTED
INFO 2022-09-09 13:03:31,273 - Retrieve complete results from kiuwan: FINISHED
INFO 2022-09-09 13:03:31,273 - Register analysis code in global report: STARTED
INFO 2022-09-09 13:03:31,274 - Register analysis code in global report: FINISHED
INFO 2022-09-09 13:03:31,278 - Analysis finished: A-7e6-1832123fac7
