INFO 2022-09-09 13:03:21,984 - com.optimyth.qaking.codeanalysis.metadata.model.LibrariesResolver: Metadata libraries FACTORY directory added = D:\Software\KiuwanLocalAnalyzer\libraries
INFO 2022-09-09 13:03:21,986 - com.optimyth.qaking.codeanalysis.metadata.model.LibrariesResolver: Metadata libraries resolver found 1 directories to inspect: [D:\Software\KiuwanLocalAnalyzer\libraries]
WARN 2022-09-09 13:03:22,217 - com.als.core.main.SingleTechnologyStaticAnalyzer: ***************************************************
WARN 2022-09-09 13:03:22,218 - com.als.core.main.SingleTechnologyStaticAnalyzer: File: D:\Repos\threadcop Repo\pra-react-master\src\campaignActiveTabs.js
WARN 2022-09-09 13:03:22,218 - com.als.core.main.SingleTechnologyStaticAnalyzer: Technology: javascript
WARN 2022-09-09 13:03:22,219 - com.als.core.main.SingleTechnologyStaticAnalyzer: Message: Cannot parse D:\Repos\threadcop Repo\pra-react-master\src\campaignActiveTabs.js, due to: org.mozilla.javascript.EvaluatorException: missing } after exported names (D:\Repos\threadcop Repo\pra-react-master\src\campaignActiveTabs.js#1)
WARN 2022-09-09 13:03:22,221 - com.als.core.main.SingleTechnologyStaticAnalyzer: Stack:
WARN 2022-09-09 13:03:22,221 - com.als.core.main.SingleTechnologyStaticAnalyzer: com.als.core.parser.ParseException: Cannot parse D:\Repos\threadcop Repo\pra-react-master\src\campaignActiveTabs.js, due to: org.mozilla.javascript.EvaluatorException: missing } after exported names (D:\Repos\threadcop Repo\pra-react-master\src\campaignActiveTabs.js#1)
	at com.als.core.parser.AbstractReaderParser.wrapException(AbstractReaderParser.java:98)
	at com.als.core.parser.AbstractReaderParser.throwParseException(AbstractReaderParser.java:93)
	at com.optimyth.qaking.js.ast.MozillaParser.parse(MozillaParser.java:79)
	at com.optimyth.qaking.js.ast.MozillaParser.parse(MozillaParser.java:69)
	at com.optimyth.qaking.js.ast.MozillaParser.parse(MozillaParser.java:13)
	at com.als.core.parser.multiparser.ArrangementBasedMultiParser$2.parse(ArrangementBasedMultiParser.java:60)
	at com.als.core.parser.multiparser.ArrangementBasedMultiParser.k26(ArrangementBasedMultiParser.java:111)
	at com.als.core.parser.multiparser.ArrangementBasedMultiParser.parse(ArrangementBasedMultiParser.java:58)
	at com.als.core.language.LanguageSupport.parseAndValidate(LanguageSupport.java:304)
...

WARN 2022-09-09 13:03:22,221 - com.als.core.main.SingleTechnologyStaticAnalyzer: ***************************************************
WARN 2022-09-09 13:03:22,222 - com.als.core.main.SingleTechnologyStaticAnalyzer: ***************************************************
WARN 2022-09-09 13:03:22,222 - com.als.core.main.SingleTechnologyStaticAnalyzer: File: D:\Repos\threadcop Repo\pra-react-master\src\campaignTabs.js
WARN 2022-09-09 13:03:22,222 - com.als.core.main.SingleTechnologyStaticAnalyzer: Technology: javascript
WARN 2022-09-09 13:03:22,222 - com.als.core.main.SingleTechnologyStaticAnalyzer: Message: Cannot parse D:\Repos\threadcop Repo\pra-react-master\src\campaignTabs.js, due to: org.mozilla.javascript.EvaluatorException: missing } after exported names (D:\Repos\threadcop Repo\pra-react-master\src\campaignTabs.js#1)
WARN 2022-09-09 13:03:22,222 - com.als.core.main.SingleTechnologyStaticAnalyzer: Stack:
WARN 2022-09-09 13:03:22,222 - com.als.core.main.SingleTechnologyStaticAnalyzer: com.als.core.parser.ParseException: Cannot parse D:\Repos\threadcop Repo\pra-react-master\src\campaignTabs.js, due to: org.mozilla.javascript.EvaluatorException: missing } after exported names (D:\Repos\threadcop Repo\pra-react-master\src\campaignTabs.js#1)
	at com.als.core.parser.AbstractReaderParser.wrapException(AbstractReaderParser.java:98)
	at com.als.core.parser.AbstractReaderParser.throwParseException(AbstractReaderParser.java:93)
	at com.optimyth.qaking.js.ast.MozillaParser.parse(MozillaParser.java:79)
	at com.optimyth.qaking.js.ast.MozillaParser.parse(MozillaParser.java:69)
	at com.optimyth.qaking.js.ast.MozillaParser.parse(MozillaParser.java:13)
	at com.als.core.parser.multiparser.ArrangementBasedMultiParser$2.parse(ArrangementBasedMultiParser.java:60)
	at com.als.core.parser.multiparser.ArrangementBasedMultiParser.k26(ArrangementBasedMultiParser.java:111)
	at com.als.core.parser.multiparser.ArrangementBasedMultiParser.parse(ArrangementBasedMultiParser.java:58)
	at com.als.core.language.LanguageSupport.parseAndValidate(LanguageSupport.java:304)
...

WARN 2022-09-09 13:03:22,222 - com.als.core.main.SingleTechnologyStaticAnalyzer: ***************************************************
WARN 2022-09-09 13:03:22,632 - com.als.core.main.SingleTechnologyStaticAnalyzer: ***************************************************
WARN 2022-09-09 13:03:22,632 - com.als.core.main.SingleTechnologyStaticAnalyzer: File: D:\Repos\threadcop Repo\pra-react-master\src\container\department\department-edit\department-edit.js
WARN 2022-09-09 13:03:22,633 - com.als.core.main.SingleTechnologyStaticAnalyzer: Technology: javascript
WARN 2022-09-09 13:03:22,633 - com.als.core.main.SingleTechnologyStaticAnalyzer: Message: Cannot parse D:\Repos\threadcop Repo\pra-react-master\src\container\department\department-edit\department-edit.js, due to: org.mozilla.javascript.EvaluatorException: missing : in conditional expression (D:\Repos\threadcop Repo\pra-react-master\src\container\department\department-edit\department-edit.js#348)
WARN 2022-09-09 13:03:22,633 - com.als.core.main.SingleTechnologyStaticAnalyzer: Stack:
WARN 2022-09-09 13:03:22,633 - com.als.core.main.SingleTechnologyStaticAnalyzer: com.als.core.parser.ParseException: Cannot parse D:\Repos\threadcop Repo\pra-react-master\src\container\department\department-edit\department-edit.js, due to: org.mozilla.javascript.EvaluatorException: missing : in conditional expression (D:\Repos\threadcop Repo\pra-react-master\src\container\department\department-edit\department-edit.js#348)
	at com.als.core.parser.AbstractReaderParser.wrapException(AbstractReaderParser.java:98)
	at com.als.core.parser.AbstractReaderParser.throwParseException(AbstractReaderParser.java:93)
	at com.optimyth.qaking.js.ast.MozillaParser.parse(MozillaParser.java:79)
	at com.optimyth.qaking.js.ast.MozillaParser.parse(MozillaParser.java:69)
	at com.optimyth.qaking.js.ast.MozillaParser.parse(MozillaParser.java:13)
	at com.als.core.parser.multiparser.ArrangementBasedMultiParser$2.parse(ArrangementBasedMultiParser.java:60)
	at com.als.core.parser.multiparser.ArrangementBasedMultiParser.k26(ArrangementBasedMultiParser.java:111)
	at com.als.core.parser.multiparser.ArrangementBasedMultiParser.parse(ArrangementBasedMultiParser.java:58)
	at com.als.core.language.LanguageSupport.parseAndValidate(LanguageSupport.java:304)
...

WARN 2022-09-09 13:03:22,633 - com.als.core.main.SingleTechnologyStaticAnalyzer: ***************************************************
WARN 2022-09-09 13:03:22,637 - com.als.core.main.SingleTechnologyStaticAnalyzer: ***************************************************
WARN 2022-09-09 13:03:22,637 - com.als.core.main.SingleTechnologyStaticAnalyzer: File: D:\Repos\threadcop Repo\pra-react-master\src\container\department\user-list\user-list.js
WARN 2022-09-09 13:03:22,637 - com.als.core.main.SingleTechnologyStaticAnalyzer: Technology: javascript
WARN 2022-09-09 13:03:22,637 - com.als.core.main.SingleTechnologyStaticAnalyzer: Message: Cannot parse D:\Repos\threadcop Repo\pra-react-master\src\container\department\user-list\user-list.js, due to: org.mozilla.javascript.EvaluatorException: missing : in conditional expression (D:\Repos\threadcop Repo\pra-react-master\src\container\department\user-list\user-list.js#162)
WARN 2022-09-09 13:03:22,639 - com.als.core.main.SingleTechnologyStaticAnalyzer: Stack:
WARN 2022-09-09 13:03:22,639 - com.als.core.main.SingleTechnologyStaticAnalyzer: com.als.core.parser.ParseException: Cannot parse D:\Repos\threadcop Repo\pra-react-master\src\container\department\user-list\user-list.js, due to: org.mozilla.javascript.EvaluatorException: missing : in conditional expression (D:\Repos\threadcop Repo\pra-react-master\src\container\department\user-list\user-list.js#162)
	at com.als.core.parser.AbstractReaderParser.wrapException(AbstractReaderParser.java:98)
	at com.als.core.parser.AbstractReaderParser.throwParseException(AbstractReaderParser.java:93)
	at com.optimyth.qaking.js.ast.MozillaParser.parse(MozillaParser.java:79)
	at com.optimyth.qaking.js.ast.MozillaParser.parse(MozillaParser.java:69)
	at com.optimyth.qaking.js.ast.MozillaParser.parse(MozillaParser.java:13)
	at com.als.core.parser.multiparser.ArrangementBasedMultiParser$2.parse(ArrangementBasedMultiParser.java:60)
	at com.als.core.parser.multiparser.ArrangementBasedMultiParser.k26(ArrangementBasedMultiParser.java:111)
	at com.als.core.parser.multiparser.ArrangementBasedMultiParser.parse(ArrangementBasedMultiParser.java:58)
	at com.als.core.language.LanguageSupport.parseAndValidate(LanguageSupport.java:304)
...

WARN 2022-09-09 13:03:22,639 - com.als.core.main.SingleTechnologyStaticAnalyzer: ***************************************************
