INFO 2022-09-09 13:03:01,691 - com.optimyth.qaking.codeanalysis.metadata.model.LibrariesResolver: Metadata libraries FACTORY directory added = D:\Software\KiuwanLocalAnalyzer\libraries
INFO 2022-09-09 13:03:01,693 - com.optimyth.qaking.codeanalysis.metadata.model.LibrariesResolver: Metadata libraries resolver found 1 directories to inspect: [D:\Software\KiuwanLocalAnalyzer\libraries]
WARN 2022-09-09 13:03:02,871 - com.optimyth.qaking.js.tainting.CachedClassResolver: Cannot parse file: D:\Repos\threadcop Repo\pra-react-master\src\container\department\department-edit\department-edit.js
WARN 2022-09-09 13:03:02,873 - com.optimyth.qaking.js.tainting.CachedClassResolver: Cannot parse file: D:\Repos\threadcop Repo\pra-react-master\src\container\department\user-list\user-list.js
WARN 2022-09-09 13:03:03,072 - com.optimyth.qaking.js.tainting.CachedClassResolver: Cannot parse file: D:\Repos\threadcop Repo\pra-react-master\src\campaignTabs.js
WARN 2022-09-09 13:03:03,074 - com.optimyth.qaking.js.tainting.CachedClassResolver: Cannot parse file: D:\Repos\threadcop Repo\pra-react-master\src\campaignActiveTabs.js
WARN 2022-09-09 13:03:04,062 - com.als.core.main.SingleTechnologyStaticAnalyzer: ***************************************************
WARN 2022-09-09 13:03:04,062 - com.als.core.main.SingleTechnologyStaticAnalyzer: File: D:\Repos\threadcop Repo\pra-react-master\src\campaignActiveTabs.js
WARN 2022-09-09 13:03:04,062 - com.als.core.main.SingleTechnologyStaticAnalyzer: Technology: javascript
WARN 2022-09-09 13:03:04,062 - com.als.core.main.SingleTechnologyStaticAnalyzer: Message: Cannot parse D:\Repos\threadcop Repo\pra-react-master\src\campaignActiveTabs.js, due to: org.mozilla.javascript.EvaluatorException: missing } after exported names (D:\Repos\threadcop Repo\pra-react-master\src\campaignActiveTabs.js#1)
WARN 2022-09-09 13:03:04,063 - com.als.core.main.SingleTechnologyStaticAnalyzer: Stack:
WARN 2022-09-09 13:03:04,064 - com.als.core.main.SingleTechnologyStaticAnalyzer: com.als.core.parser.ParseException: Cannot parse D:\Repos\threadcop Repo\pra-react-master\src\campaignActiveTabs.js, due to: org.mozilla.javascript.EvaluatorException: missing } after exported names (D:\Repos\threadcop Repo\pra-react-master\src\campaignActiveTabs.js#1)
	at com.als.core.parser.AbstractReaderParser.wrapException(AbstractReaderParser.java:98)
	at com.als.core.parser.AbstractReaderParser.throwParseException(AbstractReaderParser.java:93)
	at com.optimyth.qaking.js.ast.MozillaParser.parse(MozillaParser.java:79)
	at com.optimyth.qaking.js.ast.MozillaParser.parse(MozillaParser.java:69)
	at com.optimyth.qaking.js.ast.MozillaParser.parse(MozillaParser.java:13)
	at com.als.core.parser.multiparser.ArrangementBasedMultiParser$2.parse(ArrangementBasedMultiParser.java:60)
	at com.als.core.parser.multiparser.ArrangementBasedMultiParser.k26(ArrangementBasedMultiParser.java:111)
	at com.als.core.parser.multiparser.ArrangementBasedMultiParser.parse(ArrangementBasedMultiParser.java:58)
	at com.als.core.language.LanguageSupport.parseAndValidate(LanguageSupport.java:304)
...

WARN 2022-09-09 13:03:04,064 - com.als.core.main.SingleTechnologyStaticAnalyzer: ***************************************************
WARN 2022-09-09 13:03:04,064 - com.als.core.main.SingleTechnologyStaticAnalyzer: ***************************************************
WARN 2022-09-09 13:03:04,064 - com.als.core.main.SingleTechnologyStaticAnalyzer: File: D:\Repos\threadcop Repo\pra-react-master\src\campaignTabs.js
WARN 2022-09-09 13:03:04,064 - com.als.core.main.SingleTechnologyStaticAnalyzer: Technology: javascript
WARN 2022-09-09 13:03:04,064 - com.als.core.main.SingleTechnologyStaticAnalyzer: Message: Cannot parse D:\Repos\threadcop Repo\pra-react-master\src\campaignTabs.js, due to: org.mozilla.javascript.EvaluatorException: missing } after exported names (D:\Repos\threadcop Repo\pra-react-master\src\campaignTabs.js#1)
WARN 2022-09-09 13:03:04,065 - com.als.core.main.SingleTechnologyStaticAnalyzer: Stack:
WARN 2022-09-09 13:03:04,065 - com.als.core.main.SingleTechnologyStaticAnalyzer: com.als.core.parser.ParseException: Cannot parse D:\Repos\threadcop Repo\pra-react-master\src\campaignTabs.js, due to: org.mozilla.javascript.EvaluatorException: missing } after exported names (D:\Repos\threadcop Repo\pra-react-master\src\campaignTabs.js#1)
	at com.als.core.parser.AbstractReaderParser.wrapException(AbstractReaderParser.java:98)
	at com.als.core.parser.AbstractReaderParser.throwParseException(AbstractReaderParser.java:93)
	at com.optimyth.qaking.js.ast.MozillaParser.parse(MozillaParser.java:79)
	at com.optimyth.qaking.js.ast.MozillaParser.parse(MozillaParser.java:69)
	at com.optimyth.qaking.js.ast.MozillaParser.parse(MozillaParser.java:13)
	at com.als.core.parser.multiparser.ArrangementBasedMultiParser$2.parse(ArrangementBasedMultiParser.java:60)
	at com.als.core.parser.multiparser.ArrangementBasedMultiParser.k26(ArrangementBasedMultiParser.java:111)
	at com.als.core.parser.multiparser.ArrangementBasedMultiParser.parse(ArrangementBasedMultiParser.java:58)
	at com.als.core.language.LanguageSupport.parseAndValidate(LanguageSupport.java:304)
...

WARN 2022-09-09 13:03:04,066 - com.als.core.main.SingleTechnologyStaticAnalyzer: ***************************************************
INFO 2022-09-09 13:03:09,799 - com.optimyth.qaking.codeanalysis.redos.RegexNfaAnalyzer$AnalysisRunner: Error analyzing regular expression: {{.tracker}}
java.util.regex.PatternSyntaxException: Illegal repetition range near index 11
{{.tracker}}
           ^
	at regexcompiler.MyPattern$Tokeniser.tokenise(MyPattern.java:264)
	at regexcompiler.MyPattern$Tokeniser.access$100(MyPattern.java:103)
	at regexcompiler.MyPattern.toNFAGraph(MyPattern.java:83)
	at com.optimyth.qaking.codeanalysis.redos.RegexNfaAnalyzer$AnalysisRunner.run(RegexNfaAnalyzer.java:225)
	at java.util.concurrent.Executors$RunnableAdapter.call(Unknown Source)
	at java.util.concurrent.FutureTask.run(Unknown Source)
	at java.util.concurrent.ThreadPoolExecutor.runWorker(Unknown Source)
	at java.util.concurrent.ThreadPoolExecutor$Worker.run(Unknown Source)
	at java.lang.Thread.run(Unknown Source)
INFO 2022-09-09 13:03:09,802 - com.optimyth.qaking.codeanalysis.redos.RegexNfaAnalyzer$AnalysisRunner: Error analyzing regular expression: <p>{{.tracker}}</p>
java.util.regex.PatternSyntaxException: Illegal repetition range near index 14
<p>{{.tracker}}</p>
              ^
	at regexcompiler.MyPattern$Tokeniser.tokenise(MyPattern.java:264)
	at regexcompiler.MyPattern$Tokeniser.access$100(MyPattern.java:103)
	at regexcompiler.MyPattern.toNFAGraph(MyPattern.java:83)
	at com.optimyth.qaking.codeanalysis.redos.RegexNfaAnalyzer$AnalysisRunner.run(RegexNfaAnalyzer.java:225)
	at java.util.concurrent.Executors$RunnableAdapter.call(Unknown Source)
	at java.util.concurrent.FutureTask.run(Unknown Source)
	at java.util.concurrent.ThreadPoolExecutor.runWorker(Unknown Source)
	at java.util.concurrent.ThreadPoolExecutor$Worker.run(Unknown Source)
	at java.lang.Thread.run(Unknown Source)
INFO 2022-09-09 13:03:10,682 - com.optimyth.qaking.codeanalysis.redos.RegexNfaAnalyzer$AnalysisRunner: Error analyzing regular expression: ^(([^<>()[\].,;:\s@"]+(\.[^<>()[\].,;:\s@"]+)*)|(".+"))@(([^<>()[\].,;:\s@"]+.)+[^<>()[\].,;:\s@"]{2,})$
java.util.regex.PatternSyntaxException: Unclosed character class near index 104
^(([^<>()[\].,;:\s@"]+(\.[^<>()[\].,;:\s@"]+)*)|(".+"))@(([^<>()[\].,;:\s@"]+.)+[^<>()[\].,;:\s@"]{2,})$
	at regexcompiler.MyPattern$Tokeniser.createTokenCharacterClass(MyPattern.java:329)
	at regexcompiler.MyPattern$Tokeniser.tokenise(MyPattern.java:143)
	at regexcompiler.MyPattern$Tokeniser.access$100(MyPattern.java:103)
	at regexcompiler.MyPattern.toNFAGraph(MyPattern.java:83)
	at com.optimyth.qaking.codeanalysis.redos.RegexNfaAnalyzer$AnalysisRunner.run(RegexNfaAnalyzer.java:225)
	at java.util.concurrent.Executors$RunnableAdapter.call(Unknown Source)
	at java.util.concurrent.FutureTask.run(Unknown Source)
	at java.util.concurrent.ThreadPoolExecutor.runWorker(Unknown Source)
	at java.util.concurrent.ThreadPoolExecutor$Worker.run(Unknown Source)
	at java.lang.Thread.run(Unknown Source)
INFO 2022-09-09 13:03:10,689 - com.optimyth.qaking.codeanalysis.redos.RegexNfaAnalyzer$AnalysisRunner: Error analyzing regular expression: ^(([^<>()[\].,;:\s@"]+(\.[^<>()[\].,;:\s@"]+)*)|(".+"))@(([^<>()[\].,;:\s@"]+.)+[^<>()[\].,;:\s@"]{2,})$
java.util.regex.PatternSyntaxException: Unclosed character class near index 104
^(([^<>()[\].,;:\s@"]+(\.[^<>()[\].,;:\s@"]+)*)|(".+"))@(([^<>()[\].,;:\s@"]+.)+[^<>()[\].,;:\s@"]{2,})$
	at regexcompiler.MyPattern$Tokeniser.createTokenCharacterClass(MyPattern.java:329)
	at regexcompiler.MyPattern$Tokeniser.tokenise(MyPattern.java:143)
	at regexcompiler.MyPattern$Tokeniser.access$100(MyPattern.java:103)
	at regexcompiler.MyPattern.toNFAGraph(MyPattern.java:83)
	at com.optimyth.qaking.codeanalysis.redos.RegexNfaAnalyzer$AnalysisRunner.run(RegexNfaAnalyzer.java:225)
	at java.util.concurrent.Executors$RunnableAdapter.call(Unknown Source)
	at java.util.concurrent.FutureTask.run(Unknown Source)
	at java.util.concurrent.ThreadPoolExecutor.runWorker(Unknown Source)
	at java.util.concurrent.ThreadPoolExecutor$Worker.run(Unknown Source)
	at java.lang.Thread.run(Unknown Source)
INFO 2022-09-09 13:03:11,212 - com.optimyth.qaking.codeanalysis.redos.RegexNfaAnalyzer$AnalysisRunner: Error analyzing regular expression: \.0+$|(\.[0-9]*[1-9])0+$
java.util.regex.PatternSyntaxException: Dangling meta character '|' near index 5
\.0+$|(\.[0-9]*[1-9])0+$
     ^
	at regexcompiler.MyPattern$Parser.parseRegex(MyPattern.java:587)
	at regexcompiler.MyPattern$Parser.parse(MyPattern.java:546)
	at regexcompiler.MyPattern.toNFAGraph(MyPattern.java:86)
	at com.optimyth.qaking.codeanalysis.redos.RegexNfaAnalyzer$AnalysisRunner.run(RegexNfaAnalyzer.java:225)
	at java.util.concurrent.Executors$RunnableAdapter.call(Unknown Source)
	at java.util.concurrent.FutureTask.run(Unknown Source)
	at java.util.concurrent.ThreadPoolExecutor.runWorker(Unknown Source)
	at java.util.concurrent.ThreadPoolExecutor$Worker.run(Unknown Source)
	at java.lang.Thread.run(Unknown Source)
WARN 2022-09-09 13:03:11,257 - com.als.core.main.SingleTechnologyStaticAnalyzer: ***************************************************
WARN 2022-09-09 13:03:11,257 - com.als.core.main.SingleTechnologyStaticAnalyzer: File: D:\Repos\threadcop Repo\pra-react-master\src\container\department\department-edit\department-edit.js
WARN 2022-09-09 13:03:11,257 - com.als.core.main.SingleTechnologyStaticAnalyzer: Technology: javascript
WARN 2022-09-09 13:03:11,257 - com.als.core.main.SingleTechnologyStaticAnalyzer: Message: Cannot parse D:\Repos\threadcop Repo\pra-react-master\src\container\department\department-edit\department-edit.js, due to: org.mozilla.javascript.EvaluatorException: missing : in conditional expression (D:\Repos\threadcop Repo\pra-react-master\src\container\department\department-edit\department-edit.js#348)
WARN 2022-09-09 13:03:11,258 - com.als.core.main.SingleTechnologyStaticAnalyzer: Stack:
WARN 2022-09-09 13:03:11,258 - com.als.core.main.SingleTechnologyStaticAnalyzer: com.als.core.parser.ParseException: Cannot parse D:\Repos\threadcop Repo\pra-react-master\src\container\department\department-edit\department-edit.js, due to: org.mozilla.javascript.EvaluatorException: missing : in conditional expression (D:\Repos\threadcop Repo\pra-react-master\src\container\department\department-edit\department-edit.js#348)
	at com.als.core.parser.AbstractReaderParser.wrapException(AbstractReaderParser.java:98)
	at com.als.core.parser.AbstractReaderParser.throwParseException(AbstractReaderParser.java:93)
	at com.optimyth.qaking.js.ast.MozillaParser.parse(MozillaParser.java:79)
	at com.optimyth.qaking.js.ast.MozillaParser.parse(MozillaParser.java:69)
	at com.optimyth.qaking.js.ast.MozillaParser.parse(MozillaParser.java:13)
	at com.als.core.parser.multiparser.ArrangementBasedMultiParser$2.parse(ArrangementBasedMultiParser.java:60)
	at com.als.core.parser.multiparser.ArrangementBasedMultiParser.k26(ArrangementBasedMultiParser.java:111)
	at com.als.core.parser.multiparser.ArrangementBasedMultiParser.parse(ArrangementBasedMultiParser.java:58)
	at com.als.core.language.LanguageSupport.parseAndValidate(LanguageSupport.java:304)
...

WARN 2022-09-09 13:03:11,258 - com.als.core.main.SingleTechnologyStaticAnalyzer: ***************************************************
WARN 2022-09-09 13:03:11,284 - com.als.core.main.SingleTechnologyStaticAnalyzer: ***************************************************
WARN 2022-09-09 13:03:11,284 - com.als.core.main.SingleTechnologyStaticAnalyzer: File: D:\Repos\threadcop Repo\pra-react-master\src\container\department\user-list\user-list.js
WARN 2022-09-09 13:03:11,284 - com.als.core.main.SingleTechnologyStaticAnalyzer: Technology: javascript
WARN 2022-09-09 13:03:11,284 - com.als.core.main.SingleTechnologyStaticAnalyzer: Message: Cannot parse D:\Repos\threadcop Repo\pra-react-master\src\container\department\user-list\user-list.js, due to: org.mozilla.javascript.EvaluatorException: missing : in conditional expression (D:\Repos\threadcop Repo\pra-react-master\src\container\department\user-list\user-list.js#162)
WARN 2022-09-09 13:03:11,285 - com.als.core.main.SingleTechnologyStaticAnalyzer: Stack:
WARN 2022-09-09 13:03:11,285 - com.als.core.main.SingleTechnologyStaticAnalyzer: com.als.core.parser.ParseException: Cannot parse D:\Repos\threadcop Repo\pra-react-master\src\container\department\user-list\user-list.js, due to: org.mozilla.javascript.EvaluatorException: missing : in conditional expression (D:\Repos\threadcop Repo\pra-react-master\src\container\department\user-list\user-list.js#162)
	at com.als.core.parser.AbstractReaderParser.wrapException(AbstractReaderParser.java:98)
	at com.als.core.parser.AbstractReaderParser.throwParseException(AbstractReaderParser.java:93)
	at com.optimyth.qaking.js.ast.MozillaParser.parse(MozillaParser.java:79)
	at com.optimyth.qaking.js.ast.MozillaParser.parse(MozillaParser.java:69)
	at com.optimyth.qaking.js.ast.MozillaParser.parse(MozillaParser.java:13)
	at com.als.core.parser.multiparser.ArrangementBasedMultiParser$2.parse(ArrangementBasedMultiParser.java:60)
	at com.als.core.parser.multiparser.ArrangementBasedMultiParser.k26(ArrangementBasedMultiParser.java:111)
	at com.als.core.parser.multiparser.ArrangementBasedMultiParser.parse(ArrangementBasedMultiParser.java:58)
	at com.als.core.language.LanguageSupport.parseAndValidate(LanguageSupport.java:304)
...

WARN 2022-09-09 13:03:11,285 - com.als.core.main.SingleTechnologyStaticAnalyzer: ***************************************************
