INFO 2022-08-08 14:25:50,079 - Analysis initialization: FINISHED
INFO 2022-08-08 14:25:50,080 - -----------------------------------------------------
INFO 2022-08-08 14:25:50,081 - Starting analysis for application "Edcast Myguide Android"
INFO 2022-08-08 14:25:50,081 - -----------------------------------------------------
INFO 2022-08-08 14:25:50,082 - Model retrieval: STARTED
INFO 2022-08-08 14:25:56,475 - Model downloaded from Kiuwan
INFO 2022-08-08 14:25:56,476 - Model retrieval: FINISHED
INFO 2022-08-08 14:25:56,476 - Analysis authorization: STARTED
INFO 2022-08-08 14:25:57,302 - Upload analyzed source code forced to "false" - not allowed for user / application
INFO 2022-08-08 14:25:57,302 - Analysis authorization: FINISHED
INFO 2022-08-08 14:25:57,309 - License check: STARTED
INFO 2022-08-08 14:25:58,146 - License check: FINISHED
INFO 2022-08-08 14:25:58,150 - Prepare analysis data: STARTED
INFO 2022-08-08 14:25:58,187 - Prepare analysis data: FINISHED
INFO 2022-08-08 14:25:58,188 - Prepare source code files for upload: STARTED
INFO 2022-08-08 14:25:58,188 - Prepare source code files for upload: FINISHED
WARN 2022-08-08 14:26:01,057 - -----------------------------------------------------
WARN 2022-08-08 14:26:01,057 - Executing rules analysis for technology objectivec
WARN 2022-08-08 14:26:01,057 - -----------------------------------------------------
WARN 2022-08-08 14:26:01,057 - directory: D:\Repos\Edcast Repo\Myguide Android Retest
WARN 2022-08-08 14:26:01,058 - bill-of-materials: 
WARN 2022-08-08 14:26:01,058 - bill-of-materials format: 
WARN 2022-08-08 14:26:01,058 - includes: 
WARN 2022-08-08 14:26:01,058 - excludes: **/src/test/**,**/__MACOSX/**,**/*.min.js,**/*.Designer.vb,**/*.designer.vb,**/*Reference.vb,**/*Service.vb,**/*Silverlight.vb,**/*.Designer.cs,**/*.designer.cs,**/*Reference.cs,**/*Service.cs,**/*Silverlight.cs,**/.*,**/Pods/BuildHeaders/**/*.h,**/Pods/Headers/**/*.h,**/node_modules/**,**/bower_components/**,**/target/**,**/bin/**,**/obj/**,**/dist/**,**/lib/**
WARN 2022-08-08 14:26:01,058 - configuration: D:\Software\KiuwanLocalAnalyzer\bin\..\conf\apps\Edcast Myguide Android.properties
WARN 2022-08-08 14:26:01,059 - VM version: 1.8.0_333
WARN 2022-08-08 14:26:01,225 - VM settings:
WARN 2022-08-08 14:26:01,226 -     Stack Size: 2.00M
WARN 2022-08-08 14:26:01,226 -     Min. Heap Size: 128.00M
WARN 2022-08-08 14:26:01,226 -     Max. Heap Size: 1.00G
WARN 2022-08-08 14:26:01,226 -     Ergonomics Machine Class: client
WARN 2022-08-08 14:26:01,227 -     Using VM: Java HotSpot(TM) 64-Bit Server VM
WARN 2022-08-08 14:26:01,227 - 
INFO 2022-08-08 14:26:14,250 - Moving 1 file to D:\Software\KiuwanLocalAnalyzer\temp\Edcast Myguide Android.7429388705031078836\results
INFO 2022-08-08 14:26:14,268 - Deleting: D:\Software\KiuwanLocalAnalyzer\temp\Edcast Myguide Android.7429388705031078836\results\rules_objectivec.key
WARN 2022-08-08 14:26:14,482 - -----------------------------------------------------
WARN 2022-08-08 14:26:14,482 - Executing metrics analysis for technology objectivec
WARN 2022-08-08 14:26:14,483 - -----------------------------------------------------
WARN 2022-08-08 14:26:14,483 - directory: D:\Repos\Edcast Repo\Myguide Android Retest
WARN 2022-08-08 14:26:14,483 - bill-of-materials: 
WARN 2022-08-08 14:26:14,484 - bill-of-materials format: 
WARN 2022-08-08 14:26:14,484 - includes: 
WARN 2022-08-08 14:26:14,485 - excludes: **/src/test/**,**/__MACOSX/**,**/*.min.js,**/*.Designer.vb,**/*.designer.vb,**/*Reference.vb,**/*Service.vb,**/*Silverlight.vb,**/*.Designer.cs,**/*.designer.cs,**/*Reference.cs,**/*Service.cs,**/*Silverlight.cs,**/.*,**/Pods/BuildHeaders/**/*.h,**/Pods/Headers/**/*.h,**/node_modules/**,**/bower_components/**,**/target/**,**/bin/**,**/obj/**,**/dist/**,**/lib/**
WARN 2022-08-08 14:26:14,485 - configuration: D:\Software\KiuwanLocalAnalyzer\bin\..\conf\apps\Edcast Myguide Android.properties
WARN 2022-08-08 14:26:14,485 - VM version: 1.8.0_333
WARN 2022-08-08 14:26:14,588 - VM settings:
WARN 2022-08-08 14:26:14,590 -     Stack Size: 2.00M
WARN 2022-08-08 14:26:14,590 -     Min. Heap Size: 128.00M
WARN 2022-08-08 14:26:14,590 -     Max. Heap Size: 1.00G
WARN 2022-08-08 14:26:14,590 -     Ergonomics Machine Class: client
WARN 2022-08-08 14:26:14,590 -     Using VM: Java HotSpot(TM) 64-Bit Server VM
WARN 2022-08-08 14:26:14,590 - 
INFO 2022-08-08 14:26:24,111 - Moving 1 file to D:\Software\KiuwanLocalAnalyzer\temp\Edcast Myguide Android.7429388705031078836\results
INFO 2022-08-08 14:26:24,121 - Deleting: D:\Software\KiuwanLocalAnalyzer\temp\Edcast Myguide Android.7429388705031078836\results\metrics_objectivec.key
WARN 2022-08-08 14:26:24,306 - -----------------------------------------------------
WARN 2022-08-08 14:26:24,306 - Executing rules analysis for technology java
WARN 2022-08-08 14:26:24,306 - -----------------------------------------------------
WARN 2022-08-08 14:26:24,307 - directory: D:\Repos\Edcast Repo\Myguide Android Retest
WARN 2022-08-08 14:26:24,307 - bill-of-materials: 
WARN 2022-08-08 14:26:24,307 - bill-of-materials format: 
WARN 2022-08-08 14:26:24,307 - includes: 
WARN 2022-08-08 14:26:24,307 - excludes: **/src/test/**,**/__MACOSX/**,**/*.min.js,**/*.Designer.vb,**/*.designer.vb,**/*Reference.vb,**/*Service.vb,**/*Silverlight.vb,**/*.Designer.cs,**/*.designer.cs,**/*Reference.cs,**/*Service.cs,**/*Silverlight.cs,**/.*,**/Pods/BuildHeaders/**/*.h,**/Pods/Headers/**/*.h,**/node_modules/**,**/bower_components/**,**/target/**,**/bin/**,**/obj/**,**/dist/**,**/lib/**
WARN 2022-08-08 14:26:24,307 - configuration: D:\Software\KiuwanLocalAnalyzer\bin\..\conf\apps\Edcast Myguide Android.properties
WARN 2022-08-08 14:26:24,308 - VM version: 1.8.0_333
WARN 2022-08-08 14:26:24,414 - VM settings:
WARN 2022-08-08 14:26:24,416 -     Stack Size: 2.00M
WARN 2022-08-08 14:26:24,416 -     Min. Heap Size: 128.00M
WARN 2022-08-08 14:26:24,416 -     Max. Heap Size: 1.00G
WARN 2022-08-08 14:26:24,416 -     Ergonomics Machine Class: client
WARN 2022-08-08 14:26:24,416 -     Using VM: Java HotSpot(TM) 64-Bit Server VM
WARN 2022-08-08 14:26:24,416 - 
INFO 2022-08-08 14:26:50,034 - Moving 1 file to D:\Software\KiuwanLocalAnalyzer\temp\Edcast Myguide Android.7429388705031078836\results
INFO 2022-08-08 14:26:50,042 - Deleting: D:\Software\KiuwanLocalAnalyzer\temp\Edcast Myguide Android.7429388705031078836\results\rules_java.key
WARN 2022-08-08 14:26:50,236 - -----------------------------------------------------
WARN 2022-08-08 14:26:50,237 - Executing metrics analysis for technology java
WARN 2022-08-08 14:26:50,238 - -----------------------------------------------------
WARN 2022-08-08 14:26:50,238 - directory: D:\Repos\Edcast Repo\Myguide Android Retest
WARN 2022-08-08 14:26:50,238 - bill-of-materials: 
WARN 2022-08-08 14:26:50,238 - bill-of-materials format: 
WARN 2022-08-08 14:26:50,238 - includes: 
WARN 2022-08-08 14:26:50,238 - excludes: **/src/test/**,**/__MACOSX/**,**/*.min.js,**/*.Designer.vb,**/*.designer.vb,**/*Reference.vb,**/*Service.vb,**/*Silverlight.vb,**/*.Designer.cs,**/*.designer.cs,**/*Reference.cs,**/*Service.cs,**/*Silverlight.cs,**/.*,**/Pods/BuildHeaders/**/*.h,**/Pods/Headers/**/*.h,**/node_modules/**,**/bower_components/**,**/target/**,**/bin/**,**/obj/**,**/dist/**,**/lib/**
WARN 2022-08-08 14:26:50,238 - configuration: D:\Software\KiuwanLocalAnalyzer\bin\..\conf\apps\Edcast Myguide Android.properties
WARN 2022-08-08 14:26:50,238 - VM version: 1.8.0_333
WARN 2022-08-08 14:26:50,345 - VM settings:
WARN 2022-08-08 14:26:50,346 -     Stack Size: 2.00M
WARN 2022-08-08 14:26:50,346 -     Min. Heap Size: 128.00M
WARN 2022-08-08 14:26:50,346 -     Max. Heap Size: 1.00G
WARN 2022-08-08 14:26:50,346 -     Ergonomics Machine Class: client
WARN 2022-08-08 14:26:50,346 -     Using VM: Java HotSpot(TM) 64-Bit Server VM
WARN 2022-08-08 14:26:50,347 - 
INFO 2022-08-08 14:27:01,367 - Moving 1 file to D:\Software\KiuwanLocalAnalyzer\temp\Edcast Myguide Android.7429388705031078836\results
INFO 2022-08-08 14:27:01,375 - Deleting: D:\Software\KiuwanLocalAnalyzer\temp\Edcast Myguide Android.7429388705031078836\results\metrics_java.key
WARN 2022-08-08 14:27:01,555 - -----------------------------------------------------
WARN 2022-08-08 14:27:01,556 - Executing rules analysis for technology kotlin
WARN 2022-08-08 14:27:01,556 - -----------------------------------------------------
WARN 2022-08-08 14:27:01,556 - directory: D:\Repos\Edcast Repo\Myguide Android Retest
WARN 2022-08-08 14:27:01,556 - bill-of-materials: 
WARN 2022-08-08 14:27:01,556 - bill-of-materials format: 
WARN 2022-08-08 14:27:01,556 - includes: 
WARN 2022-08-08 14:27:01,556 - excludes: **/src/test/**,**/__MACOSX/**,**/*.min.js,**/*.Designer.vb,**/*.designer.vb,**/*Reference.vb,**/*Service.vb,**/*Silverlight.vb,**/*.Designer.cs,**/*.designer.cs,**/*Reference.cs,**/*Service.cs,**/*Silverlight.cs,**/.*,**/Pods/BuildHeaders/**/*.h,**/Pods/Headers/**/*.h,**/node_modules/**,**/bower_components/**,**/target/**,**/bin/**,**/obj/**,**/dist/**,**/lib/**
WARN 2022-08-08 14:27:01,556 - configuration: D:\Software\KiuwanLocalAnalyzer\bin\..\conf\apps\Edcast Myguide Android.properties
WARN 2022-08-08 14:27:01,556 - VM version: 1.8.0_333
WARN 2022-08-08 14:27:01,661 - VM settings:
WARN 2022-08-08 14:27:01,663 -     Stack Size: 2.00M
WARN 2022-08-08 14:27:01,663 -     Min. Heap Size: 128.00M
WARN 2022-08-08 14:27:01,663 -     Max. Heap Size: 1.00G
WARN 2022-08-08 14:27:01,663 -     Ergonomics Machine Class: client
WARN 2022-08-08 14:27:01,663 -     Using VM: Java HotSpot(TM) 64-Bit Server VM
WARN 2022-08-08 14:27:01,663 - 
INFO 2022-08-08 14:27:35,313 - Moving 1 file to D:\Software\KiuwanLocalAnalyzer\temp\Edcast Myguide Android.7429388705031078836\results
INFO 2022-08-08 14:27:35,322 - Deleting: D:\Software\KiuwanLocalAnalyzer\temp\Edcast Myguide Android.7429388705031078836\results\rules_kotlin.key
WARN 2022-08-08 14:27:35,521 - -----------------------------------------------------
WARN 2022-08-08 14:27:35,521 - Executing metrics analysis for technology kotlin
WARN 2022-08-08 14:27:35,521 - -----------------------------------------------------
WARN 2022-08-08 14:27:35,521 - directory: D:\Repos\Edcast Repo\Myguide Android Retest
WARN 2022-08-08 14:27:35,521 - bill-of-materials: 
WARN 2022-08-08 14:27:35,522 - bill-of-materials format: 
WARN 2022-08-08 14:27:35,522 - includes: 
WARN 2022-08-08 14:27:35,522 - excludes: **/src/test/**,**/__MACOSX/**,**/*.min.js,**/*.Designer.vb,**/*.designer.vb,**/*Reference.vb,**/*Service.vb,**/*Silverlight.vb,**/*.Designer.cs,**/*.designer.cs,**/*Reference.cs,**/*Service.cs,**/*Silverlight.cs,**/.*,**/Pods/BuildHeaders/**/*.h,**/Pods/Headers/**/*.h,**/node_modules/**,**/bower_components/**,**/target/**,**/bin/**,**/obj/**,**/dist/**,**/lib/**
WARN 2022-08-08 14:27:35,522 - configuration: D:\Software\KiuwanLocalAnalyzer\bin\..\conf\apps\Edcast Myguide Android.properties
WARN 2022-08-08 14:27:35,522 - VM version: 1.8.0_333
WARN 2022-08-08 14:27:35,626 - VM settings:
WARN 2022-08-08 14:27:35,628 -     Stack Size: 2.00M
WARN 2022-08-08 14:27:35,628 -     Min. Heap Size: 128.00M
WARN 2022-08-08 14:27:35,628 -     Max. Heap Size: 1.00G
WARN 2022-08-08 14:27:35,628 -     Ergonomics Machine Class: client
WARN 2022-08-08 14:27:35,628 -     Using VM: Java HotSpot(TM) 64-Bit Server VM
WARN 2022-08-08 14:27:35,628 - 
INFO 2022-08-08 14:27:45,550 - Moving 1 file to D:\Software\KiuwanLocalAnalyzer\temp\Edcast Myguide Android.7429388705031078836\results
INFO 2022-08-08 14:27:45,559 - Deleting: D:\Software\KiuwanLocalAnalyzer\temp\Edcast Myguide Android.7429388705031078836\results\metrics_kotlin.key
INFO 2022-08-08 14:27:45,566 - Update global report: STARTED
INFO 2022-08-08 14:27:45,576 - Update global report: FINISHED
INFO 2022-08-08 14:27:45,576 - Upload results to kiuwan: STARTED
INFO 2022-08-08 14:27:48,115 - Upload results to kiuwan: FINISHED
INFO 2022-08-08 14:27:48,116 - Retrieve complete results from kiuwan: STARTED
INFO 2022-08-08 14:27:49,072 - Retrieve complete results from kiuwan: FINISHED
INFO 2022-08-08 14:27:49,072 - Register analysis code in global report: STARTED
INFO 2022-08-08 14:27:49,074 - Register analysis code in global report: FINISHED
INFO 2022-08-08 14:27:49,082 - Analysis finished: A-7e6-1827c94f2e8
