INFO 2022-08-08 14:26:18,051 - com.optimyth.qaking.codeanalysis.metadata.model.LibrariesResolver: Metadata libraries FACTORY directory added = D:\Software\KiuwanLocalAnalyzer\libraries
INFO 2022-08-08 14:26:18,055 - com.optimyth.qaking.codeanalysis.metadata.model.LibrariesResolver: Metadata libraries resolver found 1 directories to inspect: [D:\Software\KiuwanLocalAnalyzer\libraries]
INFO 2022-08-08 14:26:18,389 - com.optimyth.qaking.codeanalysis.metadata.model.functional.FunctionAlias: Cannot resolve target sqlite3DbRealloc for alias sqlite3@sqlite3DbReallocOrFree. Ignored
INFO 2022-08-08 14:26:18,390 - com.optimyth.qaking.codeanalysis.metadata.model.functional.FunctionAlias: Cannot resolve target vprintf for alias glib@g_vprintf. Ignored
WARN 2022-08-08 14:26:18,551 - com.optimyth.qaking.frameworkmodel.ios.model.IOSModel: Cannot parse xml file: D:\Repos\Edcast Repo\Myguide Android Retest\MyGuidePlayerSDK-master\InlinePlayerSDK.xcframework\ios-arm64_x86_64-simulator\InlinePlayerSDK.framework\ICPSDK-Whitelabel-Options.plist
WARN 2022-08-08 14:26:18,551 - com.optimyth.qaking.frameworkmodel.ios.model.IOSModel: Cannot parse xml file: D:\Repos\Edcast Repo\Myguide Android Retest\MyGuidePlayerSDK-master\InlinePlayerSDK.xcframework\ios-arm64_x86_64-simulator\InlinePlayerSDK.framework\Info.plist
WARN 2022-08-08 14:26:18,554 - com.optimyth.qaking.frameworkmodel.ios.model.IOSModel: Cannot parse xml file: D:\Repos\Edcast Repo\Myguide Android Retest\MyGuidePlayerSDK-master\InlinePlayerSDK.xcframework\ios-arm64_x86_64-simulator\InlinePlayerSDK.framework\IPSDK-Whitelabel-Options.plist
WARN 2022-08-08 14:26:18,555 - com.optimyth.qaking.frameworkmodel.ios.model.IOSModel: Cannot parse xml file: D:\Repos\Edcast Repo\Myguide Android Retest\MyGuidePlayerSDK-master\InlinePlayerSDK.xcframework\ios-arm64_x86_64-simulator\InlinePlayerSDK.framework\IPSDKInfo.plist
WARN 2022-08-08 14:26:18,557 - com.optimyth.qaking.frameworkmodel.ios.model.IOSModel: Cannot parse xml file: D:\Repos\Edcast Repo\Myguide Android Retest\MyGuidePlayerSDK-master\InlinePlayerSDK.xcframework\ios-arm64\InlinePlayerSDK.framework\ICPSDK-Whitelabel-Options.plist
WARN 2022-08-08 14:26:18,558 - com.optimyth.qaking.frameworkmodel.ios.model.IOSModel: Cannot parse xml file: D:\Repos\Edcast Repo\Myguide Android Retest\MyGuidePlayerSDK-master\InlinePlayerSDK.xcframework\ios-arm64\InlinePlayerSDK.framework\Info.plist
WARN 2022-08-08 14:26:18,559 - com.optimyth.qaking.frameworkmodel.ios.model.IOSModel: Cannot parse xml file: D:\Repos\Edcast Repo\Myguide Android Retest\MyGuidePlayerSDK-master\InlinePlayerSDK.xcframework\ios-arm64\InlinePlayerSDK.framework\IPSDK-Whitelabel-Options.plist
WARN 2022-08-08 14:26:18,560 - com.optimyth.qaking.frameworkmodel.ios.model.IOSModel: Cannot parse xml file: D:\Repos\Edcast Repo\Myguide Android Retest\MyGuidePlayerSDK-master\InlinePlayerSDK.xcframework\ios-arm64\InlinePlayerSDK.framework\IPSDKInfo.plist
WARN 2022-08-08 14:26:18,562 - com.optimyth.qaking.frameworkmodel.ios.model.IOSModel: Cannot parse xml file: D:\Repos\Edcast Repo\Myguide Android Retest\MyGuidePlayerSDK-master\InlinePlayerSDK.xcframework\ios-arm64_x86_64-simulator\InlinePlayerSDK.framework\ICPSDKCommon.storyboardc\Info.plist
WARN 2022-08-08 14:26:18,563 - com.optimyth.qaking.frameworkmodel.ios.model.IOSModel: Cannot parse xml file: D:\Repos\Edcast Repo\Myguide Android Retest\MyGuidePlayerSDK-master\InlinePlayerSDK.xcframework\ios-arm64_x86_64-simulator\InlinePlayerSDK.framework\IPSDKCommon.storyboardc\Info.plist
WARN 2022-08-08 14:26:18,565 - com.optimyth.qaking.frameworkmodel.ios.model.IOSModel: Cannot parse xml file: D:\Repos\Edcast Repo\Myguide Android Retest\MyGuidePlayerSDK-master\InlinePlayerSDK.xcframework\ios-arm64_x86_64-simulator\InlinePlayerSDK.framework\IPSDKLogin.storyboardc\Info.plist
WARN 2022-08-08 14:26:18,566 - com.optimyth.qaking.frameworkmodel.ios.model.IOSModel: Cannot parse xml file: D:\Repos\Edcast Repo\Myguide Android Retest\MyGuidePlayerSDK-master\InlinePlayerSDK.xcframework\ios-arm64_x86_64-simulator\InlinePlayerSDK.framework\IPSDKPlayer.storyboardc\Info.plist
WARN 2022-08-08 14:26:18,567 - com.optimyth.qaking.frameworkmodel.ios.model.IOSModel: Cannot parse xml file: D:\Repos\Edcast Repo\Myguide Android Retest\MyGuidePlayerSDK-master\InlinePlayerSDK.xcframework\ios-arm64_x86_64-simulator\InlinePlayerSDK.framework\IPSDKShowMe.storyboardc\Info.plist
WARN 2022-08-08 14:26:18,568 - com.optimyth.qaking.frameworkmodel.ios.model.IOSModel: Cannot parse xml file: D:\Repos\Edcast Repo\Myguide Android Retest\MyGuidePlayerSDK-master\InlinePlayerSDK.xcframework\ios-arm64\InlinePlayerSDK.framework\ICPSDKCommon.storyboardc\Info.plist
WARN 2022-08-08 14:26:18,571 - com.optimyth.qaking.frameworkmodel.ios.model.IOSModel: Cannot parse xml file: D:\Repos\Edcast Repo\Myguide Android Retest\MyGuidePlayerSDK-master\InlinePlayerSDK.xcframework\ios-arm64\InlinePlayerSDK.framework\IPSDKCommon.storyboardc\Info.plist
WARN 2022-08-08 14:26:18,572 - com.optimyth.qaking.frameworkmodel.ios.model.IOSModel: Cannot parse xml file: D:\Repos\Edcast Repo\Myguide Android Retest\MyGuidePlayerSDK-master\InlinePlayerSDK.xcframework\ios-arm64\InlinePlayerSDK.framework\IPSDKLogin.storyboardc\Info.plist
WARN 2022-08-08 14:26:18,573 - com.optimyth.qaking.frameworkmodel.ios.model.IOSModel: Cannot parse xml file: D:\Repos\Edcast Repo\Myguide Android Retest\MyGuidePlayerSDK-master\InlinePlayerSDK.xcframework\ios-arm64\InlinePlayerSDK.framework\IPSDKPlayer.storyboardc\Info.plist
WARN 2022-08-08 14:26:18,574 - com.optimyth.qaking.frameworkmodel.ios.model.IOSModel: Cannot parse xml file: D:\Repos\Edcast Repo\Myguide Android Retest\MyGuidePlayerSDK-master\InlinePlayerSDK.xcframework\ios-arm64\InlinePlayerSDK.framework\IPSDKShowMe.storyboardc\Info.plist
