INFO 2022-08-08 14:27:04,804 - com.optimyth.qaking.codeanalysis.metadata.model.LibrariesResolver: Metadata libraries FACTORY directory added = D:\Software\KiuwanLocalAnalyzer\libraries
INFO 2022-08-08 14:27:04,805 - com.optimyth.qaking.codeanalysis.metadata.model.LibrariesResolver: Metadata libraries resolver found 1 directories to inspect: [D:\Software\KiuwanLocalAnalyzer\libraries]
INFO 2022-08-08 14:27:11,880 - com.optimyth.qaking.codeanalysis.tainting.TaintingAnalyzer: In block containing sink at ImageStepGalleryFragment.kt line 57, complexity (ccn=29) is below its limit but high enough to lead to poor performance
INFO 2022-08-08 14:27:11,881 - com.optimyth.qaking.codeanalysis.tainting.TaintingAnalyzer: In block containing sink at ImageStepGalleryFragment.kt line 71, complexity (ccn=29) is below its limit but high enough to lead to poor performance
INFO 2022-08-08 14:27:11,889 - com.optimyth.qaking.codeanalysis.tainting.TaintingAnalyzer: In block containing sink at ImageStepGalleryFragment.kt line 80, complexity (ccn=29) is below its limit but high enough to lead to poor performance
INFO 2022-08-08 14:27:11,899 - com.optimyth.qaking.codeanalysis.tainting.TaintingAnalyzer: In block containing sink at ImageStepGalleryFragment.kt line 99, complexity (ccn=29) is below its limit but high enough to lead to poor performance
INFO 2022-08-08 14:27:11,903 - com.optimyth.qaking.codeanalysis.tainting.TaintingAnalyzer: In block containing sink at ImageStepGalleryFragment.kt line 134, complexity (ccn=29) is below its limit but high enough to lead to poor performance
INFO 2022-08-08 14:27:11,903 - com.optimyth.qaking.codeanalysis.tainting.TaintingAnalyzer: In block containing sink at ImageStepGalleryFragment.kt line 145, complexity (ccn=29) is below its limit but high enough to lead to poor performance
INFO 2022-08-08 14:27:11,910 - com.optimyth.qaking.codeanalysis.tainting.TaintingAnalyzer: In block containing sink at ImageStepGalleryFragment.kt line 88, complexity (ccn=29) is below its limit but high enough to lead to poor performance
INFO 2022-08-08 14:27:11,921 - com.optimyth.qaking.codeanalysis.tainting.TaintingAnalyzer: In block containing sink at ImageStepGalleryFragment.kt line 88, complexity (ccn=29) is below its limit but high enough to lead to poor performance
INFO 2022-08-08 14:27:11,926 - com.optimyth.qaking.codeanalysis.tainting.TaintingAnalyzer: In block containing sink at ImageStepGalleryFragment.kt line 106, complexity (ccn=29) is below its limit but high enough to lead to poor performance
INFO 2022-08-08 14:27:13,745 - com.optimyth.qaking.codeanalysis.tainting.TaintingAnalyzer: Sink in dead-code. Ignored:
INFO 2022-08-08 14:27:13,745 - com.optimyth.qaking.codeanalysis.tainting.TaintingAnalyzer: GuideMeSDK-Android-dev/myguideSdkPlayer/src/main/java/org/player/sdk/util/CirleImageView.kt, line 310 [sink (log_forging [0, 1])] ("Exception caught in getBitmapFromDrawable %s", e.message)
INFO 2022-08-08 14:27:13,806 - com.optimyth.qaking.codeanalysis.tainting.TaintingAnalyzer: Sink in dead-code. Ignored:
INFO 2022-08-08 14:27:13,806 - com.optimyth.qaking.codeanalysis.tainting.TaintingAnalyzer: GuideMeSDK-Android-dev/myguideSdkPlayer/src/main/java/org/player/sdk/util/CirleImageView.kt, line 310 [sink (log_forging [0, 1])] ("Exception caught in getBitmapFromDrawable %s", e.message)
INFO 2022-08-08 14:27:13,843 - com.optimyth.qaking.codeanalysis.tainting.TaintingAnalyzer: In block containing sink at FileUtils.kt line 57, complexity (ccn=29) is below its limit but high enough to lead to poor performance
INFO 2022-08-08 14:27:13,844 - com.optimyth.qaking.codeanalysis.tainting.TaintingAnalyzer: In block containing sink at FileUtils.kt line 71, complexity (ccn=29) is below its limit but high enough to lead to poor performance
INFO 2022-08-08 14:27:13,844 - com.optimyth.qaking.codeanalysis.tainting.TaintingAnalyzer: In block containing sink at FileUtils.kt line 80, complexity (ccn=29) is below its limit but high enough to lead to poor performance
INFO 2022-08-08 14:27:13,845 - com.optimyth.qaking.codeanalysis.tainting.TaintingAnalyzer: In block containing sink at FileUtils.kt line 99, complexity (ccn=29) is below its limit but high enough to lead to poor performance
INFO 2022-08-08 14:27:13,858 - com.optimyth.qaking.codeanalysis.tainting.TaintingAnalyzer: In block containing sink at FileUtils.kt line 134, complexity (ccn=29) is below its limit but high enough to lead to poor performance
INFO 2022-08-08 14:27:13,860 - com.optimyth.qaking.codeanalysis.tainting.TaintingAnalyzer: In block containing sink at FileUtils.kt line 145, complexity (ccn=29) is below its limit but high enough to lead to poor performance
INFO 2022-08-08 14:27:13,867 - com.optimyth.qaking.codeanalysis.tainting.TaintingAnalyzer: In block containing sink at FileUtils.kt line 88, complexity (ccn=29) is below its limit but high enough to lead to poor performance
INFO 2022-08-08 14:27:13,867 - com.optimyth.qaking.codeanalysis.tainting.TaintingAnalyzer: In block containing sink at FileUtils.kt line 88, complexity (ccn=29) is below its limit but high enough to lead to poor performance
INFO 2022-08-08 14:27:13,877 - com.optimyth.qaking.codeanalysis.tainting.TaintingAnalyzer: In block containing sink at FileUtils.kt line 106, complexity (ccn=29) is below its limit but high enough to lead to poor performance
INFO 2022-08-08 14:27:28,491 - com.optimyth.qaking.codeanalysis.redos.RegexNfaAnalyzer$AnalysisRunner: Error analyzing regular expression: ?
java.util.regex.PatternSyntaxException: Dangling meta character '?' near index 1
?
	at regexcompiler.MyPattern$Parser.parseTerm(MyPattern.java:605)
	at regexcompiler.MyPattern$Parser.parseRegex(MyPattern.java:564)
	at regexcompiler.MyPattern$Parser.parse(MyPattern.java:546)
	at regexcompiler.MyPattern.toNFAGraph(MyPattern.java:86)
	at com.optimyth.qaking.codeanalysis.redos.RegexNfaAnalyzer$AnalysisRunner.run(RegexNfaAnalyzer.java:225)
	at java.util.concurrent.Executors$RunnableAdapter.call(Unknown Source)
	at java.util.concurrent.FutureTask.run(Unknown Source)
	at java.util.concurrent.ThreadPoolExecutor.runWorker(Unknown Source)
	at java.util.concurrent.ThreadPoolExecutor$Worker.run(Unknown Source)
	at java.lang.Thread.run(Unknown Source)
INFO 2022-08-08 14:27:28,757 - com.optimyth.qaking.codeanalysis.tainting.TaintingAnalyzer: Sink in dead-code. Ignored:
INFO 2022-08-08 14:27:28,757 - com.optimyth.qaking.codeanalysis.tainting.TaintingAnalyzer: GuideMeSDK-Android-dev/myguideSdkPlayer/src/main/java/org/player/sdk/util/CirleImageView.kt, line 310 [sink (log_forging [0, 1])] ("Exception caught in getBitmapFromDrawable %s", e.message)
INFO 2022-08-08 14:27:28,907 - com.optimyth.qaking.codeanalysis.tainting.TaintingAnalyzer: In block containing sink at FileUtils.kt line 57, complexity (ccn=29) is below its limit but high enough to lead to poor performance
INFO 2022-08-08 14:27:28,911 - com.optimyth.qaking.codeanalysis.tainting.TaintingAnalyzer: In block containing sink at FileUtils.kt line 71, complexity (ccn=29) is below its limit but high enough to lead to poor performance
INFO 2022-08-08 14:27:28,915 - com.optimyth.qaking.codeanalysis.tainting.TaintingAnalyzer: In block containing sink at FileUtils.kt line 80, complexity (ccn=29) is below its limit but high enough to lead to poor performance
INFO 2022-08-08 14:27:28,920 - com.optimyth.qaking.codeanalysis.tainting.TaintingAnalyzer: In block containing sink at FileUtils.kt line 88, complexity (ccn=29) is below its limit but high enough to lead to poor performance
INFO 2022-08-08 14:27:28,926 - com.optimyth.qaking.codeanalysis.tainting.TaintingAnalyzer: In block containing sink at FileUtils.kt line 99, complexity (ccn=29) is below its limit but high enough to lead to poor performance
INFO 2022-08-08 14:27:28,929 - com.optimyth.qaking.codeanalysis.tainting.TaintingAnalyzer: In block containing sink at FileUtils.kt line 110, complexity (ccn=29) is below its limit but high enough to lead to poor performance
INFO 2022-08-08 14:27:28,938 - com.optimyth.qaking.codeanalysis.tainting.TaintingAnalyzer: In block containing sink at FileUtils.kt line 127, complexity (ccn=29) is below its limit but high enough to lead to poor performance
INFO 2022-08-08 14:27:28,946 - com.optimyth.qaking.codeanalysis.tainting.TaintingAnalyzer: In block containing sink at FileUtils.kt line 130, complexity (ccn=29) is below its limit but high enough to lead to poor performance
INFO 2022-08-08 14:27:28,948 - com.optimyth.qaking.codeanalysis.tainting.TaintingAnalyzer: In block containing sink at FileUtils.kt line 134, complexity (ccn=29) is below its limit but high enough to lead to poor performance
INFO 2022-08-08 14:27:28,949 - com.optimyth.qaking.codeanalysis.tainting.TaintingAnalyzer: In block containing sink at FileUtils.kt line 137, complexity (ccn=29) is below its limit but high enough to lead to poor performance
INFO 2022-08-08 14:27:28,950 - com.optimyth.qaking.codeanalysis.tainting.TaintingAnalyzer: In block containing sink at FileUtils.kt line 140, complexity (ccn=29) is below its limit but high enough to lead to poor performance
INFO 2022-08-08 14:27:28,951 - com.optimyth.qaking.codeanalysis.tainting.TaintingAnalyzer: In block containing sink at FileUtils.kt line 145, complexity (ccn=29) is below its limit but high enough to lead to poor performance
INFO 2022-08-08 14:27:28,965 - com.optimyth.qaking.codeanalysis.tainting.TaintingAnalyzer: In block containing sink at FileUtils.kt line 57, complexity (ccn=29) is below its limit but high enough to lead to poor performance
INFO 2022-08-08 14:27:28,965 - com.optimyth.qaking.codeanalysis.tainting.TaintingAnalyzer: In block containing sink at FileUtils.kt line 71, complexity (ccn=29) is below its limit but high enough to lead to poor performance
INFO 2022-08-08 14:27:28,965 - com.optimyth.qaking.codeanalysis.tainting.TaintingAnalyzer: In block containing sink at FileUtils.kt line 80, complexity (ccn=29) is below its limit but high enough to lead to poor performance
INFO 2022-08-08 14:27:28,971 - com.optimyth.qaking.codeanalysis.tainting.TaintingAnalyzer: In block containing sink at FileUtils.kt line 99, complexity (ccn=29) is below its limit but high enough to lead to poor performance
INFO 2022-08-08 14:27:28,973 - com.optimyth.qaking.codeanalysis.tainting.TaintingAnalyzer: In block containing sink at FileUtils.kt line 134, complexity (ccn=29) is below its limit but high enough to lead to poor performance
INFO 2022-08-08 14:27:28,974 - com.optimyth.qaking.codeanalysis.tainting.TaintingAnalyzer: In block containing sink at FileUtils.kt line 145, complexity (ccn=29) is below its limit but high enough to lead to poor performance
INFO 2022-08-08 14:27:29,005 - com.optimyth.qaking.codeanalysis.tainting.TaintingAnalyzer: In block containing sink at FileUtils.kt line 88, complexity (ccn=29) is below its limit but high enough to lead to poor performance
INFO 2022-08-08 14:27:29,017 - com.optimyth.qaking.codeanalysis.tainting.TaintingAnalyzer: In block containing sink at FileUtils.kt line 57, complexity (ccn=29) is below its limit but high enough to lead to poor performance
INFO 2022-08-08 14:27:29,029 - com.optimyth.qaking.codeanalysis.tainting.TaintingAnalyzer: In block containing sink at FileUtils.kt line 71, complexity (ccn=29) is below its limit but high enough to lead to poor performance
INFO 2022-08-08 14:27:29,029 - com.optimyth.qaking.codeanalysis.tainting.TaintingAnalyzer: In block containing sink at FileUtils.kt line 80, complexity (ccn=29) is below its limit but high enough to lead to poor performance
INFO 2022-08-08 14:27:29,030 - com.optimyth.qaking.codeanalysis.tainting.TaintingAnalyzer: In block containing sink at FileUtils.kt line 99, complexity (ccn=29) is below its limit but high enough to lead to poor performance
INFO 2022-08-08 14:27:29,031 - com.optimyth.qaking.codeanalysis.tainting.TaintingAnalyzer: In block containing sink at FileUtils.kt line 134, complexity (ccn=29) is below its limit but high enough to lead to poor performance
INFO 2022-08-08 14:27:29,032 - com.optimyth.qaking.codeanalysis.tainting.TaintingAnalyzer: In block containing sink at FileUtils.kt line 145, complexity (ccn=29) is below its limit but high enough to lead to poor performance
INFO 2022-08-08 14:27:29,034 - com.optimyth.qaking.codeanalysis.tainting.TaintingAnalyzer: In block containing sink at FileUtils.kt line 57, complexity (ccn=29) is below its limit but high enough to lead to poor performance
INFO 2022-08-08 14:27:29,037 - com.optimyth.qaking.codeanalysis.tainting.TaintingAnalyzer: In block containing sink at FileUtils.kt line 71, complexity (ccn=29) is below its limit but high enough to lead to poor performance
INFO 2022-08-08 14:27:29,037 - com.optimyth.qaking.codeanalysis.tainting.TaintingAnalyzer: In block containing sink at FileUtils.kt line 80, complexity (ccn=29) is below its limit but high enough to lead to poor performance
INFO 2022-08-08 14:27:29,038 - com.optimyth.qaking.codeanalysis.tainting.TaintingAnalyzer: In block containing sink at FileUtils.kt line 99, complexity (ccn=29) is below its limit but high enough to lead to poor performance
INFO 2022-08-08 14:27:29,038 - com.optimyth.qaking.codeanalysis.tainting.TaintingAnalyzer: In block containing sink at FileUtils.kt line 134, complexity (ccn=29) is below its limit but high enough to lead to poor performance
INFO 2022-08-08 14:27:29,040 - com.optimyth.qaking.codeanalysis.tainting.TaintingAnalyzer: In block containing sink at FileUtils.kt line 145, complexity (ccn=29) is below its limit but high enough to lead to poor performance
INFO 2022-08-08 14:27:29,042 - com.optimyth.qaking.codeanalysis.tainting.TaintingAnalyzer: In block containing sink at FileUtils.kt line 106, complexity (ccn=29) is below its limit but high enough to lead to poor performance
INFO 2022-08-08 14:27:29,082 - com.optimyth.qaking.codeanalysis.tainting.TaintingAnalyzer: In block containing sink at FileUtils.kt line 57, complexity (ccn=29) is below its limit but high enough to lead to poor performance
INFO 2022-08-08 14:27:29,082 - com.optimyth.qaking.codeanalysis.tainting.TaintingAnalyzer: In block containing sink at FileUtils.kt line 71, complexity (ccn=29) is below its limit but high enough to lead to poor performance
INFO 2022-08-08 14:27:29,085 - com.optimyth.qaking.codeanalysis.tainting.TaintingAnalyzer: In block containing sink at FileUtils.kt line 80, complexity (ccn=29) is below its limit but high enough to lead to poor performance
INFO 2022-08-08 14:27:29,086 - com.optimyth.qaking.codeanalysis.tainting.TaintingAnalyzer: In block containing sink at FileUtils.kt line 99, complexity (ccn=29) is below its limit but high enough to lead to poor performance
INFO 2022-08-08 14:27:29,086 - com.optimyth.qaking.codeanalysis.tainting.TaintingAnalyzer: In block containing sink at FileUtils.kt line 134, complexity (ccn=29) is below its limit but high enough to lead to poor performance
INFO 2022-08-08 14:27:29,088 - com.optimyth.qaking.codeanalysis.tainting.TaintingAnalyzer: In block containing sink at FileUtils.kt line 145, complexity (ccn=29) is below its limit but high enough to lead to poor performance
INFO 2022-08-08 14:27:29,090 - com.optimyth.qaking.codeanalysis.tainting.TaintingAnalyzer: In block containing sink at FileUtils.kt line 57, complexity (ccn=29) is below its limit but high enough to lead to poor performance
INFO 2022-08-08 14:27:29,091 - com.optimyth.qaking.codeanalysis.tainting.TaintingAnalyzer: In block containing sink at FileUtils.kt line 71, complexity (ccn=29) is below its limit but high enough to lead to poor performance
INFO 2022-08-08 14:27:29,091 - com.optimyth.qaking.codeanalysis.tainting.TaintingAnalyzer: In block containing sink at FileUtils.kt line 80, complexity (ccn=29) is below its limit but high enough to lead to poor performance
INFO 2022-08-08 14:27:29,092 - com.optimyth.qaking.codeanalysis.tainting.TaintingAnalyzer: In block containing sink at FileUtils.kt line 99, complexity (ccn=29) is below its limit but high enough to lead to poor performance
INFO 2022-08-08 14:27:29,093 - com.optimyth.qaking.codeanalysis.tainting.TaintingAnalyzer: In block containing sink at FileUtils.kt line 134, complexity (ccn=29) is below its limit but high enough to lead to poor performance
INFO 2022-08-08 14:27:29,094 - com.optimyth.qaking.codeanalysis.tainting.TaintingAnalyzer: In block containing sink at FileUtils.kt line 145, complexity (ccn=29) is below its limit but high enough to lead to poor performance
INFO 2022-08-08 14:27:29,096 - com.optimyth.qaking.codeanalysis.tainting.TaintingAnalyzer: In block containing sink at FileUtils.kt line 57, complexity (ccn=29) is below its limit but high enough to lead to poor performance
INFO 2022-08-08 14:27:29,102 - com.optimyth.qaking.codeanalysis.tainting.TaintingAnalyzer: In block containing sink at FileUtils.kt line 71, complexity (ccn=29) is below its limit but high enough to lead to poor performance
INFO 2022-08-08 14:27:29,104 - com.optimyth.qaking.codeanalysis.tainting.TaintingAnalyzer: In block containing sink at FileUtils.kt line 80, complexity (ccn=29) is below its limit but high enough to lead to poor performance
INFO 2022-08-08 14:27:29,105 - com.optimyth.qaking.codeanalysis.tainting.TaintingAnalyzer: In block containing sink at FileUtils.kt line 99, complexity (ccn=29) is below its limit but high enough to lead to poor performance
INFO 2022-08-08 14:27:29,106 - com.optimyth.qaking.codeanalysis.tainting.TaintingAnalyzer: In block containing sink at FileUtils.kt line 134, complexity (ccn=29) is below its limit but high enough to lead to poor performance
INFO 2022-08-08 14:27:29,107 - com.optimyth.qaking.codeanalysis.tainting.TaintingAnalyzer: In block containing sink at FileUtils.kt line 145, complexity (ccn=29) is below its limit but high enough to lead to poor performance
INFO 2022-08-08 14:27:29,113 - com.optimyth.qaking.codeanalysis.tainting.TaintingAnalyzer: In block containing sink at FileUtils.kt line 57, complexity (ccn=29) is below its limit but high enough to lead to poor performance
INFO 2022-08-08 14:27:29,113 - com.optimyth.qaking.codeanalysis.tainting.TaintingAnalyzer: In block containing sink at FileUtils.kt line 71, complexity (ccn=29) is below its limit but high enough to lead to poor performance
INFO 2022-08-08 14:27:29,115 - com.optimyth.qaking.codeanalysis.tainting.TaintingAnalyzer: In block containing sink at FileUtils.kt line 80, complexity (ccn=29) is below its limit but high enough to lead to poor performance
INFO 2022-08-08 14:27:29,116 - com.optimyth.qaking.codeanalysis.tainting.TaintingAnalyzer: In block containing sink at FileUtils.kt line 99, complexity (ccn=29) is below its limit but high enough to lead to poor performance
INFO 2022-08-08 14:27:29,116 - com.optimyth.qaking.codeanalysis.tainting.TaintingAnalyzer: In block containing sink at FileUtils.kt line 134, complexity (ccn=29) is below its limit but high enough to lead to poor performance
INFO 2022-08-08 14:27:29,118 - com.optimyth.qaking.codeanalysis.tainting.TaintingAnalyzer: In block containing sink at FileUtils.kt line 145, complexity (ccn=29) is below its limit but high enough to lead to poor performance
INFO 2022-08-08 14:27:29,121 - com.optimyth.qaking.codeanalysis.tainting.TaintingAnalyzer: In block containing sink at FileUtils.kt line 57, complexity (ccn=29) is below its limit but high enough to lead to poor performance
INFO 2022-08-08 14:27:29,121 - com.optimyth.qaking.codeanalysis.tainting.TaintingAnalyzer: In block containing sink at FileUtils.kt line 71, complexity (ccn=29) is below its limit but high enough to lead to poor performance
INFO 2022-08-08 14:27:29,122 - com.optimyth.qaking.codeanalysis.tainting.TaintingAnalyzer: In block containing sink at FileUtils.kt line 80, complexity (ccn=29) is below its limit but high enough to lead to poor performance
INFO 2022-08-08 14:27:29,123 - com.optimyth.qaking.codeanalysis.tainting.TaintingAnalyzer: In block containing sink at FileUtils.kt line 99, complexity (ccn=29) is below its limit but high enough to lead to poor performance
INFO 2022-08-08 14:27:29,124 - com.optimyth.qaking.codeanalysis.tainting.TaintingAnalyzer: In block containing sink at FileUtils.kt line 134, complexity (ccn=29) is below its limit but high enough to lead to poor performance
INFO 2022-08-08 14:27:29,125 - com.optimyth.qaking.codeanalysis.tainting.TaintingAnalyzer: In block containing sink at FileUtils.kt line 145, complexity (ccn=29) is below its limit but high enough to lead to poor performance
INFO 2022-08-08 14:27:29,127 - com.optimyth.qaking.codeanalysis.tainting.TaintingAnalyzer: In block containing sink at FileUtils.kt line 57, complexity (ccn=29) is below its limit but high enough to lead to poor performance
INFO 2022-08-08 14:27:29,127 - com.optimyth.qaking.codeanalysis.tainting.TaintingAnalyzer: In block containing sink at FileUtils.kt line 71, complexity (ccn=29) is below its limit but high enough to lead to poor performance
INFO 2022-08-08 14:27:29,134 - com.optimyth.qaking.codeanalysis.tainting.TaintingAnalyzer: In block containing sink at FileUtils.kt line 80, complexity (ccn=29) is below its limit but high enough to lead to poor performance
INFO 2022-08-08 14:27:29,134 - com.optimyth.qaking.codeanalysis.tainting.TaintingAnalyzer: In block containing sink at FileUtils.kt line 99, complexity (ccn=29) is below its limit but high enough to lead to poor performance
INFO 2022-08-08 14:27:29,138 - com.optimyth.qaking.codeanalysis.tainting.TaintingAnalyzer: In block containing sink at FileUtils.kt line 134, complexity (ccn=29) is below its limit but high enough to lead to poor performance
INFO 2022-08-08 14:27:29,140 - com.optimyth.qaking.codeanalysis.tainting.TaintingAnalyzer: In block containing sink at FileUtils.kt line 145, complexity (ccn=29) is below its limit but high enough to lead to poor performance
INFO 2022-08-08 14:27:29,248 - com.optimyth.qaking.codeanalysis.tainting.TaintingAnalyzer: In block containing sink at FileUtils.kt line 57, complexity (ccn=29) is below its limit but high enough to lead to poor performance
INFO 2022-08-08 14:27:29,249 - com.optimyth.qaking.codeanalysis.tainting.TaintingAnalyzer: In block containing sink at FileUtils.kt line 71, complexity (ccn=29) is below its limit but high enough to lead to poor performance
INFO 2022-08-08 14:27:29,250 - com.optimyth.qaking.codeanalysis.tainting.TaintingAnalyzer: In block containing sink at FileUtils.kt line 80, complexity (ccn=29) is below its limit but high enough to lead to poor performance
INFO 2022-08-08 14:27:29,251 - com.optimyth.qaking.codeanalysis.tainting.TaintingAnalyzer: In block containing sink at FileUtils.kt line 99, complexity (ccn=29) is below its limit but high enough to lead to poor performance
INFO 2022-08-08 14:27:29,253 - com.optimyth.qaking.codeanalysis.tainting.TaintingAnalyzer: In block containing sink at FileUtils.kt line 134, complexity (ccn=29) is below its limit but high enough to lead to poor performance
INFO 2022-08-08 14:27:29,255 - com.optimyth.qaking.codeanalysis.tainting.TaintingAnalyzer: In block containing sink at FileUtils.kt line 145, complexity (ccn=29) is below its limit but high enough to lead to poor performance
INFO 2022-08-08 14:27:29,275 - com.optimyth.qaking.codeanalysis.tainting.TaintingAnalyzer: In block containing sink at FileUtils.kt line 88, complexity (ccn=29) is below its limit but high enough to lead to poor performance
