INFO 2022-08-08 14:26:28,092 - com.optimyth.qaking.codeanalysis.metadata.model.LibrariesResolver: Metadata libraries FACTORY directory added = D:\Software\KiuwanLocalAnalyzer\libraries
INFO 2022-08-08 14:26:28,094 - com.optimyth.qaking.codeanalysis.metadata.model.LibrariesResolver: Metadata libraries resolver found 1 directories to inspect: [D:\Software\KiuwanLocalAnalyzer\libraries]
INFO 2022-08-08 14:26:31,496 - com.optimyth.qaking.codeanalysis.tainting.AbstractNeutralizationPropagation: In block containing neutralization at FileUtils.java line 63, complexity (ccn=30) is below its limit but high enough to lead to poor performance
INFO 2022-08-08 14:26:31,496 - com.optimyth.qaking.codeanalysis.tainting.AbstractNeutralizationPropagation: In block containing neutralization at FileUtils.java line 63, complexity (ccn=30) is below its limit but high enough to lead to poor performance
INFO 2022-08-08 14:26:31,502 - com.optimyth.qaking.codeanalysis.tainting.AbstractNeutralizationPropagation: In block containing neutralization at FileUtils.java line 72, complexity (ccn=30) is below its limit but high enough to lead to poor performance
INFO 2022-08-08 14:26:31,502 - com.optimyth.qaking.codeanalysis.tainting.AbstractNeutralizationPropagation: In block containing neutralization at FileUtils.java line 86, complexity (ccn=30) is below its limit but high enough to lead to poor performance
INFO 2022-08-08 14:26:31,504 - com.optimyth.qaking.codeanalysis.tainting.AbstractNeutralizationPropagation: In block containing neutralization at FileUtils.java line 86, complexity (ccn=30) is below its limit but high enough to lead to poor performance
INFO 2022-08-08 14:26:31,505 - com.optimyth.qaking.codeanalysis.tainting.AbstractNeutralizationPropagation: In block containing neutralization at FileUtils.java line 91, complexity (ccn=30) is below its limit but high enough to lead to poor performance
INFO 2022-08-08 14:26:31,506 - com.optimyth.qaking.codeanalysis.tainting.AbstractNeutralizationPropagation: In block containing neutralization at FileUtils.java line 90, complexity (ccn=30) is below its limit but high enough to lead to poor performance
INFO 2022-08-08 14:26:31,514 - com.optimyth.qaking.codeanalysis.tainting.TaintingAnalyzer: In block containing sink at FileUtils.java line 48, complexity (ccn=30) is below its limit but high enough to lead to poor performance
INFO 2022-08-08 14:26:31,522 - com.optimyth.qaking.codeanalysis.tainting.TaintingAnalyzer: In block containing sink at FileUtils.java line 72, complexity (ccn=30) is below its limit but high enough to lead to poor performance
INFO 2022-08-08 14:26:31,522 - com.optimyth.qaking.codeanalysis.tainting.TaintingAnalyzer: In block containing sink at FileUtils.java line 72, complexity (ccn=30) is below its limit but high enough to lead to poor performance
INFO 2022-08-08 14:26:31,523 - com.optimyth.qaking.codeanalysis.tainting.TaintingAnalyzer: In block containing sink at FileUtils.java line 75, complexity (ccn=30) is below its limit but high enough to lead to poor performance
INFO 2022-08-08 14:26:31,523 - com.optimyth.qaking.codeanalysis.tainting.TaintingAnalyzer: In block containing sink at FileUtils.java line 126, complexity (ccn=30) is below its limit but high enough to lead to poor performance
INFO 2022-08-08 14:26:31,530 - com.optimyth.qaking.codeanalysis.tainting.TaintingAnalyzer: In block containing sink at FileUtils.java line 126, complexity (ccn=30) is below its limit but high enough to lead to poor performance
INFO 2022-08-08 14:26:31,537 - com.optimyth.qaking.codeanalysis.tainting.TaintingAnalyzer: In block containing sink at FileUtils.java line 126, complexity (ccn=30) is below its limit but high enough to lead to poor performance
INFO 2022-08-08 14:26:31,542 - com.optimyth.qaking.codeanalysis.tainting.TaintingAnalyzer: In block containing sink at FileUtils.java line 126, complexity (ccn=30) is below its limit but high enough to lead to poor performance
INFO 2022-08-08 14:26:31,546 - com.optimyth.qaking.codeanalysis.tainting.TaintingAnalyzer: In block containing sink at FileUtils.java line 140, complexity (ccn=30) is below its limit but high enough to lead to poor performance
INFO 2022-08-08 14:26:31,551 - com.optimyth.qaking.codeanalysis.tainting.TaintingAnalyzer: In block containing sink at FileUtils.java line 140, complexity (ccn=30) is below its limit but high enough to lead to poor performance
INFO 2022-08-08 14:26:31,557 - com.optimyth.qaking.codeanalysis.tainting.TaintingAnalyzer: In block containing sink at FileUtils.java line 140, complexity (ccn=30) is below its limit but high enough to lead to poor performance
INFO 2022-08-08 14:26:31,557 - com.optimyth.qaking.codeanalysis.tainting.TaintingAnalyzer: In block containing sink at FileUtils.java line 140, complexity (ccn=30) is below its limit but high enough to lead to poor performance
INFO 2022-08-08 14:26:31,568 - com.optimyth.qaking.codeanalysis.tainting.TaintingAnalyzer: In block containing sink at FileUtils.java line 151, complexity (ccn=30) is below its limit but high enough to lead to poor performance
INFO 2022-08-08 14:26:31,576 - com.optimyth.qaking.codeanalysis.tainting.TaintingAnalyzer: In block containing sink at FileUtils.java line 172, complexity (ccn=30) is below its limit but high enough to lead to poor performance
INFO 2022-08-08 14:26:31,848 - com.optimyth.qaking.codeanalysis.tainting.TaintingAnalyzer: Sink in dead-code. Ignored:
INFO 2022-08-08 14:26:31,849 - com.optimyth.qaking.codeanalysis.tainting.TaintingAnalyzer: GuideMeSDK-Android-dev/myguideSdkPlayer/src/main/java/org/player/sdk/restapi/api/IPSDKCloudImpl.java, line 146 [sink (json_injection:other [0])] .fromJson
INFO 2022-08-08 14:26:31,851 - com.optimyth.qaking.codeanalysis.tainting.TaintingAnalyzer: Sink in dead-code. Ignored:
INFO 2022-08-08 14:26:31,851 - com.optimyth.qaking.codeanalysis.tainting.TaintingAnalyzer: GuideMeSDK-Android-dev/myguideSdkPlayer/src/main/java/org/player/sdk/restapi/api/IPSDKCloudImpl.java, line 181 [sink (json_injection:other [0])] .fromJson
INFO 2022-08-08 14:26:31,853 - com.optimyth.qaking.codeanalysis.tainting.TaintingAnalyzer: Sink in dead-code. Ignored:
INFO 2022-08-08 14:26:31,853 - com.optimyth.qaking.codeanalysis.tainting.TaintingAnalyzer: GuideMeSDK-Android-dev/myguideSdkPlayer/src/main/java/org/player/sdk/restapi/api/IPSDKCloudImpl.java, line 220 [sink (json_injection:other [0])] .fromJson
INFO 2022-08-08 14:26:31,856 - com.optimyth.qaking.codeanalysis.tainting.TaintingAnalyzer: Sink in dead-code. Ignored:
INFO 2022-08-08 14:26:31,857 - com.optimyth.qaking.codeanalysis.tainting.TaintingAnalyzer: GuideMeSDK-Android-dev/myguideSdkPlayer/src/main/java/org/player/sdk/restapi/api/IPSDKCloudImpl.java, line 261 [sink (json_injection:other [0])] .fromJson
INFO 2022-08-08 14:26:31,859 - com.optimyth.qaking.codeanalysis.tainting.TaintingAnalyzer: Sink in dead-code. Ignored:
INFO 2022-08-08 14:26:31,859 - com.optimyth.qaking.codeanalysis.tainting.TaintingAnalyzer: GuideMeSDK-Android-dev/myguideSdkPlayer/src/main/java/org/player/sdk/restapi/api/IPSDKCloudImpl.java, line 298 [sink (json_injection:other [0])] .fromJson
INFO 2022-08-08 14:26:31,861 - com.optimyth.qaking.codeanalysis.tainting.TaintingAnalyzer: Sink in dead-code. Ignored:
INFO 2022-08-08 14:26:31,861 - com.optimyth.qaking.codeanalysis.tainting.TaintingAnalyzer: GuideMeSDK-Android-dev/myguideSdkPlayer/src/main/java/org/player/sdk/restapi/api/IPSDKCloudImpl.java, line 336 [sink (json_injection:other [0])] .fromJson
INFO 2022-08-08 14:26:31,863 - com.optimyth.qaking.codeanalysis.tainting.TaintingAnalyzer: Sink in dead-code. Ignored:
INFO 2022-08-08 14:26:31,863 - com.optimyth.qaking.codeanalysis.tainting.TaintingAnalyzer: GuideMeSDK-Android-dev/myguideSdkPlayer/src/main/java/org/player/sdk/restapi/api/IPSDKCloudImpl.java, line 374 [sink (json_injection:other [0])] .fromJson
INFO 2022-08-08 14:26:31,871 - com.optimyth.qaking.codeanalysis.tainting.TaintingAnalyzer: Sink in dead-code. Ignored:
INFO 2022-08-08 14:26:31,872 - com.optimyth.qaking.codeanalysis.tainting.TaintingAnalyzer: GuideMeSDK-Android-dev/myguideSdkPlayer/src/main/java/org/player/sdk/restapi/api/IPSDKCloudImpl.java, line 479 [sink (json_injection:other [0])] .fromJson
INFO 2022-08-08 14:26:31,873 - com.optimyth.qaking.codeanalysis.tainting.TaintingAnalyzer: Sink in dead-code. Ignored:
INFO 2022-08-08 14:26:31,876 - com.optimyth.qaking.codeanalysis.tainting.TaintingAnalyzer: GuideMeSDK-Android-dev/myguideSdkPlayer/src/main/java/org/player/sdk/restapi/api/IPSDKCloudImpl.java, line 509 [sink (json_injection:other [0])] .fromJson
INFO 2022-08-08 14:26:31,877 - com.optimyth.qaking.codeanalysis.tainting.TaintingAnalyzer: Sink in dead-code. Ignored:
INFO 2022-08-08 14:26:31,877 - com.optimyth.qaking.codeanalysis.tainting.TaintingAnalyzer: GuideMeSDK-Android-dev/myguideSdkPlayer/src/main/java/org/player/sdk/restapi/api/IPSDKCloudImpl.java, line 538 [sink (json_injection:other [0])] .fromJson
INFO 2022-08-08 14:26:31,915 - com.optimyth.qaking.codeanalysis.tainting.TaintingAnalyzer: Sink in dead-code. Ignored:
INFO 2022-08-08 14:26:31,915 - com.optimyth.qaking.codeanalysis.tainting.TaintingAnalyzer: GuideMeSDK-Android-dev/myguideSdkPlayer/src/main/java/org/player/sdk/restapi/api/IPSDKCloudImpl.java, line 960 [sink (json_injection:other [0])] .fromJson
INFO 2022-08-08 14:26:31,961 - com.optimyth.qaking.codeanalysis.tainting.TaintingAnalyzer: Sink in dead-code. Ignored:
INFO 2022-08-08 14:26:31,961 - com.optimyth.qaking.codeanalysis.tainting.TaintingAnalyzer: GuideMeSDK-Android-dev/myguideSdkPlayer/src/main/java/org/player/sdk/restapi/api/IPSDKCloudImpl.java, line 1375 [sink (json_injection:other [0])] .fromJson
INFO 2022-08-08 14:26:31,961 - com.optimyth.qaking.codeanalysis.tainting.TaintingAnalyzer: Sink in dead-code. Ignored:
INFO 2022-08-08 14:26:31,961 - com.optimyth.qaking.codeanalysis.tainting.TaintingAnalyzer: GuideMeSDK-Android-dev/myguideSdkPlayer/src/main/java/org/player/sdk/restapi/api/IPSDKCloudImpl.java, line 1412 [sink (json_injection:other [0])] .fromJson
INFO 2022-08-08 14:26:32,136 - com.optimyth.qaking.codeanalysis.tainting.TaintingAnalyzer: Sink in dead-code. Ignored:
INFO 2022-08-08 14:26:32,136 - com.optimyth.qaking.codeanalysis.tainting.TaintingAnalyzer: GuideMeSDK-Android-dev/myguideSdkPlayer/src/main/java/org/player/sdk/restapi/api/IPSDKCloudImpl.java, line 1731 [sink (json_injection:other [0])] .fromJson
INFO 2022-08-08 14:26:32,142 - com.optimyth.qaking.codeanalysis.tainting.TaintingAnalyzer: Sink in dead-code. Ignored:
INFO 2022-08-08 14:26:32,142 - com.optimyth.qaking.codeanalysis.tainting.TaintingAnalyzer: GuideMeSDK-Android-dev/myguideSdkPlayer/src/main/java/org/player/sdk/restapi/api/IPSDKCloudImpl.java, line 1807 [sink (json_injection:other [0])] .fromJson
INFO 2022-08-08 14:26:37,443 - com.optimyth.qaking.codeanalysis.tainting.AbstractNeutralizationPropagation: In block containing neutralization at FileUtils.java line 63, complexity (ccn=30) is below its limit but high enough to lead to poor performance
INFO 2022-08-08 14:26:37,443 - com.optimyth.qaking.codeanalysis.tainting.AbstractNeutralizationPropagation: In block containing neutralization at FileUtils.java line 63, complexity (ccn=30) is below its limit but high enough to lead to poor performance
INFO 2022-08-08 14:26:37,444 - com.optimyth.qaking.codeanalysis.tainting.AbstractNeutralizationPropagation: In block containing neutralization at FileUtils.java line 72, complexity (ccn=30) is below its limit but high enough to lead to poor performance
INFO 2022-08-08 14:26:37,445 - com.optimyth.qaking.codeanalysis.tainting.AbstractNeutralizationPropagation: In block containing neutralization at FileUtils.java line 86, complexity (ccn=30) is below its limit but high enough to lead to poor performance
INFO 2022-08-08 14:26:37,445 - com.optimyth.qaking.codeanalysis.tainting.AbstractNeutralizationPropagation: In block containing neutralization at FileUtils.java line 86, complexity (ccn=30) is below its limit but high enough to lead to poor performance
INFO 2022-08-08 14:26:37,446 - com.optimyth.qaking.codeanalysis.tainting.AbstractNeutralizationPropagation: In block containing neutralization at FileUtils.java line 91, complexity (ccn=30) is below its limit but high enough to lead to poor performance
INFO 2022-08-08 14:26:37,447 - com.optimyth.qaking.codeanalysis.tainting.AbstractNeutralizationPropagation: In block containing neutralization at FileUtils.java line 90, complexity (ccn=30) is below its limit but high enough to lead to poor performance
INFO 2022-08-08 14:26:37,451 - com.optimyth.qaking.codeanalysis.tainting.TaintingAnalyzer: In block containing sink at FileUtils.java line 126, complexity (ccn=30) is below its limit but high enough to lead to poor performance
INFO 2022-08-08 14:26:37,457 - com.optimyth.qaking.codeanalysis.tainting.TaintingAnalyzer: In block containing sink at FileUtils.java line 140, complexity (ccn=30) is below its limit but high enough to lead to poor performance
INFO 2022-08-08 14:26:37,485 - com.optimyth.qaking.codeanalysis.tainting.TaintingAnalyzer: In block containing sink at FileUtils.java line 48, complexity (ccn=30) is below its limit but high enough to lead to poor performance
INFO 2022-08-08 14:26:37,490 - com.optimyth.qaking.codeanalysis.tainting.TaintingAnalyzer: In block containing sink at FileUtils.java line 75, complexity (ccn=30) is below its limit but high enough to lead to poor performance
INFO 2022-08-08 14:26:37,491 - com.optimyth.qaking.codeanalysis.tainting.TaintingAnalyzer: In block containing sink at FileUtils.java line 99, complexity (ccn=30) is below its limit but high enough to lead to poor performance
INFO 2022-08-08 14:26:37,491 - com.optimyth.qaking.codeanalysis.tainting.TaintingAnalyzer: In block containing sink at FileUtils.java line 121, complexity (ccn=30) is below its limit but high enough to lead to poor performance
INFO 2022-08-08 14:26:37,492 - com.optimyth.qaking.codeanalysis.tainting.TaintingAnalyzer: In block containing sink at FileUtils.java line 126, complexity (ccn=30) is below its limit but high enough to lead to poor performance
INFO 2022-08-08 14:26:37,495 - com.optimyth.qaking.codeanalysis.tainting.TaintingAnalyzer: In block containing sink at FileUtils.java line 140, complexity (ccn=30) is below its limit but high enough to lead to poor performance
INFO 2022-08-08 14:26:37,500 - com.optimyth.qaking.codeanalysis.tainting.TaintingAnalyzer: In block containing sink at FileUtils.java line 151, complexity (ccn=30) is below its limit but high enough to lead to poor performance
INFO 2022-08-08 14:26:37,503 - com.optimyth.qaking.codeanalysis.tainting.TaintingAnalyzer: In block containing sink at FileUtils.java line 172, complexity (ccn=30) is below its limit but high enough to lead to poor performance
INFO 2022-08-08 14:26:37,615 - com.optimyth.qaking.codeanalysis.tainting.TaintingAnalyzer: In block containing sink at FileUtils.java line 72, complexity (ccn=30) is below its limit but high enough to lead to poor performance
INFO 2022-08-08 14:26:37,639 - com.optimyth.qaking.codeanalysis.tainting.TaintingAnalyzer: In block containing sink at FileUtils.java line 126, complexity (ccn=30) is below its limit but high enough to lead to poor performance
INFO 2022-08-08 14:26:37,647 - com.optimyth.qaking.codeanalysis.tainting.TaintingAnalyzer: In block containing sink at FileUtils.java line 140, complexity (ccn=30) is below its limit but high enough to lead to poor performance
INFO 2022-08-08 14:26:37,703 - com.optimyth.qaking.codeanalysis.tainting.TaintingAnalyzer: In block containing sink at FileUtils.java line 126, complexity (ccn=30) is below its limit but high enough to lead to poor performance
INFO 2022-08-08 14:26:37,711 - com.optimyth.qaking.codeanalysis.tainting.TaintingAnalyzer: In block containing sink at FileUtils.java line 140, complexity (ccn=30) is below its limit but high enough to lead to poor performance
INFO 2022-08-08 14:26:37,891 - com.optimyth.qaking.codeanalysis.tainting.TaintingAnalyzer: In block containing sink at FileUtils.java line 72, complexity (ccn=30) is below its limit but high enough to lead to poor performance
INFO 2022-08-08 14:26:37,909 - com.optimyth.qaking.codeanalysis.tainting.TaintingAnalyzer: In block containing sink at FileUtils.java line 36, complexity (ccn=30) is below its limit but high enough to lead to poor performance
INFO 2022-08-08 14:26:37,920 - com.optimyth.qaking.codeanalysis.tainting.TaintingAnalyzer: In block containing sink at FileUtils.java line 36, complexity (ccn=30) is below its limit but high enough to lead to poor performance
INFO 2022-08-08 14:26:37,921 - com.optimyth.qaking.codeanalysis.tainting.TaintingAnalyzer: In block containing sink at FileUtils.java line 36, complexity (ccn=30) is below its limit but high enough to lead to poor performance
INFO 2022-08-08 14:26:37,922 - com.optimyth.qaking.codeanalysis.tainting.TaintingAnalyzer: In block containing sink at FileUtils.java line 126, complexity (ccn=30) is below its limit but high enough to lead to poor performance
INFO 2022-08-08 14:26:37,923 - com.optimyth.qaking.codeanalysis.tainting.TaintingAnalyzer: In block containing sink at FileUtils.java line 126, complexity (ccn=30) is below its limit but high enough to lead to poor performance
INFO 2022-08-08 14:26:37,923 - com.optimyth.qaking.codeanalysis.tainting.TaintingAnalyzer: In block containing sink at FileUtils.java line 140, complexity (ccn=30) is below its limit but high enough to lead to poor performance
INFO 2022-08-08 14:26:37,923 - com.optimyth.qaking.codeanalysis.tainting.TaintingAnalyzer: In block containing sink at FileUtils.java line 140, complexity (ccn=30) is below its limit but high enough to lead to poor performance
INFO 2022-08-08 14:26:39,592 - com.optimyth.qaking.codeanalysis.tainting.TaintingAnalyzer: Sink in dead-code. Ignored:
INFO 2022-08-08 14:26:39,592 - com.optimyth.qaking.codeanalysis.tainting.TaintingAnalyzer: GuideMeSDK-Android-dev/myguideSdkPlayer/src/main/java/org/player/sdk/restapi/api/IPSDKCloudImpl.java, line 146 [sink (json_injection:other [0])] .fromJson
INFO 2022-08-08 14:26:39,593 - com.optimyth.qaking.codeanalysis.tainting.TaintingAnalyzer: Sink in dead-code. Ignored:
INFO 2022-08-08 14:26:39,594 - com.optimyth.qaking.codeanalysis.tainting.TaintingAnalyzer: GuideMeSDK-Android-dev/myguideSdkPlayer/src/main/java/org/player/sdk/restapi/api/IPSDKCloudImpl.java, line 181 [sink (json_injection:other [0])] .fromJson
INFO 2022-08-08 14:26:39,595 - com.optimyth.qaking.codeanalysis.tainting.TaintingAnalyzer: Sink in dead-code. Ignored:
INFO 2022-08-08 14:26:39,595 - com.optimyth.qaking.codeanalysis.tainting.TaintingAnalyzer: GuideMeSDK-Android-dev/myguideSdkPlayer/src/main/java/org/player/sdk/restapi/api/IPSDKCloudImpl.java, line 220 [sink (json_injection:other [0])] .fromJson
INFO 2022-08-08 14:26:39,595 - com.optimyth.qaking.codeanalysis.tainting.TaintingAnalyzer: Sink in dead-code. Ignored:
INFO 2022-08-08 14:26:39,595 - com.optimyth.qaking.codeanalysis.tainting.TaintingAnalyzer: GuideMeSDK-Android-dev/myguideSdkPlayer/src/main/java/org/player/sdk/restapi/api/IPSDKCloudImpl.java, line 261 [sink (json_injection:other [0])] .fromJson
INFO 2022-08-08 14:26:39,595 - com.optimyth.qaking.codeanalysis.tainting.TaintingAnalyzer: Sink in dead-code. Ignored:
INFO 2022-08-08 14:26:39,595 - com.optimyth.qaking.codeanalysis.tainting.TaintingAnalyzer: GuideMeSDK-Android-dev/myguideSdkPlayer/src/main/java/org/player/sdk/restapi/api/IPSDKCloudImpl.java, line 298 [sink (json_injection:other [0])] .fromJson
INFO 2022-08-08 14:26:39,597 - com.optimyth.qaking.codeanalysis.tainting.TaintingAnalyzer: Sink in dead-code. Ignored:
INFO 2022-08-08 14:26:39,597 - com.optimyth.qaking.codeanalysis.tainting.TaintingAnalyzer: GuideMeSDK-Android-dev/myguideSdkPlayer/src/main/java/org/player/sdk/restapi/api/IPSDKCloudImpl.java, line 336 [sink (json_injection:other [0])] .fromJson
INFO 2022-08-08 14:26:39,598 - com.optimyth.qaking.codeanalysis.tainting.TaintingAnalyzer: Sink in dead-code. Ignored:
INFO 2022-08-08 14:26:39,598 - com.optimyth.qaking.codeanalysis.tainting.TaintingAnalyzer: GuideMeSDK-Android-dev/myguideSdkPlayer/src/main/java/org/player/sdk/restapi/api/IPSDKCloudImpl.java, line 374 [sink (json_injection:other [0])] .fromJson
INFO 2022-08-08 14:26:39,600 - com.optimyth.qaking.codeanalysis.tainting.TaintingAnalyzer: Sink in dead-code. Ignored:
INFO 2022-08-08 14:26:39,600 - com.optimyth.qaking.codeanalysis.tainting.TaintingAnalyzer: GuideMeSDK-Android-dev/myguideSdkPlayer/src/main/java/org/player/sdk/restapi/api/IPSDKCloudImpl.java, line 479 [sink (json_injection:other [0])] .fromJson
INFO 2022-08-08 14:26:39,601 - com.optimyth.qaking.codeanalysis.tainting.TaintingAnalyzer: Sink in dead-code. Ignored:
INFO 2022-08-08 14:26:39,601 - com.optimyth.qaking.codeanalysis.tainting.TaintingAnalyzer: GuideMeSDK-Android-dev/myguideSdkPlayer/src/main/java/org/player/sdk/restapi/api/IPSDKCloudImpl.java, line 509 [sink (json_injection:other [0])] .fromJson
INFO 2022-08-08 14:26:39,603 - com.optimyth.qaking.codeanalysis.tainting.TaintingAnalyzer: Sink in dead-code. Ignored:
INFO 2022-08-08 14:26:39,603 - com.optimyth.qaking.codeanalysis.tainting.TaintingAnalyzer: GuideMeSDK-Android-dev/myguideSdkPlayer/src/main/java/org/player/sdk/restapi/api/IPSDKCloudImpl.java, line 538 [sink (json_injection:other [0])] .fromJson
INFO 2022-08-08 14:26:39,609 - com.optimyth.qaking.codeanalysis.tainting.TaintingAnalyzer: Sink in dead-code. Ignored:
INFO 2022-08-08 14:26:39,609 - com.optimyth.qaking.codeanalysis.tainting.TaintingAnalyzer: GuideMeSDK-Android-dev/myguideSdkPlayer/src/main/java/org/player/sdk/restapi/api/IPSDKCloudImpl.java, line 960 [sink (json_injection:other [0])] .fromJson
INFO 2022-08-08 14:26:39,624 - com.optimyth.qaking.codeanalysis.tainting.TaintingAnalyzer: Sink in dead-code. Ignored:
INFO 2022-08-08 14:26:39,624 - com.optimyth.qaking.codeanalysis.tainting.TaintingAnalyzer: GuideMeSDK-Android-dev/myguideSdkPlayer/src/main/java/org/player/sdk/restapi/api/IPSDKCloudImpl.java, line 1375 [sink (json_injection:other [0])] .fromJson
INFO 2022-08-08 14:26:39,625 - com.optimyth.qaking.codeanalysis.tainting.TaintingAnalyzer: Sink in dead-code. Ignored:
INFO 2022-08-08 14:26:39,625 - com.optimyth.qaking.codeanalysis.tainting.TaintingAnalyzer: GuideMeSDK-Android-dev/myguideSdkPlayer/src/main/java/org/player/sdk/restapi/api/IPSDKCloudImpl.java, line 1412 [sink (json_injection:other [0])] .fromJson
INFO 2022-08-08 14:26:39,627 - com.optimyth.qaking.codeanalysis.tainting.TaintingAnalyzer: Sink in dead-code. Ignored:
INFO 2022-08-08 14:26:39,627 - com.optimyth.qaking.codeanalysis.tainting.TaintingAnalyzer: GuideMeSDK-Android-dev/myguideSdkPlayer/src/main/java/org/player/sdk/restapi/api/IPSDKCloudImpl.java, line 1731 [sink (json_injection:other [0])] .fromJson
INFO 2022-08-08 14:26:39,629 - com.optimyth.qaking.codeanalysis.tainting.TaintingAnalyzer: Sink in dead-code. Ignored:
INFO 2022-08-08 14:26:39,629 - com.optimyth.qaking.codeanalysis.tainting.TaintingAnalyzer: GuideMeSDK-Android-dev/myguideSdkPlayer/src/main/java/org/player/sdk/restapi/api/IPSDKCloudImpl.java, line 1807 [sink (json_injection:other [0])] .fromJson
INFO 2022-08-08 14:26:39,630 - com.optimyth.qaking.codeanalysis.tainting.TaintingAnalyzer: Sink in dead-code. Ignored:
INFO 2022-08-08 14:26:39,630 - com.optimyth.qaking.codeanalysis.tainting.TaintingAnalyzer: GuideMeSDK-Android-dev/myguideSdkPlayer/src/main/java/org/player/sdk/restapi/api/IPSDKCloudImpl.java, line 146 [sink (json_injection:other [0])] .fromJson
INFO 2022-08-08 14:26:39,631 - com.optimyth.qaking.codeanalysis.tainting.TaintingAnalyzer: Sink in dead-code. Ignored:
INFO 2022-08-08 14:26:39,631 - com.optimyth.qaking.codeanalysis.tainting.TaintingAnalyzer: GuideMeSDK-Android-dev/myguideSdkPlayer/src/main/java/org/player/sdk/restapi/api/IPSDKCloudImpl.java, line 181 [sink (json_injection:other [0])] .fromJson
INFO 2022-08-08 14:26:39,632 - com.optimyth.qaking.codeanalysis.tainting.TaintingAnalyzer: Sink in dead-code. Ignored:
INFO 2022-08-08 14:26:39,632 - com.optimyth.qaking.codeanalysis.tainting.TaintingAnalyzer: GuideMeSDK-Android-dev/myguideSdkPlayer/src/main/java/org/player/sdk/restapi/api/IPSDKCloudImpl.java, line 220 [sink (json_injection:other [0])] .fromJson
INFO 2022-08-08 14:26:39,632 - com.optimyth.qaking.codeanalysis.tainting.TaintingAnalyzer: Sink in dead-code. Ignored:
INFO 2022-08-08 14:26:39,632 - com.optimyth.qaking.codeanalysis.tainting.TaintingAnalyzer: GuideMeSDK-Android-dev/myguideSdkPlayer/src/main/java/org/player/sdk/restapi/api/IPSDKCloudImpl.java, line 261 [sink (json_injection:other [0])] .fromJson
INFO 2022-08-08 14:26:39,633 - com.optimyth.qaking.codeanalysis.tainting.TaintingAnalyzer: Sink in dead-code. Ignored:
INFO 2022-08-08 14:26:39,633 - com.optimyth.qaking.codeanalysis.tainting.TaintingAnalyzer: GuideMeSDK-Android-dev/myguideSdkPlayer/src/main/java/org/player/sdk/restapi/api/IPSDKCloudImpl.java, line 298 [sink (json_injection:other [0])] .fromJson
INFO 2022-08-08 14:26:39,635 - com.optimyth.qaking.codeanalysis.tainting.TaintingAnalyzer: Sink in dead-code. Ignored:
INFO 2022-08-08 14:26:39,635 - com.optimyth.qaking.codeanalysis.tainting.TaintingAnalyzer: GuideMeSDK-Android-dev/myguideSdkPlayer/src/main/java/org/player/sdk/restapi/api/IPSDKCloudImpl.java, line 336 [sink (json_injection:other [0])] .fromJson
INFO 2022-08-08 14:26:39,636 - com.optimyth.qaking.codeanalysis.tainting.TaintingAnalyzer: Sink in dead-code. Ignored:
INFO 2022-08-08 14:26:39,637 - com.optimyth.qaking.codeanalysis.tainting.TaintingAnalyzer: GuideMeSDK-Android-dev/myguideSdkPlayer/src/main/java/org/player/sdk/restapi/api/IPSDKCloudImpl.java, line 374 [sink (json_injection:other [0])] .fromJson
INFO 2022-08-08 14:26:39,639 - com.optimyth.qaking.codeanalysis.tainting.TaintingAnalyzer: Sink in dead-code. Ignored:
INFO 2022-08-08 14:26:39,639 - com.optimyth.qaking.codeanalysis.tainting.TaintingAnalyzer: GuideMeSDK-Android-dev/myguideSdkPlayer/src/main/java/org/player/sdk/restapi/api/IPSDKCloudImpl.java, line 479 [sink (json_injection:other [0])] .fromJson
INFO 2022-08-08 14:26:39,640 - com.optimyth.qaking.codeanalysis.tainting.TaintingAnalyzer: Sink in dead-code. Ignored:
INFO 2022-08-08 14:26:39,640 - com.optimyth.qaking.codeanalysis.tainting.TaintingAnalyzer: GuideMeSDK-Android-dev/myguideSdkPlayer/src/main/java/org/player/sdk/restapi/api/IPSDKCloudImpl.java, line 509 [sink (json_injection:other [0])] .fromJson
INFO 2022-08-08 14:26:39,640 - com.optimyth.qaking.codeanalysis.tainting.TaintingAnalyzer: Sink in dead-code. Ignored:
INFO 2022-08-08 14:26:39,640 - com.optimyth.qaking.codeanalysis.tainting.TaintingAnalyzer: GuideMeSDK-Android-dev/myguideSdkPlayer/src/main/java/org/player/sdk/restapi/api/IPSDKCloudImpl.java, line 538 [sink (json_injection:other [0])] .fromJson
INFO 2022-08-08 14:26:39,648 - com.optimyth.qaking.codeanalysis.tainting.TaintingAnalyzer: Sink in dead-code. Ignored:
INFO 2022-08-08 14:26:39,648 - com.optimyth.qaking.codeanalysis.tainting.TaintingAnalyzer: GuideMeSDK-Android-dev/myguideSdkPlayer/src/main/java/org/player/sdk/restapi/api/IPSDKCloudImpl.java, line 960 [sink (json_injection:other [0])] .fromJson
INFO 2022-08-08 14:26:39,652 - com.optimyth.qaking.codeanalysis.tainting.TaintingAnalyzer: Sink in dead-code. Ignored:
INFO 2022-08-08 14:26:39,652 - com.optimyth.qaking.codeanalysis.tainting.TaintingAnalyzer: GuideMeSDK-Android-dev/myguideSdkPlayer/src/main/java/org/player/sdk/restapi/api/IPSDKCloudImpl.java, line 1375 [sink (json_injection:other [0])] .fromJson
INFO 2022-08-08 14:26:39,652 - com.optimyth.qaking.codeanalysis.tainting.TaintingAnalyzer: Sink in dead-code. Ignored:
INFO 2022-08-08 14:26:39,655 - com.optimyth.qaking.codeanalysis.tainting.TaintingAnalyzer: GuideMeSDK-Android-dev/myguideSdkPlayer/src/main/java/org/player/sdk/restapi/api/IPSDKCloudImpl.java, line 1412 [sink (json_injection:other [0])] .fromJson
INFO 2022-08-08 14:26:39,656 - com.optimyth.qaking.codeanalysis.tainting.TaintingAnalyzer: Sink in dead-code. Ignored:
INFO 2022-08-08 14:26:39,657 - com.optimyth.qaking.codeanalysis.tainting.TaintingAnalyzer: GuideMeSDK-Android-dev/myguideSdkPlayer/src/main/java/org/player/sdk/restapi/api/IPSDKCloudImpl.java, line 1731 [sink (json_injection:other [0])] .fromJson
INFO 2022-08-08 14:26:39,658 - com.optimyth.qaking.codeanalysis.tainting.TaintingAnalyzer: Sink in dead-code. Ignored:
INFO 2022-08-08 14:26:39,658 - com.optimyth.qaking.codeanalysis.tainting.TaintingAnalyzer: GuideMeSDK-Android-dev/myguideSdkPlayer/src/main/java/org/player/sdk/restapi/api/IPSDKCloudImpl.java, line 1807 [sink (json_injection:other [0])] .fromJson
