INFO 2022-08-08 14:26:06,841 - com.optimyth.qaking.codeanalysis.metadata.model.LibrariesResolver: Metadata libraries FACTORY directory added = D:\Software\KiuwanLocalAnalyzer\libraries
INFO 2022-08-08 14:26:06,842 - com.optimyth.qaking.codeanalysis.metadata.model.LibrariesResolver: Metadata libraries resolver found 1 directories to inspect: [D:\Software\KiuwanLocalAnalyzer\libraries]
INFO 2022-08-08 14:26:07,326 - com.optimyth.qaking.codeanalysis.metadata.model.functional.FunctionAlias: Cannot resolve target sqlite3DbRealloc for alias sqlite3@sqlite3DbReallocOrFree. Ignored
INFO 2022-08-08 14:26:07,327 - com.optimyth.qaking.codeanalysis.metadata.model.functional.FunctionAlias: Cannot resolve target vprintf for alias glib@g_vprintf. Ignored
WARN 2022-08-08 14:26:07,572 - com.optimyth.qaking.frameworkmodel.ios.model.IOSModel: Cannot parse xml file: D:\Repos\Edcast Repo\Myguide Android Retest\MyGuidePlayerSDK-master\InlinePlayerSDK.xcframework\ios-arm64_x86_64-simulator\InlinePlayerSDK.framework\ICPSDK-Whitelabel-Options.plist
WARN 2022-08-08 14:26:07,572 - com.optimyth.qaking.frameworkmodel.ios.model.IOSModel: Cannot parse xml file: D:\Repos\Edcast Repo\Myguide Android Retest\MyGuidePlayerSDK-master\InlinePlayerSDK.xcframework\ios-arm64_x86_64-simulator\InlinePlayerSDK.framework\Info.plist
WARN 2022-08-08 14:26:07,579 - com.optimyth.qaking.frameworkmodel.ios.model.IOSModel: Cannot parse xml file: D:\Repos\Edcast Repo\Myguide Android Retest\MyGuidePlayerSDK-master\InlinePlayerSDK.xcframework\ios-arm64_x86_64-simulator\InlinePlayerSDK.framework\IPSDK-Whitelabel-Options.plist
WARN 2022-08-08 14:26:07,581 - com.optimyth.qaking.frameworkmodel.ios.model.IOSModel: Cannot parse xml file: D:\Repos\Edcast Repo\Myguide Android Retest\MyGuidePlayerSDK-master\InlinePlayerSDK.xcframework\ios-arm64_x86_64-simulator\InlinePlayerSDK.framework\IPSDKInfo.plist
WARN 2022-08-08 14:26:07,583 - com.optimyth.qaking.frameworkmodel.ios.model.IOSModel: Cannot parse xml file: D:\Repos\Edcast Repo\Myguide Android Retest\MyGuidePlayerSDK-master\InlinePlayerSDK.xcframework\ios-arm64\InlinePlayerSDK.framework\ICPSDK-Whitelabel-Options.plist
WARN 2022-08-08 14:26:07,584 - com.optimyth.qaking.frameworkmodel.ios.model.IOSModel: Cannot parse xml file: D:\Repos\Edcast Repo\Myguide Android Retest\MyGuidePlayerSDK-master\InlinePlayerSDK.xcframework\ios-arm64\InlinePlayerSDK.framework\Info.plist
WARN 2022-08-08 14:26:07,586 - com.optimyth.qaking.frameworkmodel.ios.model.IOSModel: Cannot parse xml file: D:\Repos\Edcast Repo\Myguide Android Retest\MyGuidePlayerSDK-master\InlinePlayerSDK.xcframework\ios-arm64\InlinePlayerSDK.framework\IPSDK-Whitelabel-Options.plist
WARN 2022-08-08 14:26:07,586 - com.optimyth.qaking.frameworkmodel.ios.model.IOSModel: Cannot parse xml file: D:\Repos\Edcast Repo\Myguide Android Retest\MyGuidePlayerSDK-master\InlinePlayerSDK.xcframework\ios-arm64\InlinePlayerSDK.framework\IPSDKInfo.plist
WARN 2022-08-08 14:26:07,588 - com.optimyth.qaking.frameworkmodel.ios.model.IOSModel: Cannot parse xml file: D:\Repos\Edcast Repo\Myguide Android Retest\MyGuidePlayerSDK-master\InlinePlayerSDK.xcframework\ios-arm64_x86_64-simulator\InlinePlayerSDK.framework\ICPSDKCommon.storyboardc\Info.plist
WARN 2022-08-08 14:26:07,590 - com.optimyth.qaking.frameworkmodel.ios.model.IOSModel: Cannot parse xml file: D:\Repos\Edcast Repo\Myguide Android Retest\MyGuidePlayerSDK-master\InlinePlayerSDK.xcframework\ios-arm64_x86_64-simulator\InlinePlayerSDK.framework\IPSDKCommon.storyboardc\Info.plist
WARN 2022-08-08 14:26:07,592 - com.optimyth.qaking.frameworkmodel.ios.model.IOSModel: Cannot parse xml file: D:\Repos\Edcast Repo\Myguide Android Retest\MyGuidePlayerSDK-master\InlinePlayerSDK.xcframework\ios-arm64_x86_64-simulator\InlinePlayerSDK.framework\IPSDKLogin.storyboardc\Info.plist
WARN 2022-08-08 14:26:07,593 - com.optimyth.qaking.frameworkmodel.ios.model.IOSModel: Cannot parse xml file: D:\Repos\Edcast Repo\Myguide Android Retest\MyGuidePlayerSDK-master\InlinePlayerSDK.xcframework\ios-arm64_x86_64-simulator\InlinePlayerSDK.framework\IPSDKPlayer.storyboardc\Info.plist
WARN 2022-08-08 14:26:07,596 - com.optimyth.qaking.frameworkmodel.ios.model.IOSModel: Cannot parse xml file: D:\Repos\Edcast Repo\Myguide Android Retest\MyGuidePlayerSDK-master\InlinePlayerSDK.xcframework\ios-arm64_x86_64-simulator\InlinePlayerSDK.framework\IPSDKShowMe.storyboardc\Info.plist
WARN 2022-08-08 14:26:07,598 - com.optimyth.qaking.frameworkmodel.ios.model.IOSModel: Cannot parse xml file: D:\Repos\Edcast Repo\Myguide Android Retest\MyGuidePlayerSDK-master\InlinePlayerSDK.xcframework\ios-arm64\InlinePlayerSDK.framework\ICPSDKCommon.storyboardc\Info.plist
WARN 2022-08-08 14:26:07,600 - com.optimyth.qaking.frameworkmodel.ios.model.IOSModel: Cannot parse xml file: D:\Repos\Edcast Repo\Myguide Android Retest\MyGuidePlayerSDK-master\InlinePlayerSDK.xcframework\ios-arm64\InlinePlayerSDK.framework\IPSDKCommon.storyboardc\Info.plist
WARN 2022-08-08 14:26:07,601 - com.optimyth.qaking.frameworkmodel.ios.model.IOSModel: Cannot parse xml file: D:\Repos\Edcast Repo\Myguide Android Retest\MyGuidePlayerSDK-master\InlinePlayerSDK.xcframework\ios-arm64\InlinePlayerSDK.framework\IPSDKLogin.storyboardc\Info.plist
WARN 2022-08-08 14:26:07,603 - com.optimyth.qaking.frameworkmodel.ios.model.IOSModel: Cannot parse xml file: D:\Repos\Edcast Repo\Myguide Android Retest\MyGuidePlayerSDK-master\InlinePlayerSDK.xcframework\ios-arm64\InlinePlayerSDK.framework\IPSDKPlayer.storyboardc\Info.plist
WARN 2022-08-08 14:26:07,604 - com.optimyth.qaking.frameworkmodel.ios.model.IOSModel: Cannot parse xml file: D:\Repos\Edcast Repo\Myguide Android Retest\MyGuidePlayerSDK-master\InlinePlayerSDK.xcframework\ios-arm64\InlinePlayerSDK.framework\IPSDKShowMe.storyboardc\Info.plist
