INFO 2022-11-07 17:06:57,896 - Analysis initialization: FINISHED
INFO 2022-11-07 17:06:57,897 - -----------------------------------------------------
INFO 2022-11-07 17:06:57,897 - Starting analysis for application "Edcast iOS Mobile"
INFO 2022-11-07 17:06:57,897 - -----------------------------------------------------
INFO 2022-11-07 17:06:57,898 - Model retrieval: STARTED
INFO 2022-11-07 17:06:58,815 - Model retrieved from cache
INFO 2022-11-07 17:06:58,815 - Model retrieval: FINISHED
INFO 2022-11-07 17:06:58,815 - Analysis authorization: STARTED
INFO 2022-11-07 17:06:59,567 - Upload analyzed source code forced to "false" - not allowed for user / application
INFO 2022-11-07 17:06:59,568 - Analysis authorization: FINISHED
INFO 2022-11-07 17:06:59,575 - License check: STARTED
INFO 2022-11-07 17:07:00,427 - License check: FINISHED
INFO 2022-11-07 17:07:00,428 - Prepare analysis data: STARTED
INFO 2022-11-07 17:07:00,492 - Prepare analysis data: FINISHED
INFO 2022-11-07 17:07:00,493 - Prepare source code files for upload: STARTED
INFO 2022-11-07 17:07:00,494 - Prepare source code files for upload: FINISHED
WARN 2022-11-07 17:07:02,427 - -----------------------------------------------------
WARN 2022-11-07 17:07:02,427 - Executing rules analysis for technology objectivec
WARN 2022-11-07 17:07:02,428 - -----------------------------------------------------
WARN 2022-11-07 17:07:02,428 - directory: D:\Repos\Edcast Repo 2022-23\edcast-ios-develop
WARN 2022-11-07 17:07:02,428 - bill-of-materials: 
WARN 2022-11-07 17:07:02,428 - bill-of-materials format: 
WARN 2022-11-07 17:07:02,428 - includes: 
WARN 2022-11-07 17:07:02,428 - excludes: **/src/test/**,**/__MACOSX/**,**/*.min.js,**/*.Designer.vb,**/*.designer.vb,**/*Reference.vb,**/*Service.vb,**/*Silverlight.vb,**/*.Designer.cs,**/*.designer.cs,**/*Reference.cs,**/*Service.cs,**/*Silverlight.cs,**/.*,**/Pods/BuildHeaders/**/*.h,**/Pods/Headers/**/*.h,**/node_modules/**,**/bower_components/**,**/target/**,**/bin/**,**/obj/**,**/dist/**,**/lib/**
WARN 2022-11-07 17:07:02,428 - configuration: D:\Software\KiuwanLocalAnalyzer\bin\..\conf\apps\Edcast iOS Mobile.properties
WARN 2022-11-07 17:07:02,428 - VM version: 1.8.0_333
WARN 2022-11-07 17:07:02,559 - VM settings:
WARN 2022-11-07 17:07:02,560 -     Stack Size: 2.00M
WARN 2022-11-07 17:07:02,560 -     Min. Heap Size: 128.00M
WARN 2022-11-07 17:07:02,560 -     Max. Heap Size: 1.00G
WARN 2022-11-07 17:07:02,560 -     Ergonomics Machine Class: client
WARN 2022-11-07 17:07:02,560 -     Using VM: Java HotSpot(TM) 64-Bit Server VM
WARN 2022-11-07 17:07:02,560 - 
INFO 2022-11-07 17:08:11,937 - Moving 1 file to D:\Software\KiuwanLocalAnalyzer\temp\Edcast iOS Mobile.3832801478653347498\results
INFO 2022-11-07 17:08:11,954 - Deleting: D:\Software\KiuwanLocalAnalyzer\temp\Edcast iOS Mobile.3832801478653347498\results\rules_objectivec.key
WARN 2022-11-07 17:08:12,207 - -----------------------------------------------------
WARN 2022-11-07 17:08:12,207 - Executing metrics analysis for technology objectivec
WARN 2022-11-07 17:08:12,208 - -----------------------------------------------------
WARN 2022-11-07 17:08:12,208 - directory: D:\Repos\Edcast Repo 2022-23\edcast-ios-develop
WARN 2022-11-07 17:08:12,208 - bill-of-materials: 
WARN 2022-11-07 17:08:12,209 - bill-of-materials format: 
WARN 2022-11-07 17:08:12,209 - includes: 
WARN 2022-11-07 17:08:12,209 - excludes: **/src/test/**,**/__MACOSX/**,**/*.min.js,**/*.Designer.vb,**/*.designer.vb,**/*Reference.vb,**/*Service.vb,**/*Silverlight.vb,**/*.Designer.cs,**/*.designer.cs,**/*Reference.cs,**/*Service.cs,**/*Silverlight.cs,**/.*,**/Pods/BuildHeaders/**/*.h,**/Pods/Headers/**/*.h,**/node_modules/**,**/bower_components/**,**/target/**,**/bin/**,**/obj/**,**/dist/**,**/lib/**
WARN 2022-11-07 17:08:12,209 - configuration: D:\Software\KiuwanLocalAnalyzer\bin\..\conf\apps\Edcast iOS Mobile.properties
WARN 2022-11-07 17:08:12,209 - VM version: 1.8.0_333
WARN 2022-11-07 17:08:12,319 - VM settings:
WARN 2022-11-07 17:08:12,321 -     Stack Size: 2.00M
WARN 2022-11-07 17:08:12,321 -     Min. Heap Size: 128.00M
WARN 2022-11-07 17:08:12,321 -     Max. Heap Size: 1.00G
WARN 2022-11-07 17:08:12,321 -     Ergonomics Machine Class: client
WARN 2022-11-07 17:08:12,321 -     Using VM: Java HotSpot(TM) 64-Bit Server VM
WARN 2022-11-07 17:08:12,321 - 
INFO 2022-11-07 17:08:30,806 - Moving 1 file to D:\Software\KiuwanLocalAnalyzer\temp\Edcast iOS Mobile.3832801478653347498\results
INFO 2022-11-07 17:08:30,815 - Deleting: D:\Software\KiuwanLocalAnalyzer\temp\Edcast iOS Mobile.3832801478653347498\results\metrics_objectivec.key
WARN 2022-11-07 17:08:31,043 - -----------------------------------------------------
WARN 2022-11-07 17:08:31,043 - Executing rules analysis for technology html
WARN 2022-11-07 17:08:31,043 - -----------------------------------------------------
WARN 2022-11-07 17:08:31,043 - directory: D:\Repos\Edcast Repo 2022-23\edcast-ios-develop
WARN 2022-11-07 17:08:31,044 - bill-of-materials: 
WARN 2022-11-07 17:08:31,044 - bill-of-materials format: 
WARN 2022-11-07 17:08:31,044 - includes: 
WARN 2022-11-07 17:08:31,044 - excludes: **/src/test/**,**/__MACOSX/**,**/*.min.js,**/*.Designer.vb,**/*.designer.vb,**/*Reference.vb,**/*Service.vb,**/*Silverlight.vb,**/*.Designer.cs,**/*.designer.cs,**/*Reference.cs,**/*Service.cs,**/*Silverlight.cs,**/.*,**/Pods/BuildHeaders/**/*.h,**/Pods/Headers/**/*.h,**/node_modules/**,**/bower_components/**,**/target/**,**/bin/**,**/obj/**,**/dist/**,**/lib/**
WARN 2022-11-07 17:08:31,044 - configuration: D:\Software\KiuwanLocalAnalyzer\bin\..\conf\apps\Edcast iOS Mobile.properties
WARN 2022-11-07 17:08:31,044 - VM version: 1.8.0_333
WARN 2022-11-07 17:08:31,151 - VM settings:
WARN 2022-11-07 17:08:31,152 -     Stack Size: 2.00M
WARN 2022-11-07 17:08:31,152 -     Min. Heap Size: 128.00M
WARN 2022-11-07 17:08:31,152 -     Max. Heap Size: 1.00G
WARN 2022-11-07 17:08:31,152 -     Ergonomics Machine Class: client
WARN 2022-11-07 17:08:31,152 -     Using VM: Java HotSpot(TM) 64-Bit Server VM
WARN 2022-11-07 17:08:31,152 - 
INFO 2022-11-07 17:08:41,559 - Moving 1 file to D:\Software\KiuwanLocalAnalyzer\temp\Edcast iOS Mobile.3832801478653347498\results
INFO 2022-11-07 17:08:41,569 - Deleting: D:\Software\KiuwanLocalAnalyzer\temp\Edcast iOS Mobile.3832801478653347498\results\rules_html.key
WARN 2022-11-07 17:08:41,782 - -----------------------------------------------------
WARN 2022-11-07 17:08:41,782 - Executing metrics analysis for technology html
WARN 2022-11-07 17:08:41,782 - -----------------------------------------------------
WARN 2022-11-07 17:08:41,782 - directory: D:\Repos\Edcast Repo 2022-23\edcast-ios-develop
WARN 2022-11-07 17:08:41,782 - bill-of-materials: 
WARN 2022-11-07 17:08:41,783 - bill-of-materials format: 
WARN 2022-11-07 17:08:41,783 - includes: 
WARN 2022-11-07 17:08:41,783 - excludes: **/src/test/**,**/__MACOSX/**,**/*.min.js,**/*.Designer.vb,**/*.designer.vb,**/*Reference.vb,**/*Service.vb,**/*Silverlight.vb,**/*.Designer.cs,**/*.designer.cs,**/*Reference.cs,**/*Service.cs,**/*Silverlight.cs,**/.*,**/Pods/BuildHeaders/**/*.h,**/Pods/Headers/**/*.h,**/node_modules/**,**/bower_components/**,**/target/**,**/bin/**,**/obj/**,**/dist/**,**/lib/**
WARN 2022-11-07 17:08:41,783 - configuration: D:\Software\KiuwanLocalAnalyzer\bin\..\conf\apps\Edcast iOS Mobile.properties
WARN 2022-11-07 17:08:41,783 - VM version: 1.8.0_333
WARN 2022-11-07 17:08:41,894 - VM settings:
WARN 2022-11-07 17:08:41,895 -     Stack Size: 2.00M
WARN 2022-11-07 17:08:41,895 -     Min. Heap Size: 128.00M
WARN 2022-11-07 17:08:41,895 -     Max. Heap Size: 1.00G
WARN 2022-11-07 17:08:41,895 -     Ergonomics Machine Class: client
WARN 2022-11-07 17:08:41,895 -     Using VM: Java HotSpot(TM) 64-Bit Server VM
WARN 2022-11-07 17:08:41,895 - 
INFO 2022-11-07 17:08:52,408 - Moving 1 file to D:\Software\KiuwanLocalAnalyzer\temp\Edcast iOS Mobile.3832801478653347498\results
INFO 2022-11-07 17:08:52,415 - Deleting: D:\Software\KiuwanLocalAnalyzer\temp\Edcast iOS Mobile.3832801478653347498\results\metrics_html.key
WARN 2022-11-07 17:08:52,629 - -----------------------------------------------------
WARN 2022-11-07 17:08:52,629 - Executing rules analysis for technology javascript
WARN 2022-11-07 17:08:52,630 - -----------------------------------------------------
WARN 2022-11-07 17:08:52,630 - directory: D:\Repos\Edcast Repo 2022-23\edcast-ios-develop
WARN 2022-11-07 17:08:52,630 - bill-of-materials: 
WARN 2022-11-07 17:08:52,630 - bill-of-materials format: 
WARN 2022-11-07 17:08:52,630 - includes: 
WARN 2022-11-07 17:08:52,630 - excludes: **/src/test/**,**/__MACOSX/**,**/*.min.js,**/*.Designer.vb,**/*.designer.vb,**/*Reference.vb,**/*Service.vb,**/*Silverlight.vb,**/*.Designer.cs,**/*.designer.cs,**/*Reference.cs,**/*Service.cs,**/*Silverlight.cs,**/.*,**/Pods/BuildHeaders/**/*.h,**/Pods/Headers/**/*.h,**/node_modules/**,**/bower_components/**,**/target/**,**/bin/**,**/obj/**,**/dist/**,**/lib/**
WARN 2022-11-07 17:08:52,630 - configuration: D:\Software\KiuwanLocalAnalyzer\bin\..\conf\apps\Edcast iOS Mobile.properties
WARN 2022-11-07 17:08:52,631 - VM version: 1.8.0_333
WARN 2022-11-07 17:08:52,746 - VM settings:
WARN 2022-11-07 17:08:52,748 -     Stack Size: 2.00M
WARN 2022-11-07 17:08:52,748 -     Min. Heap Size: 128.00M
WARN 2022-11-07 17:08:52,748 -     Max. Heap Size: 1.00G
WARN 2022-11-07 17:08:52,748 -     Ergonomics Machine Class: client
WARN 2022-11-07 17:08:52,748 -     Using VM: Java HotSpot(TM) 64-Bit Server VM
WARN 2022-11-07 17:08:52,748 - 
INFO 2022-11-07 17:09:27,509 - Moving 1 file to D:\Software\KiuwanLocalAnalyzer\temp\Edcast iOS Mobile.3832801478653347498\results
INFO 2022-11-07 17:09:27,517 - Deleting: D:\Software\KiuwanLocalAnalyzer\temp\Edcast iOS Mobile.3832801478653347498\results\rules_javascript.key
WARN 2022-11-07 17:09:27,728 - -----------------------------------------------------
WARN 2022-11-07 17:09:27,728 - Executing metrics analysis for technology javascript
WARN 2022-11-07 17:09:27,728 - -----------------------------------------------------
WARN 2022-11-07 17:09:27,728 - directory: D:\Repos\Edcast Repo 2022-23\edcast-ios-develop
WARN 2022-11-07 17:09:27,728 - bill-of-materials: 
WARN 2022-11-07 17:09:27,729 - bill-of-materials format: 
WARN 2022-11-07 17:09:27,729 - includes: 
WARN 2022-11-07 17:09:27,729 - excludes: **/src/test/**,**/__MACOSX/**,**/*.min.js,**/*.Designer.vb,**/*.designer.vb,**/*Reference.vb,**/*Service.vb,**/*Silverlight.vb,**/*.Designer.cs,**/*.designer.cs,**/*Reference.cs,**/*Service.cs,**/*Silverlight.cs,**/.*,**/Pods/BuildHeaders/**/*.h,**/Pods/Headers/**/*.h,**/node_modules/**,**/bower_components/**,**/target/**,**/bin/**,**/obj/**,**/dist/**,**/lib/**
WARN 2022-11-07 17:09:27,729 - configuration: D:\Software\KiuwanLocalAnalyzer\bin\..\conf\apps\Edcast iOS Mobile.properties
WARN 2022-11-07 17:09:27,729 - VM version: 1.8.0_333
WARN 2022-11-07 17:09:27,831 - VM settings:
WARN 2022-11-07 17:09:27,833 -     Stack Size: 2.00M
WARN 2022-11-07 17:09:27,833 -     Min. Heap Size: 128.00M
WARN 2022-11-07 17:09:27,833 -     Max. Heap Size: 1.00G
WARN 2022-11-07 17:09:27,833 -     Ergonomics Machine Class: client
WARN 2022-11-07 17:09:27,833 -     Using VM: Java HotSpot(TM) 64-Bit Server VM
WARN 2022-11-07 17:09:27,833 - 
INFO 2022-11-07 17:09:40,306 - Moving 1 file to D:\Software\KiuwanLocalAnalyzer\temp\Edcast iOS Mobile.3832801478653347498\results
INFO 2022-11-07 17:09:40,315 - Deleting: D:\Software\KiuwanLocalAnalyzer\temp\Edcast iOS Mobile.3832801478653347498\results\metrics_javascript.key
WARN 2022-11-07 17:09:40,493 - -----------------------------------------------------
WARN 2022-11-07 17:09:40,493 - Executing rules analysis for technology swift
WARN 2022-11-07 17:09:40,493 - -----------------------------------------------------
WARN 2022-11-07 17:09:40,493 - directory: D:\Repos\Edcast Repo 2022-23\edcast-ios-develop
WARN 2022-11-07 17:09:40,493 - bill-of-materials: 
WARN 2022-11-07 17:09:40,494 - bill-of-materials format: 
WARN 2022-11-07 17:09:40,494 - includes: 
WARN 2022-11-07 17:09:40,494 - excludes: **/src/test/**,**/__MACOSX/**,**/*.min.js,**/*.Designer.vb,**/*.designer.vb,**/*Reference.vb,**/*Service.vb,**/*Silverlight.vb,**/*.Designer.cs,**/*.designer.cs,**/*Reference.cs,**/*Service.cs,**/*Silverlight.cs,**/.*,**/Pods/BuildHeaders/**/*.h,**/Pods/Headers/**/*.h,**/node_modules/**,**/bower_components/**,**/target/**,**/bin/**,**/obj/**,**/dist/**,**/lib/**
WARN 2022-11-07 17:09:40,494 - configuration: D:\Software\KiuwanLocalAnalyzer\bin\..\conf\apps\Edcast iOS Mobile.properties
WARN 2022-11-07 17:09:40,494 - VM version: 1.8.0_333
WARN 2022-11-07 17:09:40,597 - VM settings:
WARN 2022-11-07 17:09:40,598 -     Stack Size: 2.00M
WARN 2022-11-07 17:09:40,599 -     Min. Heap Size: 128.00M
WARN 2022-11-07 17:09:40,599 -     Max. Heap Size: 1.00G
WARN 2022-11-07 17:09:40,599 -     Ergonomics Machine Class: client
WARN 2022-11-07 17:09:40,599 -     Using VM: Java HotSpot(TM) 64-Bit Server VM
WARN 2022-11-07 17:09:40,599 - 
INFO 2022-11-07 18:09:28,752 - Moving 1 file to D:\Software\KiuwanLocalAnalyzer\temp\Edcast iOS Mobile.3832801478653347498\results
INFO 2022-11-07 18:09:28,762 - Deleting: D:\Software\KiuwanLocalAnalyzer\temp\Edcast iOS Mobile.3832801478653347498\results\rules_swift.key
WARN 2022-11-07 18:09:28,964 - -----------------------------------------------------
WARN 2022-11-07 18:09:28,964 - Executing metrics analysis for technology swift
WARN 2022-11-07 18:09:28,964 - -----------------------------------------------------
WARN 2022-11-07 18:09:28,964 - directory: D:\Repos\Edcast Repo 2022-23\edcast-ios-develop
WARN 2022-11-07 18:09:28,964 - bill-of-materials: 
WARN 2022-11-07 18:09:28,964 - bill-of-materials format: 
WARN 2022-11-07 18:09:28,964 - includes: 
WARN 2022-11-07 18:09:28,964 - excludes: **/src/test/**,**/__MACOSX/**,**/*.min.js,**/*.Designer.vb,**/*.designer.vb,**/*Reference.vb,**/*Service.vb,**/*Silverlight.vb,**/*.Designer.cs,**/*.designer.cs,**/*Reference.cs,**/*Service.cs,**/*Silverlight.cs,**/.*,**/Pods/BuildHeaders/**/*.h,**/Pods/Headers/**/*.h,**/node_modules/**,**/bower_components/**,**/target/**,**/bin/**,**/obj/**,**/dist/**,**/lib/**
WARN 2022-11-07 18:09:28,964 - configuration: D:\Software\KiuwanLocalAnalyzer\bin\..\conf\apps\Edcast iOS Mobile.properties
WARN 2022-11-07 18:09:28,964 - VM version: 1.8.0_333
WARN 2022-11-07 18:09:29,075 - VM settings:
WARN 2022-11-07 18:09:29,077 -     Stack Size: 2.00M
WARN 2022-11-07 18:09:29,077 -     Min. Heap Size: 128.00M
WARN 2022-11-07 18:09:29,077 -     Max. Heap Size: 1.00G
WARN 2022-11-07 18:09:29,077 -     Ergonomics Machine Class: client
WARN 2022-11-07 18:09:29,077 -     Using VM: Java HotSpot(TM) 64-Bit Server VM
WARN 2022-11-07 18:09:29,077 - 
INFO 2022-11-07 18:10:38,485 - Moving 1 file to D:\Software\KiuwanLocalAnalyzer\temp\Edcast iOS Mobile.3832801478653347498\results
INFO 2022-11-07 18:10:38,493 - Deleting: D:\Software\KiuwanLocalAnalyzer\temp\Edcast iOS Mobile.3832801478653347498\results\metrics_swift.key
INFO 2022-11-07 18:10:38,501 - Update global report: STARTED
INFO 2022-11-07 18:10:38,518 - Update global report: FINISHED
INFO 2022-11-07 18:10:38,518 - Upload results to kiuwan: STARTED
INFO 2022-11-07 18:10:41,352 - Upload results to kiuwan: FINISHED
INFO 2022-11-07 18:10:41,352 - Retrieve complete results from kiuwan: STARTED
INFO 2022-11-07 18:10:42,262 - Retrieve complete results from kiuwan: FINISHED
INFO 2022-11-07 18:10:42,263 - Register analysis code in global report: STARTED
INFO 2022-11-07 18:10:42,264 - Register analysis code in global report: FINISHED
INFO 2022-11-07 18:10:42,267 - Analysis finished: A-7e6-18452014487
