INFO 2022-11-07 17:08:15,714 - com.optimyth.qaking.codeanalysis.metadata.model.LibrariesResolver: Metadata libraries FACTORY directory added = D:\Software\KiuwanLocalAnalyzer\libraries
INFO 2022-11-07 17:08:15,715 - com.optimyth.qaking.codeanalysis.metadata.model.LibrariesResolver: Metadata libraries resolver found 1 directories to inspect: [D:\Software\KiuwanLocalAnalyzer\libraries]
INFO 2022-11-07 17:08:16,115 - com.optimyth.qaking.codeanalysis.metadata.model.functional.FunctionAlias: Cannot resolve target sqlite3DbRealloc for alias sqlite3@sqlite3DbReallocOrFree. Ignored
INFO 2022-11-07 17:08:16,116 - com.optimyth.qaking.codeanalysis.metadata.model.functional.FunctionAlias: Cannot resolve target vprintf for alias glib@g_vprintf. Ignored
WARN 2022-11-07 17:08:18,896 - com.als.core.main.SingleTechnologyStaticAnalyzer: ***************************************************
WARN 2022-11-07 17:08:18,896 - com.als.core.main.SingleTechnologyStaticAnalyzer: File: D:\Repos\Edcast Repo 2022-23\edcast-ios-develop\EdCast-BroadCast-Upload\AgoraAudioCriticalSection.h
WARN 2022-11-07 17:08:18,896 - com.als.core.main.SingleTechnologyStaticAnalyzer: Technology: objectivec
WARN 2022-11-07 17:08:18,896 - com.als.core.main.SingleTechnologyStaticAnalyzer: Message: Cannot parse D:\Repos\Edcast Repo 2022-23\edcast-ios-develop\EdCast-BroadCast-Upload\AgoraAudioCriticalSection.h, due to: com.optimyth.qaking.objectivec.parser.ParseException: Encountered "static" at line 17, column 3.
WARN 2022-11-07 17:08:18,897 - com.als.core.main.SingleTechnologyStaticAnalyzer: Stack:
WARN 2022-11-07 17:08:18,898 - com.als.core.main.SingleTechnologyStaticAnalyzer: com.als.core.parser.ParseException: Cannot parse D:\Repos\Edcast Repo 2022-23\edcast-ios-develop\EdCast-BroadCast-Upload\AgoraAudioCriticalSection.h, due to: com.optimyth.qaking.objectivec.parser.ParseException: Encountered "static" at line 17, column 3.
Was expecting one of:
    <__ATTRIBUTE__> ...
    "continue" ...
    "switch" ...
    "return" ...
    "break" ...
    "goto" ...
    "if" ...
    "{" ...
...

WARN 2022-11-07 17:08:18,898 - com.als.core.main.SingleTechnologyStaticAnalyzer: Original code: lines 15/19
WARN 2022-11-07 17:08:18,898 - com.als.core.main.SingleTechnologyStaticAnalyzer: public:
  // Factory method, constructor disabled
  static CriticalSectionWrapper* CreateCriticalSection();
  
  virtual ~CriticalSectionWrapper() {}

WARN 2022-11-07 17:08:18,898 - com.als.core.main.SingleTechnologyStaticAnalyzer: Transformed code: lines 15/19
WARN 2022-11-07 17:08:18,898 - com.als.core.main.SingleTechnologyStaticAnalyzer: public:
  // Factory method, constructor disabled
  static CriticalSectionWrapper* CreateCriticalSection();
  
  virtual ~CriticalSectionWrapper() {}

WARN 2022-11-07 17:08:18,898 - com.als.core.main.SingleTechnologyStaticAnalyzer: ***************************************************
WARN 2022-11-07 17:08:18,918 - com.als.core.main.SingleTechnologyStaticAnalyzer: ***************************************************
WARN 2022-11-07 17:08:18,918 - com.als.core.main.SingleTechnologyStaticAnalyzer: File: D:\Repos\Edcast Repo 2022-23\edcast-ios-develop\EdCast-BroadCast-Upload\external_resampler.h
WARN 2022-11-07 17:08:18,918 - com.als.core.main.SingleTechnologyStaticAnalyzer: Technology: objectivec
WARN 2022-11-07 17:08:18,918 - com.als.core.main.SingleTechnologyStaticAnalyzer: Message: Cannot parse D:\Repos\Edcast Repo 2022-23\edcast-ios-develop\EdCast-BroadCast-Upload\external_resampler.h, due to: com.optimyth.qaking.objectivec.parser.ParseException: Encountered "void" at line 20, column 3.
WARN 2022-11-07 17:08:18,918 - com.als.core.main.SingleTechnologyStaticAnalyzer: Stack:
WARN 2022-11-07 17:08:18,918 - com.als.core.main.SingleTechnologyStaticAnalyzer: com.als.core.parser.ParseException: Cannot parse D:\Repos\Edcast Repo 2022-23\edcast-ios-develop\EdCast-BroadCast-Upload\external_resampler.h, due to: com.optimyth.qaking.objectivec.parser.ParseException: Encountered "void" at line 20, column 3.
Was expecting one of:
    <__ATTRIBUTE__> ...
    "continue" ...
    "switch" ...
    "return" ...
    "break" ...
    "goto" ...
    "if" ...
    "{" ...
...

WARN 2022-11-07 17:08:18,918 - com.als.core.main.SingleTechnologyStaticAnalyzer: Original code: lines 18/22
WARN 2022-11-07 17:08:18,918 - com.als.core.main.SingleTechnologyStaticAnalyzer: 
private:
  void* resampler = nullptr;
};


WARN 2022-11-07 17:08:18,918 - com.als.core.main.SingleTechnologyStaticAnalyzer: Transformed code: lines 18/22
WARN 2022-11-07 17:08:18,918 - com.als.core.main.SingleTechnologyStaticAnalyzer: 
private:
  void* resampler = nullptr;
};


WARN 2022-11-07 17:08:18,918 - com.als.core.main.SingleTechnologyStaticAnalyzer: ***************************************************
WARN 2022-11-07 17:08:19,653 - com.als.core.main.SingleTechnologyStaticAnalyzer: ***************************************************
WARN 2022-11-07 17:08:19,653 - com.als.core.main.SingleTechnologyStaticAnalyzer: File: D:\Repos\Edcast Repo 2022-23\edcast-ios-develop\edcastDemo\AddPostViewController.m
WARN 2022-11-07 17:08:19,653 - com.als.core.main.SingleTechnologyStaticAnalyzer: Technology: objectivec
WARN 2022-11-07 17:08:19,654 - com.als.core.main.SingleTechnologyStaticAnalyzer: Message: Cannot parse D:\Repos\Edcast Repo 2022-23\edcast-ios-develop\edcastDemo\AddPostViewController.m, due to: com.optimyth.qaking.objectivec.parser.ParseException: Encountered "13.0" at line 905, column 24.
WARN 2022-11-07 17:08:19,654 - com.als.core.main.SingleTechnologyStaticAnalyzer: Stack:
WARN 2022-11-07 17:08:19,654 - com.als.core.main.SingleTechnologyStaticAnalyzer: com.als.core.parser.ParseException: Cannot parse D:\Repos\Edcast Repo 2022-23\edcast-ios-develop\edcastDemo\AddPostViewController.m, due to: com.optimyth.qaking.objectivec.parser.ParseException: Encountered "13.0" at line 905, column 24.
Was expecting one of:
    "<" ...
    ">" ...
    "?" ...
    "==" ...
    "<=" ...
    ">=" ...
    "!=" ...
    "||" ...
...

WARN 2022-11-07 17:08:19,655 - com.als.core.main.SingleTechnologyStaticAnalyzer: Original code: lines 903/907
WARN 2022-11-07 17:08:19,655 - com.als.core.main.SingleTechnologyStaticAnalyzer:     UIStoryboard *storyBoard = [UIStoryboard storyboardWithName:@"Livestream" bundle:nil];
    ECPublishStreamViewController *streamVC = [storyBoard instantiateViewControllerWithIdentifier:@"streamBroadcastVC"];
    if (@available(iOS 13.0, *)) {
        streamVC.modalInPresentation = YES;
    }

WARN 2022-11-07 17:08:19,655 - com.als.core.main.SingleTechnologyStaticAnalyzer: Transformed code: lines 903/907
WARN 2022-11-07 17:08:19,655 - com.als.core.main.SingleTechnologyStaticAnalyzer:     UIStoryboard *storyBoard = [UIStoryboard storyboardWithName:@"Livestream" bundle:nil];
    ECPublishStreamViewController *streamVC = [storyBoard instantiateViewControllerWithIdentifier:@"streamBroadcastVC"];
    if (@available(iOS 13.0, *)) {
        streamVC.modalInPresentation = YES;
    }

WARN 2022-11-07 17:08:19,655 - com.als.core.main.SingleTechnologyStaticAnalyzer: ***************************************************
WARN 2022-11-07 17:08:19,857 - com.als.core.main.SingleTechnologyStaticAnalyzer: ***************************************************
WARN 2022-11-07 17:08:19,858 - com.als.core.main.SingleTechnologyStaticAnalyzer: File: D:\Repos\Edcast Repo 2022-23\edcast-ios-develop\edcastDemo\ECAppDelegate.m
WARN 2022-11-07 17:08:19,858 - com.als.core.main.SingleTechnologyStaticAnalyzer: Technology: objectivec
WARN 2022-11-07 17:08:19,858 - com.als.core.main.SingleTechnologyStaticAnalyzer: Message: Cannot parse D:\Repos\Edcast Repo 2022-23\edcast-ios-develop\edcastDemo\ECAppDelegate.m, due to: com.optimyth.qaking.objectivec.parser.ParseException: Encountered "<" at line 162, column 141.
WARN 2022-11-07 17:08:19,858 - com.als.core.main.SingleTechnologyStaticAnalyzer: Stack:
WARN 2022-11-07 17:08:19,858 - com.als.core.main.SingleTechnologyStaticAnalyzer: com.als.core.parser.ParseException: Cannot parse D:\Repos\Edcast Repo 2022-23\edcast-ios-develop\edcastDemo\ECAppDelegate.m, due to: com.optimyth.qaking.objectivec.parser.ParseException: Encountered "<" at line 162, column 141.
Was expecting one of:
    ">" ...
    "*" ...
    "," ...
    "(" ...
    "[" ...
    
	at com.als.core.parser.AbstractReaderParser.wrapException(AbstractReaderParser.java:98)
	at com.als.core.parser.AbstractReaderParser.throwParseException(AbstractReaderParser.java:93)
...

WARN 2022-11-07 17:08:19,858 - com.als.core.main.SingleTechnologyStaticAnalyzer: Original code: lines 160/164
WARN 2022-11-07 17:08:19,858 - com.als.core.main.SingleTechnologyStaticAnalyzer: }

- (BOOL)application:(UIApplication *)application continueUserActivity:(NSUserActivity *)userActivity restorationHandler:(void (^)(NSArray<id<UIUserActivityRestoring>> *restorableObjects))restorationHandler {
    return [self.appCoordinator application:application continue:userActivity restorationHandler:restorationHandler];
}

WARN 2022-11-07 17:08:19,858 - com.als.core.main.SingleTechnologyStaticAnalyzer: Transformed code: lines 160/164
WARN 2022-11-07 17:08:19,858 - com.als.core.main.SingleTechnologyStaticAnalyzer: }

- (BOOL)application:(UIApplication *)application continueUserActivity:(NSUserActivity *)userActivity restorationHandler:(void (^)(NSArray<id<UIUserActivityRestoring>> *restorableObjects))restorationHandler {
    return [self.appCoordinator application:application continue:userActivity restorationHandler:restorationHandler];
}

WARN 2022-11-07 17:08:19,858 - com.als.core.main.SingleTechnologyStaticAnalyzer: ***************************************************
WARN 2022-11-07 17:08:20,001 - com.als.core.main.SingleTechnologyStaticAnalyzer: ***************************************************
WARN 2022-11-07 17:08:20,001 - com.als.core.main.SingleTechnologyStaticAnalyzer: File: D:\Repos\Edcast Repo 2022-23\edcast-ios-develop\edcastDemo\ECAppDelegateOLD.m
WARN 2022-11-07 17:08:20,001 - com.als.core.main.SingleTechnologyStaticAnalyzer: Technology: objectivec
WARN 2022-11-07 17:08:20,001 - com.als.core.main.SingleTechnologyStaticAnalyzer: Message: Cannot parse D:\Repos\Edcast Repo 2022-23\edcast-ios-develop\edcastDemo\ECAppDelegateOLD.m, due to: com.optimyth.qaking.objectivec.parser.ParseException: Encountered "<" at line 771, column 141.
WARN 2022-11-07 17:08:20,001 - com.als.core.main.SingleTechnologyStaticAnalyzer: Stack:
WARN 2022-11-07 17:08:20,001 - com.als.core.main.SingleTechnologyStaticAnalyzer: com.als.core.parser.ParseException: Cannot parse D:\Repos\Edcast Repo 2022-23\edcast-ios-develop\edcastDemo\ECAppDelegateOLD.m, due to: com.optimyth.qaking.objectivec.parser.ParseException: Encountered "<" at line 771, column 141.
Was expecting one of:
    ">" ...
    "*" ...
    "," ...
    "(" ...
    "[" ...
    
	at com.als.core.parser.AbstractReaderParser.wrapException(AbstractReaderParser.java:98)
	at com.als.core.parser.AbstractReaderParser.throwParseException(AbstractReaderParser.java:93)
...

WARN 2022-11-07 17:08:20,001 - com.als.core.main.SingleTechnologyStaticAnalyzer: Original code: lines 769/773
WARN 2022-11-07 17:08:20,001 - com.als.core.main.SingleTechnologyStaticAnalyzer: }

- (BOOL)application:(UIApplication *)application continueUserActivity:(NSUserActivity *)userActivity restorationHandler:(void (^)(NSArray<id<UIUserActivityRestoring>> *restorableObjects))restorationHandler {
    
    ECSignedInUser *loggedInUser = [[SessionManager userSession] currentUserV2];

WARN 2022-11-07 17:08:20,001 - com.als.core.main.SingleTechnologyStaticAnalyzer: Transformed code: lines 769/773
WARN 2022-11-07 17:08:20,002 - com.als.core.main.SingleTechnologyStaticAnalyzer: }

- (BOOL)application:(UIApplication *)application continueUserActivity:(NSUserActivity *)userActivity restorationHandler:(void (^)(NSArray<id<UIUserActivityRestoring>> *restorableObjects))restorationHandler {
    
    ECSignedInUser *loggedInUser = [[SessionManager userSession] currentUserV2];

WARN 2022-11-07 17:08:20,002 - com.als.core.main.SingleTechnologyStaticAnalyzer: ***************************************************
WARN 2022-11-07 17:08:20,949 - com.als.core.main.SingleTechnologyStaticAnalyzer: ***************************************************
WARN 2022-11-07 17:08:20,949 - com.als.core.main.SingleTechnologyStaticAnalyzer: File: D:\Repos\Edcast Repo 2022-23\edcast-ios-develop\edcastDemo\ECMainTabBarController.m
WARN 2022-11-07 17:08:20,949 - com.als.core.main.SingleTechnologyStaticAnalyzer: Technology: objectivec
WARN 2022-11-07 17:08:20,949 - com.als.core.main.SingleTechnologyStaticAnalyzer: Message: Cannot parse D:\Repos\Edcast Repo 2022-23\edcast-ios-develop\edcastDemo\ECMainTabBarController.m, due to: com.optimyth.qaking.objectivec.parser.ParseException: Encountered "13.0" at line 254, column 24.
WARN 2022-11-07 17:08:20,950 - com.als.core.main.SingleTechnologyStaticAnalyzer: Stack:
WARN 2022-11-07 17:08:20,950 - com.als.core.main.SingleTechnologyStaticAnalyzer: com.als.core.parser.ParseException: Cannot parse D:\Repos\Edcast Repo 2022-23\edcast-ios-develop\edcastDemo\ECMainTabBarController.m, due to: com.optimyth.qaking.objectivec.parser.ParseException: Encountered "13.0" at line 254, column 24.
Was expecting one of:
    "<" ...
    ">" ...
    "?" ...
    "==" ...
    "<=" ...
    ">=" ...
    "!=" ...
    "||" ...
...

WARN 2022-11-07 17:08:20,950 - com.als.core.main.SingleTechnologyStaticAnalyzer: Original code: lines 252/256
WARN 2022-11-07 17:08:20,950 - com.als.core.main.SingleTechnologyStaticAnalyzer:     UIStoryboard *storyBoard = [UIStoryboard storyboardWithName:@"Livestream" bundle:nil];
    ECPublishStreamViewController *streamVC = [storyBoard instantiateViewControllerWithIdentifier:@"streamBroadcastVC"];
    if (@available(iOS 13.0, *)) {
        streamVC.modalInPresentation = YES;
    }

WARN 2022-11-07 17:08:20,950 - com.als.core.main.SingleTechnologyStaticAnalyzer: Transformed code: lines 252/256
WARN 2022-11-07 17:08:20,950 - com.als.core.main.SingleTechnologyStaticAnalyzer:     UIStoryboard *storyBoard = [UIStoryboard storyboardWithName:@"Livestream" bundle:nil];
    ECPublishStreamViewController *streamVC = [storyBoard instantiateViewControllerWithIdentifier:@"streamBroadcastVC"];
    if (@available(iOS 13.0, *)) {
        streamVC.modalInPresentation = YES;
    }

WARN 2022-11-07 17:08:20,950 - com.als.core.main.SingleTechnologyStaticAnalyzer: ***************************************************
WARN 2022-11-07 17:08:21,076 - com.als.core.main.SingleTechnologyStaticAnalyzer: ***************************************************
WARN 2022-11-07 17:08:21,077 - com.als.core.main.SingleTechnologyStaticAnalyzer: File: D:\Repos\Edcast Repo 2022-23\edcast-ios-develop\edcastDemo\ECNetworkManager_BACKUP_46444.m
WARN 2022-11-07 17:08:21,077 - com.als.core.main.SingleTechnologyStaticAnalyzer: Technology: objectivec
WARN 2022-11-07 17:08:21,077 - com.als.core.main.SingleTechnologyStaticAnalyzer: Message: Cannot parse D:\Repos\Edcast Repo 2022-23\edcast-ios-develop\edcastDemo\ECNetworkManager_BACKUP_46444.m, due to: com.optimyth.qaking.objectivec.parser.ParseException: Encountered "postNotificationName" at line 99, column 47.
WARN 2022-11-07 17:08:21,078 - com.als.core.main.SingleTechnologyStaticAnalyzer: Stack:
WARN 2022-11-07 17:08:21,078 - com.als.core.main.SingleTechnologyStaticAnalyzer: com.als.core.parser.ParseException: Cannot parse D:\Repos\Edcast Repo 2022-23\edcast-ios-develop\edcastDemo\ECNetworkManager_BACKUP_46444.m, due to: com.optimyth.qaking.objectivec.parser.ParseException: Encountered "postNotificationName" at line 99, column 47.
Was expecting one of:
    "<" ...
    ">" ...
    "?" ...
    "==" ...
    "<=" ...
    ">=" ...
    "!=" ...
    "||" ...
...

WARN 2022-11-07 17:08:21,078 - com.als.core.main.SingleTechnologyStaticAnalyzer: Original code: lines 97/101
WARN 2022-11-07 17:08:21,078 - com.als.core.main.SingleTechnologyStaticAnalyzer:         LOG_NETWORK_FAILURE
        LOG_ERROR_TO_CONSOLE
        [[NSNotificationCenter defaultCenter] postNotificationName:EC_RECEIVED_APP_INFO object:nil userInfo:getResponseDict(ECNetworkFail, @{})];
    }];
    [self.operationQueue addOperation:operation];

WARN 2022-11-07 17:08:21,078 - com.als.core.main.SingleTechnologyStaticAnalyzer: Transformed code: lines 97/101
WARN 2022-11-07 17:08:21,078 - com.als.core.main.SingleTechnologyStaticAnalyzer:         LOG_NETWORK_FAILURE
        
        [[NSNotificationCenter defaultCenter] postNotificationName:EC_RECEIVED_APP_INFO object:nil userInfo:getResponseDict(ECNetworkFail, @{})];
    }];
    [self.operationQueue addOperation:operation];

WARN 2022-11-07 17:08:21,078 - com.als.core.main.SingleTechnologyStaticAnalyzer: ***************************************************
WARN 2022-11-07 17:08:21,166 - com.als.core.main.SingleTechnologyStaticAnalyzer: ***************************************************
WARN 2022-11-07 17:08:21,167 - com.als.core.main.SingleTechnologyStaticAnalyzer: File: D:\Repos\Edcast Repo 2022-23\edcast-ios-develop\edcastDemo\ECNetworkManager_BASE_46444.m
WARN 2022-11-07 17:08:21,167 - com.als.core.main.SingleTechnologyStaticAnalyzer: Technology: objectivec
WARN 2022-11-07 17:08:21,167 - com.als.core.main.SingleTechnologyStaticAnalyzer: Message: Cannot parse D:\Repos\Edcast Repo 2022-23\edcast-ios-develop\edcastDemo\ECNetworkManager_BASE_46444.m, due to: com.optimyth.qaking.objectivec.parser.ParseException: Encountered "postNotificationName" at line 99, column 47.
WARN 2022-11-07 17:08:21,167 - com.als.core.main.SingleTechnologyStaticAnalyzer: Stack:
WARN 2022-11-07 17:08:21,167 - com.als.core.main.SingleTechnologyStaticAnalyzer: com.als.core.parser.ParseException: Cannot parse D:\Repos\Edcast Repo 2022-23\edcast-ios-develop\edcastDemo\ECNetworkManager_BASE_46444.m, due to: com.optimyth.qaking.objectivec.parser.ParseException: Encountered "postNotificationName" at line 99, column 47.
Was expecting one of:
    "<" ...
    ">" ...
    "?" ...
    "==" ...
    "<=" ...
    ">=" ...
    "!=" ...
    "||" ...
...

WARN 2022-11-07 17:08:21,167 - com.als.core.main.SingleTechnologyStaticAnalyzer: Original code: lines 97/101
WARN 2022-11-07 17:08:21,167 - com.als.core.main.SingleTechnologyStaticAnalyzer:         LOG_NETWORK_FAILURE
        LOG_ERROR_TO_CONSOLE
        [[NSNotificationCenter defaultCenter] postNotificationName:EC_RECEIVED_APP_INFO object:nil userInfo:getResponseDict(ECNetworkFail, @{})];
    }];
    [self.operationQueue addOperation:operation];

WARN 2022-11-07 17:08:21,167 - com.als.core.main.SingleTechnologyStaticAnalyzer: Transformed code: lines 97/101
WARN 2022-11-07 17:08:21,167 - com.als.core.main.SingleTechnologyStaticAnalyzer:         LOG_NETWORK_FAILURE
        
        [[NSNotificationCenter defaultCenter] postNotificationName:EC_RECEIVED_APP_INFO object:nil userInfo:getResponseDict(ECNetworkFail, @{})];
    }];
    [self.operationQueue addOperation:operation];

WARN 2022-11-07 17:08:21,167 - com.als.core.main.SingleTechnologyStaticAnalyzer: ***************************************************
WARN 2022-11-07 17:08:21,252 - com.als.core.main.SingleTechnologyStaticAnalyzer: ***************************************************
WARN 2022-11-07 17:08:21,252 - com.als.core.main.SingleTechnologyStaticAnalyzer: File: D:\Repos\Edcast Repo 2022-23\edcast-ios-develop\edcastDemo\ECNetworkManager_LOCAL_46444.m
WARN 2022-11-07 17:08:21,252 - com.als.core.main.SingleTechnologyStaticAnalyzer: Technology: objectivec
WARN 2022-11-07 17:08:21,252 - com.als.core.main.SingleTechnologyStaticAnalyzer: Message: Cannot parse D:\Repos\Edcast Repo 2022-23\edcast-ios-develop\edcastDemo\ECNetworkManager_LOCAL_46444.m, due to: com.optimyth.qaking.objectivec.parser.ParseException: Encountered "postNotificationName" at line 99, column 47.
WARN 2022-11-07 17:08:21,253 - com.als.core.main.SingleTechnologyStaticAnalyzer: Stack:
WARN 2022-11-07 17:08:21,253 - com.als.core.main.SingleTechnologyStaticAnalyzer: com.als.core.parser.ParseException: Cannot parse D:\Repos\Edcast Repo 2022-23\edcast-ios-develop\edcastDemo\ECNetworkManager_LOCAL_46444.m, due to: com.optimyth.qaking.objectivec.parser.ParseException: Encountered "postNotificationName" at line 99, column 47.
Was expecting one of:
    "<" ...
    ">" ...
    "?" ...
    "==" ...
    "<=" ...
    ">=" ...
    "!=" ...
    "||" ...
...

WARN 2022-11-07 17:08:21,253 - com.als.core.main.SingleTechnologyStaticAnalyzer: Original code: lines 97/101
WARN 2022-11-07 17:08:21,253 - com.als.core.main.SingleTechnologyStaticAnalyzer:         LOG_NETWORK_FAILURE
        LOG_ERROR_TO_CONSOLE
        [[NSNotificationCenter defaultCenter] postNotificationName:EC_RECEIVED_APP_INFO object:nil userInfo:getResponseDict(ECNetworkFail, @{})];
    }];
    [self.operationQueue addOperation:operation];

WARN 2022-11-07 17:08:21,253 - com.als.core.main.SingleTechnologyStaticAnalyzer: Transformed code: lines 97/101
WARN 2022-11-07 17:08:21,253 - com.als.core.main.SingleTechnologyStaticAnalyzer:         LOG_NETWORK_FAILURE
        
        [[NSNotificationCenter defaultCenter] postNotificationName:EC_RECEIVED_APP_INFO object:nil userInfo:getResponseDict(ECNetworkFail, @{})];
    }];
    [self.operationQueue addOperation:operation];

WARN 2022-11-07 17:08:21,253 - com.als.core.main.SingleTechnologyStaticAnalyzer: ***************************************************
WARN 2022-11-07 17:08:21,533 - com.als.core.main.SingleTechnologyStaticAnalyzer: ***************************************************
WARN 2022-11-07 17:08:21,533 - com.als.core.main.SingleTechnologyStaticAnalyzer: File: D:\Repos\Edcast Repo 2022-23\edcast-ios-develop\edcastDemo\ECNetworkManager_REMOTE_46444.m
WARN 2022-11-07 17:08:21,533 - com.als.core.main.SingleTechnologyStaticAnalyzer: Technology: objectivec
WARN 2022-11-07 17:08:21,533 - com.als.core.main.SingleTechnologyStaticAnalyzer: Message: Cannot parse D:\Repos\Edcast Repo 2022-23\edcast-ios-develop\edcastDemo\ECNetworkManager_REMOTE_46444.m, due to: com.optimyth.qaking.objectivec.parser.ParseException: Encountered "postNotificationName" at line 99, column 47.
WARN 2022-11-07 17:08:21,534 - com.als.core.main.SingleTechnologyStaticAnalyzer: Stack:
WARN 2022-11-07 17:08:21,534 - com.als.core.main.SingleTechnologyStaticAnalyzer: com.als.core.parser.ParseException: Cannot parse D:\Repos\Edcast Repo 2022-23\edcast-ios-develop\edcastDemo\ECNetworkManager_REMOTE_46444.m, due to: com.optimyth.qaking.objectivec.parser.ParseException: Encountered "postNotificationName" at line 99, column 47.
Was expecting one of:
    "<" ...
    ">" ...
    "?" ...
    "==" ...
    "<=" ...
    ">=" ...
    "!=" ...
    "||" ...
...

WARN 2022-11-07 17:08:21,534 - com.als.core.main.SingleTechnologyStaticAnalyzer: Original code: lines 97/101
WARN 2022-11-07 17:08:21,534 - com.als.core.main.SingleTechnologyStaticAnalyzer:         LOG_NETWORK_FAILURE
        LOG_ERROR_TO_CONSOLE
        [[NSNotificationCenter defaultCenter] postNotificationName:EC_RECEIVED_APP_INFO object:nil userInfo:getResponseDict(ECNetworkFail, @{})];
    }];
    [self.operationQueue addOperation:operation];

WARN 2022-11-07 17:08:21,534 - com.als.core.main.SingleTechnologyStaticAnalyzer: Transformed code: lines 97/101
WARN 2022-11-07 17:08:21,534 - com.als.core.main.SingleTechnologyStaticAnalyzer:         LOG_NETWORK_FAILURE
        
        [[NSNotificationCenter defaultCenter] postNotificationName:EC_RECEIVED_APP_INFO object:nil userInfo:getResponseDict(ECNetworkFail, @{})];
    }];
    [self.operationQueue addOperation:operation];

WARN 2022-11-07 17:08:21,534 - com.als.core.main.SingleTechnologyStaticAnalyzer: ***************************************************
WARN 2022-11-07 17:08:21,615 - com.als.core.main.SingleTechnologyStaticAnalyzer: ***************************************************
WARN 2022-11-07 17:08:21,615 - com.als.core.main.SingleTechnologyStaticAnalyzer: File: D:\Repos\Edcast Repo 2022-23\edcast-ios-develop\edcastDemo\ECPlayStreamViewController.m
WARN 2022-11-07 17:08:21,615 - com.als.core.main.SingleTechnologyStaticAnalyzer: Technology: objectivec
WARN 2022-11-07 17:08:21,615 - com.als.core.main.SingleTechnologyStaticAnalyzer: Message: Cannot parse D:\Repos\Edcast Repo 2022-23\edcast-ios-develop\edcastDemo\ECPlayStreamViewController.m, due to: com.optimyth.qaking.objectivec.parser.ParseException: Encountered ":" at line 1026, column 118.
WARN 2022-11-07 17:08:21,615 - com.als.core.main.SingleTechnologyStaticAnalyzer: Stack:
WARN 2022-11-07 17:08:21,615 - com.als.core.main.SingleTechnologyStaticAnalyzer: com.als.core.parser.ParseException: Cannot parse D:\Repos\Edcast Repo 2022-23\edcast-ios-develop\edcastDemo\ECPlayStreamViewController.m, due to: com.optimyth.qaking.objectivec.parser.ParseException: Encountered ":" at line 1026, column 118.
Was expecting one of:
    "<" ...
    ">" ...
    "?" ...
    "==" ...
    "<=" ...
    ">=" ...
    "!=" ...
    "||" ...
...

WARN 2022-11-07 17:08:21,616 - com.als.core.main.SingleTechnologyStaticAnalyzer: Original code: lines 1024/1028
WARN 2022-11-07 17:08:21,616 - com.als.core.main.SingleTechnologyStaticAnalyzer:     }
    self.playerStatusLabel.hidden = NO;
    self.playerStatusLabel.text = NSLocalizedString(@"Network error. Please close the player and try again.", comment: @"");
}


WARN 2022-11-07 17:08:21,616 - com.als.core.main.SingleTechnologyStaticAnalyzer: Transformed code: lines 1024/1028
WARN 2022-11-07 17:08:21,616 - com.als.core.main.SingleTechnologyStaticAnalyzer:     }
    self.playerStatusLabel.hidden = NO;
    self.playerStatusLabel.text = NSLocalizedString(@"Network error. Please close the player and try again.", comment: @"");
}


WARN 2022-11-07 17:08:21,616 - com.als.core.main.SingleTechnologyStaticAnalyzer: ***************************************************
WARN 2022-11-07 17:08:21,624 - com.als.core.main.SingleTechnologyStaticAnalyzer: ***************************************************
WARN 2022-11-07 17:08:21,624 - com.als.core.main.SingleTechnologyStaticAnalyzer: File: D:\Repos\Edcast Repo 2022-23\edcast-ios-develop\edcastDemo\ECPostStreamExperienceViewController.m
WARN 2022-11-07 17:08:21,624 - com.als.core.main.SingleTechnologyStaticAnalyzer: Technology: objectivec
WARN 2022-11-07 17:08:21,625 - com.als.core.main.SingleTechnologyStaticAnalyzer: Message: Cannot parse D:\Repos\Edcast Repo 2022-23\edcast-ios-develop\edcastDemo\ECPostStreamExperienceViewController.m, due to: com.optimyth.qaking.objectivec.parser.ParseException: Encountered ":" at line 44, column 135.
WARN 2022-11-07 17:08:21,625 - com.als.core.main.SingleTechnologyStaticAnalyzer: Stack:
WARN 2022-11-07 17:08:21,625 - com.als.core.main.SingleTechnologyStaticAnalyzer: com.als.core.parser.ParseException: Cannot parse D:\Repos\Edcast Repo 2022-23\edcast-ios-develop\edcastDemo\ECPostStreamExperienceViewController.m, due to: com.optimyth.qaking.objectivec.parser.ParseException: Encountered ":" at line 44, column 135.
Was expecting one of:
    "<" ...
    ">" ...
    "?" ...
    "==" ...
    "<=" ...
    ">=" ...
    "!=" ...
    "||" ...
...

WARN 2022-11-07 17:08:21,625 - com.als.core.main.SingleTechnologyStaticAnalyzer: Original code: lines 42/46
WARN 2022-11-07 17:08:21,625 - com.als.core.main.SingleTechnologyStaticAnalyzer: - (void)viewDidLoad {
    [super viewDidLoad];
    self.lblInfo.text = NSLocalizedString(@"If you would like to adjust the start or end time of your video, just tap below!", comment: nil);
    [self.editButton setTitle: NSLocalizedString(@"Edit", nil) forState: UIControlStateNormal];
    [self.doneButton setTitle: NSLocalizedString(@"Done", nil) forState: UIControlStateNormal];

WARN 2022-11-07 17:08:21,625 - com.als.core.main.SingleTechnologyStaticAnalyzer: Transformed code: lines 42/46
WARN 2022-11-07 17:08:21,625 - com.als.core.main.SingleTechnologyStaticAnalyzer: - (void)viewDidLoad {
    [super viewDidLoad];
    self.lblInfo.text = NSLocalizedString(@"If you would like to adjust the start or end time of your video, just tap below!", comment: nil);
    [self.editButton setTitle: NSLocalizedString(@"Edit", nil) forState: UIControlStateNormal];
    [self.doneButton setTitle: NSLocalizedString(@"Done", nil) forState: UIControlStateNormal];

WARN 2022-11-07 17:08:21,625 - com.als.core.main.SingleTechnologyStaticAnalyzer: ***************************************************
WARN 2022-11-07 17:08:21,665 - com.als.core.main.SingleTechnologyStaticAnalyzer: ***************************************************
WARN 2022-11-07 17:08:21,665 - com.als.core.main.SingleTechnologyStaticAnalyzer: File: D:\Repos\Edcast Repo 2022-23\edcast-ios-develop\edcastDemo\ECPublishStreamViewController.m
WARN 2022-11-07 17:08:21,665 - com.als.core.main.SingleTechnologyStaticAnalyzer: Technology: objectivec
WARN 2022-11-07 17:08:21,665 - com.als.core.main.SingleTechnologyStaticAnalyzer: Message: Cannot parse D:\Repos\Edcast Repo 2022-23\edcast-ios-develop\edcastDemo\ECPublishStreamViewController.m, due to: com.optimyth.qaking.objectivec.parser.ParseException: Encountered "self" at line 337, column 13.
WARN 2022-11-07 17:08:21,665 - com.als.core.main.SingleTechnologyStaticAnalyzer: Stack:
WARN 2022-11-07 17:08:21,665 - com.als.core.main.SingleTechnologyStaticAnalyzer: com.als.core.parser.ParseException: Cannot parse D:\Repos\Edcast Repo 2022-23\edcast-ios-develop\edcastDemo\ECPublishStreamViewController.m, due to: com.optimyth.qaking.objectivec.parser.ParseException: Encountered "self" at line 337, column 13.
Was expecting one of:
    "<" ...
    ">" ...
    "?" ...
    "==" ...
    "<=" ...
    ">=" ...
    "!=" ...
    "||" ...
...

WARN 2022-11-07 17:08:21,665 - com.als.core.main.SingleTechnologyStaticAnalyzer: Original code: lines 335/339
WARN 2022-11-07 17:08:21,665 - com.als.core.main.SingleTechnologyStaticAnalyzer:         [self dismissViewControllerAnimated: true completion:^{
            @strongify(self)
            self.lottieAnimationController = nil;
        }];
    }

WARN 2022-11-07 17:08:21,665 - com.als.core.main.SingleTechnologyStaticAnalyzer: Transformed code: lines 335/339
WARN 2022-11-07 17:08:21,665 - com.als.core.main.SingleTechnologyStaticAnalyzer:         [self dismissViewControllerAnimated: true completion:^{
            @strongify(self)
            self.lottieAnimationController = nil;
        }];
    }

WARN 2022-11-07 17:08:21,665 - com.als.core.main.SingleTechnologyStaticAnalyzer: ***************************************************
WARN 2022-11-07 17:08:21,712 - com.als.core.main.SingleTechnologyStaticAnalyzer: ***************************************************
WARN 2022-11-07 17:08:21,712 - com.als.core.main.SingleTechnologyStaticAnalyzer: File: D:\Repos\Edcast Repo 2022-23\edcast-ios-develop\edcastDemo\ECScheduleStreamOptionsVC.m
WARN 2022-11-07 17:08:21,712 - com.als.core.main.SingleTechnologyStaticAnalyzer: Technology: objectivec
WARN 2022-11-07 17:08:21,712 - com.als.core.main.SingleTechnologyStaticAnalyzer: Message: Cannot parse D:\Repos\Edcast Repo 2022-23\edcast-ios-develop\edcastDemo\ECScheduleStreamOptionsVC.m, due to: com.optimyth.qaking.objectivec.parser.ParseException: Encountered "13.4" at line 621, column 24.
WARN 2022-11-07 17:08:21,712 - com.als.core.main.SingleTechnologyStaticAnalyzer: Stack:
WARN 2022-11-07 17:08:21,712 - com.als.core.main.SingleTechnologyStaticAnalyzer: com.als.core.parser.ParseException: Cannot parse D:\Repos\Edcast Repo 2022-23\edcast-ios-develop\edcastDemo\ECScheduleStreamOptionsVC.m, due to: com.optimyth.qaking.objectivec.parser.ParseException: Encountered "13.4" at line 621, column 24.
Was expecting one of:
    "<" ...
    ">" ...
    "?" ...
    "==" ...
    "<=" ...
    ">=" ...
    "!=" ...
    "||" ...
...

WARN 2022-11-07 17:08:21,712 - com.als.core.main.SingleTechnologyStaticAnalyzer: Original code: lines 619/623
WARN 2022-11-07 17:08:21,712 - com.als.core.main.SingleTechnologyStaticAnalyzer:     self.datePicker = [[UIDatePicker alloc] init];
    [self.datePicker addTarget:self action:@selector(dateChanged:) forControlEvents:UIControlEventValueChanged];
    if (@available(iOS 13.4, *)) {
        [self.datePicker setPreferredDatePickerStyle:UIDatePickerStyleWheels];
    }

WARN 2022-11-07 17:08:21,712 - com.als.core.main.SingleTechnologyStaticAnalyzer: Transformed code: lines 619/623
WARN 2022-11-07 17:08:21,712 - com.als.core.main.SingleTechnologyStaticAnalyzer:     self.datePicker = [[UIDatePicker alloc] init];
    [self.datePicker addTarget:self action:@selector(dateChanged:) forControlEvents:UIControlEventValueChanged];
    if (@available(iOS 13.4, *)) {
        [self.datePicker setPreferredDatePickerStyle:UIDatePickerStyleWheels];
    }

WARN 2022-11-07 17:08:21,712 - com.als.core.main.SingleTechnologyStaticAnalyzer: ***************************************************
WARN 2022-11-07 17:08:22,061 - com.als.core.main.SingleTechnologyStaticAnalyzer: ***************************************************
WARN 2022-11-07 17:08:22,061 - com.als.core.main.SingleTechnologyStaticAnalyzer: File: D:\Repos\Edcast Repo 2022-23\edcast-ios-develop\edcastDemo\ECUtility.m
WARN 2022-11-07 17:08:22,061 - com.als.core.main.SingleTechnologyStaticAnalyzer: Technology: objectivec
WARN 2022-11-07 17:08:22,061 - com.als.core.main.SingleTechnologyStaticAnalyzer: Message: Cannot parse D:\Repos\Edcast Repo 2022-23\edcast-ios-develop\edcastDemo\ECUtility.m, due to: com.optimyth.qaking.objectivec.parser.ParseException: Encountered "<" at line 457, column 160.
WARN 2022-11-07 17:08:22,062 - com.als.core.main.SingleTechnologyStaticAnalyzer: Stack:
WARN 2022-11-07 17:08:22,062 - com.als.core.main.SingleTechnologyStaticAnalyzer: com.als.core.parser.ParseException: Cannot parse D:\Repos\Edcast Repo 2022-23\edcast-ios-develop\edcastDemo\ECUtility.m, due to: com.optimyth.qaking.objectivec.parser.ParseException: Encountered "<" at line 457, column 160.
Was expecting one of:
    ">" ...
    "*" ...
    "," ...
    "(" ...
    "[" ...
    
	at com.als.core.parser.AbstractReaderParser.wrapException(AbstractReaderParser.java:98)
	at com.als.core.parser.AbstractReaderParser.throwParseException(AbstractReaderParser.java:93)
...

WARN 2022-11-07 17:08:22,062 - com.als.core.main.SingleTechnologyStaticAnalyzer: Original code: lines 455/459
WARN 2022-11-07 17:08:22,062 - com.als.core.main.SingleTechnologyStaticAnalyzer:     NSUserActivity* userActivity = [[NSUserActivity alloc] initWithActivityType:NSUserActivityTypeBrowsingWeb];
    userActivity.webpageURL = url;
    [[UIApplication sharedApplication].delegate application:[UIApplication sharedApplication] continueUserActivity:userActivity restorationHandler:^(NSArray<id<UIUserActivityRestoring>> * _Nullable restorableObjects) { }];
}


WARN 2022-11-07 17:08:22,062 - com.als.core.main.SingleTechnologyStaticAnalyzer: Transformed code: lines 455/459
WARN 2022-11-07 17:08:22,062 - com.als.core.main.SingleTechnologyStaticAnalyzer:     NSUserActivity* userActivity = [[NSUserActivity alloc] initWithActivityType:NSUserActivityTypeBrowsingWeb];
    userActivity.webpageURL = url;
    [[UIApplication sharedApplication].delegate application:[UIApplication sharedApplication] continueUserActivity:userActivity restorationHandler:^(NSArray<id<UIUserActivityRestoring>> * _Nullable restorableObjects) { }];
}


WARN 2022-11-07 17:08:22,062 - com.als.core.main.SingleTechnologyStaticAnalyzer: ***************************************************
WARN 2022-11-07 17:08:22,779 - com.als.core.main.SingleTechnologyStaticAnalyzer: ***************************************************
WARN 2022-11-07 17:08:22,779 - com.als.core.main.SingleTechnologyStaticAnalyzer: File: D:\Repos\Edcast Repo 2022-23\edcast-ios-develop\edcastDemoTests\BookmarkManagerTest.m
WARN 2022-11-07 17:08:22,779 - com.als.core.main.SingleTechnologyStaticAnalyzer: Technology: objectivec
WARN 2022-11-07 17:08:22,779 - com.als.core.main.SingleTechnologyStaticAnalyzer: Message: Cannot parse D:\Repos\Edcast Repo 2022-23\edcast-ios-develop\edcastDemoTests\BookmarkManagerTest.m, due to: com.optimyth.qaking.objectivec.parser.ParseException: Encountered "XCTestExpectation * exp" at line 42, column 5.
WARN 2022-11-07 17:08:22,779 - com.als.core.main.SingleTechnologyStaticAnalyzer: Stack:
WARN 2022-11-07 17:08:22,779 - com.als.core.main.SingleTechnologyStaticAnalyzer: com.als.core.parser.ParseException: Cannot parse D:\Repos\Edcast Repo 2022-23\edcast-ios-develop\edcastDemoTests\BookmarkManagerTest.m, due to: com.optimyth.qaking.objectivec.parser.ParseException: Encountered "XCTestExpectation * exp" at line 42, column 5.
Was expecting one of:
    "<" ...
    ">" ...
    "?" ...
    "==" ...
    "<=" ...
    ">=" ...
    "!=" ...
    "||" ...
...

WARN 2022-11-07 17:08:22,779 - com.als.core.main.SingleTechnologyStaticAnalyzer: Original code: lines 40/44
WARN 2022-11-07 17:08:22,779 - com.als.core.main.SingleTechnologyStaticAnalyzer:     
    START_WAIT
    XCTestExpectation *exp = [self expectationWithDescription:@"getLatestBookmarkedCards"];
    
    NSString *requestURL = [NSString stringWithFormat:@"%@/api/bookmarks?last_fetch_time=date", [self.baseURL absoluteString]];

WARN 2022-11-07 17:08:22,780 - com.als.core.main.SingleTechnologyStaticAnalyzer: Transformed code: lines 40/44
WARN 2022-11-07 17:08:22,780 - com.als.core.main.SingleTechnologyStaticAnalyzer:     
    START_WAIT
    XCTestExpectation *exp = [self expectationWithDescription:@"getLatestBookmarkedCards"];
    
    NSString *requestURL = [NSString stringWithFormat:@"%@/api/bookmarks?last_fetch_time=date", [self.baseURL absoluteString]];

WARN 2022-11-07 17:08:22,780 - com.als.core.main.SingleTechnologyStaticAnalyzer: ***************************************************
WARN 2022-11-07 17:08:22,834 - com.als.core.main.SingleTechnologyStaticAnalyzer: ***************************************************
WARN 2022-11-07 17:08:22,834 - com.als.core.main.SingleTechnologyStaticAnalyzer: File: D:\Repos\Edcast Repo 2022-23\edcast-ios-develop\edcastDemoTests\CourseViewControllerTests.m
WARN 2022-11-07 17:08:22,834 - com.als.core.main.SingleTechnologyStaticAnalyzer: Technology: objectivec
WARN 2022-11-07 17:08:22,834 - com.als.core.main.SingleTechnologyStaticAnalyzer: Message: Cannot parse D:\Repos\Edcast Repo 2022-23\edcast-ios-develop\edcastDemoTests\CourseViewControllerTests.m, due to: com.optimyth.qaking.objectivec.parser.ParseException: Encountered "__block" at line 22, column 31.
WARN 2022-11-07 17:08:22,835 - com.als.core.main.SingleTechnologyStaticAnalyzer: Stack:
WARN 2022-11-07 17:08:22,835 - com.als.core.main.SingleTechnologyStaticAnalyzer: com.als.core.parser.ParseException: Cannot parse D:\Repos\Edcast Repo 2022-23\edcast-ios-develop\edcastDemoTests\CourseViewControllerTests.m, due to: com.optimyth.qaking.objectivec.parser.ParseException: Encountered "__block" at line 22, column 31.
Was expecting one of:
    "IBOutlet" ...
    "IBOutletCollection" ...
    "id" ...
    "signed" ...
    "unsigned" ...
    <FIXED_NUM_TYPE> ...
    "void" ...
    "char" ...
...

WARN 2022-11-07 17:08:22,835 - com.als.core.main.SingleTechnologyStaticAnalyzer: Original code: lines 20/24
WARN 2022-11-07 17:08:22,835 - com.als.core.main.SingleTechnologyStaticAnalyzer: 
@interface CourseViewControllerTests : XCTestCase
@property (nonatomic, retain) __block CourseViewController *courseVC;
@property (nonatomic, retain) XCTestExpectation *exp;
@property (nonatomic, retain) SavannahManager *savMan;

WARN 2022-11-07 17:08:22,835 - com.als.core.main.SingleTechnologyStaticAnalyzer: Transformed code: lines 20/24
WARN 2022-11-07 17:08:22,835 - com.als.core.main.SingleTechnologyStaticAnalyzer: 
@interface CourseViewControllerTests : XCTestCase
@property (nonatomic, retain) __block CourseViewController *courseVC;
@property (nonatomic, retain) XCTestExpectation *exp;
@property (nonatomic, retain) SavannahManager *savMan;

WARN 2022-11-07 17:08:22,835 - com.als.core.main.SingleTechnologyStaticAnalyzer: ***************************************************
WARN 2022-11-07 17:08:22,861 - com.als.core.main.SingleTechnologyStaticAnalyzer: ***************************************************
WARN 2022-11-07 17:08:22,861 - com.als.core.main.SingleTechnologyStaticAnalyzer: File: D:\Repos\Edcast Repo 2022-23\edcast-ios-develop\edcastDemoTests\InsightManagerTest.m
WARN 2022-11-07 17:08:22,861 - com.als.core.main.SingleTechnologyStaticAnalyzer: Technology: objectivec
WARN 2022-11-07 17:08:22,861 - com.als.core.main.SingleTechnologyStaticAnalyzer: Message: Cannot parse D:\Repos\Edcast Repo 2022-23\edcast-ios-develop\edcastDemoTests\InsightManagerTest.m, due to: com.optimyth.qaking.objectivec.parser.ParseException: Encountered "XCTestExpectation * exp" at line 41, column 5.
WARN 2022-11-07 17:08:22,861 - com.als.core.main.SingleTechnologyStaticAnalyzer: Stack:
WARN 2022-11-07 17:08:22,861 - com.als.core.main.SingleTechnologyStaticAnalyzer: com.als.core.parser.ParseException: Cannot parse D:\Repos\Edcast Repo 2022-23\edcast-ios-develop\edcastDemoTests\InsightManagerTest.m, due to: com.optimyth.qaking.objectivec.parser.ParseException: Encountered "XCTestExpectation * exp" at line 41, column 5.
Was expecting one of:
    "<" ...
    ">" ...
    "?" ...
    "==" ...
    "<=" ...
    ">=" ...
    "!=" ...
    "||" ...
...

WARN 2022-11-07 17:08:22,861 - com.als.core.main.SingleTechnologyStaticAnalyzer: Original code: lines 39/43
WARN 2022-11-07 17:08:22,861 - com.als.core.main.SingleTechnologyStaticAnalyzer:     
    START_WAIT
    XCTestExpectation *exp = [self expectationWithDescription:@"fetchInsights"];
    NSString *requestURL = [NSString stringWithFormat:@"%@/api/topics/1000/cards?cache_id=1234", [self.baseURL absoluteString]];
    

WARN 2022-11-07 17:08:22,861 - com.als.core.main.SingleTechnologyStaticAnalyzer: Transformed code: lines 39/43
WARN 2022-11-07 17:08:22,861 - com.als.core.main.SingleTechnologyStaticAnalyzer:     
    START_WAIT
    XCTestExpectation *exp = [self expectationWithDescription:@"fetchInsights"];
    NSString *requestURL = [NSString stringWithFormat:@"%@/api/topics/1000/cards?cache_id=1234", [self.baseURL absoluteString]];
    

WARN 2022-11-07 17:08:22,861 - com.als.core.main.SingleTechnologyStaticAnalyzer: ***************************************************
WARN 2022-11-07 17:08:22,870 - com.als.core.main.SingleTechnologyStaticAnalyzer: ***************************************************
WARN 2022-11-07 17:08:22,870 - com.als.core.main.SingleTechnologyStaticAnalyzer: File: D:\Repos\Edcast Repo 2022-23\edcast-ios-develop\edcastDemoTests\NotificationManagerTest.m
WARN 2022-11-07 17:08:22,870 - com.als.core.main.SingleTechnologyStaticAnalyzer: Technology: objectivec
WARN 2022-11-07 17:08:22,870 - com.als.core.main.SingleTechnologyStaticAnalyzer: Message: Cannot parse D:\Repos\Edcast Repo 2022-23\edcast-ios-develop\edcastDemoTests\NotificationManagerTest.m, due to: com.optimyth.qaking.objectivec.parser.ParseException: Encountered "NSString * requestURL" at line 46, column 5.
WARN 2022-11-07 17:08:22,871 - com.als.core.main.SingleTechnologyStaticAnalyzer: Stack:
WARN 2022-11-07 17:08:22,871 - com.als.core.main.SingleTechnologyStaticAnalyzer: com.als.core.parser.ParseException: Cannot parse D:\Repos\Edcast Repo 2022-23\edcast-ios-develop\edcastDemoTests\NotificationManagerTest.m, due to: com.optimyth.qaking.objectivec.parser.ParseException: Encountered "NSString * requestURL" at line 46, column 5.
Was expecting one of:
    "<" ...
    ">" ...
    "?" ...
    "==" ...
    "<=" ...
    ">=" ...
    "!=" ...
    "||" ...
...

WARN 2022-11-07 17:08:22,871 - com.als.core.main.SingleTechnologyStaticAnalyzer: Original code: lines 44/48
WARN 2022-11-07 17:08:22,871 - com.als.core.main.SingleTechnologyStaticAnalyzer:     START_WAIT
    
    NSString *requestURL = [NSString stringWithFormat:@"%@/api/notifications", [self.baseURL absoluteString]];
    stubRequest(@"GET", requestURL).
    andReturn(200).

WARN 2022-11-07 17:08:22,871 - com.als.core.main.SingleTechnologyStaticAnalyzer: Transformed code: lines 44/48
WARN 2022-11-07 17:08:22,871 - com.als.core.main.SingleTechnologyStaticAnalyzer:     START_WAIT
    
    NSString *requestURL = [NSString stringWithFormat:@"%@/api/notifications", [self.baseURL absoluteString]];
    stubRequest(@"GET", requestURL).
    andReturn(200).

WARN 2022-11-07 17:08:22,871 - com.als.core.main.SingleTechnologyStaticAnalyzer: ***************************************************
WARN 2022-11-07 17:08:22,873 - com.als.core.main.SingleTechnologyStaticAnalyzer: ***************************************************
WARN 2022-11-07 17:08:22,873 - com.als.core.main.SingleTechnologyStaticAnalyzer: File: D:\Repos\Edcast Repo 2022-23\edcast-ios-develop\edcastDemoTests\SavannahCoursesTableViewControllerTests.m
WARN 2022-11-07 17:08:22,873 - com.als.core.main.SingleTechnologyStaticAnalyzer: Technology: objectivec
WARN 2022-11-07 17:08:22,873 - com.als.core.main.SingleTechnologyStaticAnalyzer: Message: Cannot parse D:\Repos\Edcast Repo 2022-23\edcast-ios-develop\edcastDemoTests\SavannahCoursesTableViewControllerTests.m, due to: com.optimyth.qaking.objectivec.parser.ParseException: Encountered "__block" at line 22, column 30.
WARN 2022-11-07 17:08:22,874 - com.als.core.main.SingleTechnologyStaticAnalyzer: Stack:
WARN 2022-11-07 17:08:22,874 - com.als.core.main.SingleTechnologyStaticAnalyzer: com.als.core.parser.ParseException: Cannot parse D:\Repos\Edcast Repo 2022-23\edcast-ios-develop\edcastDemoTests\SavannahCoursesTableViewControllerTests.m, due to: com.optimyth.qaking.objectivec.parser.ParseException: Encountered "__block" at line 22, column 30.
Was expecting one of:
    "IBOutlet" ...
    "IBOutletCollection" ...
    "id" ...
    "signed" ...
    "unsigned" ...
    <FIXED_NUM_TYPE> ...
    "void" ...
    "char" ...
...

WARN 2022-11-07 17:08:22,874 - com.als.core.main.SingleTechnologyStaticAnalyzer: Original code: lines 20/24
WARN 2022-11-07 17:08:22,874 - com.als.core.main.SingleTechnologyStaticAnalyzer: 
@interface SavannahCoursesTableViewControllerTests : XCTestCase
@property (nonatomic,retain) __block SavannahCoursesTableViewController *svc;
@property (nonatomic, retain) XCTestExpectation *exp;
@end

WARN 2022-11-07 17:08:22,874 - com.als.core.main.SingleTechnologyStaticAnalyzer: Transformed code: lines 20/24
WARN 2022-11-07 17:08:22,874 - com.als.core.main.SingleTechnologyStaticAnalyzer: 
@interface SavannahCoursesTableViewControllerTests : XCTestCase
@property (nonatomic,retain) __block SavannahCoursesTableViewController *svc;
@property (nonatomic, retain) XCTestExpectation *exp;
@end

WARN 2022-11-07 17:08:22,874 - com.als.core.main.SingleTechnologyStaticAnalyzer: ***************************************************
WARN 2022-11-07 17:08:23,587 - com.als.core.main.SingleTechnologyStaticAnalyzer: ***************************************************
WARN 2022-11-07 17:08:23,587 - com.als.core.main.SingleTechnologyStaticAnalyzer: File: D:\Repos\Edcast Repo 2022-23\edcast-ios-develop\PDFReader\Sources\ReaderThumbsView.m
WARN 2022-11-07 17:08:23,588 - com.als.core.main.SingleTechnologyStaticAnalyzer: Technology: objectivec
WARN 2022-11-07 17:08:23,588 - com.als.core.main.SingleTechnologyStaticAnalyzer: Message: Cannot parse D:\Repos\Edcast Repo 2022-23\edcast-ios-develop\PDFReader\Sources\ReaderThumbsView.m, due to: com.optimyth.qaking.objectivec.parser.ParseException: Encountered "CGRect" at line 269, column 33.
WARN 2022-11-07 17:08:23,588 - com.als.core.main.SingleTechnologyStaticAnalyzer: Stack:
WARN 2022-11-07 17:08:23,588 - com.als.core.main.SingleTechnologyStaticAnalyzer: com.als.core.parser.ParseException: Cannot parse D:\Repos\Edcast Repo 2022-23\edcast-ios-develop\PDFReader\Sources\ReaderThumbsView.m, due to: com.optimyth.qaking.objectivec.parser.ParseException: Encountered "CGRect" at line 269, column 33.
Was expecting one of:
    "<" ...
    ">" ...
    "?" ...
    "==" ...
    "<=" ...
    ">=" ...
    "!=" ...
    "||" ...
...

WARN 2022-11-07 17:08:23,588 - com.als.core.main.SingleTechnologyStaticAnalyzer: Original code: lines 267/271
WARN 2022-11-07 17:08:23,588 - com.als.core.main.SingleTechnologyStaticAnalyzer: 			{
                @strongify(self)
				CGRect thumbRect = [self thumbCellFrameForIndex:index]; // Frame

				ReaderThumbView *tvCell = [self dequeueThumbCellWithFrame:thumbRect];

WARN 2022-11-07 17:08:23,588 - com.als.core.main.SingleTechnologyStaticAnalyzer: Transformed code: lines 267/271
WARN 2022-11-07 17:08:23,588 - com.als.core.main.SingleTechnologyStaticAnalyzer: 			{
                @strongify(self)
				CGRect thumbRect = [self thumbCellFrameForIndex:index]; // Frame

				ReaderThumbView *tvCell = [self dequeueThumbCellWithFrame:thumbRect];

WARN 2022-11-07 17:08:23,588 - com.als.core.main.SingleTechnologyStaticAnalyzer: ***************************************************
