INFO 2022-11-07 18:09:32,861 - com.optimyth.qaking.codeanalysis.metadata.model.LibrariesResolver: Metadata libraries FACTORY directory added = D:\Software\KiuwanLocalAnalyzer\libraries
INFO 2022-11-07 18:09:32,862 - com.optimyth.qaking.codeanalysis.metadata.model.LibrariesResolver: Metadata libraries resolver found 1 directories to inspect: [D:\Software\KiuwanLocalAnalyzer\libraries]
WARN 2022-11-07 18:09:44,683 - com.als.core.main.SingleTechnologyStaticAnalyzer: ***************************************************
WARN 2022-11-07 18:09:44,683 - com.als.core.main.SingleTechnologyStaticAnalyzer: File: D:\Repos\Edcast Repo 2022-23\edcast-ios-develop\edcastDemo\SmartSearchModel.swift
WARN 2022-11-07 18:09:44,684 - com.als.core.main.SingleTechnologyStaticAnalyzer: Technology: swift
WARN 2022-11-07 18:09:44,684 - com.als.core.main.SingleTechnologyStaticAnalyzer: Message: Cannot parse D:\Repos\Edcast Repo 2022-23\edcast-ios-develop\edcastDemo\SmartSearchModel.swift, due to: com.optimyth.qaking.swift.parser.ParseException: Encountered "?" at line 40, column 36.
WARN 2022-11-07 18:09:44,686 - com.als.core.main.SingleTechnologyStaticAnalyzer: Stack:
WARN 2022-11-07 18:09:44,686 - com.als.core.main.SingleTechnologyStaticAnalyzer: com.als.core.parser.ParseException: Cannot parse D:\Repos\Edcast Repo 2022-23\edcast-ios-develop\edcastDemo\SmartSearchModel.swift, due to: com.optimyth.qaking.swift.parser.ParseException: Encountered "?" at line 40, column 36.
Was expecting one of:
    ")" ...
    "=" ...
    "." ...
    "," ...
    
	at com.als.core.parser.AbstractReaderParser.wrapException(AbstractReaderParser.java:98)
	at com.als.core.parser.AbstractReaderParser.throwParseException(AbstractReaderParser.java:93)
	at com.optimyth.qaking.swift.ast.SwiftParser.parse(SwiftParser.java:27)
...

WARN 2022-11-07 18:09:44,686 - com.als.core.main.SingleTechnologyStaticAnalyzer: Original code: lines 38/42
WARN 2022-11-07 18:09:44,686 - com.als.core.main.SingleTechnologyStaticAnalyzer:     
    func with(
        aggregations: Aggregations?? = nil,
        cards: [Card]?? = nil,
        total: Int?? = nil

WARN 2022-11-07 18:09:44,687 - com.als.core.main.SingleTechnologyStaticAnalyzer: ***************************************************
WARN 2022-11-07 18:09:48,625 - com.als.core.main.SingleTechnologyStaticAnalyzer: ***************************************************
WARN 2022-11-07 18:09:48,625 - com.als.core.main.SingleTechnologyStaticAnalyzer: File: D:\Repos\Edcast Repo 2022-23\edcast-ios-develop\edcastDemo\Channel\ECChannelViewModel.swift
WARN 2022-11-07 18:09:48,625 - com.als.core.main.SingleTechnologyStaticAnalyzer: Technology: swift
WARN 2022-11-07 18:09:48,625 - com.als.core.main.SingleTechnologyStaticAnalyzer: Message: Cannot parse D:\Repos\Edcast Repo 2022-23\edcast-ios-develop\edcastDemo\Channel\ECChannelViewModel.swift, due to: com.optimyth.qaking.swift.parser.ParseException: Encountered "if let miniCardsViewModel : ECChannelMiniCardTableCellViewModel = viewModel . elements . first as ? ECChannelMiniCardTableCellViewModel , let sectionIndex : Int = updatedViewModels . firstIndex ( where : { $0 . model = = = viewModel . model } ) { if let index : Int = miniCardsViewModel . viewModels . value . firstIndex ( where : { $0 . v5MiniCardCollectionViewModel ? . currentCard . value . uid = = cardId } ) { miniCardsViewModel . viewModels . value . remove ( at : index ) if let count : Int64 = ( viewModel . model as ? ECChannelMiniCardSectionViewModel ) ?" at line 671, column 13.
WARN 2022-11-07 18:09:48,650 - com.als.core.main.SingleTechnologyStaticAnalyzer: Stack:
WARN 2022-11-07 18:09:48,650 - com.als.core.main.SingleTechnologyStaticAnalyzer: com.als.core.parser.ParseException: Cannot parse D:\Repos\Edcast Repo 2022-23\edcast-ios-develop\edcastDemo\Channel\ECChannelViewModel.swift, due to: com.optimyth.qaking.swift.parser.ParseException: Encountered "if let miniCardsViewModel : ECChannelMiniCardTableCellViewModel = viewModel . elements . first as ? ECChannelMiniCardTableCellViewModel , let sectionIndex : Int = updatedViewModels . firstIndex ( where : { $0 . model = = = viewModel . model } ) { if let index : Int = miniCardsViewModel . viewModels . value . firstIndex ( where : { $0 . v5MiniCardCollectionViewModel ? . currentCard . value . uid = = cardId } ) { miniCardsViewModel . viewModels . value . remove ( at : index ) if let count : Int64 = ( viewModel . model as ? ECChannelMiniCardSectionViewModel ) ?" at line 671, column 13.
Was expecting one of:
    "}" ...
    <IDENTIFIER> ...
    "alpha" ...
    "arch" ...
    "arm" ...
    "as" ...
    "associatedtype" ...
    "associativity" ...
...

WARN 2022-11-07 18:09:48,650 - com.als.core.main.SingleTechnologyStaticAnalyzer: Original code: lines 669/673
WARN 2022-11-07 18:09:48,650 - com.als.core.main.SingleTechnologyStaticAnalyzer:         
        for viewModel in updatedViewModels where viewModel.model is ECChannelMiniCardSectionViewModel {
            if let miniCardsViewModel: ECChannelMiniCardTableCellViewModel = viewModel.elements.first as? ECChannelMiniCardTableCellViewModel,
               let sectionIndex: Int = updatedViewModels.firstIndex(where: { $0.model === viewModel.model }) {
                if let index: Int = miniCardsViewModel.viewModels.value.firstIndex(where: { $0.v5MiniCardCollectionViewModel?.currentCard.value.uid == cardId}) {

WARN 2022-11-07 18:09:48,651 - com.als.core.main.SingleTechnologyStaticAnalyzer: ***************************************************
WARN 2022-11-07 18:09:56,952 - com.als.core.main.SingleTechnologyStaticAnalyzer: ***************************************************
WARN 2022-11-07 18:09:56,952 - com.als.core.main.SingleTechnologyStaticAnalyzer: File: D:\Repos\Edcast Repo 2022-23\edcast-ios-develop\edcastDemo\CreateFlowSettings\ECCardSettingsCardTypeCell.swift
WARN 2022-11-07 18:09:56,952 - com.als.core.main.SingleTechnologyStaticAnalyzer: Technology: swift
WARN 2022-11-07 18:09:56,953 - com.als.core.main.SingleTechnologyStaticAnalyzer: Message: Cannot parse D:\Repos\Edcast Repo 2022-23\edcast-ios-develop\edcastDemo\CreateFlowSettings\ECCardSettingsCardTypeCell.swift, due to: com.optimyth.qaking.swift.parser.ParseException: Encountered "class ECCardSettingsCardTypeCell : UITableViewCell { @ IBOutlet weak var cardTypeLabel : UILabel ! @ IBOutlet weak var selectedCardTypeLabel : UILabel ! { didSet { selectedCardTypeLabel . text = ECConstants . selectString } } @ IBOutlet private weak var cellImageView : UIImageView ! { didSet { cellImageView . image = UIImage ( named : \"create_flow_settings_card_type\" ) ? . withRenderingMode ( . alwaysTemplate ) } } let dispose = SerialDisposable ( ) var viewModel : ECCardSettingsCardTypeCellViewModel ? { didSet { guard let viewModel = viewModel else { return } let disposeBag = CompositeDisposable ( ) dispose . inner = disposeBag disposeBag" at line 12, column 1.
WARN 2022-11-07 18:09:56,974 - com.als.core.main.SingleTechnologyStaticAnalyzer: Stack:
WARN 2022-11-07 18:09:56,974 - com.als.core.main.SingleTechnologyStaticAnalyzer: com.als.core.parser.ParseException: Cannot parse D:\Repos\Edcast Repo 2022-23\edcast-ios-develop\edcastDemo\CreateFlowSettings\ECCardSettingsCardTypeCell.swift, due to: com.optimyth.qaking.swift.parser.ParseException: Encountered "class ECCardSettingsCardTypeCell : UITableViewCell { @ IBOutlet weak var cardTypeLabel : UILabel ! @ IBOutlet weak var selectedCardTypeLabel : UILabel ! { didSet { selectedCardTypeLabel . text = ECConstants . selectString } } @ IBOutlet private weak var cellImageView : UIImageView ! { didSet { cellImageView . image = UIImage ( named : \"create_flow_settings_card_type\" ) ? . withRenderingMode ( . alwaysTemplate ) } } let dispose = SerialDisposable ( ) var viewModel : ECCardSettingsCardTypeCellViewModel ? { didSet { guard let viewModel = viewModel else { return } let disposeBag = CompositeDisposable ( ) dispose . inner = disposeBag disposeBag" at line 12, column 1.
Was expecting one of:
    <EOF> 
    <IDENTIFIER> ...
    "alpha" ...
    "arch" ...
    "arm" ...
    "as" ...
    "associatedtype" ...
    "associativity" ...
...

WARN 2022-11-07 18:09:56,974 - com.als.core.main.SingleTechnologyStaticAnalyzer: Original code: lines 10/14
WARN 2022-11-07 18:09:56,974 - com.als.core.main.SingleTechnologyStaticAnalyzer: import ReactiveSwift

class ECCardSettingsCardTypeCell: UITableViewCell {

    @IBOutlet weak var cardTypeLabel: UILabel! 

WARN 2022-11-07 18:09:56,975 - com.als.core.main.SingleTechnologyStaticAnalyzer: ***************************************************
WARN 2022-11-07 18:09:58,147 - com.als.core.main.SingleTechnologyStaticAnalyzer: ***************************************************
WARN 2022-11-07 18:09:58,147 - com.als.core.main.SingleTechnologyStaticAnalyzer: File: D:\Repos\Edcast Repo 2022-23\edcast-ios-develop\edcastDemo\CreateFlowSettings\ECCardSettingsDurationCell.swift
WARN 2022-11-07 18:09:58,147 - com.als.core.main.SingleTechnologyStaticAnalyzer: Technology: swift
WARN 2022-11-07 18:09:58,147 - com.als.core.main.SingleTechnologyStaticAnalyzer: Message: Cannot parse D:\Repos\Edcast Repo 2022-23\edcast-ios-develop\edcastDemo\CreateFlowSettings\ECCardSettingsDurationCell.swift, due to: com.optimyth.qaking.swift.parser.ParseException: Encountered "class ECCardSettingsDurationCell : UITableViewCell { @ IBOutlet weak var hoursTextField : ECDurationTextField ! { didSet { hoursTextField . attributedPlaceholder = . init ( string : NSLocalizedString ( \"HHH\" , comment : \"\" ) , attributes : [ . foregroundColor : UIColor . ecSecondaryTextColor ] ) hoursTextField . type = . hours hoursTextField . keyboardType = . numberPad hoursTextField . delegate = self hoursTextField . addTarget ( self , action : #selector ( self . textFieldDidChange ( textField : ) ) , for : . editingChanged ) } } @ IBOutlet weak var minutesTextField : ECDurationTextField ! { didSet {" at line 40, column 1.
WARN 2022-11-07 18:09:58,175 - com.als.core.main.SingleTechnologyStaticAnalyzer: Stack:
WARN 2022-11-07 18:09:58,175 - com.als.core.main.SingleTechnologyStaticAnalyzer: com.als.core.parser.ParseException: Cannot parse D:\Repos\Edcast Repo 2022-23\edcast-ios-develop\edcastDemo\CreateFlowSettings\ECCardSettingsDurationCell.swift, due to: com.optimyth.qaking.swift.parser.ParseException: Encountered "class ECCardSettingsDurationCell : UITableViewCell { @ IBOutlet weak var hoursTextField : ECDurationTextField ! { didSet { hoursTextField . attributedPlaceholder = . init ( string : NSLocalizedString ( \"HHH\" , comment : \"\" ) , attributes : [ . foregroundColor : UIColor . ecSecondaryTextColor ] ) hoursTextField . type = . hours hoursTextField . keyboardType = . numberPad hoursTextField . delegate = self hoursTextField . addTarget ( self , action : #selector ( self . textFieldDidChange ( textField : ) ) , for : . editingChanged ) } } @ IBOutlet weak var minutesTextField : ECDurationTextField ! { didSet {" at line 40, column 1.
Was expecting one of:
    <EOF> 
    ";" ...
    <IDENTIFIER> ...
    "alpha" ...
    "arch" ...
    "arm" ...
    "as" ...
    "associatedtype" ...
...

WARN 2022-11-07 18:09:58,175 - com.als.core.main.SingleTechnologyStaticAnalyzer: Original code: lines 38/42
WARN 2022-11-07 18:09:58,175 - com.als.core.main.SingleTechnologyStaticAnalyzer: }

class ECCardSettingsDurationCell: UITableViewCell {
    @IBOutlet weak var hoursTextField: ECDurationTextField! {
        didSet {

WARN 2022-11-07 18:09:58,176 - com.als.core.main.SingleTechnologyStaticAnalyzer: ***************************************************
WARN 2022-11-07 18:09:59,014 - com.als.core.main.SingleTechnologyStaticAnalyzer: ***************************************************
WARN 2022-11-07 18:09:59,014 - com.als.core.main.SingleTechnologyStaticAnalyzer: File: D:\Repos\Edcast Repo 2022-23\edcast-ios-develop\edcastDemo\CreateFlowSettings\ECCardSettingsTagsCell.swift
WARN 2022-11-07 18:09:59,014 - com.als.core.main.SingleTechnologyStaticAnalyzer: Technology: swift
WARN 2022-11-07 18:09:59,015 - com.als.core.main.SingleTechnologyStaticAnalyzer: Message: Cannot parse D:\Repos\Edcast Repo 2022-23\edcast-ios-develop\edcastDemo\CreateFlowSettings\ECCardSettingsTagsCell.swift, due to: com.optimyth.qaking.swift.parser.ParseException: Encountered "class ECCardSettingsTagsCell : UITableViewCell { @ IBOutlet weak var addTagsLabel : UILabel ! @ IBOutlet weak var textView : UITextView ! { didSet { textView . delegate = self } } @ IBOutlet weak var placeholderLabel : UILabel ! { didSet { placeholderLabel . text = NSLocalizedString ( \"Separate tags with commas\" , comment : \"\" ) } } @ IBOutlet weak var addTagImageView : UIImageView ! { didSet { addTagImageView . image = UIImage ( named : \"addtag\" ) ? . withRenderingMode ( . alwaysTemplate ) } } let compositeDisposable = CompositeDisposable ( ) var viewModel : ECCardSettingsTagsCellViewModel ? { didSet" at line 12, column 1.
WARN 2022-11-07 18:09:59,033 - com.als.core.main.SingleTechnologyStaticAnalyzer: Stack:
WARN 2022-11-07 18:09:59,034 - com.als.core.main.SingleTechnologyStaticAnalyzer: com.als.core.parser.ParseException: Cannot parse D:\Repos\Edcast Repo 2022-23\edcast-ios-develop\edcastDemo\CreateFlowSettings\ECCardSettingsTagsCell.swift, due to: com.optimyth.qaking.swift.parser.ParseException: Encountered "class ECCardSettingsTagsCell : UITableViewCell { @ IBOutlet weak var addTagsLabel : UILabel ! @ IBOutlet weak var textView : UITextView ! { didSet { textView . delegate = self } } @ IBOutlet weak var placeholderLabel : UILabel ! { didSet { placeholderLabel . text = NSLocalizedString ( \"Separate tags with commas\" , comment : \"\" ) } } @ IBOutlet weak var addTagImageView : UIImageView ! { didSet { addTagImageView . image = UIImage ( named : \"addtag\" ) ? . withRenderingMode ( . alwaysTemplate ) } } let compositeDisposable = CompositeDisposable ( ) var viewModel : ECCardSettingsTagsCellViewModel ? { didSet" at line 12, column 1.
Was expecting one of:
    <EOF> 
    <IDENTIFIER> ...
    "alpha" ...
    "arch" ...
    "arm" ...
    "as" ...
    "associatedtype" ...
    "associativity" ...
...

WARN 2022-11-07 18:09:59,034 - com.als.core.main.SingleTechnologyStaticAnalyzer: Original code: lines 10/14
WARN 2022-11-07 18:09:59,034 - com.als.core.main.SingleTechnologyStaticAnalyzer: import ReactiveSwift

class ECCardSettingsTagsCell: UITableViewCell {
    
    @IBOutlet weak var addTagsLabel: UILabel!

WARN 2022-11-07 18:09:59,034 - com.als.core.main.SingleTechnologyStaticAnalyzer: ***************************************************
WARN 2022-11-07 18:10:07,416 - com.als.core.main.SingleTechnologyStaticAnalyzer: ***************************************************
WARN 2022-11-07 18:10:07,416 - com.als.core.main.SingleTechnologyStaticAnalyzer: File: D:\Repos\Edcast Repo 2022-23\edcast-ios-develop\edcastDemo\New Settings View\ECChangePasswordViewController.swift
WARN 2022-11-07 18:10:07,416 - com.als.core.main.SingleTechnologyStaticAnalyzer: Technology: swift
WARN 2022-11-07 18:10:07,416 - com.als.core.main.SingleTechnologyStaticAnalyzer: Message: Cannot parse D:\Repos\Edcast Repo 2022-23\edcast-ios-develop\edcastDemo\New Settings View\ECChangePasswordViewController.swift, due to: com.optimyth.qaking.swift.parser.ParseException: Encountered "class ECChangePasswordViewModel { var currentPassword : String ? var newPassword : String ? var confirmPassword : String ? let passwordValidationString = MutableProperty < NSMutableAttributedString > ( NSMutableAttributedString ( string : NSLocalizedString ( \"Password must be at least 8 characters, and contain at least one upper case letter, and one symbol, and one number.\" , comment : \"\" ) , attributes : [ . font : UIFont . systemFont ( ofSize : 13.0 ) , . foregroundColor : UIColor . ecSecondaryTextColor ] ) ) weak var delegate : ECChangePasswordViewModelDelegate ? let isProcessing = MutableProperty ( false ) let organization : ECOrganization init ( organization : ECOrganization ) { self . organization = organization } func doChangePassword ( ) { if" at line 20, column 1.
WARN 2022-11-07 18:10:07,429 - com.als.core.main.SingleTechnologyStaticAnalyzer: Stack:
WARN 2022-11-07 18:10:07,430 - com.als.core.main.SingleTechnologyStaticAnalyzer: com.als.core.parser.ParseException: Cannot parse D:\Repos\Edcast Repo 2022-23\edcast-ios-develop\edcastDemo\New Settings View\ECChangePasswordViewController.swift, due to: com.optimyth.qaking.swift.parser.ParseException: Encountered "class ECChangePasswordViewModel { var currentPassword : String ? var newPassword : String ? var confirmPassword : String ? let passwordValidationString = MutableProperty < NSMutableAttributedString > ( NSMutableAttributedString ( string : NSLocalizedString ( \"Password must be at least 8 characters, and contain at least one upper case letter, and one symbol, and one number.\" , comment : \"\" ) , attributes : [ . font : UIFont . systemFont ( ofSize : 13.0 ) , . foregroundColor : UIColor . ecSecondaryTextColor ] ) ) weak var delegate : ECChangePasswordViewModelDelegate ? let isProcessing = MutableProperty ( false ) let organization : ECOrganization init ( organization : ECOrganization ) { self . organization = organization } func doChangePassword ( ) { if" at line 20, column 1.
Was expecting one of:
    <EOF> 
    <IDENTIFIER> ...
    "alpha" ...
    "arch" ...
    "arm" ...
    "as" ...
    "associatedtype" ...
    "associativity" ...
...

WARN 2022-11-07 18:10:07,430 - com.als.core.main.SingleTechnologyStaticAnalyzer: Original code: lines 18/22
WARN 2022-11-07 18:10:07,430 - com.als.core.main.SingleTechnologyStaticAnalyzer: }

class ECChangePasswordViewModel {
    var currentPassword: String?
    var newPassword: String?

WARN 2022-11-07 18:10:07,430 - com.als.core.main.SingleTechnologyStaticAnalyzer: ***************************************************
WARN 2022-11-07 18:10:11,262 - com.als.core.main.SingleTechnologyStaticAnalyzer: ***************************************************
WARN 2022-11-07 18:10:11,262 - com.als.core.main.SingleTechnologyStaticAnalyzer: File: D:\Repos\Edcast Repo 2022-23\edcast-ios-develop\edcastDemo\PicassoUI\AMA\ECPCreateAMAViewModel.swift
WARN 2022-11-07 18:10:11,262 - com.als.core.main.SingleTechnologyStaticAnalyzer: Technology: swift
WARN 2022-11-07 18:10:11,262 - com.als.core.main.SingleTechnologyStaticAnalyzer: Message: Cannot parse D:\Repos\Edcast Repo 2022-23\edcast-ios-develop\edcastDemo\PicassoUI\AMA\ECPCreateAMAViewModel.swift, due to: com.optimyth.qaking.swift.parser.ParseException: Encountered "if shouldUploadImage . value , let attachment : ECPUploadAttachmentContentType = uploadAttachmentContentType . value , case let . image ( imageAttachment ) :" at line 329, column 9.
WARN 2022-11-07 18:10:11,263 - com.als.core.main.SingleTechnologyStaticAnalyzer: Stack:
WARN 2022-11-07 18:10:11,263 - com.als.core.main.SingleTechnologyStaticAnalyzer: com.als.core.parser.ParseException: Cannot parse D:\Repos\Edcast Repo 2022-23\edcast-ios-develop\edcastDemo\PicassoUI\AMA\ECPCreateAMAViewModel.swift, due to: com.optimyth.qaking.swift.parser.ParseException: Encountered "if shouldUploadImage . value , let attachment : ECPUploadAttachmentContentType = uploadAttachmentContentType . value , case let . image ( imageAttachment ) :" at line 329, column 9.
Was expecting one of:
    "}" ...
    <IDENTIFIER> ...
    "alpha" ...
    "arch" ...
    "arm" ...
    "as" ...
    "associatedtype" ...
    "associativity" ...
...

WARN 2022-11-07 18:10:11,263 - com.als.core.main.SingleTechnologyStaticAnalyzer: Original code: lines 327/331
WARN 2022-11-07 18:10:11,263 - com.als.core.main.SingleTechnologyStaticAnalyzer:         //  Get cover image / thumbnail
        var filesToUpload: [[String: Any]] = .init()
        if shouldUploadImage.value,
           let attachment: ECPUploadAttachmentContentType = uploadAttachmentContentType.value,
           case let .image(imageAttachment): ECPUploadAttachmentContentType = attachment,

WARN 2022-11-07 18:10:11,263 - com.als.core.main.SingleTechnologyStaticAnalyzer: ***************************************************
WARN 2022-11-07 18:10:11,555 - com.als.core.main.SingleTechnologyStaticAnalyzer: ***************************************************
WARN 2022-11-07 18:10:11,555 - com.als.core.main.SingleTechnologyStaticAnalyzer: File: D:\Repos\Edcast Repo 2022-23\edcast-ios-develop\edcastDemo\PicassoUI\LiveEvent\ECPCreateLiveEventViewModel.swift
WARN 2022-11-07 18:10:11,555 - com.als.core.main.SingleTechnologyStaticAnalyzer: Technology: swift
WARN 2022-11-07 18:10:11,555 - com.als.core.main.SingleTechnologyStaticAnalyzer: Message: Cannot parse D:\Repos\Edcast Repo 2022-23\edcast-ios-develop\edcastDemo\PicassoUI\LiveEvent\ECPCreateLiveEventViewModel.swift, due to: com.optimyth.qaking.swift.parser.ParseException: Encountered "if coverImageUpdated . value , let attachment : ECPUploadAttachmentContentType = uploadAttachmentContentType . value , case let . image ( imageAttachment ) :" at line 612, column 9.
WARN 2022-11-07 18:10:11,556 - com.als.core.main.SingleTechnologyStaticAnalyzer: Stack:
WARN 2022-11-07 18:10:11,556 - com.als.core.main.SingleTechnologyStaticAnalyzer: com.als.core.parser.ParseException: Cannot parse D:\Repos\Edcast Repo 2022-23\edcast-ios-develop\edcastDemo\PicassoUI\LiveEvent\ECPCreateLiveEventViewModel.swift, due to: com.optimyth.qaking.swift.parser.ParseException: Encountered "if coverImageUpdated . value , let attachment : ECPUploadAttachmentContentType = uploadAttachmentContentType . value , case let . image ( imageAttachment ) :" at line 612, column 9.
Was expecting one of:
    "}" ...
    "(" ...
    "." ...
    "+" ...
    "-" ...
    <INTEGER_LITERAL> ...
    <FLOATING_POINT_LITERAL> ...
    <OCTAL_LITERAL> ...
...

WARN 2022-11-07 18:10:11,556 - com.als.core.main.SingleTechnologyStaticAnalyzer: Original code: lines 610/614
WARN 2022-11-07 18:10:11,556 - com.als.core.main.SingleTechnologyStaticAnalyzer:         //  Get cover image / thumbnail
        var filesToUpload: [[String: Any]] = .init()
        if coverImageUpdated.value,
           let attachment: ECPUploadAttachmentContentType = uploadAttachmentContentType.value,
           case let .image(imageAttachment): ECPUploadAttachmentContentType = attachment,

WARN 2022-11-07 18:10:11,556 - com.als.core.main.SingleTechnologyStaticAnalyzer: ***************************************************
WARN 2022-11-07 18:10:12,333 - com.als.core.main.SingleTechnologyStaticAnalyzer: ***************************************************
WARN 2022-11-07 18:10:12,333 - com.als.core.main.SingleTechnologyStaticAnalyzer: File: D:\Repos\Edcast Repo 2022-23\edcast-ios-develop\edcastDemo\PicassoUI\Livestream\ECPEditLivestreamViewModel.swift
WARN 2022-11-07 18:10:12,333 - com.als.core.main.SingleTechnologyStaticAnalyzer: Technology: swift
WARN 2022-11-07 18:10:12,333 - com.als.core.main.SingleTechnologyStaticAnalyzer: Message: Cannot parse D:\Repos\Edcast Repo 2022-23\edcast-ios-develop\edcastDemo\PicassoUI\Livestream\ECPEditLivestreamViewModel.swift, due to: com.optimyth.qaking.swift.parser.ParseException: Encountered "class ECPEditLivestreamViewModel { private enum Constants { static let moduleTitle : String = NSLocalizedString ( \"Livestream\" , comment : \"\" ) } weak var coordinatorDelegate : ECPEditLivestreamViewModelCoordinatorDelegate ? let moduleTitle : String = Constants . moduleTitle let enableNextButton : MutableProperty < Bool > = . init ( true ) let changeset : MutableProperty < StagedChangeset < [ ECDifferentiableViewModel ] > > = . init ( StagedChangeset < [ ECDifferentiableViewModel ] > ( ) ) let viewModels : MutableProperty < [ ECDifferentiableViewModel ] > = . init ( . init ( ) ) let ( beginEndUpdatesSignal , beginEndUpdatesSignalObserver ) =" at line 22, column 1.
WARN 2022-11-07 18:10:12,346 - com.als.core.main.SingleTechnologyStaticAnalyzer: Stack:
WARN 2022-11-07 18:10:12,346 - com.als.core.main.SingleTechnologyStaticAnalyzer: com.als.core.parser.ParseException: Cannot parse D:\Repos\Edcast Repo 2022-23\edcast-ios-develop\edcastDemo\PicassoUI\Livestream\ECPEditLivestreamViewModel.swift, due to: com.optimyth.qaking.swift.parser.ParseException: Encountered "class ECPEditLivestreamViewModel { private enum Constants { static let moduleTitle : String = NSLocalizedString ( \"Livestream\" , comment : \"\" ) } weak var coordinatorDelegate : ECPEditLivestreamViewModelCoordinatorDelegate ? let moduleTitle : String = Constants . moduleTitle let enableNextButton : MutableProperty < Bool > = . init ( true ) let changeset : MutableProperty < StagedChangeset < [ ECDifferentiableViewModel ] > > = . init ( StagedChangeset < [ ECDifferentiableViewModel ] > ( ) ) let viewModels : MutableProperty < [ ECDifferentiableViewModel ] > = . init ( . init ( ) ) let ( beginEndUpdatesSignal , beginEndUpdatesSignalObserver ) =" at line 22, column 1.
Was expecting one of:
    <EOF> 
    ";" ...
    <IDENTIFIER> ...
    "alpha" ...
    "arch" ...
    "arm" ...
    "as" ...
    "associatedtype" ...
...

WARN 2022-11-07 18:10:12,346 - com.als.core.main.SingleTechnologyStaticAnalyzer: Original code: lines 20/24
WARN 2022-11-07 18:10:12,346 - com.als.core.main.SingleTechnologyStaticAnalyzer: }

class ECPEditLivestreamViewModel {
    private enum Constants {
        static let moduleTitle: String = NSLocalizedString("Livestream", comment: "")

WARN 2022-11-07 18:10:12,346 - com.als.core.main.SingleTechnologyStaticAnalyzer: ***************************************************
WARN 2022-11-07 18:10:12,465 - com.als.core.main.SingleTechnologyStaticAnalyzer: ***************************************************
WARN 2022-11-07 18:10:12,466 - com.als.core.main.SingleTechnologyStaticAnalyzer: File: D:\Repos\Edcast Repo 2022-23\edcast-ios-develop\edcastDemo\PicassoUI\Pathway\ECPCreatePathwayViewModel.swift
WARN 2022-11-07 18:10:12,466 - com.als.core.main.SingleTechnologyStaticAnalyzer: Technology: swift
WARN 2022-11-07 18:10:12,466 - com.als.core.main.SingleTechnologyStaticAnalyzer: Message: Cannot parse D:\Repos\Edcast Repo 2022-23\edcast-ios-develop\edcastDemo\PicassoUI\Pathway\ECPCreatePathwayViewModel.swift, due to: com.optimyth.qaking.swift.parser.ParseException: Encountered "if shouldUploadImage . value , let attachment : ECPUploadAttachmentContentType = uploadAttachmentContentType . value , case let . image ( imageAttachment ) :" at line 510, column 9.
WARN 2022-11-07 18:10:12,467 - com.als.core.main.SingleTechnologyStaticAnalyzer: Stack:
WARN 2022-11-07 18:10:12,467 - com.als.core.main.SingleTechnologyStaticAnalyzer: com.als.core.parser.ParseException: Cannot parse D:\Repos\Edcast Repo 2022-23\edcast-ios-develop\edcastDemo\PicassoUI\Pathway\ECPCreatePathwayViewModel.swift, due to: com.optimyth.qaking.swift.parser.ParseException: Encountered "if shouldUploadImage . value , let attachment : ECPUploadAttachmentContentType = uploadAttachmentContentType . value , case let . image ( imageAttachment ) :" at line 510, column 9.
Was expecting one of:
    "}" ...
    "(" ...
    "." ...
    "+" ...
    "-" ...
    <INTEGER_LITERAL> ...
    <FLOATING_POINT_LITERAL> ...
    <OCTAL_LITERAL> ...
...

WARN 2022-11-07 18:10:12,467 - com.als.core.main.SingleTechnologyStaticAnalyzer: Original code: lines 508/512
WARN 2022-11-07 18:10:12,467 - com.als.core.main.SingleTechnologyStaticAnalyzer:         //  Get cover image / thumbnail
        var filesToUpload: [[String: Any]] = .init()
        if shouldUploadImage.value,
           let attachment: ECPUploadAttachmentContentType = uploadAttachmentContentType.value,
           case let .image(imageAttachment): ECPUploadAttachmentContentType = attachment,

WARN 2022-11-07 18:10:12,467 - com.als.core.main.SingleTechnologyStaticAnalyzer: ***************************************************
WARN 2022-11-07 18:10:12,862 - com.als.core.main.SingleTechnologyStaticAnalyzer: ***************************************************
WARN 2022-11-07 18:10:12,862 - com.als.core.main.SingleTechnologyStaticAnalyzer: File: D:\Repos\Edcast Repo 2022-23\edcast-ios-develop\edcastDemo\PicassoUI\Podcast\ECPCreatePodcastViewModel.swift
WARN 2022-11-07 18:10:12,862 - com.als.core.main.SingleTechnologyStaticAnalyzer: Technology: swift
WARN 2022-11-07 18:10:12,862 - com.als.core.main.SingleTechnologyStaticAnalyzer: Message: Cannot parse D:\Repos\Edcast Repo 2022-23\edcast-ios-develop\edcastDemo\PicassoUI\Podcast\ECPCreatePodcastViewModel.swift, due to: com.optimyth.qaking.swift.parser.ParseException: Encountered ":" at line 378, column 51.
WARN 2022-11-07 18:10:12,863 - com.als.core.main.SingleTechnologyStaticAnalyzer: Stack:
WARN 2022-11-07 18:10:12,863 - com.als.core.main.SingleTechnologyStaticAnalyzer: com.als.core.parser.ParseException: Cannot parse D:\Repos\Edcast Repo 2022-23\edcast-ios-develop\edcastDemo\PicassoUI\Podcast\ECPCreatePodcastViewModel.swift, due to: com.optimyth.qaking.swift.parser.ParseException: Encountered ":" at line 378, column 51.
Was expecting one of:
    "{" ...
    "%" ...
    "+" ...
    "-" ...
    "." ...
    "|" ...
    "(" ...
    <INTEGER_LITERAL> ...
...

WARN 2022-11-07 18:10:12,863 - com.als.core.main.SingleTechnologyStaticAnalyzer: Original code: lines 376/380
WARN 2022-11-07 18:10:12,863 - com.als.core.main.SingleTechnologyStaticAnalyzer:             filestackItems.append(imageFSE)
        } else if let attachment: ECPUploadAttachmentContentType = previewViewModel.uploadAttachmentContentType.value,
                  case let .image(imageAttachment): ECPUploadAttachmentContentType = attachment,
                  let thumbnail: UIImage = imageAttachment.imageViewImage.value,
                  let imageURL: URL = imageAttachment.imageURL.value {

WARN 2022-11-07 18:10:12,863 - com.als.core.main.SingleTechnologyStaticAnalyzer: ***************************************************
WARN 2022-11-07 18:10:18,094 - com.als.core.main.SingleTechnologyStaticAnalyzer: ***************************************************
WARN 2022-11-07 18:10:18,094 - com.als.core.main.SingleTechnologyStaticAnalyzer: File: D:\Repos\Edcast Repo 2022-23\edcast-ios-develop\edcastDemo\PicassoUI\Poll\ECPCreatePollViewModel.swift
WARN 2022-11-07 18:10:18,094 - com.als.core.main.SingleTechnologyStaticAnalyzer: Technology: swift
WARN 2022-11-07 18:10:18,094 - com.als.core.main.SingleTechnologyStaticAnalyzer: Message: Cannot parse D:\Repos\Edcast Repo 2022-23\edcast-ios-develop\edcastDemo\PicassoUI\Poll\ECPCreatePollViewModel.swift, due to: com.optimyth.qaking.swift.parser.ParseException: Encountered "class ECPCreatePollViewModel { private struct Constants { static let moduleTitleString : String = NSLocalizedString ( \"Poll\" , comment : \"\" ) static let moduleEditTitleString : String = NSLocalizedString ( \"Edit Poll\" , comment : \"\" ) } let createPollParams : CreatePollParameters weak var viewControllerDelegate : ECPCreatePollViewModelViewControllerDelegate ? weak var coordinatorDelegate : ECPCreatePollViewModelCoordinatorDelegate ? let viewWidth : MutableProperty < CGFloat > = . init ( 0.0 ) let enableNextButton : MutableProperty < Bool > = . init ( false ) let changeset : MutableProperty < StagedChangeset < [ CreatePollSection ] > > = . init ( StagedChangeset < [ CreatePollSection ]" at line 25, column 1.
WARN 2022-11-07 18:10:18,109 - com.als.core.main.SingleTechnologyStaticAnalyzer: Stack:
WARN 2022-11-07 18:10:18,109 - com.als.core.main.SingleTechnologyStaticAnalyzer: com.als.core.parser.ParseException: Cannot parse D:\Repos\Edcast Repo 2022-23\edcast-ios-develop\edcastDemo\PicassoUI\Poll\ECPCreatePollViewModel.swift, due to: com.optimyth.qaking.swift.parser.ParseException: Encountered "class ECPCreatePollViewModel { private struct Constants { static let moduleTitleString : String = NSLocalizedString ( \"Poll\" , comment : \"\" ) static let moduleEditTitleString : String = NSLocalizedString ( \"Edit Poll\" , comment : \"\" ) } let createPollParams : CreatePollParameters weak var viewControllerDelegate : ECPCreatePollViewModelViewControllerDelegate ? weak var coordinatorDelegate : ECPCreatePollViewModelCoordinatorDelegate ? let viewWidth : MutableProperty < CGFloat > = . init ( 0.0 ) let enableNextButton : MutableProperty < Bool > = . init ( false ) let changeset : MutableProperty < StagedChangeset < [ CreatePollSection ] > > = . init ( StagedChangeset < [ CreatePollSection ]" at line 25, column 1.
Was expecting one of:
    <EOF> 
    <IDENTIFIER> ...
    "alpha" ...
    "arch" ...
    "arm" ...
    "as" ...
    "associatedtype" ...
    "associativity" ...
...

WARN 2022-11-07 18:10:18,109 - com.als.core.main.SingleTechnologyStaticAnalyzer: Original code: lines 23/27
WARN 2022-11-07 18:10:18,109 - com.als.core.main.SingleTechnologyStaticAnalyzer: typealias CreatePollSection = ArraySection<ECPCreatePollSectionViewModel, ECPCreatePollCellViewModel>

class ECPCreatePollViewModel {
    
    private struct Constants {

WARN 2022-11-07 18:10:18,109 - com.als.core.main.SingleTechnologyStaticAnalyzer: ***************************************************
WARN 2022-11-07 18:10:18,653 - com.als.core.main.SingleTechnologyStaticAnalyzer: ***************************************************
WARN 2022-11-07 18:10:18,653 - com.als.core.main.SingleTechnologyStaticAnalyzer: File: D:\Repos\Edcast Repo 2022-23\edcast-ios-develop\edcastDemo\PicassoUI\Quiz\ViewModels\ECPCCreateQuizViewModel.swift
WARN 2022-11-07 18:10:18,653 - com.als.core.main.SingleTechnologyStaticAnalyzer: Technology: swift
WARN 2022-11-07 18:10:18,653 - com.als.core.main.SingleTechnologyStaticAnalyzer: Message: Cannot parse D:\Repos\Edcast Repo 2022-23\edcast-ios-develop\edcastDemo\PicassoUI\Quiz\ViewModels\ECPCCreateQuizViewModel.swift, due to: com.optimyth.qaking.swift.parser.ParseException: Encountered "if shouldUploadImage , let attachment : ECPUploadAttachmentContentType = uploadCellViewModel . uploadAttachmentContentType . value , case let . image ( imageAttachment ) :" at line 629, column 9.
WARN 2022-11-07 18:10:18,654 - com.als.core.main.SingleTechnologyStaticAnalyzer: Stack:
WARN 2022-11-07 18:10:18,654 - com.als.core.main.SingleTechnologyStaticAnalyzer: com.als.core.parser.ParseException: Cannot parse D:\Repos\Edcast Repo 2022-23\edcast-ios-develop\edcastDemo\PicassoUI\Quiz\ViewModels\ECPCCreateQuizViewModel.swift, due to: com.optimyth.qaking.swift.parser.ParseException: Encountered "if shouldUploadImage , let attachment : ECPUploadAttachmentContentType = uploadCellViewModel . uploadAttachmentContentType . value , case let . image ( imageAttachment ) :" at line 629, column 9.
Was expecting one of:
    "}" ...
    "(" ...
    "." ...
    "+" ...
    "-" ...
    <INTEGER_LITERAL> ...
    <FLOATING_POINT_LITERAL> ...
    <OCTAL_LITERAL> ...
...

WARN 2022-11-07 18:10:18,654 - com.als.core.main.SingleTechnologyStaticAnalyzer: Original code: lines 627/631
WARN 2022-11-07 18:10:18,654 - com.als.core.main.SingleTechnologyStaticAnalyzer:                 //  Get cover image / thumbnail
        var filesToUpload: [[String: Any]] = .init()
        if shouldUploadImage,
           let attachment: ECPUploadAttachmentContentType = uploadCellViewModel.uploadAttachmentContentType.value,
           case let .image(imageAttachment): ECPUploadAttachmentContentType = attachment,

WARN 2022-11-07 18:10:18,654 - com.als.core.main.SingleTechnologyStaticAnalyzer: ***************************************************
WARN 2022-11-07 18:10:19,014 - com.als.core.main.SingleTechnologyStaticAnalyzer: ***************************************************
WARN 2022-11-07 18:10:19,014 - com.als.core.main.SingleTechnologyStaticAnalyzer: File: D:\Repos\Edcast Repo 2022-23\edcast-ios-develop\edcastDemo\PicassoUI\Settings\ECPBadgesCellViewModel.swift
WARN 2022-11-07 18:10:19,014 - com.als.core.main.SingleTechnologyStaticAnalyzer: Technology: swift
WARN 2022-11-07 18:10:19,014 - com.als.core.main.SingleTechnologyStaticAnalyzer: Message: Cannot parse D:\Repos\Edcast Repo 2022-23\edcast-ios-develop\edcastDemo\PicassoUI\Settings\ECPBadgesCellViewModel.swift, due to: com.optimyth.qaking.swift.parser.ParseException: Encountered "class ECPBadgesCellViewModel : ECDifferentiableViewModel { weak var delegate : ECPBadgesCellViewModelDelegate ? let badgesCompletionViewIsHidden : MutableProperty < Bool > = . init ( true ) let willGetABadgeCheckboxViewModel : ECPCheckboxViewModel let badgesCompletionViewModel : ECPBadgesCompletionViewModel let showRequiredUIState : MutableProperty < Bool > = . init ( false ) private let compositeDisposable : CompositeDisposable = . init ( ) init ( badgesCompletionType : BadgesCompletionType = . no , customBadgeEnabled : Bool , credlyBadgeEnabled : Bool , badgeFetchService : BadgeFetchService ) { var initiallySelectedBadge : ECPBadge ? if case let . yes ( badgesCompletion ) = badgesCompletionType { initiallySelectedBadge = badgesCompletion . badge }" at line 29, column 1.
WARN 2022-11-07 18:10:19,034 - com.als.core.main.SingleTechnologyStaticAnalyzer: Stack:
WARN 2022-11-07 18:10:19,034 - com.als.core.main.SingleTechnologyStaticAnalyzer: com.als.core.parser.ParseException: Cannot parse D:\Repos\Edcast Repo 2022-23\edcast-ios-develop\edcastDemo\PicassoUI\Settings\ECPBadgesCellViewModel.swift, due to: com.optimyth.qaking.swift.parser.ParseException: Encountered "class ECPBadgesCellViewModel : ECDifferentiableViewModel { weak var delegate : ECPBadgesCellViewModelDelegate ? let badgesCompletionViewIsHidden : MutableProperty < Bool > = . init ( true ) let willGetABadgeCheckboxViewModel : ECPCheckboxViewModel let badgesCompletionViewModel : ECPBadgesCompletionViewModel let showRequiredUIState : MutableProperty < Bool > = . init ( false ) private let compositeDisposable : CompositeDisposable = . init ( ) init ( badgesCompletionType : BadgesCompletionType = . no , customBadgeEnabled : Bool , credlyBadgeEnabled : Bool , badgeFetchService : BadgeFetchService ) { var initiallySelectedBadge : ECPBadge ? if case let . yes ( badgesCompletion ) = badgesCompletionType { initiallySelectedBadge = badgesCompletion . badge }" at line 29, column 1.
Was expecting one of:
    <EOF> 
    ";" ...
    <IDENTIFIER> ...
    "alpha" ...
    "arch" ...
    "arm" ...
    "as" ...
    "associatedtype" ...
...

WARN 2022-11-07 18:10:19,034 - com.als.core.main.SingleTechnologyStaticAnalyzer: Original code: lines 27/31
WARN 2022-11-07 18:10:19,034 - com.als.core.main.SingleTechnologyStaticAnalyzer: }

class ECPBadgesCellViewModel: ECDifferentiableViewModel {
    weak var delegate: ECPBadgesCellViewModelDelegate?
    let badgesCompletionViewIsHidden: MutableProperty<Bool> = .init(true)

WARN 2022-11-07 18:10:19,034 - com.als.core.main.SingleTechnologyStaticAnalyzer: ***************************************************
WARN 2022-11-07 18:10:20,739 - com.als.core.main.SingleTechnologyStaticAnalyzer: ***************************************************
WARN 2022-11-07 18:10:20,739 - com.als.core.main.SingleTechnologyStaticAnalyzer: File: D:\Repos\Edcast Repo 2022-23\edcast-ios-develop\edcastDemo\PicassoUI\Upload\ECPUploadViewModel.swift
WARN 2022-11-07 18:10:20,739 - com.als.core.main.SingleTechnologyStaticAnalyzer: Technology: swift
WARN 2022-11-07 18:10:20,739 - com.als.core.main.SingleTechnologyStaticAnalyzer: Message: Cannot parse D:\Repos\Edcast Repo 2022-23\edcast-ios-develop\edcastDemo\PicassoUI\Upload\ECPUploadViewModel.swift, due to: com.optimyth.qaking.swift.parser.ParseException: Encountered "class ECPUploadViewModel { private struct Constants { static let fileNameFormat : String = \"%@-thumbnail.jpg\" static let defaultModuleTitleText : String = NSLocalizedString ( \"Upload\" , comment : \"\" ) static let maximumThumbnailSize : Int = 1048576 static let compressionQualityFull : CGFloat = 1.0 static let compressionQualityHalf : CGFloat = 0.5 } let createUploadParameters : CreateUploadParams let moduleTitle : String let viewWidth : MutableProperty < CGFloat > = . init ( UIScreen . main . bounds . width ) let enableNextButton : MutableProperty < Bool > = . init ( false ) weak var coordinatorDelegate : ECPUploadViewModelCoordinatorDelegate ? weak var viewControllerDelegate" at line 25, column 1.
WARN 2022-11-07 18:10:20,758 - com.als.core.main.SingleTechnologyStaticAnalyzer: Stack:
WARN 2022-11-07 18:10:20,759 - com.als.core.main.SingleTechnologyStaticAnalyzer: com.als.core.parser.ParseException: Cannot parse D:\Repos\Edcast Repo 2022-23\edcast-ios-develop\edcastDemo\PicassoUI\Upload\ECPUploadViewModel.swift, due to: com.optimyth.qaking.swift.parser.ParseException: Encountered "class ECPUploadViewModel { private struct Constants { static let fileNameFormat : String = \"%@-thumbnail.jpg\" static let defaultModuleTitleText : String = NSLocalizedString ( \"Upload\" , comment : \"\" ) static let maximumThumbnailSize : Int = 1048576 static let compressionQualityFull : CGFloat = 1.0 static let compressionQualityHalf : CGFloat = 0.5 } let createUploadParameters : CreateUploadParams let moduleTitle : String let viewWidth : MutableProperty < CGFloat > = . init ( UIScreen . main . bounds . width ) let enableNextButton : MutableProperty < Bool > = . init ( false ) weak var coordinatorDelegate : ECPUploadViewModelCoordinatorDelegate ? weak var viewControllerDelegate" at line 25, column 1.
Was expecting one of:
    <EOF> 
    ";" ...
    <IDENTIFIER> ...
    "alpha" ...
    "arch" ...
    "arm" ...
    "as" ...
    "associatedtype" ...
...

WARN 2022-11-07 18:10:20,759 - com.als.core.main.SingleTechnologyStaticAnalyzer: Original code: lines 23/27
WARN 2022-11-07 18:10:20,759 - com.als.core.main.SingleTechnologyStaticAnalyzer: }

class ECPUploadViewModel {
    
    private struct Constants {

WARN 2022-11-07 18:10:20,759 - com.als.core.main.SingleTechnologyStaticAnalyzer: ***************************************************
WARN 2022-11-07 18:10:29,854 - com.als.core.main.SingleTechnologyStaticAnalyzer: ***************************************************
WARN 2022-11-07 18:10:29,854 - com.als.core.main.SingleTechnologyStaticAnalyzer: File: D:\Repos\Edcast Repo 2022-23\edcast-ios-develop\edcastDemo\V5UI\AddUserProfile\ECSetProfileViewController.swift
WARN 2022-11-07 18:10:29,854 - com.als.core.main.SingleTechnologyStaticAnalyzer: Technology: swift
WARN 2022-11-07 18:10:29,854 - com.als.core.main.SingleTechnologyStaticAnalyzer: Message: Cannot parse D:\Repos\Edcast Repo 2022-23\edcast-ios-develop\edcastDemo\V5UI\AddUserProfile\ECSetProfileViewController.swift, due to: com.optimyth.qaking.swift.parser.ParseException: Encountered "class ECSetProfileViewModel : NSObject { struct Constants { static let showImage : UIImage ? = UIImage ( named : \"eyeOpen\" ) static let hideImage : UIImage ? = UIImage ( named : \"eyeHide\" ) static let defaultAvtarImage : UIImage ? = UIImage ( named : \"defaultAvtarImage\" ) static let checkedImage : UIImage ? = UIImage ( named : \"checkbox_no_padding\" ) ? . withRenderingMode ( . alwaysTemplate ) static let unCheckedImage : UIImage ? = UIImage ( named : \"checkbox_unselected_no_padding\" ) ? . withRenderingMode ( . alwaysTemplate ) } let enableFirstNameLastName : MutableProperty < Bool > = . init (" at line 34, column 1.
WARN 2022-11-07 18:10:29,872 - com.als.core.main.SingleTechnologyStaticAnalyzer: Stack:
WARN 2022-11-07 18:10:29,872 - com.als.core.main.SingleTechnologyStaticAnalyzer: com.als.core.parser.ParseException: Cannot parse D:\Repos\Edcast Repo 2022-23\edcast-ios-develop\edcastDemo\V5UI\AddUserProfile\ECSetProfileViewController.swift, due to: com.optimyth.qaking.swift.parser.ParseException: Encountered "class ECSetProfileViewModel : NSObject { struct Constants { static let showImage : UIImage ? = UIImage ( named : \"eyeOpen\" ) static let hideImage : UIImage ? = UIImage ( named : \"eyeHide\" ) static let defaultAvtarImage : UIImage ? = UIImage ( named : \"defaultAvtarImage\" ) static let checkedImage : UIImage ? = UIImage ( named : \"checkbox_no_padding\" ) ? . withRenderingMode ( . alwaysTemplate ) static let unCheckedImage : UIImage ? = UIImage ( named : \"checkbox_unselected_no_padding\" ) ? . withRenderingMode ( . alwaysTemplate ) } let enableFirstNameLastName : MutableProperty < Bool > = . init (" at line 34, column 1.
Was expecting one of:
    <EOF> 
    <IDENTIFIER> ...
    "alpha" ...
    "arch" ...
    "arm" ...
    "as" ...
    "associatedtype" ...
    "associativity" ...
...

WARN 2022-11-07 18:10:29,872 - com.als.core.main.SingleTechnologyStaticAnalyzer: Original code: lines 32/36
WARN 2022-11-07 18:10:29,872 - com.als.core.main.SingleTechnologyStaticAnalyzer: }

class ECSetProfileViewModel: NSObject {
    
    struct Constants {

WARN 2022-11-07 18:10:29,872 - com.als.core.main.SingleTechnologyStaticAnalyzer: ***************************************************
WARN 2022-11-07 18:10:29,978 - com.als.core.main.SingleTechnologyStaticAnalyzer: ***************************************************
WARN 2022-11-07 18:10:29,978 - com.als.core.main.SingleTechnologyStaticAnalyzer: File: D:\Repos\Edcast Repo 2022-23\edcast-ios-develop\edcastDemo\V5UI\Home\ECHomeTabViewController.swift
WARN 2022-11-07 18:10:29,978 - com.als.core.main.SingleTechnologyStaticAnalyzer: Technology: swift
WARN 2022-11-07 18:10:29,978 - com.als.core.main.SingleTechnologyStaticAnalyzer: Message: Cannot parse D:\Repos\Edcast Repo 2022-23\edcast-ios-develop\edcastDemo\V5UI\Home\ECHomeTabViewController.swift, due to: com.optimyth.qaking.swift.parser.ParseException: Encountered "<" at line 13, column 1.
WARN 2022-11-07 18:10:29,978 - com.als.core.main.SingleTechnologyStaticAnalyzer: Stack:
WARN 2022-11-07 18:10:29,978 - com.als.core.main.SingleTechnologyStaticAnalyzer: com.als.core.parser.ParseException: Cannot parse D:\Repos\Edcast Repo 2022-23\edcast-ios-develop\edcastDemo\V5UI\Home\ECHomeTabViewController.swift, due to: com.optimyth.qaking.swift.parser.ParseException: Encountered "<" at line 13, column 1.
Was expecting one of:
    <EOF> 
    <IDENTIFIER> ...
    "alpha" ...
    "arch" ...
    "arm" ...
    "as" ...
    "associatedtype" ...
    "associativity" ...
...

WARN 2022-11-07 18:10:29,978 - com.als.core.main.SingleTechnologyStaticAnalyzer: Original code: lines 11/15
WARN 2022-11-07 18:10:29,978 - com.als.core.main.SingleTechnologyStaticAnalyzer: import ReactiveSwift
import ReactiveCocoa
<<<<<<< HEAD
import AVKit


WARN 2022-11-07 18:10:29,978 - com.als.core.main.SingleTechnologyStaticAnalyzer: ***************************************************
