INFO 2022-11-07 17:08:57,735 - com.optimyth.qaking.codeanalysis.metadata.model.LibrariesResolver: Metadata libraries FACTORY directory added = D:\Software\KiuwanLocalAnalyzer\libraries
INFO 2022-11-07 17:08:57,736 - com.optimyth.qaking.codeanalysis.metadata.model.LibrariesResolver: Metadata libraries resolver found 1 directories to inspect: [D:\Software\KiuwanLocalAnalyzer\libraries]
INFO 2022-11-07 17:08:59,046 - com.optimyth.qaking.codeanalysis.redos.RegexNfaAnalyzer$AnalysisRunner: Error analyzing regular expression: (?:(?:^|\\s)(?:post|hentry|entry[-]?(?:content|text|body)?|article[-]?(?:content|text|body)?)(?:\\s|$))
regexcompiler.UnimplementedFunctionalityException: Anchor at invalid position: ^ at 6
	at regexcompiler.MyPattern$Parser.parseRegex(MyPattern.java:561)
	at regexcompiler.MyPattern$Parser.parse(MyPattern.java:546)
	at regexcompiler.MyPattern$Parser.parseFactor(MyPattern.java:660)
	at regexcompiler.MyPattern$Parser.parseTerm(MyPattern.java:598)
	at regexcompiler.MyPattern$Parser.parseRegex(MyPattern.java:564)
	at regexcompiler.MyPattern$Parser.parse(MyPattern.java:546)
	at regexcompiler.MyPattern$Parser.parseFactor(MyPattern.java:660)
	at regexcompiler.MyPattern$Parser.parseTerm(MyPattern.java:598)
	at regexcompiler.MyPattern$Parser.parseRegex(MyPattern.java:564)
	at regexcompiler.MyPattern$Parser.parse(MyPattern.java:546)
	at regexcompiler.MyPattern.toNFAGraph(MyPattern.java:86)
	at com.optimyth.qaking.codeanalysis.redos.RegexNfaAnalyzer$AnalysisRunner.run(RegexNfaAnalyzer.java:225)
	at java.util.concurrent.Executors$RunnableAdapter.call(Unknown Source)
	at java.util.concurrent.FutureTask.run(Unknown Source)
	at java.util.concurrent.ThreadPoolExecutor.runWorker(Unknown Source)
	at java.util.concurrent.ThreadPoolExecutor$Worker.run(Unknown Source)
	at java.lang.Thread.run(Unknown Source)
INFO 2022-11-07 17:08:59,079 - com.optimyth.qaking.codeanalysis.redos.RegexNfaAnalyzer$AnalysisRunner: Error analyzing regular expression: ^on|^id$|^class$|^style$
regexcompiler.UnimplementedFunctionalityException: Anchor at invalid position: ^ at 4
	at regexcompiler.MyPattern$Parser.parseTerm(MyPattern.java:610)
	at regexcompiler.MyPattern$Parser.parseRegex(MyPattern.java:569)
	at regexcompiler.MyPattern$Parser.parse(MyPattern.java:546)
	at regexcompiler.MyPattern.toNFAGraph(MyPattern.java:86)
	at com.optimyth.qaking.codeanalysis.redos.RegexNfaAnalyzer$AnalysisRunner.run(RegexNfaAnalyzer.java:225)
	at java.util.concurrent.Executors$RunnableAdapter.call(Unknown Source)
	at java.util.concurrent.FutureTask.run(Unknown Source)
	at java.util.concurrent.ThreadPoolExecutor.runWorker(Unknown Source)
	at java.util.concurrent.ThreadPoolExecutor$Worker.run(Unknown Source)
	at java.lang.Thread.run(Unknown Source)
INFO 2022-11-07 17:09:09,220 - com.optimyth.qaking.codeanalysis.redos.RegexNfaAnalyzer$AnalysisRunner: Error analyzing regular expression: (page|^p$|^pg$)
regexcompiler.UnimplementedFunctionalityException: Anchor at invalid position: ^ at 6
	at regexcompiler.MyPattern$Parser.parseTerm(MyPattern.java:610)
	at regexcompiler.MyPattern$Parser.parseRegex(MyPattern.java:569)
	at regexcompiler.MyPattern$Parser.parse(MyPattern.java:546)
	at regexcompiler.MyPattern$Parser.parseFactor(MyPattern.java:669)
	at regexcompiler.MyPattern$Parser.parseTerm(MyPattern.java:598)
	at regexcompiler.MyPattern$Parser.parseRegex(MyPattern.java:564)
	at regexcompiler.MyPattern$Parser.parse(MyPattern.java:546)
	at regexcompiler.MyPattern.toNFAGraph(MyPattern.java:86)
	at com.optimyth.qaking.codeanalysis.redos.RegexNfaAnalyzer$AnalysisRunner.run(RegexNfaAnalyzer.java:225)
	at java.util.concurrent.Executors$RunnableAdapter.call(Unknown Source)
	at java.util.concurrent.FutureTask.run(Unknown Source)
	at java.util.concurrent.ThreadPoolExecutor.runWorker(Unknown Source)
	at java.util.concurrent.ThreadPoolExecutor$Worker.run(Unknown Source)
	at java.lang.Thread.run(Unknown Source)
INFO 2022-11-07 17:09:14,536 - com.optimyth.qaking.codeanalysis.redos.RegexNfaAnalyzer$AnalysisRunner: Error analyzing regular expression: ^http:\/\/|^https:\/\/|^data:
regexcompiler.UnimplementedFunctionalityException: Anchor at invalid position: ^ at 11
	at regexcompiler.MyPattern$Parser.parseTerm(MyPattern.java:610)
	at regexcompiler.MyPattern$Parser.parseRegex(MyPattern.java:569)
	at regexcompiler.MyPattern$Parser.parse(MyPattern.java:546)
	at regexcompiler.MyPattern.toNFAGraph(MyPattern.java:86)
	at com.optimyth.qaking.codeanalysis.redos.RegexNfaAnalyzer$AnalysisRunner.run(RegexNfaAnalyzer.java:225)
	at java.util.concurrent.Executors$RunnableAdapter.call(Unknown Source)
	at java.util.concurrent.FutureTask.run(Unknown Source)
	at java.util.concurrent.ThreadPoolExecutor.runWorker(Unknown Source)
	at java.util.concurrent.ThreadPoolExecutor$Worker.run(Unknown Source)
	at java.lang.Thread.run(Unknown Source)
WARN 2022-11-07 17:09:14,764 - com.optimyth.qaking.js.inlined.InlineJavaScriptProcessor: ***************************************************
WARN 2022-11-07 17:09:14,764 - com.optimyth.qaking.js.inlined.InlineJavaScriptProcessor: File: D:\Repos\Edcast Repo 2022-23\edcast-ios-develop\test-html-files\page.html
WARN 2022-11-07 17:09:14,765 - com.optimyth.qaking.js.inlined.InlineJavaScriptProcessor: Technology: null
WARN 2022-11-07 17:09:14,765 - com.optimyth.qaking.js.inlined.InlineJavaScriptProcessor: Message: Cannot parse D:\Repos\Edcast Repo 2022-23\edcast-ios-develop\test-html-files\page.html, due to: com.als.parsers.html.ParseException: Encountered ">" at line 1, column 10.
WARN 2022-11-07 17:09:14,767 - com.optimyth.qaking.js.inlined.InlineJavaScriptProcessor: Stack:
WARN 2022-11-07 17:09:14,767 - com.optimyth.qaking.js.inlined.InlineJavaScriptProcessor: com.als.core.parser.ParseException: Cannot parse D:\Repos\Edcast Repo 2022-23\edcast-ios-develop\test-html-files\page.html, due to: com.als.parsers.html.ParseException: Encountered ">" at line 1, column 10.
Was expecting:
    <DECL_ANY> ...
    
	at com.als.core.parser.AbstractReaderParser.wrapException(AbstractReaderParser.java:98)
	at com.als.core.parser.AbstractReaderParser.throwParseException(AbstractReaderParser.java:93)
	at com.als.html.HtmlParserAdapter.k26(HtmlParserAdapter.java:51)
	at com.als.html.HtmlParserAdapter.parse(HtmlParserAdapter.java:29)
	at com.als.html.HtmlParserAdapter.parse(HtmlParserAdapter.java:27)
	at com.als.core.language.LanguageSupport.parseAndValidate(LanguageSupport.java:304)
...

WARN 2022-11-07 17:09:14,767 - com.optimyth.qaking.js.inlined.InlineJavaScriptProcessor: ***************************************************
WARN 2022-11-07 17:09:16,137 - com.optimyth.qaking.rules.nodejs.model.NodeJSConfigurations: Cannot parse JSON file: D:\Repos\Edcast Repo 2022-23\edcast-ios-develop\edcastDemo\test_course.json
