WARN 2022-11-07 17:08:34,606 - com.als.core.main.SingleTechnologyStaticAnalyzer: ***************************************************
WARN 2022-11-07 17:08:34,607 - com.als.core.main.SingleTechnologyStaticAnalyzer: File: D:\Repos\Edcast Repo 2022-23\edcast-ios-develop\test-html-files\page.html
WARN 2022-11-07 17:08:34,608 - com.als.core.main.SingleTechnologyStaticAnalyzer: Technology: html
WARN 2022-11-07 17:08:34,608 - com.als.core.main.SingleTechnologyStaticAnalyzer: Message: Cannot parse D:\Repos\Edcast Repo 2022-23\edcast-ios-develop\test-html-files\page.html, due to: com.als.parsers.html.ParseException: Encountered ">" at line 1, column 10.
WARN 2022-11-07 17:08:34,609 - com.als.core.main.SingleTechnologyStaticAnalyzer: Stack:
WARN 2022-11-07 17:08:34,610 - com.als.core.main.SingleTechnologyStaticAnalyzer: com.als.core.parser.ParseException: Cannot parse D:\Repos\Edcast Repo 2022-23\edcast-ios-develop\test-html-files\page.html, due to: com.als.parsers.html.ParseException: Encountered ">" at line 1, column 10.
Was expecting:
    <DECL_ANY> ...
    
	at com.als.core.parser.AbstractReaderParser.wrapException(AbstractReaderParser.java:98)
	at com.als.core.parser.AbstractReaderParser.throwParseException(AbstractReaderParser.java:93)
	at com.als.html.HtmlParserAdapter.k26(HtmlParserAdapter.java:51)
	at com.als.html.HtmlParserAdapter.parse(HtmlParserAdapter.java:29)
	at com.als.html.HtmlParserAdapter.parse(HtmlParserAdapter.java:27)
	at com.als.core.language.LanguageSupport.parseAndValidate(LanguageSupport.java:304)
...

WARN 2022-11-07 17:08:34,610 - com.als.core.main.SingleTechnologyStaticAnalyzer: Original code: lines 1/5
WARN 2022-11-07 17:08:34,610 - com.als.core.main.SingleTechnologyStaticAnalyzer: <!doctype>
<html>
    <head>
        <link rel="stylesheet"  type="text/css" href="./styles.css">
    </head>

WARN 2022-11-07 17:08:34,610 - com.als.core.main.SingleTechnologyStaticAnalyzer: ***************************************************
