INFO 2022-11-07 17:07:06,814 - com.optimyth.qaking.codeanalysis.metadata.model.LibrariesResolver: Metadata libraries FACTORY directory added = D:\Software\KiuwanLocalAnalyzer\libraries
INFO 2022-11-07 17:07:06,815 - com.optimyth.qaking.codeanalysis.metadata.model.LibrariesResolver: Metadata libraries resolver found 1 directories to inspect: [D:\Software\KiuwanLocalAnalyzer\libraries]
INFO 2022-11-07 17:07:07,241 - com.optimyth.qaking.codeanalysis.metadata.model.functional.FunctionAlias: Cannot resolve target sqlite3DbRealloc for alias sqlite3@sqlite3DbReallocOrFree. Ignored
INFO 2022-11-07 17:07:07,241 - com.optimyth.qaking.codeanalysis.metadata.model.functional.FunctionAlias: Cannot resolve target vprintf for alias glib@g_vprintf. Ignored
ERROR 2022-11-07 17:07:25,757 - com.optimyth.qaking.task.TasksSet: ***************************************************
ERROR 2022-11-07 17:07:25,757 - com.optimyth.qaking.task.TasksSet: File: D:\Repos\Edcast Repo 2022-23\edcast-ios-develop\edcastDemo\main.m
ERROR 2022-11-07 17:07:25,764 - com.optimyth.qaking.task.TasksSet: Task: IndirectTaintingSitesTask(objectivec)
ERROR 2022-11-07 17:07:25,764 - com.optimyth.qaking.task.TasksSet: Message: null
ERROR 2022-11-07 17:07:25,766 - com.optimyth.qaking.task.TasksSet: Stack:
ERROR 2022-11-07 17:07:25,766 - com.optimyth.qaking.task.TasksSet: java.lang.NullPointerException
	at com.optimyth.qaking.objectivec.tainting.model.PropagationVisitor.visitDeclarator(PropagationVisitor.java:95)
	at com.optimyth.qaking.objectivec.tainting.model.PropagationVisitor.visitDeclarator(PropagationVisitor.java:35)
	at com.optimyth.qaking.objectivec.visit.AstNavigator.acceptDeclaration(AstNavigator.java:228)
	at com.optimyth.qaking.objectivec.tainting.model.ObjcPropagationRule.k26(ObjcPropagationRule.java:51)
	at com.optimyth.qaking.objectivec.tainting.model.ObjcPropagationRule.propagate(ObjcPropagationRule.java:40)
	at com.optimyth.qaking.codeanalysis.tainting.PropagationRules.propagate(PropagationRules.java:40)
	at com.optimyth.qaking.codeanalysis.tainting.TaintingPathFinder.test(TaintingPathFinder.java:90)
	at com.optimyth.qaking.codeanalysis.tainting.TaintingPathFinder.test(TaintingPathFinder.java:29)
	at com.optimyth.qaking.codeanalysis.controlflow.paths.PathFinder.k26(PathFinder.java:173)
...

ERROR 2022-11-07 17:07:25,766 - com.optimyth.qaking.task.TasksSet: ***************************************************
WARN 2022-11-07 17:07:27,667 - com.als.core.main.SingleTechnologyStaticAnalyzer: ***************************************************
WARN 2022-11-07 17:07:27,668 - com.als.core.main.SingleTechnologyStaticAnalyzer: File: D:\Repos\Edcast Repo 2022-23\edcast-ios-develop\EdCast-BroadCast-Upload\AgoraAudioCriticalSection.h
WARN 2022-11-07 17:07:27,668 - com.als.core.main.SingleTechnologyStaticAnalyzer: Technology: objectivec
WARN 2022-11-07 17:07:27,668 - com.als.core.main.SingleTechnologyStaticAnalyzer: Message: Cannot parse D:\Repos\Edcast Repo 2022-23\edcast-ios-develop\EdCast-BroadCast-Upload\AgoraAudioCriticalSection.h, due to: com.optimyth.qaking.objectivec.parser.ParseException: Encountered "static" at line 17, column 3.
WARN 2022-11-07 17:07:27,668 - com.als.core.main.SingleTechnologyStaticAnalyzer: Stack:
WARN 2022-11-07 17:07:27,668 - com.als.core.main.SingleTechnologyStaticAnalyzer: com.als.core.parser.ParseException: Cannot parse D:\Repos\Edcast Repo 2022-23\edcast-ios-develop\EdCast-BroadCast-Upload\AgoraAudioCriticalSection.h, due to: com.optimyth.qaking.objectivec.parser.ParseException: Encountered "static" at line 17, column 3.
Was expecting one of:
    <__ATTRIBUTE__> ...
    "continue" ...
    "switch" ...
    "return" ...
    "break" ...
    "goto" ...
    "if" ...
    "{" ...
...

WARN 2022-11-07 17:07:27,668 - com.als.core.main.SingleTechnologyStaticAnalyzer: Original code: lines 15/19
WARN 2022-11-07 17:07:27,668 - com.als.core.main.SingleTechnologyStaticAnalyzer: public:
  // Factory method, constructor disabled
  static CriticalSectionWrapper* CreateCriticalSection();
  
  virtual ~CriticalSectionWrapper() {}

WARN 2022-11-07 17:07:27,669 - com.als.core.main.SingleTechnologyStaticAnalyzer: Transformed code: lines 15/19
WARN 2022-11-07 17:07:27,669 - com.als.core.main.SingleTechnologyStaticAnalyzer: public:
  // Factory method, constructor disabled
  static CriticalSectionWrapper* CreateCriticalSection();
  
  virtual ~CriticalSectionWrapper() {}

WARN 2022-11-07 17:07:27,669 - com.als.core.main.SingleTechnologyStaticAnalyzer: ***************************************************
WARN 2022-11-07 17:07:27,690 - com.als.core.main.SingleTechnologyStaticAnalyzer: ***************************************************
WARN 2022-11-07 17:07:27,690 - com.als.core.main.SingleTechnologyStaticAnalyzer: File: D:\Repos\Edcast Repo 2022-23\edcast-ios-develop\EdCast-BroadCast-Upload\external_resampler.h
WARN 2022-11-07 17:07:27,690 - com.als.core.main.SingleTechnologyStaticAnalyzer: Technology: objectivec
WARN 2022-11-07 17:07:27,690 - com.als.core.main.SingleTechnologyStaticAnalyzer: Message: Cannot parse D:\Repos\Edcast Repo 2022-23\edcast-ios-develop\EdCast-BroadCast-Upload\external_resampler.h, due to: com.optimyth.qaking.objectivec.parser.ParseException: Encountered "void" at line 20, column 3.
WARN 2022-11-07 17:07:27,691 - com.als.core.main.SingleTechnologyStaticAnalyzer: Stack:
WARN 2022-11-07 17:07:27,691 - com.als.core.main.SingleTechnologyStaticAnalyzer: com.als.core.parser.ParseException: Cannot parse D:\Repos\Edcast Repo 2022-23\edcast-ios-develop\EdCast-BroadCast-Upload\external_resampler.h, due to: com.optimyth.qaking.objectivec.parser.ParseException: Encountered "void" at line 20, column 3.
Was expecting one of:
    <__ATTRIBUTE__> ...
    "continue" ...
    "switch" ...
    "return" ...
    "break" ...
    "goto" ...
    "if" ...
    "{" ...
...

WARN 2022-11-07 17:07:27,691 - com.als.core.main.SingleTechnologyStaticAnalyzer: Original code: lines 18/22
WARN 2022-11-07 17:07:27,691 - com.als.core.main.SingleTechnologyStaticAnalyzer: 
private:
  void* resampler = nullptr;
};


WARN 2022-11-07 17:07:27,691 - com.als.core.main.SingleTechnologyStaticAnalyzer: Transformed code: lines 18/22
WARN 2022-11-07 17:07:27,691 - com.als.core.main.SingleTechnologyStaticAnalyzer: 
private:
  void* resampler = nullptr;
};


WARN 2022-11-07 17:07:27,691 - com.als.core.main.SingleTechnologyStaticAnalyzer: ***************************************************
WARN 2022-11-07 17:07:37,781 - com.als.core.main.SingleTechnologyStaticAnalyzer: ***************************************************
WARN 2022-11-07 17:07:37,781 - com.als.core.main.SingleTechnologyStaticAnalyzer: File: D:\Repos\Edcast Repo 2022-23\edcast-ios-develop\edcastDemo\AddPostViewController.m
WARN 2022-11-07 17:07:37,781 - com.als.core.main.SingleTechnologyStaticAnalyzer: Technology: objectivec
WARN 2022-11-07 17:07:37,781 - com.als.core.main.SingleTechnologyStaticAnalyzer: Message: Cannot parse D:\Repos\Edcast Repo 2022-23\edcast-ios-develop\edcastDemo\AddPostViewController.m, due to: com.optimyth.qaking.objectivec.parser.ParseException: Encountered "13.0" at line 905, column 24.
WARN 2022-11-07 17:07:37,782 - com.als.core.main.SingleTechnologyStaticAnalyzer: Stack:
WARN 2022-11-07 17:07:37,782 - com.als.core.main.SingleTechnologyStaticAnalyzer: com.als.core.parser.ParseException: Cannot parse D:\Repos\Edcast Repo 2022-23\edcast-ios-develop\edcastDemo\AddPostViewController.m, due to: com.optimyth.qaking.objectivec.parser.ParseException: Encountered "13.0" at line 905, column 24.
Was expecting one of:
    "<" ...
    ">" ...
    "?" ...
    "==" ...
    "<=" ...
    ">=" ...
    "!=" ...
    "||" ...
...

WARN 2022-11-07 17:07:37,782 - com.als.core.main.SingleTechnologyStaticAnalyzer: Original code: lines 903/907
WARN 2022-11-07 17:07:37,782 - com.als.core.main.SingleTechnologyStaticAnalyzer:     UIStoryboard *storyBoard = [UIStoryboard storyboardWithName:@"Livestream" bundle:nil];
    ECPublishStreamViewController *streamVC = [storyBoard instantiateViewControllerWithIdentifier:@"streamBroadcastVC"];
    if (@available(iOS 13.0, *)) {
        streamVC.modalInPresentation = YES;
    }

WARN 2022-11-07 17:07:37,782 - com.als.core.main.SingleTechnologyStaticAnalyzer: Transformed code: lines 903/907
WARN 2022-11-07 17:07:37,782 - com.als.core.main.SingleTechnologyStaticAnalyzer:     UIStoryboard *storyBoard = [UIStoryboard storyboardWithName:@"Livestream" bundle:nil];
    ECPublishStreamViewController *streamVC = [storyBoard instantiateViewControllerWithIdentifier:@"streamBroadcastVC"];
    if (@available(iOS 13.0, *)) {
        streamVC.modalInPresentation = YES;
    }

WARN 2022-11-07 17:07:37,782 - com.als.core.main.SingleTechnologyStaticAnalyzer: ***************************************************
WARN 2022-11-07 17:07:38,921 - com.als.core.main.SingleTechnologyStaticAnalyzer: ***************************************************
WARN 2022-11-07 17:07:38,921 - com.als.core.main.SingleTechnologyStaticAnalyzer: File: D:\Repos\Edcast Repo 2022-23\edcast-ios-develop\edcastDemo\ECAppDelegate.m
WARN 2022-11-07 17:07:38,921 - com.als.core.main.SingleTechnologyStaticAnalyzer: Technology: objectivec
WARN 2022-11-07 17:07:38,921 - com.als.core.main.SingleTechnologyStaticAnalyzer: Message: Cannot parse D:\Repos\Edcast Repo 2022-23\edcast-ios-develop\edcastDemo\ECAppDelegate.m, due to: com.optimyth.qaking.objectivec.parser.ParseException: Encountered "<" at line 162, column 141.
WARN 2022-11-07 17:07:38,921 - com.als.core.main.SingleTechnologyStaticAnalyzer: Stack:
WARN 2022-11-07 17:07:38,921 - com.als.core.main.SingleTechnologyStaticAnalyzer: com.als.core.parser.ParseException: Cannot parse D:\Repos\Edcast Repo 2022-23\edcast-ios-develop\edcastDemo\ECAppDelegate.m, due to: com.optimyth.qaking.objectivec.parser.ParseException: Encountered "<" at line 162, column 141.
Was expecting one of:
    ">" ...
    "*" ...
    "," ...
    "(" ...
    "[" ...
    
	at com.als.core.parser.AbstractReaderParser.wrapException(AbstractReaderParser.java:98)
	at com.als.core.parser.AbstractReaderParser.throwParseException(AbstractReaderParser.java:93)
...

WARN 2022-11-07 17:07:38,921 - com.als.core.main.SingleTechnologyStaticAnalyzer: Original code: lines 160/164
WARN 2022-11-07 17:07:38,921 - com.als.core.main.SingleTechnologyStaticAnalyzer: }

- (BOOL)application:(UIApplication *)application continueUserActivity:(NSUserActivity *)userActivity restorationHandler:(void (^)(NSArray<id<UIUserActivityRestoring>> *restorableObjects))restorationHandler {
    return [self.appCoordinator application:application continue:userActivity restorationHandler:restorationHandler];
}

WARN 2022-11-07 17:07:38,921 - com.als.core.main.SingleTechnologyStaticAnalyzer: Transformed code: lines 160/164
WARN 2022-11-07 17:07:38,921 - com.als.core.main.SingleTechnologyStaticAnalyzer: }

- (BOOL)application:(UIApplication *)application continueUserActivity:(NSUserActivity *)userActivity restorationHandler:(void (^)(NSArray<id<UIUserActivityRestoring>> *restorableObjects))restorationHandler {
    return [self.appCoordinator application:application continue:userActivity restorationHandler:restorationHandler];
}

WARN 2022-11-07 17:07:38,921 - com.als.core.main.SingleTechnologyStaticAnalyzer: ***************************************************
WARN 2022-11-07 17:07:38,989 - com.als.core.main.SingleTechnologyStaticAnalyzer: ***************************************************
WARN 2022-11-07 17:07:38,990 - com.als.core.main.SingleTechnologyStaticAnalyzer: File: D:\Repos\Edcast Repo 2022-23\edcast-ios-develop\edcastDemo\ECAppDelegateOLD.m
WARN 2022-11-07 17:07:38,990 - com.als.core.main.SingleTechnologyStaticAnalyzer: Technology: objectivec
WARN 2022-11-07 17:07:38,990 - com.als.core.main.SingleTechnologyStaticAnalyzer: Message: Cannot parse D:\Repos\Edcast Repo 2022-23\edcast-ios-develop\edcastDemo\ECAppDelegateOLD.m, due to: com.optimyth.qaking.objectivec.parser.ParseException: Encountered "<" at line 771, column 141.
WARN 2022-11-07 17:07:38,990 - com.als.core.main.SingleTechnologyStaticAnalyzer: Stack:
WARN 2022-11-07 17:07:38,990 - com.als.core.main.SingleTechnologyStaticAnalyzer: com.als.core.parser.ParseException: Cannot parse D:\Repos\Edcast Repo 2022-23\edcast-ios-develop\edcastDemo\ECAppDelegateOLD.m, due to: com.optimyth.qaking.objectivec.parser.ParseException: Encountered "<" at line 771, column 141.
Was expecting one of:
    ">" ...
    "*" ...
    "," ...
    "(" ...
    "[" ...
    
	at com.als.core.parser.AbstractReaderParser.wrapException(AbstractReaderParser.java:98)
	at com.als.core.parser.AbstractReaderParser.throwParseException(AbstractReaderParser.java:93)
...

WARN 2022-11-07 17:07:38,990 - com.als.core.main.SingleTechnologyStaticAnalyzer: Original code: lines 769/773
WARN 2022-11-07 17:07:38,990 - com.als.core.main.SingleTechnologyStaticAnalyzer: }

- (BOOL)application:(UIApplication *)application continueUserActivity:(NSUserActivity *)userActivity restorationHandler:(void (^)(NSArray<id<UIUserActivityRestoring>> *restorableObjects))restorationHandler {
    
    ECSignedInUser *loggedInUser = [[SessionManager userSession] currentUserV2];

WARN 2022-11-07 17:07:38,990 - com.als.core.main.SingleTechnologyStaticAnalyzer: Transformed code: lines 769/773
WARN 2022-11-07 17:07:38,990 - com.als.core.main.SingleTechnologyStaticAnalyzer: }

- (BOOL)application:(UIApplication *)application continueUserActivity:(NSUserActivity *)userActivity restorationHandler:(void (^)(NSArray<id<UIUserActivityRestoring>> *restorableObjects))restorationHandler {
    
    ECSignedInUser *loggedInUser = [[SessionManager userSession] currentUserV2];

WARN 2022-11-07 17:07:38,990 - com.als.core.main.SingleTechnologyStaticAnalyzer: ***************************************************
WARN 2022-11-07 17:07:46,979 - com.als.core.main.SingleTechnologyStaticAnalyzer: ***************************************************
WARN 2022-11-07 17:07:46,979 - com.als.core.main.SingleTechnologyStaticAnalyzer: File: D:\Repos\Edcast Repo 2022-23\edcast-ios-develop\edcastDemo\ECMainTabBarController.m
WARN 2022-11-07 17:07:46,979 - com.als.core.main.SingleTechnologyStaticAnalyzer: Technology: objectivec
WARN 2022-11-07 17:07:46,979 - com.als.core.main.SingleTechnologyStaticAnalyzer: Message: Cannot parse D:\Repos\Edcast Repo 2022-23\edcast-ios-develop\edcastDemo\ECMainTabBarController.m, due to: com.optimyth.qaking.objectivec.parser.ParseException: Encountered "13.0" at line 254, column 24.
WARN 2022-11-07 17:07:46,980 - com.als.core.main.SingleTechnologyStaticAnalyzer: Stack:
WARN 2022-11-07 17:07:46,980 - com.als.core.main.SingleTechnologyStaticAnalyzer: com.als.core.parser.ParseException: Cannot parse D:\Repos\Edcast Repo 2022-23\edcast-ios-develop\edcastDemo\ECMainTabBarController.m, due to: com.optimyth.qaking.objectivec.parser.ParseException: Encountered "13.0" at line 254, column 24.
Was expecting one of:
    "<" ...
    ">" ...
    "?" ...
    "==" ...
    "<=" ...
    ">=" ...
    "!=" ...
    "||" ...
...

WARN 2022-11-07 17:07:46,980 - com.als.core.main.SingleTechnologyStaticAnalyzer: Original code: lines 252/256
WARN 2022-11-07 17:07:46,980 - com.als.core.main.SingleTechnologyStaticAnalyzer:     UIStoryboard *storyBoard = [UIStoryboard storyboardWithName:@"Livestream" bundle:nil];
    ECPublishStreamViewController *streamVC = [storyBoard instantiateViewControllerWithIdentifier:@"streamBroadcastVC"];
    if (@available(iOS 13.0, *)) {
        streamVC.modalInPresentation = YES;
    }

WARN 2022-11-07 17:07:46,980 - com.als.core.main.SingleTechnologyStaticAnalyzer: Transformed code: lines 252/256
WARN 2022-11-07 17:07:46,980 - com.als.core.main.SingleTechnologyStaticAnalyzer:     UIStoryboard *storyBoard = [UIStoryboard storyboardWithName:@"Livestream" bundle:nil];
    ECPublishStreamViewController *streamVC = [storyBoard instantiateViewControllerWithIdentifier:@"streamBroadcastVC"];
    if (@available(iOS 13.0, *)) {
        streamVC.modalInPresentation = YES;
    }

WARN 2022-11-07 17:07:46,981 - com.als.core.main.SingleTechnologyStaticAnalyzer: ***************************************************
WARN 2022-11-07 17:07:47,604 - com.als.core.main.SingleTechnologyStaticAnalyzer: ***************************************************
WARN 2022-11-07 17:07:47,604 - com.als.core.main.SingleTechnologyStaticAnalyzer: File: D:\Repos\Edcast Repo 2022-23\edcast-ios-develop\edcastDemo\ECNetworkManager_BACKUP_46444.m
WARN 2022-11-07 17:07:47,604 - com.als.core.main.SingleTechnologyStaticAnalyzer: Technology: objectivec
WARN 2022-11-07 17:07:47,604 - com.als.core.main.SingleTechnologyStaticAnalyzer: Message: Cannot parse D:\Repos\Edcast Repo 2022-23\edcast-ios-develop\edcastDemo\ECNetworkManager_BACKUP_46444.m, due to: com.optimyth.qaking.objectivec.parser.ParseException: Encountered "postNotificationName" at line 99, column 47.
WARN 2022-11-07 17:07:47,605 - com.als.core.main.SingleTechnologyStaticAnalyzer: Stack:
WARN 2022-11-07 17:07:47,605 - com.als.core.main.SingleTechnologyStaticAnalyzer: com.als.core.parser.ParseException: Cannot parse D:\Repos\Edcast Repo 2022-23\edcast-ios-develop\edcastDemo\ECNetworkManager_BACKUP_46444.m, due to: com.optimyth.qaking.objectivec.parser.ParseException: Encountered "postNotificationName" at line 99, column 47.
Was expecting one of:
    "<" ...
    ">" ...
    "?" ...
    "==" ...
    "<=" ...
    ">=" ...
    "!=" ...
    "||" ...
...

WARN 2022-11-07 17:07:47,605 - com.als.core.main.SingleTechnologyStaticAnalyzer: Original code: lines 97/101
WARN 2022-11-07 17:07:47,605 - com.als.core.main.SingleTechnologyStaticAnalyzer:         LOG_NETWORK_FAILURE
        LOG_ERROR_TO_CONSOLE
        [[NSNotificationCenter defaultCenter] postNotificationName:EC_RECEIVED_APP_INFO object:nil userInfo:getResponseDict(ECNetworkFail, @{})];
    }];
    [self.operationQueue addOperation:operation];

WARN 2022-11-07 17:07:47,605 - com.als.core.main.SingleTechnologyStaticAnalyzer: Transformed code: lines 97/101
WARN 2022-11-07 17:07:47,606 - com.als.core.main.SingleTechnologyStaticAnalyzer:         LOG_NETWORK_FAILURE
        
        [[NSNotificationCenter defaultCenter] postNotificationName:EC_RECEIVED_APP_INFO object:nil userInfo:getResponseDict(ECNetworkFail, @{})];
    }];
    [self.operationQueue addOperation:operation];

WARN 2022-11-07 17:07:47,606 - com.als.core.main.SingleTechnologyStaticAnalyzer: ***************************************************
WARN 2022-11-07 17:07:47,687 - com.als.core.main.SingleTechnologyStaticAnalyzer: ***************************************************
WARN 2022-11-07 17:07:47,687 - com.als.core.main.SingleTechnologyStaticAnalyzer: File: D:\Repos\Edcast Repo 2022-23\edcast-ios-develop\edcastDemo\ECNetworkManager_BASE_46444.m
WARN 2022-11-07 17:07:47,687 - com.als.core.main.SingleTechnologyStaticAnalyzer: Technology: objectivec
WARN 2022-11-07 17:07:47,687 - com.als.core.main.SingleTechnologyStaticAnalyzer: Message: Cannot parse D:\Repos\Edcast Repo 2022-23\edcast-ios-develop\edcastDemo\ECNetworkManager_BASE_46444.m, due to: com.optimyth.qaking.objectivec.parser.ParseException: Encountered "postNotificationName" at line 99, column 47.
WARN 2022-11-07 17:07:47,688 - com.als.core.main.SingleTechnologyStaticAnalyzer: Stack:
WARN 2022-11-07 17:07:47,688 - com.als.core.main.SingleTechnologyStaticAnalyzer: com.als.core.parser.ParseException: Cannot parse D:\Repos\Edcast Repo 2022-23\edcast-ios-develop\edcastDemo\ECNetworkManager_BASE_46444.m, due to: com.optimyth.qaking.objectivec.parser.ParseException: Encountered "postNotificationName" at line 99, column 47.
Was expecting one of:
    "<" ...
    ">" ...
    "?" ...
    "==" ...
    "<=" ...
    ">=" ...
    "!=" ...
    "||" ...
...

WARN 2022-11-07 17:07:47,688 - com.als.core.main.SingleTechnologyStaticAnalyzer: Original code: lines 97/101
WARN 2022-11-07 17:07:47,688 - com.als.core.main.SingleTechnologyStaticAnalyzer:         LOG_NETWORK_FAILURE
        LOG_ERROR_TO_CONSOLE
        [[NSNotificationCenter defaultCenter] postNotificationName:EC_RECEIVED_APP_INFO object:nil userInfo:getResponseDict(ECNetworkFail, @{})];
    }];
    [self.operationQueue addOperation:operation];

WARN 2022-11-07 17:07:47,688 - com.als.core.main.SingleTechnologyStaticAnalyzer: Transformed code: lines 97/101
WARN 2022-11-07 17:07:47,688 - com.als.core.main.SingleTechnologyStaticAnalyzer:         LOG_NETWORK_FAILURE
        
        [[NSNotificationCenter defaultCenter] postNotificationName:EC_RECEIVED_APP_INFO object:nil userInfo:getResponseDict(ECNetworkFail, @{})];
    }];
    [self.operationQueue addOperation:operation];

WARN 2022-11-07 17:07:47,688 - com.als.core.main.SingleTechnologyStaticAnalyzer: ***************************************************
WARN 2022-11-07 17:07:47,763 - com.als.core.main.SingleTechnologyStaticAnalyzer: ***************************************************
WARN 2022-11-07 17:07:47,763 - com.als.core.main.SingleTechnologyStaticAnalyzer: File: D:\Repos\Edcast Repo 2022-23\edcast-ios-develop\edcastDemo\ECNetworkManager_LOCAL_46444.m
WARN 2022-11-07 17:07:47,763 - com.als.core.main.SingleTechnologyStaticAnalyzer: Technology: objectivec
WARN 2022-11-07 17:07:47,763 - com.als.core.main.SingleTechnologyStaticAnalyzer: Message: Cannot parse D:\Repos\Edcast Repo 2022-23\edcast-ios-develop\edcastDemo\ECNetworkManager_LOCAL_46444.m, due to: com.optimyth.qaking.objectivec.parser.ParseException: Encountered "postNotificationName" at line 99, column 47.
WARN 2022-11-07 17:07:47,763 - com.als.core.main.SingleTechnologyStaticAnalyzer: Stack:
WARN 2022-11-07 17:07:47,763 - com.als.core.main.SingleTechnologyStaticAnalyzer: com.als.core.parser.ParseException: Cannot parse D:\Repos\Edcast Repo 2022-23\edcast-ios-develop\edcastDemo\ECNetworkManager_LOCAL_46444.m, due to: com.optimyth.qaking.objectivec.parser.ParseException: Encountered "postNotificationName" at line 99, column 47.
Was expecting one of:
    "<" ...
    ">" ...
    "?" ...
    "==" ...
    "<=" ...
    ">=" ...
    "!=" ...
    "||" ...
...

WARN 2022-11-07 17:07:47,763 - com.als.core.main.SingleTechnologyStaticAnalyzer: Original code: lines 97/101
WARN 2022-11-07 17:07:47,763 - com.als.core.main.SingleTechnologyStaticAnalyzer:         LOG_NETWORK_FAILURE
        LOG_ERROR_TO_CONSOLE
        [[NSNotificationCenter defaultCenter] postNotificationName:EC_RECEIVED_APP_INFO object:nil userInfo:getResponseDict(ECNetworkFail, @{})];
    }];
    [self.operationQueue addOperation:operation];

WARN 2022-11-07 17:07:47,763 - com.als.core.main.SingleTechnologyStaticAnalyzer: Transformed code: lines 97/101
WARN 2022-11-07 17:07:47,763 - com.als.core.main.SingleTechnologyStaticAnalyzer:         LOG_NETWORK_FAILURE
        
        [[NSNotificationCenter defaultCenter] postNotificationName:EC_RECEIVED_APP_INFO object:nil userInfo:getResponseDict(ECNetworkFail, @{})];
    }];
    [self.operationQueue addOperation:operation];

WARN 2022-11-07 17:07:47,763 - com.als.core.main.SingleTechnologyStaticAnalyzer: ***************************************************
WARN 2022-11-07 17:07:47,843 - com.als.core.main.SingleTechnologyStaticAnalyzer: ***************************************************
WARN 2022-11-07 17:07:47,844 - com.als.core.main.SingleTechnologyStaticAnalyzer: File: D:\Repos\Edcast Repo 2022-23\edcast-ios-develop\edcastDemo\ECNetworkManager_REMOTE_46444.m
WARN 2022-11-07 17:07:47,844 - com.als.core.main.SingleTechnologyStaticAnalyzer: Technology: objectivec
WARN 2022-11-07 17:07:47,844 - com.als.core.main.SingleTechnologyStaticAnalyzer: Message: Cannot parse D:\Repos\Edcast Repo 2022-23\edcast-ios-develop\edcastDemo\ECNetworkManager_REMOTE_46444.m, due to: com.optimyth.qaking.objectivec.parser.ParseException: Encountered "postNotificationName" at line 99, column 47.
WARN 2022-11-07 17:07:47,844 - com.als.core.main.SingleTechnologyStaticAnalyzer: Stack:
WARN 2022-11-07 17:07:47,844 - com.als.core.main.SingleTechnologyStaticAnalyzer: com.als.core.parser.ParseException: Cannot parse D:\Repos\Edcast Repo 2022-23\edcast-ios-develop\edcastDemo\ECNetworkManager_REMOTE_46444.m, due to: com.optimyth.qaking.objectivec.parser.ParseException: Encountered "postNotificationName" at line 99, column 47.
Was expecting one of:
    "<" ...
    ">" ...
    "?" ...
    "==" ...
    "<=" ...
    ">=" ...
    "!=" ...
    "||" ...
...

WARN 2022-11-07 17:07:47,844 - com.als.core.main.SingleTechnologyStaticAnalyzer: Original code: lines 97/101
WARN 2022-11-07 17:07:47,845 - com.als.core.main.SingleTechnologyStaticAnalyzer:         LOG_NETWORK_FAILURE
        LOG_ERROR_TO_CONSOLE
        [[NSNotificationCenter defaultCenter] postNotificationName:EC_RECEIVED_APP_INFO object:nil userInfo:getResponseDict(ECNetworkFail, @{})];
    }];
    [self.operationQueue addOperation:operation];

WARN 2022-11-07 17:07:47,845 - com.als.core.main.SingleTechnologyStaticAnalyzer: Transformed code: lines 97/101
WARN 2022-11-07 17:07:47,845 - com.als.core.main.SingleTechnologyStaticAnalyzer:         LOG_NETWORK_FAILURE
        
        [[NSNotificationCenter defaultCenter] postNotificationName:EC_RECEIVED_APP_INFO object:nil userInfo:getResponseDict(ECNetworkFail, @{})];
    }];
    [self.operationQueue addOperation:operation];

WARN 2022-11-07 17:07:47,845 - com.als.core.main.SingleTechnologyStaticAnalyzer: ***************************************************
WARN 2022-11-07 17:07:47,917 - com.als.core.main.SingleTechnologyStaticAnalyzer: ***************************************************
WARN 2022-11-07 17:07:47,917 - com.als.core.main.SingleTechnologyStaticAnalyzer: File: D:\Repos\Edcast Repo 2022-23\edcast-ios-develop\edcastDemo\ECPlayStreamViewController.m
WARN 2022-11-07 17:07:47,917 - com.als.core.main.SingleTechnologyStaticAnalyzer: Technology: objectivec
WARN 2022-11-07 17:07:47,918 - com.als.core.main.SingleTechnologyStaticAnalyzer: Message: Cannot parse D:\Repos\Edcast Repo 2022-23\edcast-ios-develop\edcastDemo\ECPlayStreamViewController.m, due to: com.optimyth.qaking.objectivec.parser.ParseException: Encountered ":" at line 1026, column 118.
WARN 2022-11-07 17:07:47,918 - com.als.core.main.SingleTechnologyStaticAnalyzer: Stack:
WARN 2022-11-07 17:07:47,918 - com.als.core.main.SingleTechnologyStaticAnalyzer: com.als.core.parser.ParseException: Cannot parse D:\Repos\Edcast Repo 2022-23\edcast-ios-develop\edcastDemo\ECPlayStreamViewController.m, due to: com.optimyth.qaking.objectivec.parser.ParseException: Encountered ":" at line 1026, column 118.
Was expecting one of:
    "<" ...
    ">" ...
    "?" ...
    "==" ...
    "<=" ...
    ">=" ...
    "!=" ...
    "||" ...
...

WARN 2022-11-07 17:07:47,918 - com.als.core.main.SingleTechnologyStaticAnalyzer: Original code: lines 1024/1028
WARN 2022-11-07 17:07:47,918 - com.als.core.main.SingleTechnologyStaticAnalyzer:     }
    self.playerStatusLabel.hidden = NO;
    self.playerStatusLabel.text = NSLocalizedString(@"Network error. Please close the player and try again.", comment: @"");
}


WARN 2022-11-07 17:07:47,918 - com.als.core.main.SingleTechnologyStaticAnalyzer: Transformed code: lines 1024/1028
WARN 2022-11-07 17:07:47,918 - com.als.core.main.SingleTechnologyStaticAnalyzer:     }
    self.playerStatusLabel.hidden = NO;
    self.playerStatusLabel.text = NSLocalizedString(@"Network error. Please close the player and try again.", comment: @"");
}


WARN 2022-11-07 17:07:47,918 - com.als.core.main.SingleTechnologyStaticAnalyzer: ***************************************************
WARN 2022-11-07 17:07:47,934 - com.als.core.main.SingleTechnologyStaticAnalyzer: ***************************************************
WARN 2022-11-07 17:07:47,934 - com.als.core.main.SingleTechnologyStaticAnalyzer: File: D:\Repos\Edcast Repo 2022-23\edcast-ios-develop\edcastDemo\ECPostStreamExperienceViewController.m
WARN 2022-11-07 17:07:47,934 - com.als.core.main.SingleTechnologyStaticAnalyzer: Technology: objectivec
WARN 2022-11-07 17:07:47,934 - com.als.core.main.SingleTechnologyStaticAnalyzer: Message: Cannot parse D:\Repos\Edcast Repo 2022-23\edcast-ios-develop\edcastDemo\ECPostStreamExperienceViewController.m, due to: com.optimyth.qaking.objectivec.parser.ParseException: Encountered ":" at line 44, column 135.
WARN 2022-11-07 17:07:47,934 - com.als.core.main.SingleTechnologyStaticAnalyzer: Stack:
WARN 2022-11-07 17:07:47,935 - com.als.core.main.SingleTechnologyStaticAnalyzer: com.als.core.parser.ParseException: Cannot parse D:\Repos\Edcast Repo 2022-23\edcast-ios-develop\edcastDemo\ECPostStreamExperienceViewController.m, due to: com.optimyth.qaking.objectivec.parser.ParseException: Encountered ":" at line 44, column 135.
Was expecting one of:
    "<" ...
    ">" ...
    "?" ...
    "==" ...
    "<=" ...
    ">=" ...
    "!=" ...
    "||" ...
...

WARN 2022-11-07 17:07:47,935 - com.als.core.main.SingleTechnologyStaticAnalyzer: Original code: lines 42/46
WARN 2022-11-07 17:07:47,935 - com.als.core.main.SingleTechnologyStaticAnalyzer: - (void)viewDidLoad {
    [super viewDidLoad];
    self.lblInfo.text = NSLocalizedString(@"If you would like to adjust the start or end time of your video, just tap below!", comment: nil);
    [self.editButton setTitle: NSLocalizedString(@"Edit", nil) forState: UIControlStateNormal];
    [self.doneButton setTitle: NSLocalizedString(@"Done", nil) forState: UIControlStateNormal];

WARN 2022-11-07 17:07:47,935 - com.als.core.main.SingleTechnologyStaticAnalyzer: Transformed code: lines 42/46
WARN 2022-11-07 17:07:47,935 - com.als.core.main.SingleTechnologyStaticAnalyzer: - (void)viewDidLoad {
    [super viewDidLoad];
    self.lblInfo.text = NSLocalizedString(@"If you would like to adjust the start or end time of your video, just tap below!", comment: nil);
    [self.editButton setTitle: NSLocalizedString(@"Edit", nil) forState: UIControlStateNormal];
    [self.doneButton setTitle: NSLocalizedString(@"Done", nil) forState: UIControlStateNormal];

WARN 2022-11-07 17:07:47,935 - com.als.core.main.SingleTechnologyStaticAnalyzer: ***************************************************
WARN 2022-11-07 17:07:47,984 - com.als.core.main.SingleTechnologyStaticAnalyzer: ***************************************************
WARN 2022-11-07 17:07:47,984 - com.als.core.main.SingleTechnologyStaticAnalyzer: File: D:\Repos\Edcast Repo 2022-23\edcast-ios-develop\edcastDemo\ECPublishStreamViewController.m
WARN 2022-11-07 17:07:47,985 - com.als.core.main.SingleTechnologyStaticAnalyzer: Technology: objectivec
WARN 2022-11-07 17:07:47,985 - com.als.core.main.SingleTechnologyStaticAnalyzer: Message: Cannot parse D:\Repos\Edcast Repo 2022-23\edcast-ios-develop\edcastDemo\ECPublishStreamViewController.m, due to: com.optimyth.qaking.objectivec.parser.ParseException: Encountered "self" at line 337, column 13.
WARN 2022-11-07 17:07:47,985 - com.als.core.main.SingleTechnologyStaticAnalyzer: Stack:
WARN 2022-11-07 17:07:47,985 - com.als.core.main.SingleTechnologyStaticAnalyzer: com.als.core.parser.ParseException: Cannot parse D:\Repos\Edcast Repo 2022-23\edcast-ios-develop\edcastDemo\ECPublishStreamViewController.m, due to: com.optimyth.qaking.objectivec.parser.ParseException: Encountered "self" at line 337, column 13.
Was expecting one of:
    "<" ...
    ">" ...
    "?" ...
    "==" ...
    "<=" ...
    ">=" ...
    "!=" ...
    "||" ...
...

WARN 2022-11-07 17:07:47,985 - com.als.core.main.SingleTechnologyStaticAnalyzer: Original code: lines 335/339
WARN 2022-11-07 17:07:47,985 - com.als.core.main.SingleTechnologyStaticAnalyzer:         [self dismissViewControllerAnimated: true completion:^{
            @strongify(self)
            self.lottieAnimationController = nil;
        }];
    }

WARN 2022-11-07 17:07:47,985 - com.als.core.main.SingleTechnologyStaticAnalyzer: Transformed code: lines 335/339
WARN 2022-11-07 17:07:47,985 - com.als.core.main.SingleTechnologyStaticAnalyzer:         [self dismissViewControllerAnimated: true completion:^{
            @strongify(self)
            self.lottieAnimationController = nil;
        }];
    }

WARN 2022-11-07 17:07:47,985 - com.als.core.main.SingleTechnologyStaticAnalyzer: ***************************************************
WARN 2022-11-07 17:07:48,037 - com.als.core.main.SingleTechnologyStaticAnalyzer: ***************************************************
WARN 2022-11-07 17:07:48,037 - com.als.core.main.SingleTechnologyStaticAnalyzer: File: D:\Repos\Edcast Repo 2022-23\edcast-ios-develop\edcastDemo\ECScheduleStreamOptionsVC.m
WARN 2022-11-07 17:07:48,037 - com.als.core.main.SingleTechnologyStaticAnalyzer: Technology: objectivec
WARN 2022-11-07 17:07:48,038 - com.als.core.main.SingleTechnologyStaticAnalyzer: Message: Cannot parse D:\Repos\Edcast Repo 2022-23\edcast-ios-develop\edcastDemo\ECScheduleStreamOptionsVC.m, due to: com.optimyth.qaking.objectivec.parser.ParseException: Encountered "13.4" at line 621, column 24.
WARN 2022-11-07 17:07:48,038 - com.als.core.main.SingleTechnologyStaticAnalyzer: Stack:
WARN 2022-11-07 17:07:48,038 - com.als.core.main.SingleTechnologyStaticAnalyzer: com.als.core.parser.ParseException: Cannot parse D:\Repos\Edcast Repo 2022-23\edcast-ios-develop\edcastDemo\ECScheduleStreamOptionsVC.m, due to: com.optimyth.qaking.objectivec.parser.ParseException: Encountered "13.4" at line 621, column 24.
Was expecting one of:
    "<" ...
    ">" ...
    "?" ...
    "==" ...
    "<=" ...
    ">=" ...
    "!=" ...
    "||" ...
...

WARN 2022-11-07 17:07:48,038 - com.als.core.main.SingleTechnologyStaticAnalyzer: Original code: lines 619/623
WARN 2022-11-07 17:07:48,038 - com.als.core.main.SingleTechnologyStaticAnalyzer:     self.datePicker = [[UIDatePicker alloc] init];
    [self.datePicker addTarget:self action:@selector(dateChanged:) forControlEvents:UIControlEventValueChanged];
    if (@available(iOS 13.4, *)) {
        [self.datePicker setPreferredDatePickerStyle:UIDatePickerStyleWheels];
    }

WARN 2022-11-07 17:07:48,038 - com.als.core.main.SingleTechnologyStaticAnalyzer: Transformed code: lines 619/623
WARN 2022-11-07 17:07:48,038 - com.als.core.main.SingleTechnologyStaticAnalyzer:     self.datePicker = [[UIDatePicker alloc] init];
    [self.datePicker addTarget:self action:@selector(dateChanged:) forControlEvents:UIControlEventValueChanged];
    if (@available(iOS 13.4, *)) {
        [self.datePicker setPreferredDatePickerStyle:UIDatePickerStyleWheels];
    }

WARN 2022-11-07 17:07:48,038 - com.als.core.main.SingleTechnologyStaticAnalyzer: ***************************************************
INFO 2022-11-07 17:07:48,573 - com.optimyth.qaking.codeanalysis.tainting.TaintingAnalyzer: Too complex control flow (ccn=57) in block containing sink, at ECStreamManager.m line 1,022. Using direct navigation as fallback.
INFO 2022-11-07 17:07:48,576 - com.optimyth.qaking.codeanalysis.tainting.TaintingAnalyzer: Too complex control flow (ccn=57) in block containing sink, at ECStreamManager.m line 1,144. Using direct navigation as fallback.
INFO 2022-11-07 17:07:48,583 - com.optimyth.qaking.codeanalysis.tainting.TaintingAnalyzer: Too complex control flow (ccn=57) in block containing sink, at ECStreamManager.m line 1,177. Using direct navigation as fallback.
INFO 2022-11-07 17:07:48,596 - com.optimyth.qaking.codeanalysis.tainting.TaintingAnalyzer: Too complex control flow (ccn=57) in block containing sink, at ECStreamManager.m line 1,180. Using direct navigation as fallback.
INFO 2022-11-07 17:07:48,606 - com.optimyth.qaking.codeanalysis.tainting.TaintingAnalyzer: Too complex control flow (ccn=57) in block containing sink, at ECStreamManager.m line 1,183. Using direct navigation as fallback.
INFO 2022-11-07 17:07:48,617 - com.optimyth.qaking.codeanalysis.tainting.TaintingAnalyzer: Too complex control flow (ccn=57) in block containing sink, at ECStreamManager.m line 1,190. Using direct navigation as fallback.
INFO 2022-11-07 17:07:48,629 - com.optimyth.qaking.codeanalysis.tainting.TaintingAnalyzer: Too complex control flow (ccn=57) in block containing sink, at ECStreamManager.m line 1,192. Using direct navigation as fallback.
INFO 2022-11-07 17:07:48,639 - com.optimyth.qaking.codeanalysis.tainting.TaintingAnalyzer: Too complex control flow (ccn=57) in block containing sink, at ECStreamManager.m line 1,197. Using direct navigation as fallback.
INFO 2022-11-07 17:07:48,649 - com.optimyth.qaking.codeanalysis.tainting.TaintingAnalyzer: Too complex control flow (ccn=57) in block containing sink, at ECStreamManager.m line 1,205. Using direct navigation as fallback.
WARN 2022-11-07 17:07:51,859 - com.als.core.main.SingleTechnologyStaticAnalyzer: ***************************************************
WARN 2022-11-07 17:07:51,859 - com.als.core.main.SingleTechnologyStaticAnalyzer: File: D:\Repos\Edcast Repo 2022-23\edcast-ios-develop\edcastDemo\ECUtility.m
WARN 2022-11-07 17:07:51,859 - com.als.core.main.SingleTechnologyStaticAnalyzer: Technology: objectivec
WARN 2022-11-07 17:07:51,859 - com.als.core.main.SingleTechnologyStaticAnalyzer: Message: Cannot parse D:\Repos\Edcast Repo 2022-23\edcast-ios-develop\edcastDemo\ECUtility.m, due to: com.optimyth.qaking.objectivec.parser.ParseException: Encountered "<" at line 457, column 160.
WARN 2022-11-07 17:07:51,859 - com.als.core.main.SingleTechnologyStaticAnalyzer: Stack:
WARN 2022-11-07 17:07:51,859 - com.als.core.main.SingleTechnologyStaticAnalyzer: com.als.core.parser.ParseException: Cannot parse D:\Repos\Edcast Repo 2022-23\edcast-ios-develop\edcastDemo\ECUtility.m, due to: com.optimyth.qaking.objectivec.parser.ParseException: Encountered "<" at line 457, column 160.
Was expecting one of:
    ">" ...
    "*" ...
    "," ...
    "(" ...
    "[" ...
    
	at com.als.core.parser.AbstractReaderParser.wrapException(AbstractReaderParser.java:98)
	at com.als.core.parser.AbstractReaderParser.throwParseException(AbstractReaderParser.java:93)
...

WARN 2022-11-07 17:07:51,859 - com.als.core.main.SingleTechnologyStaticAnalyzer: Original code: lines 455/459
WARN 2022-11-07 17:07:51,859 - com.als.core.main.SingleTechnologyStaticAnalyzer:     NSUserActivity* userActivity = [[NSUserActivity alloc] initWithActivityType:NSUserActivityTypeBrowsingWeb];
    userActivity.webpageURL = url;
    [[UIApplication sharedApplication].delegate application:[UIApplication sharedApplication] continueUserActivity:userActivity restorationHandler:^(NSArray<id<UIUserActivityRestoring>> * _Nullable restorableObjects) { }];
}


WARN 2022-11-07 17:07:51,859 - com.als.core.main.SingleTechnologyStaticAnalyzer: Transformed code: lines 455/459
WARN 2022-11-07 17:07:51,859 - com.als.core.main.SingleTechnologyStaticAnalyzer:     NSUserActivity* userActivity = [[NSUserActivity alloc] initWithActivityType:NSUserActivityTypeBrowsingWeb];
    userActivity.webpageURL = url;
    [[UIApplication sharedApplication].delegate application:[UIApplication sharedApplication] continueUserActivity:userActivity restorationHandler:^(NSArray<id<UIUserActivityRestoring>> * _Nullable restorableObjects) { }];
}


WARN 2022-11-07 17:07:51,859 - com.als.core.main.SingleTechnologyStaticAnalyzer: ***************************************************
ERROR 2022-11-07 17:07:52,786 - com.als.core.RuleSet: ***************************************************
ERROR 2022-11-07 17:07:52,786 - com.als.core.RuleSet: File: D:\Repos\Edcast Repo 2022-23\edcast-ios-develop\edcastDemo\main.m
ERROR 2022-11-07 17:07:52,786 - com.als.core.RuleSet: Rule: OPT.OBJECTIVEC.SECURITY.InformationExposureThroughErrorMessage
ERROR 2022-11-07 17:07:52,786 - com.als.core.RuleSet: Message: null
ERROR 2022-11-07 17:07:52,787 - com.als.core.RuleSet: Stack:
ERROR 2022-11-07 17:07:52,787 - com.als.core.RuleSet: java.lang.NullPointerException
	at com.optimyth.qaking.objectivec.tainting.model.PropagationVisitor.visitDeclarator(PropagationVisitor.java:95)
	at com.optimyth.qaking.objectivec.tainting.model.PropagationVisitor.visitDeclarator(PropagationVisitor.java:35)
	at com.optimyth.qaking.objectivec.visit.AstNavigator.acceptDeclaration(AstNavigator.java:228)
	at com.optimyth.qaking.objectivec.tainting.model.ObjcPropagationRule.k26(ObjcPropagationRule.java:51)
	at com.optimyth.qaking.objectivec.tainting.model.ObjcPropagationRule.propagate(ObjcPropagationRule.java:40)
	at com.optimyth.qaking.codeanalysis.tainting.PropagationRules.propagate(PropagationRules.java:40)
	at com.optimyth.qaking.codeanalysis.tainting.TaintingPathFinder.test(TaintingPathFinder.java:90)
	at com.optimyth.qaking.codeanalysis.tainting.TaintingPathFinder.test(TaintingPathFinder.java:29)
	at com.optimyth.qaking.codeanalysis.controlflow.paths.PathFinder.k26(PathFinder.java:173)
...

ERROR 2022-11-07 17:07:52,787 - com.als.core.RuleSet: ***************************************************
ERROR 2022-11-07 17:07:52,795 - com.als.core.RuleSet: ***************************************************
ERROR 2022-11-07 17:07:52,795 - com.als.core.RuleSet: File: D:\Repos\Edcast Repo 2022-23\edcast-ios-develop\edcastDemo\main.m
ERROR 2022-11-07 17:07:52,795 - com.als.core.RuleSet: Rule: OPT.OBJECTIVEC.SECURITY.LogForging
ERROR 2022-11-07 17:07:52,795 - com.als.core.RuleSet: Message: null
ERROR 2022-11-07 17:07:52,796 - com.als.core.RuleSet: Stack:
ERROR 2022-11-07 17:07:52,796 - com.als.core.RuleSet: java.lang.NullPointerException
	at com.optimyth.qaking.objectivec.tainting.model.PropagationVisitor.visitDeclarator(PropagationVisitor.java:95)
	at com.optimyth.qaking.objectivec.tainting.model.PropagationVisitor.visitDeclarator(PropagationVisitor.java:35)
	at com.optimyth.qaking.objectivec.visit.AstNavigator.acceptDeclaration(AstNavigator.java:228)
	at com.optimyth.qaking.objectivec.tainting.model.ObjcPropagationRule.k26(ObjcPropagationRule.java:51)
	at com.optimyth.qaking.objectivec.tainting.model.ObjcPropagationRule.propagate(ObjcPropagationRule.java:40)
	at com.optimyth.qaking.codeanalysis.tainting.PropagationRules.propagate(PropagationRules.java:40)
	at com.optimyth.qaking.codeanalysis.tainting.TaintingPathFinder.test(TaintingPathFinder.java:90)
	at com.optimyth.qaking.codeanalysis.tainting.TaintingPathFinder.test(TaintingPathFinder.java:29)
	at com.optimyth.qaking.codeanalysis.controlflow.paths.PathFinder.k26(PathFinder.java:173)
...

ERROR 2022-11-07 17:07:52,796 - com.als.core.RuleSet: ***************************************************
ERROR 2022-11-07 17:07:52,810 - com.als.core.RuleSet: ***************************************************
ERROR 2022-11-07 17:07:52,810 - com.als.core.RuleSet: File: D:\Repos\Edcast Repo 2022-23\edcast-ios-develop\edcastDemo\main.m
ERROR 2022-11-07 17:07:52,810 - com.als.core.RuleSet: Rule: OPT.OBJECTIVEC.SECURITY.PrivacyViolation
ERROR 2022-11-07 17:07:52,810 - com.als.core.RuleSet: Message: null
ERROR 2022-11-07 17:07:52,811 - com.als.core.RuleSet: Stack:
ERROR 2022-11-07 17:07:52,811 - com.als.core.RuleSet: java.lang.NullPointerException
	at com.optimyth.qaking.objectivec.tainting.model.PropagationVisitor.visitDeclarator(PropagationVisitor.java:95)
	at com.optimyth.qaking.objectivec.tainting.model.PropagationVisitor.visitDeclarator(PropagationVisitor.java:35)
	at com.optimyth.qaking.objectivec.visit.AstNavigator.acceptDeclaration(AstNavigator.java:228)
	at com.optimyth.qaking.objectivec.tainting.model.ObjcPropagationRule.k26(ObjcPropagationRule.java:51)
	at com.optimyth.qaking.objectivec.tainting.model.ObjcPropagationRule.propagate(ObjcPropagationRule.java:40)
	at com.optimyth.qaking.codeanalysis.tainting.PropagationRules.propagate(PropagationRules.java:40)
	at com.optimyth.qaking.codeanalysis.tainting.TaintingPathFinder.test(TaintingPathFinder.java:90)
	at com.optimyth.qaking.codeanalysis.tainting.TaintingPathFinder.test(TaintingPathFinder.java:29)
	at com.optimyth.qaking.codeanalysis.controlflow.paths.PathFinder.k26(PathFinder.java:173)
...

ERROR 2022-11-07 17:07:52,811 - com.als.core.RuleSet: ***************************************************
WARN 2022-11-07 17:07:55,275 - com.als.core.main.SingleTechnologyStaticAnalyzer: ***************************************************
WARN 2022-11-07 17:07:55,275 - com.als.core.main.SingleTechnologyStaticAnalyzer: File: D:\Repos\Edcast Repo 2022-23\edcast-ios-develop\edcastDemoTests\BookmarkManagerTest.m
WARN 2022-11-07 17:07:55,275 - com.als.core.main.SingleTechnologyStaticAnalyzer: Technology: objectivec
WARN 2022-11-07 17:07:55,275 - com.als.core.main.SingleTechnologyStaticAnalyzer: Message: Cannot parse D:\Repos\Edcast Repo 2022-23\edcast-ios-develop\edcastDemoTests\BookmarkManagerTest.m, due to: com.optimyth.qaking.objectivec.parser.ParseException: Encountered "XCTestExpectation * exp" at line 42, column 5.
WARN 2022-11-07 17:07:55,276 - com.als.core.main.SingleTechnologyStaticAnalyzer: Stack:
WARN 2022-11-07 17:07:55,276 - com.als.core.main.SingleTechnologyStaticAnalyzer: com.als.core.parser.ParseException: Cannot parse D:\Repos\Edcast Repo 2022-23\edcast-ios-develop\edcastDemoTests\BookmarkManagerTest.m, due to: com.optimyth.qaking.objectivec.parser.ParseException: Encountered "XCTestExpectation * exp" at line 42, column 5.
Was expecting one of:
    "<" ...
    ">" ...
    "?" ...
    "==" ...
    "<=" ...
    ">=" ...
    "!=" ...
    "||" ...
...

WARN 2022-11-07 17:07:55,276 - com.als.core.main.SingleTechnologyStaticAnalyzer: Original code: lines 40/44
WARN 2022-11-07 17:07:55,276 - com.als.core.main.SingleTechnologyStaticAnalyzer:     
    START_WAIT
    XCTestExpectation *exp = [self expectationWithDescription:@"getLatestBookmarkedCards"];
    
    NSString *requestURL = [NSString stringWithFormat:@"%@/api/bookmarks?last_fetch_time=date", [self.baseURL absoluteString]];

WARN 2022-11-07 17:07:55,276 - com.als.core.main.SingleTechnologyStaticAnalyzer: Transformed code: lines 40/44
WARN 2022-11-07 17:07:55,276 - com.als.core.main.SingleTechnologyStaticAnalyzer:     
    START_WAIT
    XCTestExpectation *exp = [self expectationWithDescription:@"getLatestBookmarkedCards"];
    
    NSString *requestURL = [NSString stringWithFormat:@"%@/api/bookmarks?last_fetch_time=date", [self.baseURL absoluteString]];

WARN 2022-11-07 17:07:55,276 - com.als.core.main.SingleTechnologyStaticAnalyzer: ***************************************************
WARN 2022-11-07 17:07:55,783 - com.als.core.main.SingleTechnologyStaticAnalyzer: ***************************************************
WARN 2022-11-07 17:07:55,783 - com.als.core.main.SingleTechnologyStaticAnalyzer: File: D:\Repos\Edcast Repo 2022-23\edcast-ios-develop\edcastDemoTests\CourseViewControllerTests.m
WARN 2022-11-07 17:07:55,783 - com.als.core.main.SingleTechnologyStaticAnalyzer: Technology: objectivec
WARN 2022-11-07 17:07:55,783 - com.als.core.main.SingleTechnologyStaticAnalyzer: Message: Cannot parse D:\Repos\Edcast Repo 2022-23\edcast-ios-develop\edcastDemoTests\CourseViewControllerTests.m, due to: com.optimyth.qaking.objectivec.parser.ParseException: Encountered "__block" at line 22, column 31.
WARN 2022-11-07 17:07:55,784 - com.als.core.main.SingleTechnologyStaticAnalyzer: Stack:
WARN 2022-11-07 17:07:55,784 - com.als.core.main.SingleTechnologyStaticAnalyzer: com.als.core.parser.ParseException: Cannot parse D:\Repos\Edcast Repo 2022-23\edcast-ios-develop\edcastDemoTests\CourseViewControllerTests.m, due to: com.optimyth.qaking.objectivec.parser.ParseException: Encountered "__block" at line 22, column 31.
Was expecting one of:
    "IBOutlet" ...
    "IBOutletCollection" ...
    "id" ...
    "signed" ...
    "unsigned" ...
    <FIXED_NUM_TYPE> ...
    "void" ...
    "char" ...
...

WARN 2022-11-07 17:07:55,784 - com.als.core.main.SingleTechnologyStaticAnalyzer: Original code: lines 20/24
WARN 2022-11-07 17:07:55,784 - com.als.core.main.SingleTechnologyStaticAnalyzer: 
@interface CourseViewControllerTests : XCTestCase
@property (nonatomic, retain) __block CourseViewController *courseVC;
@property (nonatomic, retain) XCTestExpectation *exp;
@property (nonatomic, retain) SavannahManager *savMan;

WARN 2022-11-07 17:07:55,784 - com.als.core.main.SingleTechnologyStaticAnalyzer: Transformed code: lines 20/24
WARN 2022-11-07 17:07:55,784 - com.als.core.main.SingleTechnologyStaticAnalyzer: 
@interface CourseViewControllerTests : XCTestCase
@property (nonatomic, retain) __block CourseViewController *courseVC;
@property (nonatomic, retain) XCTestExpectation *exp;
@property (nonatomic, retain) SavannahManager *savMan;

WARN 2022-11-07 17:07:55,784 - com.als.core.main.SingleTechnologyStaticAnalyzer: ***************************************************
WARN 2022-11-07 17:07:55,980 - com.als.core.main.SingleTechnologyStaticAnalyzer: ***************************************************
WARN 2022-11-07 17:07:55,980 - com.als.core.main.SingleTechnologyStaticAnalyzer: File: D:\Repos\Edcast Repo 2022-23\edcast-ios-develop\edcastDemoTests\InsightManagerTest.m
WARN 2022-11-07 17:07:55,980 - com.als.core.main.SingleTechnologyStaticAnalyzer: Technology: objectivec
WARN 2022-11-07 17:07:55,980 - com.als.core.main.SingleTechnologyStaticAnalyzer: Message: Cannot parse D:\Repos\Edcast Repo 2022-23\edcast-ios-develop\edcastDemoTests\InsightManagerTest.m, due to: com.optimyth.qaking.objectivec.parser.ParseException: Encountered "XCTestExpectation * exp" at line 41, column 5.
WARN 2022-11-07 17:07:55,981 - com.als.core.main.SingleTechnologyStaticAnalyzer: Stack:
WARN 2022-11-07 17:07:55,981 - com.als.core.main.SingleTechnologyStaticAnalyzer: com.als.core.parser.ParseException: Cannot parse D:\Repos\Edcast Repo 2022-23\edcast-ios-develop\edcastDemoTests\InsightManagerTest.m, due to: com.optimyth.qaking.objectivec.parser.ParseException: Encountered "XCTestExpectation * exp" at line 41, column 5.
Was expecting one of:
    "<" ...
    ">" ...
    "?" ...
    "==" ...
    "<=" ...
    ">=" ...
    "!=" ...
    "||" ...
...

WARN 2022-11-07 17:07:55,981 - com.als.core.main.SingleTechnologyStaticAnalyzer: Original code: lines 39/43
WARN 2022-11-07 17:07:55,981 - com.als.core.main.SingleTechnologyStaticAnalyzer:     
    START_WAIT
    XCTestExpectation *exp = [self expectationWithDescription:@"fetchInsights"];
    NSString *requestURL = [NSString stringWithFormat:@"%@/api/topics/1000/cards?cache_id=1234", [self.baseURL absoluteString]];
    

WARN 2022-11-07 17:07:55,981 - com.als.core.main.SingleTechnologyStaticAnalyzer: Transformed code: lines 39/43
WARN 2022-11-07 17:07:55,981 - com.als.core.main.SingleTechnologyStaticAnalyzer:     
    START_WAIT
    XCTestExpectation *exp = [self expectationWithDescription:@"fetchInsights"];
    NSString *requestURL = [NSString stringWithFormat:@"%@/api/topics/1000/cards?cache_id=1234", [self.baseURL absoluteString]];
    

WARN 2022-11-07 17:07:55,981 - com.als.core.main.SingleTechnologyStaticAnalyzer: ***************************************************
WARN 2022-11-07 17:07:56,024 - com.als.core.main.SingleTechnologyStaticAnalyzer: ***************************************************
WARN 2022-11-07 17:07:56,024 - com.als.core.main.SingleTechnologyStaticAnalyzer: File: D:\Repos\Edcast Repo 2022-23\edcast-ios-develop\edcastDemoTests\NotificationManagerTest.m
WARN 2022-11-07 17:07:56,024 - com.als.core.main.SingleTechnologyStaticAnalyzer: Technology: objectivec
WARN 2022-11-07 17:07:56,024 - com.als.core.main.SingleTechnologyStaticAnalyzer: Message: Cannot parse D:\Repos\Edcast Repo 2022-23\edcast-ios-develop\edcastDemoTests\NotificationManagerTest.m, due to: com.optimyth.qaking.objectivec.parser.ParseException: Encountered "NSString * requestURL" at line 46, column 5.
WARN 2022-11-07 17:07:56,026 - com.als.core.main.SingleTechnologyStaticAnalyzer: Stack:
WARN 2022-11-07 17:07:56,026 - com.als.core.main.SingleTechnologyStaticAnalyzer: com.als.core.parser.ParseException: Cannot parse D:\Repos\Edcast Repo 2022-23\edcast-ios-develop\edcastDemoTests\NotificationManagerTest.m, due to: com.optimyth.qaking.objectivec.parser.ParseException: Encountered "NSString * requestURL" at line 46, column 5.
Was expecting one of:
    "<" ...
    ">" ...
    "?" ...
    "==" ...
    "<=" ...
    ">=" ...
    "!=" ...
    "||" ...
...

WARN 2022-11-07 17:07:56,026 - com.als.core.main.SingleTechnologyStaticAnalyzer: Original code: lines 44/48
WARN 2022-11-07 17:07:56,026 - com.als.core.main.SingleTechnologyStaticAnalyzer:     START_WAIT
    
    NSString *requestURL = [NSString stringWithFormat:@"%@/api/notifications", [self.baseURL absoluteString]];
    stubRequest(@"GET", requestURL).
    andReturn(200).

WARN 2022-11-07 17:07:56,026 - com.als.core.main.SingleTechnologyStaticAnalyzer: Transformed code: lines 44/48
WARN 2022-11-07 17:07:56,026 - com.als.core.main.SingleTechnologyStaticAnalyzer:     START_WAIT
    
    NSString *requestURL = [NSString stringWithFormat:@"%@/api/notifications", [self.baseURL absoluteString]];
    stubRequest(@"GET", requestURL).
    andReturn(200).

WARN 2022-11-07 17:07:56,026 - com.als.core.main.SingleTechnologyStaticAnalyzer: ***************************************************
WARN 2022-11-07 17:07:56,028 - com.als.core.main.SingleTechnologyStaticAnalyzer: ***************************************************
WARN 2022-11-07 17:07:56,028 - com.als.core.main.SingleTechnologyStaticAnalyzer: File: D:\Repos\Edcast Repo 2022-23\edcast-ios-develop\edcastDemoTests\SavannahCoursesTableViewControllerTests.m
WARN 2022-11-07 17:07:56,028 - com.als.core.main.SingleTechnologyStaticAnalyzer: Technology: objectivec
WARN 2022-11-07 17:07:56,028 - com.als.core.main.SingleTechnologyStaticAnalyzer: Message: Cannot parse D:\Repos\Edcast Repo 2022-23\edcast-ios-develop\edcastDemoTests\SavannahCoursesTableViewControllerTests.m, due to: com.optimyth.qaking.objectivec.parser.ParseException: Encountered "__block" at line 22, column 30.
WARN 2022-11-07 17:07:56,028 - com.als.core.main.SingleTechnologyStaticAnalyzer: Stack:
WARN 2022-11-07 17:07:56,028 - com.als.core.main.SingleTechnologyStaticAnalyzer: com.als.core.parser.ParseException: Cannot parse D:\Repos\Edcast Repo 2022-23\edcast-ios-develop\edcastDemoTests\SavannahCoursesTableViewControllerTests.m, due to: com.optimyth.qaking.objectivec.parser.ParseException: Encountered "__block" at line 22, column 30.
Was expecting one of:
    "IBOutlet" ...
    "IBOutletCollection" ...
    "id" ...
    "signed" ...
    "unsigned" ...
    <FIXED_NUM_TYPE> ...
    "void" ...
    "char" ...
...

WARN 2022-11-07 17:07:56,028 - com.als.core.main.SingleTechnologyStaticAnalyzer: Original code: lines 20/24
WARN 2022-11-07 17:07:56,028 - com.als.core.main.SingleTechnologyStaticAnalyzer: 
@interface SavannahCoursesTableViewControllerTests : XCTestCase
@property (nonatomic,retain) __block SavannahCoursesTableViewController *svc;
@property (nonatomic, retain) XCTestExpectation *exp;
@end

WARN 2022-11-07 17:07:56,028 - com.als.core.main.SingleTechnologyStaticAnalyzer: Transformed code: lines 20/24
WARN 2022-11-07 17:07:56,028 - com.als.core.main.SingleTechnologyStaticAnalyzer: 
@interface SavannahCoursesTableViewControllerTests : XCTestCase
@property (nonatomic,retain) __block SavannahCoursesTableViewController *svc;
@property (nonatomic, retain) XCTestExpectation *exp;
@end

WARN 2022-11-07 17:07:56,028 - com.als.core.main.SingleTechnologyStaticAnalyzer: ***************************************************
WARN 2022-11-07 17:08:03,304 - com.als.core.main.SingleTechnologyStaticAnalyzer: ***************************************************
WARN 2022-11-07 17:08:03,304 - com.als.core.main.SingleTechnologyStaticAnalyzer: File: D:\Repos\Edcast Repo 2022-23\edcast-ios-develop\PDFReader\Sources\ReaderThumbsView.m
WARN 2022-11-07 17:08:03,304 - com.als.core.main.SingleTechnologyStaticAnalyzer: Technology: objectivec
WARN 2022-11-07 17:08:03,304 - com.als.core.main.SingleTechnologyStaticAnalyzer: Message: Cannot parse D:\Repos\Edcast Repo 2022-23\edcast-ios-develop\PDFReader\Sources\ReaderThumbsView.m, due to: com.optimyth.qaking.objectivec.parser.ParseException: Encountered "CGRect" at line 269, column 33.
WARN 2022-11-07 17:08:03,305 - com.als.core.main.SingleTechnologyStaticAnalyzer: Stack:
WARN 2022-11-07 17:08:03,305 - com.als.core.main.SingleTechnologyStaticAnalyzer: com.als.core.parser.ParseException: Cannot parse D:\Repos\Edcast Repo 2022-23\edcast-ios-develop\PDFReader\Sources\ReaderThumbsView.m, due to: com.optimyth.qaking.objectivec.parser.ParseException: Encountered "CGRect" at line 269, column 33.
Was expecting one of:
    "<" ...
    ">" ...
    "?" ...
    "==" ...
    "<=" ...
    ">=" ...
    "!=" ...
    "||" ...
...

WARN 2022-11-07 17:08:03,305 - com.als.core.main.SingleTechnologyStaticAnalyzer: Original code: lines 267/271
WARN 2022-11-07 17:08:03,305 - com.als.core.main.SingleTechnologyStaticAnalyzer: 			{
                @strongify(self)
				CGRect thumbRect = [self thumbCellFrameForIndex:index]; // Frame

				ReaderThumbView *tvCell = [self dequeueThumbCellWithFrame:thumbRect];

WARN 2022-11-07 17:08:03,305 - com.als.core.main.SingleTechnologyStaticAnalyzer: Transformed code: lines 267/271
WARN 2022-11-07 17:08:03,305 - com.als.core.main.SingleTechnologyStaticAnalyzer: 			{
                @strongify(self)
				CGRect thumbRect = [self thumbCellFrameForIndex:index]; // Frame

				ReaderThumbView *tvCell = [self dequeueThumbCellWithFrame:thumbRect];

WARN 2022-11-07 17:08:03,305 - com.als.core.main.SingleTechnologyStaticAnalyzer: ***************************************************
