INFO 2022-11-18 12:51:36,274 - Analysis initialization: FINISHED
INFO 2022-11-18 12:51:36,275 - -----------------------------------------------------
INFO 2022-11-18 12:51:36,275 - Starting analysis for application "BridgeWeave Crypto iOS"
INFO 2022-11-18 12:51:36,275 - -----------------------------------------------------
INFO 2022-11-18 12:51:36,275 - Model retrieval: STARTED
INFO 2022-11-18 12:51:37,098 - Model retrieved from cache
INFO 2022-11-18 12:51:37,098 - Model retrieval: FINISHED
INFO 2022-11-18 12:51:37,098 - Analysis authorization: STARTED
INFO 2022-11-18 12:51:37,892 - Upload analyzed source code forced to "false" - not allowed for user / application
INFO 2022-11-18 12:51:37,898 - Analysis authorization: FINISHED
INFO 2022-11-18 12:51:37,904 - License check: STARTED
INFO 2022-11-18 12:51:37,933 - License check: FINISHED
INFO 2022-11-18 12:51:37,933 - Prepare analysis data: STARTED
INFO 2022-11-18 12:51:37,954 - Prepare analysis data: FINISHED
INFO 2022-11-18 12:51:37,954 - Prepare source code files for upload: STARTED
INFO 2022-11-18 12:51:37,954 - Prepare source code files for upload: FINISHED
WARN 2022-11-18 12:51:38,111 - -----------------------------------------------------
WARN 2022-11-18 12:51:38,111 - Executing rules analysis for technology objectivec
WARN 2022-11-18 12:51:38,112 - -----------------------------------------------------
WARN 2022-11-18 12:51:38,113 - directory: D:\Repos\Brideweave Crypto Repo\Re-Test V2\bwbucket-bw-crypto-ios-23d791bf9a9e
WARN 2022-11-18 12:51:38,113 - bill-of-materials: 
WARN 2022-11-18 12:51:38,113 - bill-of-materials format: 
WARN 2022-11-18 12:51:38,113 - includes: 
WARN 2022-11-18 12:51:38,113 - excludes: **/src/test/**,**/__MACOSX/**,**/*.min.js,**/*.Designer.vb,**/*.designer.vb,**/*Reference.vb,**/*Service.vb,**/*Silverlight.vb,**/*.Designer.cs,**/*.designer.cs,**/*Reference.cs,**/*Service.cs,**/*Silverlight.cs,**/.*,**/Pods/BuildHeaders/**/*.h,**/Pods/Headers/**/*.h,**/node_modules/**,**/bower_components/**,**/target/**,**/bin/**,**/obj/**,**/dist/**,**/lib/**
WARN 2022-11-18 12:51:38,113 - configuration: D:\Software\KiuwanLocalAnalyzer\bin\..\conf\apps\BridgeWeave Crypto iOS.properties
WARN 2022-11-18 12:51:38,113 - VM version: 1.8.0_333
WARN 2022-11-18 12:51:38,204 - VM settings:
WARN 2022-11-18 12:51:38,205 -     Stack Size: 2.00M
WARN 2022-11-18 12:51:38,205 -     Min. Heap Size: 128.00M
WARN 2022-11-18 12:51:38,205 -     Max. Heap Size: 1.00G
WARN 2022-11-18 12:51:38,205 -     Ergonomics Machine Class: client
WARN 2022-11-18 12:51:38,205 -     Using VM: Java HotSpot(TM) 64-Bit Server VM
WARN 2022-11-18 12:51:38,205 - 
INFO 2022-11-18 12:52:29,625 - Moving 1 file to D:\Software\KiuwanLocalAnalyzer\temp\BridgeWeave Crypto iOS.7989338303712446860\results
INFO 2022-11-18 12:52:29,644 - Deleting: D:\Software\KiuwanLocalAnalyzer\temp\BridgeWeave Crypto iOS.7989338303712446860\results\rules_objectivec.key
WARN 2022-11-18 12:52:29,817 - -----------------------------------------------------
WARN 2022-11-18 12:52:29,817 - Executing metrics analysis for technology objectivec
WARN 2022-11-18 12:52:29,817 - -----------------------------------------------------
WARN 2022-11-18 12:52:29,817 - directory: D:\Repos\Brideweave Crypto Repo\Re-Test V2\bwbucket-bw-crypto-ios-23d791bf9a9e
WARN 2022-11-18 12:52:29,818 - bill-of-materials: 
WARN 2022-11-18 12:52:29,818 - bill-of-materials format: 
WARN 2022-11-18 12:52:29,818 - includes: 
WARN 2022-11-18 12:52:29,818 - excludes: **/src/test/**,**/__MACOSX/**,**/*.min.js,**/*.Designer.vb,**/*.designer.vb,**/*Reference.vb,**/*Service.vb,**/*Silverlight.vb,**/*.Designer.cs,**/*.designer.cs,**/*Reference.cs,**/*Service.cs,**/*Silverlight.cs,**/.*,**/Pods/BuildHeaders/**/*.h,**/Pods/Headers/**/*.h,**/node_modules/**,**/bower_components/**,**/target/**,**/bin/**,**/obj/**,**/dist/**,**/lib/**
WARN 2022-11-18 12:52:29,818 - configuration: D:\Software\KiuwanLocalAnalyzer\bin\..\conf\apps\BridgeWeave Crypto iOS.properties
WARN 2022-11-18 12:52:29,818 - VM version: 1.8.0_333
WARN 2022-11-18 12:52:29,918 - VM settings:
WARN 2022-11-18 12:52:29,919 -     Stack Size: 2.00M
WARN 2022-11-18 12:52:29,919 -     Min. Heap Size: 128.00M
WARN 2022-11-18 12:52:29,919 -     Max. Heap Size: 1.00G
WARN 2022-11-18 12:52:29,919 -     Ergonomics Machine Class: client
WARN 2022-11-18 12:52:29,919 -     Using VM: Java HotSpot(TM) 64-Bit Server VM
WARN 2022-11-18 12:52:29,919 - 
INFO 2022-11-18 12:52:49,963 - Moving 1 file to D:\Software\KiuwanLocalAnalyzer\temp\BridgeWeave Crypto iOS.7989338303712446860\results
INFO 2022-11-18 12:52:49,972 - Deleting: D:\Software\KiuwanLocalAnalyzer\temp\BridgeWeave Crypto iOS.7989338303712446860\results\metrics_objectivec.key
WARN 2022-11-18 12:52:50,152 - -----------------------------------------------------
WARN 2022-11-18 12:52:50,152 - Executing rules analysis for technology javascript
WARN 2022-11-18 12:52:50,152 - -----------------------------------------------------
WARN 2022-11-18 12:52:50,153 - directory: D:\Repos\Brideweave Crypto Repo\Re-Test V2\bwbucket-bw-crypto-ios-23d791bf9a9e
WARN 2022-11-18 12:52:50,153 - bill-of-materials: 
WARN 2022-11-18 12:52:50,153 - bill-of-materials format: 
WARN 2022-11-18 12:52:50,153 - includes: 
WARN 2022-11-18 12:52:50,153 - excludes: **/src/test/**,**/__MACOSX/**,**/*.min.js,**/*.Designer.vb,**/*.designer.vb,**/*Reference.vb,**/*Service.vb,**/*Silverlight.vb,**/*.Designer.cs,**/*.designer.cs,**/*Reference.cs,**/*Service.cs,**/*Silverlight.cs,**/.*,**/Pods/BuildHeaders/**/*.h,**/Pods/Headers/**/*.h,**/node_modules/**,**/bower_components/**,**/target/**,**/bin/**,**/obj/**,**/dist/**,**/lib/**
WARN 2022-11-18 12:52:50,153 - configuration: D:\Software\KiuwanLocalAnalyzer\bin\..\conf\apps\BridgeWeave Crypto iOS.properties
WARN 2022-11-18 12:52:50,153 - VM version: 1.8.0_333
WARN 2022-11-18 12:52:50,265 - VM settings:
WARN 2022-11-18 12:52:50,267 -     Stack Size: 2.00M
WARN 2022-11-18 12:52:50,267 -     Min. Heap Size: 128.00M
WARN 2022-11-18 12:52:50,267 -     Max. Heap Size: 1.00G
WARN 2022-11-18 12:52:50,267 -     Ergonomics Machine Class: client
WARN 2022-11-18 12:52:50,267 -     Using VM: Java HotSpot(TM) 64-Bit Server VM
WARN 2022-11-18 12:52:50,267 - 
INFO 2022-11-18 12:53:08,303 - Moving 1 file to D:\Software\KiuwanLocalAnalyzer\temp\BridgeWeave Crypto iOS.7989338303712446860\results
INFO 2022-11-18 12:53:08,317 - Deleting: D:\Software\KiuwanLocalAnalyzer\temp\BridgeWeave Crypto iOS.7989338303712446860\results\rules_javascript.key
WARN 2022-11-18 12:53:08,748 - -----------------------------------------------------
WARN 2022-11-18 12:53:08,748 - Executing metrics analysis for technology javascript
WARN 2022-11-18 12:53:08,748 - -----------------------------------------------------
WARN 2022-11-18 12:53:08,748 - directory: D:\Repos\Brideweave Crypto Repo\Re-Test V2\bwbucket-bw-crypto-ios-23d791bf9a9e
WARN 2022-11-18 12:53:08,748 - bill-of-materials: 
WARN 2022-11-18 12:53:08,749 - bill-of-materials format: 
WARN 2022-11-18 12:53:08,749 - includes: 
WARN 2022-11-18 12:53:08,749 - excludes: **/src/test/**,**/__MACOSX/**,**/*.min.js,**/*.Designer.vb,**/*.designer.vb,**/*Reference.vb,**/*Service.vb,**/*Silverlight.vb,**/*.Designer.cs,**/*.designer.cs,**/*Reference.cs,**/*Service.cs,**/*Silverlight.cs,**/.*,**/Pods/BuildHeaders/**/*.h,**/Pods/Headers/**/*.h,**/node_modules/**,**/bower_components/**,**/target/**,**/bin/**,**/obj/**,**/dist/**,**/lib/**
WARN 2022-11-18 12:53:08,749 - configuration: D:\Software\KiuwanLocalAnalyzer\bin\..\conf\apps\BridgeWeave Crypto iOS.properties
WARN 2022-11-18 12:53:08,749 - VM version: 1.8.0_333
WARN 2022-11-18 12:53:09,004 - VM settings:
WARN 2022-11-18 12:53:09,008 -     Stack Size: 2.00M
WARN 2022-11-18 12:53:09,008 -     Min. Heap Size: 128.00M
WARN 2022-11-18 12:53:09,008 -     Max. Heap Size: 1.00G
WARN 2022-11-18 12:53:09,008 -     Ergonomics Machine Class: client
WARN 2022-11-18 12:53:09,008 -     Using VM: Java HotSpot(TM) 64-Bit Server VM
WARN 2022-11-18 12:53:09,008 - 
INFO 2022-11-18 12:53:19,221 - Moving 1 file to D:\Software\KiuwanLocalAnalyzer\temp\BridgeWeave Crypto iOS.7989338303712446860\results
INFO 2022-11-18 12:53:19,230 - Deleting: D:\Software\KiuwanLocalAnalyzer\temp\BridgeWeave Crypto iOS.7989338303712446860\results\metrics_javascript.key
WARN 2022-11-18 12:53:19,418 - -----------------------------------------------------
WARN 2022-11-18 12:53:19,418 - Executing rules analysis for technology swift
WARN 2022-11-18 12:53:19,418 - -----------------------------------------------------
WARN 2022-11-18 12:53:19,418 - directory: D:\Repos\Brideweave Crypto Repo\Re-Test V2\bwbucket-bw-crypto-ios-23d791bf9a9e
WARN 2022-11-18 12:53:19,418 - bill-of-materials: 
WARN 2022-11-18 12:53:19,418 - bill-of-materials format: 
WARN 2022-11-18 12:53:19,418 - includes: 
WARN 2022-11-18 12:53:19,418 - excludes: **/src/test/**,**/__MACOSX/**,**/*.min.js,**/*.Designer.vb,**/*.designer.vb,**/*Reference.vb,**/*Service.vb,**/*Silverlight.vb,**/*.Designer.cs,**/*.designer.cs,**/*Reference.cs,**/*Service.cs,**/*Silverlight.cs,**/.*,**/Pods/BuildHeaders/**/*.h,**/Pods/Headers/**/*.h,**/node_modules/**,**/bower_components/**,**/target/**,**/bin/**,**/obj/**,**/dist/**,**/lib/**
WARN 2022-11-18 12:53:19,418 - configuration: D:\Software\KiuwanLocalAnalyzer\bin\..\conf\apps\BridgeWeave Crypto iOS.properties
WARN 2022-11-18 12:53:19,418 - VM version: 1.8.0_333
WARN 2022-11-18 12:53:19,524 - VM settings:
WARN 2022-11-18 12:53:19,526 -     Stack Size: 2.00M
WARN 2022-11-18 12:53:19,526 -     Min. Heap Size: 128.00M
WARN 2022-11-18 12:53:19,526 -     Max. Heap Size: 1.00G
WARN 2022-11-18 12:53:19,526 -     Ergonomics Machine Class: client
WARN 2022-11-18 12:53:19,526 -     Using VM: Java HotSpot(TM) 64-Bit Server VM
WARN 2022-11-18 12:53:19,526 - 
INFO 2022-11-18 12:56:44,142 - Moving 1 file to D:\Software\KiuwanLocalAnalyzer\temp\BridgeWeave Crypto iOS.7989338303712446860\results
INFO 2022-11-18 12:56:44,149 - Deleting: D:\Software\KiuwanLocalAnalyzer\temp\BridgeWeave Crypto iOS.7989338303712446860\results\rules_swift.key
WARN 2022-11-18 12:56:44,306 - -----------------------------------------------------
WARN 2022-11-18 12:56:44,307 - Executing metrics analysis for technology swift
WARN 2022-11-18 12:56:44,307 - -----------------------------------------------------
WARN 2022-11-18 12:56:44,307 - directory: D:\Repos\Brideweave Crypto Repo\Re-Test V2\bwbucket-bw-crypto-ios-23d791bf9a9e
WARN 2022-11-18 12:56:44,307 - bill-of-materials: 
WARN 2022-11-18 12:56:44,307 - bill-of-materials format: 
WARN 2022-11-18 12:56:44,307 - includes: 
WARN 2022-11-18 12:56:44,307 - excludes: **/src/test/**,**/__MACOSX/**,**/*.min.js,**/*.Designer.vb,**/*.designer.vb,**/*Reference.vb,**/*Service.vb,**/*Silverlight.vb,**/*.Designer.cs,**/*.designer.cs,**/*Reference.cs,**/*Service.cs,**/*Silverlight.cs,**/.*,**/Pods/BuildHeaders/**/*.h,**/Pods/Headers/**/*.h,**/node_modules/**,**/bower_components/**,**/target/**,**/bin/**,**/obj/**,**/dist/**,**/lib/**
WARN 2022-11-18 12:56:44,307 - configuration: D:\Software\KiuwanLocalAnalyzer\bin\..\conf\apps\BridgeWeave Crypto iOS.properties
WARN 2022-11-18 12:56:44,307 - VM version: 1.8.0_333
WARN 2022-11-18 12:56:44,413 - VM settings:
WARN 2022-11-18 12:56:44,414 -     Stack Size: 2.00M
WARN 2022-11-18 12:56:44,414 -     Min. Heap Size: 128.00M
WARN 2022-11-18 12:56:44,414 -     Max. Heap Size: 1.00G
WARN 2022-11-18 12:56:44,414 -     Ergonomics Machine Class: client
WARN 2022-11-18 12:56:44,414 -     Using VM: Java HotSpot(TM) 64-Bit Server VM
WARN 2022-11-18 12:56:44,414 - 
INFO 2022-11-18 12:57:04,173 - Moving 1 file to D:\Software\KiuwanLocalAnalyzer\temp\BridgeWeave Crypto iOS.7989338303712446860\results
INFO 2022-11-18 12:57:04,179 - Deleting: D:\Software\KiuwanLocalAnalyzer\temp\BridgeWeave Crypto iOS.7989338303712446860\results\metrics_swift.key
INFO 2022-11-18 12:57:04,184 - Update global report: STARTED
INFO 2022-11-18 12:57:04,190 - Update global report: FINISHED
INFO 2022-11-18 12:57:04,190 - Upload results to kiuwan: STARTED
INFO 2022-11-18 12:57:06,950 - Upload results to kiuwan: FINISHED
INFO 2022-11-18 12:57:06,951 - Retrieve complete results from kiuwan: STARTED
INFO 2022-11-18 12:57:07,892 - Retrieve complete results from kiuwan: FINISHED
INFO 2022-11-18 12:57:07,893 - Register analysis code in global report: STARTED
INFO 2022-11-18 12:57:07,894 - Register analysis code in global report: FINISHED
INFO 2022-11-18 12:57:07,897 - Analysis finished: A-7e6-184896a6725
