INFO 2022-11-18 12:53:22,807 - com.optimyth.qaking.codeanalysis.metadata.model.LibrariesResolver: Metadata libraries FACTORY directory added = D:\Software\KiuwanLocalAnalyzer\libraries
INFO 2022-11-18 12:53:22,807 - com.optimyth.qaking.codeanalysis.metadata.model.LibrariesResolver: Metadata libraries resolver found 1 directories to inspect: [D:\Software\KiuwanLocalAnalyzer\libraries]
INFO 2022-11-18 12:54:19,897 - com.optimyth.qaking.codeanalysis.tainting.TaintingAnalyzer: Too complex control flow (ccn=74) in block containing sink, at IQKeyboardManager+Position.swift line 228. Using direct navigation as fallback.
INFO 2022-11-18 12:54:19,899 - com.optimyth.qaking.codeanalysis.tainting.TaintingAnalyzer: Too complex control flow (ccn=74) in block containing sink, at IQKeyboardManager+Position.swift line 228. Using direct navigation as fallback.
INFO 2022-11-18 12:54:19,901 - com.optimyth.qaking.codeanalysis.tainting.TaintingAnalyzer: Too complex control flow (ccn=74) in block containing sink, at IQKeyboardManager+Position.swift line 251. Using direct navigation as fallback.
INFO 2022-11-18 12:54:19,902 - com.optimyth.qaking.codeanalysis.tainting.TaintingAnalyzer: Too complex control flow (ccn=74) in block containing sink, at IQKeyboardManager+Position.swift line 251. Using direct navigation as fallback.
INFO 2022-11-18 12:54:19,903 - com.optimyth.qaking.codeanalysis.tainting.TaintingAnalyzer: Too complex control flow (ccn=74) in block containing sink, at IQKeyboardManager+Position.swift line 260. Using direct navigation as fallback.
INFO 2022-11-18 12:54:19,904 - com.optimyth.qaking.codeanalysis.tainting.TaintingAnalyzer: Too complex control flow (ccn=74) in block containing sink, at IQKeyboardManager+Position.swift line 260. Using direct navigation as fallback.
INFO 2022-11-18 12:54:19,905 - com.optimyth.qaking.codeanalysis.tainting.TaintingAnalyzer: Too complex control flow (ccn=74) in block containing sink, at IQKeyboardManager+Position.swift line 278. Using direct navigation as fallback.
INFO 2022-11-18 12:54:19,907 - com.optimyth.qaking.codeanalysis.tainting.TaintingAnalyzer: Too complex control flow (ccn=74) in block containing sink, at IQKeyboardManager+Position.swift line 278. Using direct navigation as fallback.
INFO 2022-11-18 12:54:19,907 - com.optimyth.qaking.codeanalysis.tainting.TaintingAnalyzer: Too complex control flow (ccn=74) in block containing sink, at IQKeyboardManager+Position.swift line 287. Using direct navigation as fallback.
INFO 2022-11-18 12:54:19,909 - com.optimyth.qaking.codeanalysis.tainting.TaintingAnalyzer: Too complex control flow (ccn=74) in block containing sink, at IQKeyboardManager+Position.swift line 287. Using direct navigation as fallback.
INFO 2022-11-18 12:54:19,911 - com.optimyth.qaking.codeanalysis.tainting.TaintingAnalyzer: Too complex control flow (ccn=74) in block containing sink, at IQKeyboardManager+Position.swift line 314. Using direct navigation as fallback.
INFO 2022-11-18 12:54:19,913 - com.optimyth.qaking.codeanalysis.tainting.TaintingAnalyzer: Too complex control flow (ccn=74) in block containing sink, at IQKeyboardManager+Position.swift line 314. Using direct navigation as fallback.
INFO 2022-11-18 12:54:19,915 - com.optimyth.qaking.codeanalysis.tainting.TaintingAnalyzer: Too complex control flow (ccn=74) in block containing sink, at IQKeyboardManager+Position.swift line 332. Using direct navigation as fallback.
INFO 2022-11-18 12:54:19,916 - com.optimyth.qaking.codeanalysis.tainting.TaintingAnalyzer: Too complex control flow (ccn=74) in block containing sink, at IQKeyboardManager+Position.swift line 332. Using direct navigation as fallback.
INFO 2022-11-18 12:54:19,917 - com.optimyth.qaking.codeanalysis.tainting.TaintingAnalyzer: Too complex control flow (ccn=74) in block containing sink, at IQKeyboardManager+Position.swift line 440. Using direct navigation as fallback.
INFO 2022-11-18 12:54:19,926 - com.optimyth.qaking.codeanalysis.tainting.TaintingAnalyzer: Too complex control flow (ccn=74) in block containing sink, at IQKeyboardManager+Position.swift line 440. Using direct navigation as fallback.
INFO 2022-11-18 12:54:19,934 - com.optimyth.qaking.codeanalysis.tainting.TaintingAnalyzer: Too complex control flow (ccn=74) in block containing sink, at IQKeyboardManager+Position.swift line 441. Using direct navigation as fallback.
INFO 2022-11-18 12:54:19,942 - com.optimyth.qaking.codeanalysis.tainting.TaintingAnalyzer: Too complex control flow (ccn=74) in block containing sink, at IQKeyboardManager+Position.swift line 441. Using direct navigation as fallback.
INFO 2022-11-18 12:54:19,950 - com.optimyth.qaking.codeanalysis.tainting.TaintingAnalyzer: Too complex control flow (ccn=74) in block containing sink, at IQKeyboardManager+Position.swift line 492. Using direct navigation as fallback.
INFO 2022-11-18 12:54:19,958 - com.optimyth.qaking.codeanalysis.tainting.TaintingAnalyzer: Too complex control flow (ccn=74) in block containing sink, at IQKeyboardManager+Position.swift line 492. Using direct navigation as fallback.
INFO 2022-11-18 12:54:19,966 - com.optimyth.qaking.codeanalysis.tainting.TaintingAnalyzer: Too complex control flow (ccn=74) in block containing sink, at IQKeyboardManager+Position.swift line 564. Using direct navigation as fallback.
INFO 2022-11-18 12:54:19,974 - com.optimyth.qaking.codeanalysis.tainting.TaintingAnalyzer: Too complex control flow (ccn=74) in block containing sink, at IQKeyboardManager+Position.swift line 564. Using direct navigation as fallback.
INFO 2022-11-18 12:54:19,982 - com.optimyth.qaking.codeanalysis.tainting.TaintingAnalyzer: Too complex control flow (ccn=74) in block containing sink, at IQKeyboardManager+Position.swift line 596. Using direct navigation as fallback.
INFO 2022-11-18 12:54:19,996 - com.optimyth.qaking.codeanalysis.tainting.TaintingAnalyzer: Too complex control flow (ccn=74) in block containing sink, at IQKeyboardManager+Position.swift line 596. Using direct navigation as fallback.
INFO 2022-11-18 12:54:20,007 - com.optimyth.qaking.codeanalysis.tainting.TaintingAnalyzer: Too complex control flow (ccn=74) in block containing sink, at IQKeyboardManager+Position.swift line 628. Using direct navigation as fallback.
INFO 2022-11-18 12:54:20,018 - com.optimyth.qaking.codeanalysis.tainting.TaintingAnalyzer: Too complex control flow (ccn=74) in block containing sink, at IQKeyboardManager+Position.swift line 628. Using direct navigation as fallback.
INFO 2022-11-18 12:54:20,030 - com.optimyth.qaking.codeanalysis.tainting.TaintingAnalyzer: Too complex control flow (ccn=74) in block containing sink, at IQKeyboardManager+Position.swift line 637. Using direct navigation as fallback.
INFO 2022-11-18 12:54:20,040 - com.optimyth.qaking.codeanalysis.tainting.TaintingAnalyzer: Too complex control flow (ccn=74) in block containing sink, at IQKeyboardManager+Position.swift line 637. Using direct navigation as fallback.
INFO 2022-11-18 12:54:31,992 - com.optimyth.qaking.codeanalysis.redos.RegexNfaAnalyzer$AnalysisRunner: Error analyzing regular expression: ((?<=(v|V)/)|(?<=be/)|(?<=(\\?|\\&)v=)|(?<=embed/))([\\w-]++)
java.lang.UnsupportedOperationException: Positive Look behind symbols not supported
	at regexcompiler.ParseTreeToNFAConverter.dfsBuild(ParseTreeToNFAConverter.java:186)
	at regexcompiler.ParseTreeToNFAConverter.dfsBuild(ParseTreeToNFAConverter.java:105)
	at regexcompiler.ParseTreeToNFAConverter.dfsBuild(ParseTreeToNFAConverter.java:105)
	at regexcompiler.ParseTreeToNFAConverter.dfsBuild(ParseTreeToNFAConverter.java:105)
	at regexcompiler.ParseTreeToNFAConverter.dfsBuild(ParseTreeToNFAConverter.java:140)
	at regexcompiler.ParseTreeToNFAConverter.dfsBuild(ParseTreeToNFAConverter.java:113)
	at regexcompiler.ParseTreeToNFAConverter.convertParseTree(ParseTreeToNFAConverter.java:58)
	at regexcompiler.MyPattern.toNFAGraph(MyPattern.java:99)
	at com.optimyth.qaking.codeanalysis.redos.RegexNfaAnalyzer$AnalysisRunner.run(RegexNfaAnalyzer.java:225)
	at java.util.concurrent.Executors$RunnableAdapter.call(Unknown Source)
	at java.util.concurrent.FutureTask.run(Unknown Source)
	at java.util.concurrent.ThreadPoolExecutor.runWorker(Unknown Source)
	at java.util.concurrent.ThreadPoolExecutor$Worker.run(Unknown Source)
	at java.lang.Thread.run(Unknown Source)
WARN 2022-11-18 12:54:45,414 - com.als.core.main.SingleTechnologyStaticAnalyzer: ***************************************************
WARN 2022-11-18 12:54:45,414 - com.als.core.main.SingleTechnologyStaticAnalyzer: File: D:\Repos\Brideweave Crypto Repo\Re-Test V2\bwbucket-bw-crypto-ios-23d791bf9a9e\InvestorAiCrypto\InvestorAiCrypto\Managers\Network\ICNetworkService.swift
WARN 2022-11-18 12:54:45,415 - com.als.core.main.SingleTechnologyStaticAnalyzer: Technology: swift
WARN 2022-11-18 12:54:45,415 - com.als.core.main.SingleTechnologyStaticAnalyzer: Message: Cannot parse D:\Repos\Brideweave Crypto Repo\Re-Test V2\bwbucket-bw-crypto-ios-23d791bf9a9e\InvestorAiCrypto\InvestorAiCrypto\Managers\Network\ICNetworkService.swift, due to: com.optimyth.qaking.swift.parser.ParseException: Encountered "public final class DefaultNetworkErrorLogger : NetworkErrorLogger { public init ( ) { } public func log ( request : URLRequest ) { printIfDebug ( \"-------------\" ) printIfDebug ( \"request: \\(request.url!)\" ) printIfDebug ( \"headers: \\(request.allHTTPHeaderFields!)\" ) printIfDebug ( \"method: \\(request.httpMethod!)\" ) if let httpBody = request . httpBody , let result = ( ( try ? JSONSerialization . jsonObject ( with : httpBody , options : [ ] ) as ? [ String : AnyObject ] ) as [ String : AnyObject ] ? ? )" at line 139, column 1.
WARN 2022-11-18 12:54:45,429 - com.als.core.main.SingleTechnologyStaticAnalyzer: Stack:
WARN 2022-11-18 12:54:45,429 - com.als.core.main.SingleTechnologyStaticAnalyzer: com.als.core.parser.ParseException: Cannot parse D:\Repos\Brideweave Crypto Repo\Re-Test V2\bwbucket-bw-crypto-ios-23d791bf9a9e\InvestorAiCrypto\InvestorAiCrypto\Managers\Network\ICNetworkService.swift, due to: com.optimyth.qaking.swift.parser.ParseException: Encountered "public final class DefaultNetworkErrorLogger : NetworkErrorLogger { public init ( ) { } public func log ( request : URLRequest ) { printIfDebug ( \"-------------\" ) printIfDebug ( \"request: \\(request.url!)\" ) printIfDebug ( \"headers: \\(request.allHTTPHeaderFields!)\" ) printIfDebug ( \"method: \\(request.httpMethod!)\" ) if let httpBody = request . httpBody , let result = ( ( try ? JSONSerialization . jsonObject ( with : httpBody , options : [ ] ) as ? [ String : AnyObject ] ) as [ String : AnyObject ] ? ? )" at line 139, column 1.
Was expecting one of:
    <EOF> 
    <IDENTIFIER> ...
    "alpha" ...
    "arch" ...
    "arm" ...
    "as" ...
    "associatedtype" ...
    "associativity" ...
...

WARN 2022-11-18 12:54:45,430 - com.als.core.main.SingleTechnologyStaticAnalyzer: Original code: lines 137/141
WARN 2022-11-18 12:54:45,430 - com.als.core.main.SingleTechnologyStaticAnalyzer: // MARK: - Logger

public final class DefaultNetworkErrorLogger: NetworkErrorLogger {
    public init() { }


WARN 2022-11-18 12:54:45,430 - com.als.core.main.SingleTechnologyStaticAnalyzer: ***************************************************
INFO 2022-11-18 12:55:26,641 - com.optimyth.qaking.codeanalysis.tainting.TaintingAnalyzer: Too complex control flow (ccn=40) in block containing sink, at ICHomeViewController.swift line 307. Using direct navigation as fallback.
INFO 2022-11-18 12:55:26,641 - com.optimyth.qaking.codeanalysis.tainting.TaintingAnalyzer: Too complex control flow (ccn=40) in block containing sink, at ICHomeViewController.swift line 315. Using direct navigation as fallback.
INFO 2022-11-18 12:55:26,656 - com.optimyth.qaking.codeanalysis.tainting.TaintingAnalyzer: Too complex control flow (ccn=40) in block containing sink, at ICHomeViewController.swift line 322. Using direct navigation as fallback.
INFO 2022-11-18 12:55:26,658 - com.optimyth.qaking.codeanalysis.tainting.TaintingAnalyzer: Too complex control flow (ccn=40) in block containing sink, at ICHomeViewController.swift line 340. Using direct navigation as fallback.
INFO 2022-11-18 12:55:26,660 - com.optimyth.qaking.codeanalysis.tainting.TaintingAnalyzer: Too complex control flow (ccn=40) in block containing sink, at ICHomeViewController.swift line 345. Using direct navigation as fallback.
INFO 2022-11-18 12:55:26,663 - com.optimyth.qaking.codeanalysis.tainting.TaintingAnalyzer: Too complex control flow (ccn=40) in block containing sink, at ICHomeViewController.swift line 353. Using direct navigation as fallback.
INFO 2022-11-18 12:55:26,663 - com.optimyth.qaking.codeanalysis.tainting.TaintingAnalyzer: Too complex control flow (ccn=40) in block containing sink, at ICHomeViewController.swift line 358. Using direct navigation as fallback.
INFO 2022-11-18 12:55:26,663 - com.optimyth.qaking.codeanalysis.tainting.TaintingAnalyzer: Too complex control flow (ccn=40) in block containing sink, at ICHomeViewController.swift line 455. Using direct navigation as fallback.
INFO 2022-11-18 12:55:26,663 - com.optimyth.qaking.codeanalysis.tainting.TaintingAnalyzer: Too complex control flow (ccn=40) in block containing sink, at ICHomeViewController.swift line 459. Using direct navigation as fallback.
INFO 2022-11-18 12:55:26,673 - com.optimyth.qaking.codeanalysis.tainting.TaintingAnalyzer: Too complex control flow (ccn=40) in block containing sink, at ICHomeViewController.swift line 484. Using direct navigation as fallback.
INFO 2022-11-18 12:55:26,677 - com.optimyth.qaking.codeanalysis.tainting.TaintingAnalyzer: Too complex control flow (ccn=40) in block containing sink, at ICHomeViewController.swift line 497. Using direct navigation as fallback.
INFO 2022-11-18 12:55:26,677 - com.optimyth.qaking.codeanalysis.tainting.TaintingAnalyzer: Too complex control flow (ccn=40) in block containing sink, at ICHomeViewController.swift line 504. Using direct navigation as fallback.
INFO 2022-11-18 12:55:26,689 - com.optimyth.qaking.codeanalysis.tainting.TaintingAnalyzer: Too complex control flow (ccn=40) in block containing sink, at ICHomeViewController.swift line 516. Using direct navigation as fallback.
INFO 2022-11-18 12:55:26,689 - com.optimyth.qaking.codeanalysis.tainting.TaintingAnalyzer: Too complex control flow (ccn=40) in block containing sink, at ICHomeViewController.swift line 521. Using direct navigation as fallback.
INFO 2022-11-18 12:55:26,707 - com.optimyth.qaking.codeanalysis.tainting.TaintingAnalyzer: Too complex control flow (ccn=40) in block containing sink, at ICHomeViewController.swift line 528. Using direct navigation as fallback.
INFO 2022-11-18 12:55:26,709 - com.optimyth.qaking.codeanalysis.tainting.TaintingAnalyzer: Too complex control flow (ccn=40) in block containing sink, at ICHomeViewController.swift line 533. Using direct navigation as fallback.
INFO 2022-11-18 12:55:26,720 - com.optimyth.qaking.codeanalysis.tainting.TaintingAnalyzer: Too complex control flow (ccn=40) in block containing sink, at ICHomeViewController.swift line 551. Using direct navigation as fallback.
INFO 2022-11-18 12:55:26,721 - com.optimyth.qaking.codeanalysis.tainting.TaintingAnalyzer: Too complex control flow (ccn=40) in block containing sink, at ICHomeViewController.swift line 556. Using direct navigation as fallback.
INFO 2022-11-18 12:55:26,722 - com.optimyth.qaking.codeanalysis.tainting.TaintingAnalyzer: Too complex control flow (ccn=40) in block containing sink, at ICHomeViewController.swift line 564. Using direct navigation as fallback.
INFO 2022-11-18 12:55:26,725 - com.optimyth.qaking.codeanalysis.tainting.TaintingAnalyzer: Too complex control flow (ccn=40) in block containing sink, at ICHomeViewController.swift line 571. Using direct navigation as fallback.
INFO 2022-11-18 12:55:26,727 - com.optimyth.qaking.codeanalysis.tainting.TaintingAnalyzer: Too complex control flow (ccn=40) in block containing sink, at ICHomeViewController.swift line 583. Using direct navigation as fallback.
INFO 2022-11-18 12:55:26,730 - com.optimyth.qaking.codeanalysis.tainting.TaintingAnalyzer: Too complex control flow (ccn=40) in block containing sink, at ICHomeViewController.swift line 588. Using direct navigation as fallback.
INFO 2022-11-18 12:55:26,733 - com.optimyth.qaking.codeanalysis.tainting.TaintingAnalyzer: Too complex control flow (ccn=40) in block containing sink, at ICHomeViewController.swift line 595. Using direct navigation as fallback.
INFO 2022-11-18 12:55:26,737 - com.optimyth.qaking.codeanalysis.tainting.TaintingAnalyzer: Too complex control flow (ccn=40) in block containing sink, at ICHomeViewController.swift line 600. Using direct navigation as fallback.
INFO 2022-11-18 12:55:26,774 - com.optimyth.qaking.codeanalysis.tainting.TaintingAnalyzer: Too complex control flow (ccn=40) in block containing sink, at ICHomeViewController.swift line 307. Using direct navigation as fallback.
INFO 2022-11-18 12:55:26,775 - com.optimyth.qaking.codeanalysis.tainting.TaintingAnalyzer: Too complex control flow (ccn=40) in block containing sink, at ICHomeViewController.swift line 315. Using direct navigation as fallback.
INFO 2022-11-18 12:55:26,775 - com.optimyth.qaking.codeanalysis.tainting.TaintingAnalyzer: Too complex control flow (ccn=40) in block containing sink, at ICHomeViewController.swift line 322. Using direct navigation as fallback.
INFO 2022-11-18 12:55:26,779 - com.optimyth.qaking.codeanalysis.tainting.TaintingAnalyzer: Too complex control flow (ccn=40) in block containing sink, at ICHomeViewController.swift line 340. Using direct navigation as fallback.
INFO 2022-11-18 12:55:26,781 - com.optimyth.qaking.codeanalysis.tainting.TaintingAnalyzer: Too complex control flow (ccn=40) in block containing sink, at ICHomeViewController.swift line 345. Using direct navigation as fallback.
INFO 2022-11-18 12:55:26,784 - com.optimyth.qaking.codeanalysis.tainting.TaintingAnalyzer: Too complex control flow (ccn=40) in block containing sink, at ICHomeViewController.swift line 353. Using direct navigation as fallback.
INFO 2022-11-18 12:55:26,786 - com.optimyth.qaking.codeanalysis.tainting.TaintingAnalyzer: Too complex control flow (ccn=40) in block containing sink, at ICHomeViewController.swift line 358. Using direct navigation as fallback.
INFO 2022-11-18 12:55:26,790 - com.optimyth.qaking.codeanalysis.tainting.TaintingAnalyzer: Too complex control flow (ccn=40) in block containing sink, at ICHomeViewController.swift line 455. Using direct navigation as fallback.
INFO 2022-11-18 12:55:26,791 - com.optimyth.qaking.codeanalysis.tainting.TaintingAnalyzer: Too complex control flow (ccn=40) in block containing sink, at ICHomeViewController.swift line 459. Using direct navigation as fallback.
INFO 2022-11-18 12:55:26,793 - com.optimyth.qaking.codeanalysis.tainting.TaintingAnalyzer: Too complex control flow (ccn=40) in block containing sink, at ICHomeViewController.swift line 484. Using direct navigation as fallback.
INFO 2022-11-18 12:55:26,793 - com.optimyth.qaking.codeanalysis.tainting.TaintingAnalyzer: Too complex control flow (ccn=40) in block containing sink, at ICHomeViewController.swift line 497. Using direct navigation as fallback.
INFO 2022-11-18 12:55:26,807 - com.optimyth.qaking.codeanalysis.tainting.TaintingAnalyzer: Too complex control flow (ccn=40) in block containing sink, at ICHomeViewController.swift line 504. Using direct navigation as fallback.
INFO 2022-11-18 12:55:26,811 - com.optimyth.qaking.codeanalysis.tainting.TaintingAnalyzer: Too complex control flow (ccn=40) in block containing sink, at ICHomeViewController.swift line 516. Using direct navigation as fallback.
INFO 2022-11-18 12:55:26,820 - com.optimyth.qaking.codeanalysis.tainting.TaintingAnalyzer: Too complex control flow (ccn=40) in block containing sink, at ICHomeViewController.swift line 521. Using direct navigation as fallback.
INFO 2022-11-18 12:55:26,827 - com.optimyth.qaking.codeanalysis.tainting.TaintingAnalyzer: Too complex control flow (ccn=40) in block containing sink, at ICHomeViewController.swift line 528. Using direct navigation as fallback.
INFO 2022-11-18 12:55:26,837 - com.optimyth.qaking.codeanalysis.tainting.TaintingAnalyzer: Too complex control flow (ccn=40) in block containing sink, at ICHomeViewController.swift line 533. Using direct navigation as fallback.
INFO 2022-11-18 12:55:26,838 - com.optimyth.qaking.codeanalysis.tainting.TaintingAnalyzer: Too complex control flow (ccn=40) in block containing sink, at ICHomeViewController.swift line 551. Using direct navigation as fallback.
INFO 2022-11-18 12:55:26,838 - com.optimyth.qaking.codeanalysis.tainting.TaintingAnalyzer: Too complex control flow (ccn=40) in block containing sink, at ICHomeViewController.swift line 556. Using direct navigation as fallback.
INFO 2022-11-18 12:55:26,845 - com.optimyth.qaking.codeanalysis.tainting.TaintingAnalyzer: Too complex control flow (ccn=40) in block containing sink, at ICHomeViewController.swift line 564. Using direct navigation as fallback.
INFO 2022-11-18 12:55:26,847 - com.optimyth.qaking.codeanalysis.tainting.TaintingAnalyzer: Too complex control flow (ccn=40) in block containing sink, at ICHomeViewController.swift line 571. Using direct navigation as fallback.
INFO 2022-11-18 12:55:26,850 - com.optimyth.qaking.codeanalysis.tainting.TaintingAnalyzer: Too complex control flow (ccn=40) in block containing sink, at ICHomeViewController.swift line 583. Using direct navigation as fallback.
INFO 2022-11-18 12:55:26,852 - com.optimyth.qaking.codeanalysis.tainting.TaintingAnalyzer: Too complex control flow (ccn=40) in block containing sink, at ICHomeViewController.swift line 588. Using direct navigation as fallback.
INFO 2022-11-18 12:55:26,856 - com.optimyth.qaking.codeanalysis.tainting.TaintingAnalyzer: Too complex control flow (ccn=40) in block containing sink, at ICHomeViewController.swift line 595. Using direct navigation as fallback.
INFO 2022-11-18 12:55:26,858 - com.optimyth.qaking.codeanalysis.tainting.TaintingAnalyzer: Too complex control flow (ccn=40) in block containing sink, at ICHomeViewController.swift line 600. Using direct navigation as fallback.
WARN 2022-11-18 12:55:59,865 - com.als.core.main.SingleTechnologyStaticAnalyzer: ***************************************************
WARN 2022-11-18 12:55:59,865 - com.als.core.main.SingleTechnologyStaticAnalyzer: File: D:\Repos\Brideweave Crypto Repo\Re-Test V2\bwbucket-bw-crypto-ios-23d791bf9a9e\InvestorAiCrypto\Pods\Charts\Source\Charts\Charts\ChartViewBase.swift
WARN 2022-11-18 12:55:59,865 - com.als.core.main.SingleTechnologyStaticAnalyzer: Technology: swift
WARN 2022-11-18 12:55:59,865 - com.als.core.main.SingleTechnologyStaticAnalyzer: Message: Cannot parse D:\Repos\Brideweave Crypto Repo\Re-Test V2\bwbucket-bw-crypto-ios-23d791bf9a9e\InvestorAiCrypto\Pods\Charts\Source\Charts\Charts\ChartViewBase.swift, due to: com.optimyth.qaking.swift.parser.ParseException: Encountered "if _defaultValueFormatter is DefaultValueFormatter { let digits = reference . decimalPlaces ( _defaultValueFormatter as ? DefaultValueFormatter ) ? . decimals = digits" at line 306, column 9.
WARN 2022-11-18 12:55:59,866 - com.als.core.main.SingleTechnologyStaticAnalyzer: Stack:
WARN 2022-11-18 12:55:59,866 - com.als.core.main.SingleTechnologyStaticAnalyzer: com.als.core.parser.ParseException: Cannot parse D:\Repos\Brideweave Crypto Repo\Re-Test V2\bwbucket-bw-crypto-ios-23d791bf9a9e\InvestorAiCrypto\Pods\Charts\Source\Charts\Charts\ChartViewBase.swift, due to: com.optimyth.qaking.swift.parser.ParseException: Encountered "if _defaultValueFormatter is DefaultValueFormatter { let digits = reference . decimalPlaces ( _defaultValueFormatter as ? DefaultValueFormatter ) ? . decimals = digits" at line 306, column 9.
Was expecting one of:
    "}" ...
    <IDENTIFIER> ...
    "alpha" ...
    "arch" ...
    "arm" ...
    "as" ...
    "associatedtype" ...
    "associativity" ...
...

WARN 2022-11-18 12:55:59,866 - com.als.core.main.SingleTechnologyStaticAnalyzer: Original code: lines 304/308
WARN 2022-11-18 12:55:59,866 - com.als.core.main.SingleTechnologyStaticAnalyzer:         
    
        if _defaultValueFormatter is DefaultValueFormatter
        {
            // setup the formatter with a new number of digits

WARN 2022-11-18 12:55:59,866 - com.als.core.main.SingleTechnologyStaticAnalyzer: ***************************************************
WARN 2022-11-18 12:56:19,849 - com.als.core.main.SingleTechnologyStaticAnalyzer: ***************************************************
WARN 2022-11-18 12:56:19,849 - com.als.core.main.SingleTechnologyStaticAnalyzer: File: D:\Repos\Brideweave Crypto Repo\Re-Test V2\bwbucket-bw-crypto-ios-23d791bf9a9e\InvestorAiCrypto\Pods\Charts\Source\Charts\Renderers\PieChartRenderer.swift
WARN 2022-11-18 12:56:19,849 - com.als.core.main.SingleTechnologyStaticAnalyzer: Technology: swift
WARN 2022-11-18 12:56:19,849 - com.als.core.main.SingleTechnologyStaticAnalyzer: Message: Cannot parse D:\Repos\Brideweave Crypto Repo\Re-Test V2\bwbucket-bw-crypto-ios-23d791bf9a9e\InvestorAiCrypto\Pods\Charts\Source\Charts\Renderers\PieChartRenderer.swift, due to: com.optimyth.qaking.swift.parser.ParseException: Encountered "if pieData ! = nil { accessibleChartElements . removeAll ( ) for set in pieData ! . dataSets as ! [ IPieChartDataSet ] where set . isVisible && set . entryCount > 0 { drawDataSet ( context : context , dataSet : set ) } }" at line 40, column 9.
WARN 2022-11-18 12:56:19,865 - com.als.core.main.SingleTechnologyStaticAnalyzer: Stack:
WARN 2022-11-18 12:56:19,865 - com.als.core.main.SingleTechnologyStaticAnalyzer: com.als.core.parser.ParseException: Cannot parse D:\Repos\Brideweave Crypto Repo\Re-Test V2\bwbucket-bw-crypto-ios-23d791bf9a9e\InvestorAiCrypto\Pods\Charts\Source\Charts\Renderers\PieChartRenderer.swift, due to: com.optimyth.qaking.swift.parser.ParseException: Encountered "if pieData ! = nil { accessibleChartElements . removeAll ( ) for set in pieData ! . dataSets as ! [ IPieChartDataSet ] where set . isVisible && set . entryCount > 0 { drawDataSet ( context : context , dataSet : set ) } }" at line 40, column 9.
Was expecting one of:
    "}" ...
    "(" ...
    "." ...
    "+" ...
    "-" ...
    <INTEGER_LITERAL> ...
    <FLOATING_POINT_LITERAL> ...
    <OCTAL_LITERAL> ...
...

WARN 2022-11-18 12:56:19,865 - com.als.core.main.SingleTechnologyStaticAnalyzer: Original code: lines 38/42
WARN 2022-11-18 12:56:19,865 - com.als.core.main.SingleTechnologyStaticAnalyzer:         let pieData = chart.data

        if pieData != nil
        {
            // If we redraw the data, remove and repopulate accessible elements to update label values and frames

WARN 2022-11-18 12:56:19,865 - com.als.core.main.SingleTechnologyStaticAnalyzer: ***************************************************
WARN 2022-11-18 12:56:27,486 - com.als.core.main.SingleTechnologyStaticAnalyzer: ***************************************************
WARN 2022-11-18 12:56:27,486 - com.als.core.main.SingleTechnologyStaticAnalyzer: File: D:\Repos\Brideweave Crypto Repo\Re-Test V2\bwbucket-bw-crypto-ios-23d791bf9a9e\InvestorAiCrypto\Pods\Charts\Source\Charts\Utils\Platform+Accessibility.swift
WARN 2022-11-18 12:56:27,486 - com.als.core.main.SingleTechnologyStaticAnalyzer: Technology: swift
WARN 2022-11-18 12:56:27,487 - com.als.core.main.SingleTechnologyStaticAnalyzer: Message: Cannot parse D:\Repos\Brideweave Crypto Repo\Re-Test V2\bwbucket-bw-crypto-ios-23d791bf9a9e\InvestorAiCrypto\Pods\Charts\Source\Charts\Utils\Platform+Accessibility.swift, due to: com.optimyth.qaking.swift.parser.ParseException: Encountered "{ didSet { accessibilityTraits = isHeader ? UIAccessibilityTraits . header : UIAccessibilityTraits . none } } final var isSelected : Bool = false { didSet { accessibilityTraits = isSelected ? UIAccessibilityTraits . selected : UIAccessibilityTraits . none } } override public init ( accessibilityContainer container : Any ) { containerView = ( container as ! UIView ) super . init ( accessibilityContainer : container ) } override open var accessibilityFrame : CGRect { get { return super . accessibilityFrame } set { guard let containerView = containerView else { return } super . accessibilityFrame = containerView . convert (" at line 35, column 5.
WARN 2022-11-18 12:56:27,488 - com.als.core.main.SingleTechnologyStaticAnalyzer: Stack:
WARN 2022-11-18 12:56:27,488 - com.als.core.main.SingleTechnologyStaticAnalyzer: com.als.core.parser.ParseException: Cannot parse D:\Repos\Brideweave Crypto Repo\Re-Test V2\bwbucket-bw-crypto-ios-23d791bf9a9e\InvestorAiCrypto\Pods\Charts\Source\Charts\Utils\Platform+Accessibility.swift, due to: com.optimyth.qaking.swift.parser.ParseException: Encountered "{ didSet { accessibilityTraits = isHeader ? UIAccessibilityTraits . header : UIAccessibilityTraits . none } } final var isSelected : Bool = false { didSet { accessibilityTraits = isSelected ? UIAccessibilityTraits . selected : UIAccessibilityTraits . none } } override public init ( accessibilityContainer container : Any ) { containerView = ( container as ! UIView ) super . init ( accessibilityContainer : container ) } override open var accessibilityFrame : CGRect { get { return super . accessibilityFrame } set { guard let containerView = containerView else { return } super . accessibilityFrame = containerView . convert (" at line 35, column 5.
Was expecting one of:
    "}" ...
    "{" "[" ...
    "{" "(" ...
    "{" "_" ...
    "{" <IDENTIFIER> ...
    "{" "alpha" ...
    "{" "arch" ...
    "{" "arm" ...
...

WARN 2022-11-18 12:56:27,488 - com.als.core.main.SingleTechnologyStaticAnalyzer: Original code: lines 33/37
WARN 2022-11-18 12:56:27,503 - com.als.core.main.SingleTechnologyStaticAnalyzer: 
    final var isHeader: Bool = false
    {
        didSet
        {

WARN 2022-11-18 12:56:27,503 - com.als.core.main.SingleTechnologyStaticAnalyzer: ***************************************************
INFO 2022-11-18 12:56:29,862 - com.optimyth.qaking.codeanalysis.tainting.TaintingAnalyzer: Too complex control flow (ccn=74) in block containing sink, at IQKeyboardManager+Position.swift line 228. Using direct navigation as fallback.
INFO 2022-11-18 12:56:29,862 - com.optimyth.qaking.codeanalysis.tainting.TaintingAnalyzer: Too complex control flow (ccn=74) in block containing sink, at IQKeyboardManager+Position.swift line 251. Using direct navigation as fallback.
INFO 2022-11-18 12:56:29,866 - com.optimyth.qaking.codeanalysis.tainting.TaintingAnalyzer: Too complex control flow (ccn=74) in block containing sink, at IQKeyboardManager+Position.swift line 260. Using direct navigation as fallback.
INFO 2022-11-18 12:56:29,867 - com.optimyth.qaking.codeanalysis.tainting.TaintingAnalyzer: Too complex control flow (ccn=74) in block containing sink, at IQKeyboardManager+Position.swift line 278. Using direct navigation as fallback.
INFO 2022-11-18 12:56:29,868 - com.optimyth.qaking.codeanalysis.tainting.TaintingAnalyzer: Too complex control flow (ccn=74) in block containing sink, at IQKeyboardManager+Position.swift line 287. Using direct navigation as fallback.
INFO 2022-11-18 12:56:29,870 - com.optimyth.qaking.codeanalysis.tainting.TaintingAnalyzer: Too complex control flow (ccn=74) in block containing sink, at IQKeyboardManager+Position.swift line 314. Using direct navigation as fallback.
INFO 2022-11-18 12:56:29,871 - com.optimyth.qaking.codeanalysis.tainting.TaintingAnalyzer: Too complex control flow (ccn=74) in block containing sink, at IQKeyboardManager+Position.swift line 332. Using direct navigation as fallback.
INFO 2022-11-18 12:56:29,872 - com.optimyth.qaking.codeanalysis.tainting.TaintingAnalyzer: Too complex control flow (ccn=74) in block containing sink, at IQKeyboardManager+Position.swift line 440. Using direct navigation as fallback.
INFO 2022-11-18 12:56:29,873 - com.optimyth.qaking.codeanalysis.tainting.TaintingAnalyzer: Too complex control flow (ccn=74) in block containing sink, at IQKeyboardManager+Position.swift line 441. Using direct navigation as fallback.
INFO 2022-11-18 12:56:29,885 - com.optimyth.qaking.codeanalysis.tainting.TaintingAnalyzer: Too complex control flow (ccn=74) in block containing sink, at IQKeyboardManager+Position.swift line 492. Using direct navigation as fallback.
INFO 2022-11-18 12:56:29,886 - com.optimyth.qaking.codeanalysis.tainting.TaintingAnalyzer: Too complex control flow (ccn=74) in block containing sink, at IQKeyboardManager+Position.swift line 564. Using direct navigation as fallback.
INFO 2022-11-18 12:56:29,886 - com.optimyth.qaking.codeanalysis.tainting.TaintingAnalyzer: Too complex control flow (ccn=74) in block containing sink, at IQKeyboardManager+Position.swift line 596. Using direct navigation as fallback.
INFO 2022-11-18 12:56:29,909 - com.optimyth.qaking.codeanalysis.tainting.TaintingAnalyzer: Too complex control flow (ccn=74) in block containing sink, at IQKeyboardManager+Position.swift line 628. Using direct navigation as fallback.
INFO 2022-11-18 12:56:29,911 - com.optimyth.qaking.codeanalysis.tainting.TaintingAnalyzer: Too complex control flow (ccn=74) in block containing sink, at IQKeyboardManager+Position.swift line 637. Using direct navigation as fallback.
INFO 2022-11-18 12:56:30,091 - com.optimyth.qaking.codeanalysis.tainting.TaintingAnalyzer: Too complex control flow (ccn=74) in block containing sink, at IQKeyboardManager+Position.swift line 228. Using direct navigation as fallback.
INFO 2022-11-18 12:56:30,091 - com.optimyth.qaking.codeanalysis.tainting.TaintingAnalyzer: Too complex control flow (ccn=74) in block containing sink, at IQKeyboardManager+Position.swift line 251. Using direct navigation as fallback.
INFO 2022-11-18 12:56:30,099 - com.optimyth.qaking.codeanalysis.tainting.TaintingAnalyzer: Too complex control flow (ccn=74) in block containing sink, at IQKeyboardManager+Position.swift line 260. Using direct navigation as fallback.
INFO 2022-11-18 12:56:30,100 - com.optimyth.qaking.codeanalysis.tainting.TaintingAnalyzer: Too complex control flow (ccn=74) in block containing sink, at IQKeyboardManager+Position.swift line 278. Using direct navigation as fallback.
INFO 2022-11-18 12:56:30,101 - com.optimyth.qaking.codeanalysis.tainting.TaintingAnalyzer: Too complex control flow (ccn=74) in block containing sink, at IQKeyboardManager+Position.swift line 287. Using direct navigation as fallback.
INFO 2022-11-18 12:56:30,102 - com.optimyth.qaking.codeanalysis.tainting.TaintingAnalyzer: Too complex control flow (ccn=74) in block containing sink, at IQKeyboardManager+Position.swift line 314. Using direct navigation as fallback.
INFO 2022-11-18 12:56:30,104 - com.optimyth.qaking.codeanalysis.tainting.TaintingAnalyzer: Too complex control flow (ccn=74) in block containing sink, at IQKeyboardManager+Position.swift line 332. Using direct navigation as fallback.
INFO 2022-11-18 12:56:30,104 - com.optimyth.qaking.codeanalysis.tainting.TaintingAnalyzer: Too complex control flow (ccn=74) in block containing sink, at IQKeyboardManager+Position.swift line 440. Using direct navigation as fallback.
INFO 2022-11-18 12:56:30,105 - com.optimyth.qaking.codeanalysis.tainting.TaintingAnalyzer: Too complex control flow (ccn=74) in block containing sink, at IQKeyboardManager+Position.swift line 441. Using direct navigation as fallback.
INFO 2022-11-18 12:56:30,105 - com.optimyth.qaking.codeanalysis.tainting.TaintingAnalyzer: Too complex control flow (ccn=74) in block containing sink, at IQKeyboardManager+Position.swift line 492. Using direct navigation as fallback.
INFO 2022-11-18 12:56:30,123 - com.optimyth.qaking.codeanalysis.tainting.TaintingAnalyzer: Too complex control flow (ccn=74) in block containing sink, at IQKeyboardManager+Position.swift line 564. Using direct navigation as fallback.
INFO 2022-11-18 12:56:30,123 - com.optimyth.qaking.codeanalysis.tainting.TaintingAnalyzer: Too complex control flow (ccn=74) in block containing sink, at IQKeyboardManager+Position.swift line 596. Using direct navigation as fallback.
INFO 2022-11-18 12:56:30,137 - com.optimyth.qaking.codeanalysis.tainting.TaintingAnalyzer: Too complex control flow (ccn=74) in block containing sink, at IQKeyboardManager+Position.swift line 628. Using direct navigation as fallback.
INFO 2022-11-18 12:56:30,147 - com.optimyth.qaking.codeanalysis.tainting.TaintingAnalyzer: Too complex control flow (ccn=74) in block containing sink, at IQKeyboardManager+Position.swift line 637. Using direct navigation as fallback.
