INFO 2022-11-09 11:52:38,164 - Analysis initialization: FINISHED
INFO 2022-11-09 11:52:38,164 - -----------------------------------------------------
INFO 2022-11-09 11:52:38,164 - Starting analysis for application "Edcast Android Mobile"
INFO 2022-11-09 11:52:38,164 - -----------------------------------------------------
INFO 2022-11-09 11:52:38,165 - Model retrieval: STARTED
INFO 2022-11-09 11:52:38,931 - Model retrieved from cache
INFO 2022-11-09 11:52:38,931 - Model retrieval: FINISHED
INFO 2022-11-09 11:52:38,931 - Analysis authorization: STARTED
INFO 2022-11-09 11:52:39,731 - Upload analyzed source code forced to "false" - not allowed for user / application
INFO 2022-11-09 11:52:39,731 - Analysis authorization: FINISHED
INFO 2022-11-09 11:52:39,732 - License check: STARTED
INFO 2022-11-09 11:52:40,484 - License check: FINISHED
INFO 2022-11-09 11:52:40,484 - Prepare analysis data: STARTED
INFO 2022-11-09 11:52:40,546 - Prepare analysis data: FINISHED
INFO 2022-11-09 11:52:40,547 - Prepare source code files for upload: STARTED
INFO 2022-11-09 11:52:40,547 - Prepare source code files for upload: FINISHED
WARN 2022-11-09 11:52:42,189 - -----------------------------------------------------
WARN 2022-11-09 11:52:42,189 - Executing rules analysis for technology cpp
WARN 2022-11-09 11:52:42,189 - -----------------------------------------------------
WARN 2022-11-09 11:52:42,189 - directory: D:\Repos\Edcast Repo 2022-23\edcast-android2-dev
WARN 2022-11-09 11:52:42,189 - bill-of-materials: 
WARN 2022-11-09 11:52:42,189 - bill-of-materials format: 
WARN 2022-11-09 11:52:42,189 - includes: 
WARN 2022-11-09 11:52:42,190 - excludes: **/src/test/**,**/__MACOSX/**,**/*.min.js,**/*.Designer.vb,**/*.designer.vb,**/*Reference.vb,**/*Service.vb,**/*Silverlight.vb,**/*.Designer.cs,**/*.designer.cs,**/*Reference.cs,**/*Service.cs,**/*Silverlight.cs,**/.*,**/Pods/BuildHeaders/**/*.h,**/Pods/Headers/**/*.h,**/node_modules/**,**/bower_components/**,**/target/**,**/bin/**,**/obj/**,**/dist/**,**/lib/**
WARN 2022-11-09 11:52:42,190 - configuration: D:\Software\KiuwanLocalAnalyzer\bin\..\conf\apps\Edcast Android Mobile.properties
WARN 2022-11-09 11:52:42,190 - VM version: 1.8.0_333
WARN 2022-11-09 11:52:42,302 - VM settings:
WARN 2022-11-09 11:52:42,304 -     Stack Size: 2.00M
WARN 2022-11-09 11:52:42,304 -     Min. Heap Size: 128.00M
WARN 2022-11-09 11:52:42,305 -     Max. Heap Size: 1.00G
WARN 2022-11-09 11:52:42,305 -     Ergonomics Machine Class: client
WARN 2022-11-09 11:52:42,305 -     Using VM: Java HotSpot(TM) 64-Bit Server VM
WARN 2022-11-09 11:52:42,305 - 
INFO 2022-11-09 11:53:02,479 - Moving 1 file to D:\Software\KiuwanLocalAnalyzer\temp\Edcast Android Mobile.2472912779753208473\results
INFO 2022-11-09 11:53:02,486 - Deleting: D:\Software\KiuwanLocalAnalyzer\temp\Edcast Android Mobile.2472912779753208473\results\rules_cpp.key
WARN 2022-11-09 11:53:02,681 - -----------------------------------------------------
WARN 2022-11-09 11:53:02,681 - Executing metrics analysis for technology cpp
WARN 2022-11-09 11:53:02,681 - -----------------------------------------------------
WARN 2022-11-09 11:53:02,681 - directory: D:\Repos\Edcast Repo 2022-23\edcast-android2-dev
WARN 2022-11-09 11:53:02,681 - bill-of-materials: 
WARN 2022-11-09 11:53:02,682 - bill-of-materials format: 
WARN 2022-11-09 11:53:02,682 - includes: 
WARN 2022-11-09 11:53:02,682 - excludes: **/src/test/**,**/__MACOSX/**,**/*.min.js,**/*.Designer.vb,**/*.designer.vb,**/*Reference.vb,**/*Service.vb,**/*Silverlight.vb,**/*.Designer.cs,**/*.designer.cs,**/*Reference.cs,**/*Service.cs,**/*Silverlight.cs,**/.*,**/Pods/BuildHeaders/**/*.h,**/Pods/Headers/**/*.h,**/node_modules/**,**/bower_components/**,**/target/**,**/bin/**,**/obj/**,**/dist/**,**/lib/**
WARN 2022-11-09 11:53:02,682 - configuration: D:\Software\KiuwanLocalAnalyzer\bin\..\conf\apps\Edcast Android Mobile.properties
WARN 2022-11-09 11:53:02,682 - VM version: 1.8.0_333
WARN 2022-11-09 11:53:02,785 - VM settings:
WARN 2022-11-09 11:53:02,787 -     Stack Size: 2.00M
WARN 2022-11-09 11:53:02,787 -     Min. Heap Size: 128.00M
WARN 2022-11-09 11:53:02,787 -     Max. Heap Size: 1.00G
WARN 2022-11-09 11:53:02,787 -     Ergonomics Machine Class: client
WARN 2022-11-09 11:53:02,787 -     Using VM: Java HotSpot(TM) 64-Bit Server VM
WARN 2022-11-09 11:53:02,787 - 
INFO 2022-11-09 11:53:16,940 - Moving 1 file to D:\Software\KiuwanLocalAnalyzer\temp\Edcast Android Mobile.2472912779753208473\results
INFO 2022-11-09 11:53:16,948 - Deleting: D:\Software\KiuwanLocalAnalyzer\temp\Edcast Android Mobile.2472912779753208473\results\metrics_cpp.key
WARN 2022-11-09 11:53:17,163 - -----------------------------------------------------
WARN 2022-11-09 11:53:17,163 - Executing rules analysis for technology html
WARN 2022-11-09 11:53:17,163 - -----------------------------------------------------
WARN 2022-11-09 11:53:17,163 - directory: D:\Repos\Edcast Repo 2022-23\edcast-android2-dev
WARN 2022-11-09 11:53:17,164 - bill-of-materials: 
WARN 2022-11-09 11:53:17,164 - bill-of-materials format: 
WARN 2022-11-09 11:53:17,164 - includes: 
WARN 2022-11-09 11:53:17,164 - excludes: **/src/test/**,**/__MACOSX/**,**/*.min.js,**/*.Designer.vb,**/*.designer.vb,**/*Reference.vb,**/*Service.vb,**/*Silverlight.vb,**/*.Designer.cs,**/*.designer.cs,**/*Reference.cs,**/*Service.cs,**/*Silverlight.cs,**/.*,**/Pods/BuildHeaders/**/*.h,**/Pods/Headers/**/*.h,**/node_modules/**,**/bower_components/**,**/target/**,**/bin/**,**/obj/**,**/dist/**,**/lib/**
WARN 2022-11-09 11:53:17,164 - configuration: D:\Software\KiuwanLocalAnalyzer\bin\..\conf\apps\Edcast Android Mobile.properties
WARN 2022-11-09 11:53:17,164 - VM version: 1.8.0_333
WARN 2022-11-09 11:53:17,257 - VM settings:
WARN 2022-11-09 11:53:17,258 -     Stack Size: 2.00M
WARN 2022-11-09 11:53:17,258 -     Min. Heap Size: 128.00M
WARN 2022-11-09 11:53:17,258 -     Max. Heap Size: 1.00G
WARN 2022-11-09 11:53:17,258 -     Ergonomics Machine Class: client
WARN 2022-11-09 11:53:17,258 -     Using VM: Java HotSpot(TM) 64-Bit Server VM
WARN 2022-11-09 11:53:17,258 - 
INFO 2022-11-09 11:53:26,790 - Moving 1 file to D:\Software\KiuwanLocalAnalyzer\temp\Edcast Android Mobile.2472912779753208473\results
INFO 2022-11-09 11:53:26,798 - Deleting: D:\Software\KiuwanLocalAnalyzer\temp\Edcast Android Mobile.2472912779753208473\results\rules_html.key
WARN 2022-11-09 11:53:26,974 - -----------------------------------------------------
WARN 2022-11-09 11:53:26,974 - Executing metrics analysis for technology html
WARN 2022-11-09 11:53:26,974 - -----------------------------------------------------
WARN 2022-11-09 11:53:26,974 - directory: D:\Repos\Edcast Repo 2022-23\edcast-android2-dev
WARN 2022-11-09 11:53:26,974 - bill-of-materials: 
WARN 2022-11-09 11:53:26,974 - bill-of-materials format: 
WARN 2022-11-09 11:53:26,974 - includes: 
WARN 2022-11-09 11:53:26,974 - excludes: **/src/test/**,**/__MACOSX/**,**/*.min.js,**/*.Designer.vb,**/*.designer.vb,**/*Reference.vb,**/*Service.vb,**/*Silverlight.vb,**/*.Designer.cs,**/*.designer.cs,**/*Reference.cs,**/*Service.cs,**/*Silverlight.cs,**/.*,**/Pods/BuildHeaders/**/*.h,**/Pods/Headers/**/*.h,**/node_modules/**,**/bower_components/**,**/target/**,**/bin/**,**/obj/**,**/dist/**,**/lib/**
WARN 2022-11-09 11:53:26,974 - configuration: D:\Software\KiuwanLocalAnalyzer\bin\..\conf\apps\Edcast Android Mobile.properties
WARN 2022-11-09 11:53:26,974 - VM version: 1.8.0_333
WARN 2022-11-09 11:53:27,067 - VM settings:
WARN 2022-11-09 11:53:27,068 -     Stack Size: 2.00M
WARN 2022-11-09 11:53:27,068 -     Min. Heap Size: 128.00M
WARN 2022-11-09 11:53:27,068 -     Max. Heap Size: 1.00G
WARN 2022-11-09 11:53:27,068 -     Ergonomics Machine Class: client
WARN 2022-11-09 11:53:27,068 -     Using VM: Java HotSpot(TM) 64-Bit Server VM
WARN 2022-11-09 11:53:27,068 - 
INFO 2022-11-09 11:53:35,998 - Moving 1 file to D:\Software\KiuwanLocalAnalyzer\temp\Edcast Android Mobile.2472912779753208473\results
INFO 2022-11-09 11:53:36,005 - Deleting: D:\Software\KiuwanLocalAnalyzer\temp\Edcast Android Mobile.2472912779753208473\results\metrics_html.key
WARN 2022-11-09 11:53:36,201 - -----------------------------------------------------
WARN 2022-11-09 11:53:36,201 - Executing rules analysis for technology java
WARN 2022-11-09 11:53:36,201 - -----------------------------------------------------
WARN 2022-11-09 11:53:36,201 - directory: D:\Repos\Edcast Repo 2022-23\edcast-android2-dev
WARN 2022-11-09 11:53:36,201 - bill-of-materials: 
WARN 2022-11-09 11:53:36,202 - bill-of-materials format: 
WARN 2022-11-09 11:53:36,202 - includes: 
WARN 2022-11-09 11:53:36,202 - excludes: **/src/test/**,**/__MACOSX/**,**/*.min.js,**/*.Designer.vb,**/*.designer.vb,**/*Reference.vb,**/*Service.vb,**/*Silverlight.vb,**/*.Designer.cs,**/*.designer.cs,**/*Reference.cs,**/*Service.cs,**/*Silverlight.cs,**/.*,**/Pods/BuildHeaders/**/*.h,**/Pods/Headers/**/*.h,**/node_modules/**,**/bower_components/**,**/target/**,**/bin/**,**/obj/**,**/dist/**,**/lib/**
WARN 2022-11-09 11:53:36,202 - configuration: D:\Software\KiuwanLocalAnalyzer\bin\..\conf\apps\Edcast Android Mobile.properties
WARN 2022-11-09 11:53:36,202 - VM version: 1.8.0_333
WARN 2022-11-09 11:53:36,295 - VM settings:
WARN 2022-11-09 11:53:36,297 -     Stack Size: 2.00M
WARN 2022-11-09 11:53:36,297 -     Min. Heap Size: 128.00M
WARN 2022-11-09 11:53:36,297 -     Max. Heap Size: 1.00G
WARN 2022-11-09 11:53:36,297 -     Ergonomics Machine Class: client
WARN 2022-11-09 11:53:36,297 -     Using VM: Java HotSpot(TM) 64-Bit Server VM
WARN 2022-11-09 11:53:36,297 - 
INFO 2022-11-09 11:56:02,330 - Moving 1 file to D:\Software\KiuwanLocalAnalyzer\temp\Edcast Android Mobile.2472912779753208473\results
INFO 2022-11-09 11:56:02,338 - Deleting: D:\Software\KiuwanLocalAnalyzer\temp\Edcast Android Mobile.2472912779753208473\results\rules_java.key
WARN 2022-11-09 11:56:02,537 - -----------------------------------------------------
WARN 2022-11-09 11:56:02,537 - Executing metrics analysis for technology java
WARN 2022-11-09 11:56:02,537 - -----------------------------------------------------
WARN 2022-11-09 11:56:02,537 - directory: D:\Repos\Edcast Repo 2022-23\edcast-android2-dev
WARN 2022-11-09 11:56:02,538 - bill-of-materials: 
WARN 2022-11-09 11:56:02,538 - bill-of-materials format: 
WARN 2022-11-09 11:56:02,538 - includes: 
WARN 2022-11-09 11:56:02,538 - excludes: **/src/test/**,**/__MACOSX/**,**/*.min.js,**/*.Designer.vb,**/*.designer.vb,**/*Reference.vb,**/*Service.vb,**/*Silverlight.vb,**/*.Designer.cs,**/*.designer.cs,**/*Reference.cs,**/*Service.cs,**/*Silverlight.cs,**/.*,**/Pods/BuildHeaders/**/*.h,**/Pods/Headers/**/*.h,**/node_modules/**,**/bower_components/**,**/target/**,**/bin/**,**/obj/**,**/dist/**,**/lib/**
WARN 2022-11-09 11:56:02,538 - configuration: D:\Software\KiuwanLocalAnalyzer\bin\..\conf\apps\Edcast Android Mobile.properties
WARN 2022-11-09 11:56:02,538 - VM version: 1.8.0_333
WARN 2022-11-09 11:56:02,633 - VM settings:
WARN 2022-11-09 11:56:02,634 -     Stack Size: 2.00M
WARN 2022-11-09 11:56:02,635 -     Min. Heap Size: 128.00M
WARN 2022-11-09 11:56:02,635 -     Max. Heap Size: 1.00G
WARN 2022-11-09 11:56:02,635 -     Ergonomics Machine Class: client
WARN 2022-11-09 11:56:02,635 -     Using VM: Java HotSpot(TM) 64-Bit Server VM
WARN 2022-11-09 11:56:02,635 - 
INFO 2022-11-09 11:56:39,787 - Moving 1 file to D:\Software\KiuwanLocalAnalyzer\temp\Edcast Android Mobile.2472912779753208473\results
INFO 2022-11-09 11:56:39,795 - Deleting: D:\Software\KiuwanLocalAnalyzer\temp\Edcast Android Mobile.2472912779753208473\results\metrics_java.key
WARN 2022-11-09 11:56:39,995 - -----------------------------------------------------
WARN 2022-11-09 11:56:39,995 - Executing rules analysis for technology javascript
WARN 2022-11-09 11:56:39,995 - -----------------------------------------------------
WARN 2022-11-09 11:56:39,995 - directory: D:\Repos\Edcast Repo 2022-23\edcast-android2-dev
WARN 2022-11-09 11:56:39,995 - bill-of-materials: 
WARN 2022-11-09 11:56:39,995 - bill-of-materials format: 
WARN 2022-11-09 11:56:39,996 - includes: 
WARN 2022-11-09 11:56:39,996 - excludes: **/src/test/**,**/__MACOSX/**,**/*.min.js,**/*.Designer.vb,**/*.designer.vb,**/*Reference.vb,**/*Service.vb,**/*Silverlight.vb,**/*.Designer.cs,**/*.designer.cs,**/*Reference.cs,**/*Service.cs,**/*Silverlight.cs,**/.*,**/Pods/BuildHeaders/**/*.h,**/Pods/Headers/**/*.h,**/node_modules/**,**/bower_components/**,**/target/**,**/bin/**,**/obj/**,**/dist/**,**/lib/**
WARN 2022-11-09 11:56:39,996 - configuration: D:\Software\KiuwanLocalAnalyzer\bin\..\conf\apps\Edcast Android Mobile.properties
WARN 2022-11-09 11:56:39,996 - VM version: 1.8.0_333
WARN 2022-11-09 11:56:40,093 - VM settings:
WARN 2022-11-09 11:56:40,095 -     Stack Size: 2.00M
WARN 2022-11-09 11:56:40,095 -     Min. Heap Size: 128.00M
WARN 2022-11-09 11:56:40,095 -     Max. Heap Size: 1.00G
WARN 2022-11-09 11:56:40,095 -     Ergonomics Machine Class: client
WARN 2022-11-09 11:56:40,095 -     Using VM: Java HotSpot(TM) 64-Bit Server VM
WARN 2022-11-09 11:56:40,095 - 
INFO 2022-11-09 11:56:53,792 - Moving 1 file to D:\Software\KiuwanLocalAnalyzer\temp\Edcast Android Mobile.2472912779753208473\results
INFO 2022-11-09 11:56:53,805 - Deleting: D:\Software\KiuwanLocalAnalyzer\temp\Edcast Android Mobile.2472912779753208473\results\rules_javascript.key
WARN 2022-11-09 11:56:54,069 - -----------------------------------------------------
WARN 2022-11-09 11:56:54,070 - Executing metrics analysis for technology javascript
WARN 2022-11-09 11:56:54,070 - -----------------------------------------------------
WARN 2022-11-09 11:56:54,070 - directory: D:\Repos\Edcast Repo 2022-23\edcast-android2-dev
WARN 2022-11-09 11:56:54,070 - bill-of-materials: 
WARN 2022-11-09 11:56:54,070 - bill-of-materials format: 
WARN 2022-11-09 11:56:54,070 - includes: 
WARN 2022-11-09 11:56:54,070 - excludes: **/src/test/**,**/__MACOSX/**,**/*.min.js,**/*.Designer.vb,**/*.designer.vb,**/*Reference.vb,**/*Service.vb,**/*Silverlight.vb,**/*.Designer.cs,**/*.designer.cs,**/*Reference.cs,**/*Service.cs,**/*Silverlight.cs,**/.*,**/Pods/BuildHeaders/**/*.h,**/Pods/Headers/**/*.h,**/node_modules/**,**/bower_components/**,**/target/**,**/bin/**,**/obj/**,**/dist/**,**/lib/**
WARN 2022-11-09 11:56:54,070 - configuration: D:\Software\KiuwanLocalAnalyzer\bin\..\conf\apps\Edcast Android Mobile.properties
WARN 2022-11-09 11:56:54,070 - VM version: 1.8.0_333
WARN 2022-11-09 11:56:54,187 - VM settings:
WARN 2022-11-09 11:56:54,189 -     Stack Size: 2.00M
WARN 2022-11-09 11:56:54,189 -     Min. Heap Size: 128.00M
WARN 2022-11-09 11:56:54,189 -     Max. Heap Size: 1.00G
WARN 2022-11-09 11:56:54,189 -     Ergonomics Machine Class: client
WARN 2022-11-09 11:56:54,190 -     Using VM: Java HotSpot(TM) 64-Bit Server VM
WARN 2022-11-09 11:56:54,190 - 
INFO 2022-11-09 11:57:06,421 - Moving 1 file to D:\Software\KiuwanLocalAnalyzer\temp\Edcast Android Mobile.2472912779753208473\results
INFO 2022-11-09 11:57:06,436 - Deleting: D:\Software\KiuwanLocalAnalyzer\temp\Edcast Android Mobile.2472912779753208473\results\metrics_javascript.key
WARN 2022-11-09 11:57:06,592 - -----------------------------------------------------
WARN 2022-11-09 11:57:06,593 - Executing rules analysis for technology kotlin
WARN 2022-11-09 11:57:06,593 - -----------------------------------------------------
WARN 2022-11-09 11:57:06,593 - directory: D:\Repos\Edcast Repo 2022-23\edcast-android2-dev
WARN 2022-11-09 11:57:06,593 - bill-of-materials: 
WARN 2022-11-09 11:57:06,593 - bill-of-materials format: 
WARN 2022-11-09 11:57:06,593 - includes: 
WARN 2022-11-09 11:57:06,593 - excludes: **/src/test/**,**/__MACOSX/**,**/*.min.js,**/*.Designer.vb,**/*.designer.vb,**/*Reference.vb,**/*Service.vb,**/*Silverlight.vb,**/*.Designer.cs,**/*.designer.cs,**/*Reference.cs,**/*Service.cs,**/*Silverlight.cs,**/.*,**/Pods/BuildHeaders/**/*.h,**/Pods/Headers/**/*.h,**/node_modules/**,**/bower_components/**,**/target/**,**/bin/**,**/obj/**,**/dist/**,**/lib/**
WARN 2022-11-09 11:57:06,593 - configuration: D:\Software\KiuwanLocalAnalyzer\bin\..\conf\apps\Edcast Android Mobile.properties
WARN 2022-11-09 11:57:06,594 - VM version: 1.8.0_333
WARN 2022-11-09 11:57:06,691 - VM settings:
WARN 2022-11-09 11:57:06,692 -     Stack Size: 2.00M
WARN 2022-11-09 11:57:06,692 -     Min. Heap Size: 128.00M
WARN 2022-11-09 11:57:06,692 -     Max. Heap Size: 1.00G
WARN 2022-11-09 11:57:06,692 -     Ergonomics Machine Class: client
WARN 2022-11-09 11:57:06,692 -     Using VM: Java HotSpot(TM) 64-Bit Server VM
WARN 2022-11-09 11:57:06,692 - 
INFO 2022-11-09 12:11:32,635 - Moving 1 file to D:\Software\KiuwanLocalAnalyzer\temp\Edcast Android Mobile.2472912779753208473\results
INFO 2022-11-09 12:11:32,647 - Deleting: D:\Software\KiuwanLocalAnalyzer\temp\Edcast Android Mobile.2472912779753208473\results\rules_kotlin.key
WARN 2022-11-09 12:11:32,872 - -----------------------------------------------------
WARN 2022-11-09 12:11:32,872 - Executing metrics analysis for technology kotlin
WARN 2022-11-09 12:11:32,872 - -----------------------------------------------------
WARN 2022-11-09 12:11:32,872 - directory: D:\Repos\Edcast Repo 2022-23\edcast-android2-dev
WARN 2022-11-09 12:11:32,872 - bill-of-materials: 
WARN 2022-11-09 12:11:32,872 - bill-of-materials format: 
WARN 2022-11-09 12:11:32,872 - includes: 
WARN 2022-11-09 12:11:32,872 - excludes: **/src/test/**,**/__MACOSX/**,**/*.min.js,**/*.Designer.vb,**/*.designer.vb,**/*Reference.vb,**/*Service.vb,**/*Silverlight.vb,**/*.Designer.cs,**/*.designer.cs,**/*Reference.cs,**/*Service.cs,**/*Silverlight.cs,**/.*,**/Pods/BuildHeaders/**/*.h,**/Pods/Headers/**/*.h,**/node_modules/**,**/bower_components/**,**/target/**,**/bin/**,**/obj/**,**/dist/**,**/lib/**
WARN 2022-11-09 12:11:32,872 - configuration: D:\Software\KiuwanLocalAnalyzer\bin\..\conf\apps\Edcast Android Mobile.properties
WARN 2022-11-09 12:11:32,872 - VM version: 1.8.0_333
WARN 2022-11-09 12:11:32,974 - VM settings:
WARN 2022-11-09 12:11:32,976 -     Stack Size: 2.00M
WARN 2022-11-09 12:11:32,976 -     Min. Heap Size: 128.00M
WARN 2022-11-09 12:11:32,977 -     Max. Heap Size: 1.00G
WARN 2022-11-09 12:11:32,977 -     Ergonomics Machine Class: client
WARN 2022-11-09 12:11:32,977 -     Using VM: Java HotSpot(TM) 64-Bit Server VM
WARN 2022-11-09 12:11:32,977 - 
INFO 2022-11-09 12:11:58,493 - Moving 1 file to D:\Software\KiuwanLocalAnalyzer\temp\Edcast Android Mobile.2472912779753208473\results
INFO 2022-11-09 12:11:58,501 - Deleting: D:\Software\KiuwanLocalAnalyzer\temp\Edcast Android Mobile.2472912779753208473\results\metrics_kotlin.key
INFO 2022-11-09 12:11:58,508 - Update global report: STARTED
INFO 2022-11-09 12:11:58,523 - Update global report: FINISHED
INFO 2022-11-09 12:11:58,524 - Upload results to kiuwan: STARTED
INFO 2022-11-09 12:12:03,286 - Upload results to kiuwan: FINISHED
INFO 2022-11-09 12:12:03,286 - Retrieve complete results from kiuwan: STARTED
INFO 2022-11-09 12:12:04,138 - Retrieve complete results from kiuwan: FINISHED
INFO 2022-11-09 12:12:04,138 - Register analysis code in global report: STARTED
INFO 2022-11-09 12:12:04,140 - Register analysis code in global report: FINISHED
INFO 2022-11-09 12:12:04,145 - Analysis finished: A-7e6-1845a99d14f
