INFO 2022-11-09 12:11:36,449 - com.optimyth.qaking.codeanalysis.metadata.model.LibrariesResolver: Metadata libraries FACTORY directory added = D:\Software\KiuwanLocalAnalyzer\libraries
INFO 2022-11-09 12:11:36,450 - com.optimyth.qaking.codeanalysis.metadata.model.LibrariesResolver: Metadata libraries resolver found 1 directories to inspect: [D:\Software\KiuwanLocalAnalyzer\libraries]
WARN 2022-11-09 12:11:51,395 - com.als.core.main.SingleTechnologyStaticAnalyzer: ***************************************************
WARN 2022-11-09 12:11:51,396 - com.als.core.main.SingleTechnologyStaticAnalyzer: File: D:\Repos\Edcast Repo 2022-23\edcast-android2-dev\edcast-android2-dev\presentation\src\main\java\com\edcast\view\progressMaterialButton\DrawableButtonExtension.kt
WARN 2022-11-09 12:11:51,396 - com.als.core.main.SingleTechnologyStaticAnalyzer: Technology: kotlin
WARN 2022-11-09 12:11:51,397 - com.als.core.main.SingleTechnologyStaticAnalyzer: Message: Cannot parse D:\Repos\Edcast Repo 2022-23\edcast-android2-dev\edcast-android2-dev\presentation\src\main\java\com\edcast\view\progressMaterialButton\DrawableButtonExtension.kt, due to: com.kiuwan.qaking.kotlin.parser.ParseException: Encountered ")" at line 213, column 1.
WARN 2022-11-09 12:11:51,399 - com.als.core.main.SingleTechnologyStaticAnalyzer: Stack:
WARN 2022-11-09 12:11:51,399 - com.als.core.main.SingleTechnologyStaticAnalyzer: com.als.core.parser.ParseException: Cannot parse D:\Repos\Edcast Repo 2022-23\edcast-android2-dev\edcast-android2-dev\presentation\src\main\java\com\edcast\view\progressMaterialButton\DrawableButtonExtension.kt, due to: com.kiuwan.qaking.kotlin.parser.ParseException: Encountered ")" at line 213, column 1.
Was expecting one of:
    "=" ...
    <NL> ...
    "<" ...
    "." ...
    "?" ...
    
	at com.als.core.parser.AbstractReaderParser.wrapException(AbstractReaderParser.java:98)
	at com.als.core.parser.AbstractReaderParser.throwParseException(AbstractReaderParser.java:93)
...

WARN 2022-11-09 12:11:51,399 - com.als.core.main.SingleTechnologyStaticAnalyzer: Original code: lines 211/215
WARN 2022-11-09 12:11:51,399 - com.als.core.main.SingleTechnologyStaticAnalyzer:         progressStrokePx: Int

): CircularProgressDrawable {
    return CircularProgressDrawable(context).apply {
        setStyle(CircularProgressDrawable.DEFAULT)

WARN 2022-11-09 12:11:51,399 - com.als.core.main.SingleTechnologyStaticAnalyzer: ***************************************************
