INFO 2022-11-09 11:53:09,455 - com.optimyth.qaking.codeanalysis.metadata.model.LibrariesResolver: Metadata libraries FACTORY directory added = D:\Software\KiuwanLocalAnalyzer\libraries
INFO 2022-11-09 11:53:09,462 - com.optimyth.qaking.codeanalysis.metadata.model.LibrariesResolver: Metadata libraries resolver found 1 directories to inspect: [D:\Software\KiuwanLocalAnalyzer\libraries]
INFO 2022-11-09 11:53:09,694 - com.optimyth.qaking.codeanalysis.metadata.model.functional.FunctionAlias: Cannot resolve target sqlite3DbRealloc for alias sqlite3@sqlite3DbReallocOrFree. Ignored
INFO 2022-11-09 11:53:09,696 - com.optimyth.qaking.codeanalysis.metadata.model.functional.FunctionAlias: Cannot resolve target vprintf for alias glib@g_vprintf. Ignored
INFO 2022-11-09 11:53:09,706 - com.optimyth.qaking.codeanalysis.metadata.model.LibrariesResolver: Metadata libraries FACTORY directory added = D:\Software\KiuwanLocalAnalyzer\libraries
INFO 2022-11-09 11:53:09,706 - com.optimyth.qaking.codeanalysis.metadata.model.LibrariesResolver: Metadata libraries resolver found 1 directories to inspect: [D:\Software\KiuwanLocalAnalyzer\libraries]
WARN 2022-11-09 11:53:10,641 - com.als.core.main.SingleTechnologyStaticAnalyzer: ***************************************************
WARN 2022-11-09 11:53:10,641 - com.als.core.main.SingleTechnologyStaticAnalyzer: File: D:\Repos\Edcast Repo 2022-23\edcast-android2-dev\edcast-android2-dev\domain\src\main\cpp\edcast-lib1.cpp
WARN 2022-11-09 11:53:10,641 - com.als.core.main.SingleTechnologyStaticAnalyzer: Technology: cpp
WARN 2022-11-09 11:53:10,641 - com.als.core.main.SingleTechnologyStaticAnalyzer: Message: Cannot parse D:\Repos\Edcast Repo 2022-23\edcast-android2-dev\edcast-android2-dev\domain\src\main\cpp\edcast-lib1.cpp, due to: Parse error at line 2323, column 1.  Encountered: JNIEXPORT
WARN 2022-11-09 11:53:10,646 - com.als.core.main.SingleTechnologyStaticAnalyzer: Stack:
WARN 2022-11-09 11:53:10,646 - com.als.core.main.SingleTechnologyStaticAnalyzer: com.als.core.parser.ParseException: Cannot parse D:\Repos\Edcast Repo 2022-23\edcast-android2-dev\edcast-android2-dev\domain\src\main\cpp\edcast-lib1.cpp, due to: Parse error at line 2323, column 1.  Encountered: JNIEXPORT
line[2323]: JNIEXPORT jint JNI_OnLoad(JavaVM *vm, void *reserved) {
	at com.optimyth.qaking.cpp.CppLanguageSupport.k26(CppLanguageSupport.java:695)
	at com.optimyth.qaking.cpp.CppLanguageSupport.parseAndValidate(CppLanguageSupport.java:165)
	at com.als.core.language.LanguageSupport.parse(LanguageSupport.java:226)
	at com.als.core.main.AbstractStaticAnalyzer.parseFile(AbstractStaticAnalyzer.java:643)
	at com.als.core.main.AbstractStaticAnalyzer.analyzeSingleFile(AbstractStaticAnalyzer.java:571)
	at com.als.core.main.SingleTechnologyStaticAnalyzer.k26(SingleTechnologyStaticAnalyzer.java:166)
	at com.als.core.main.SingleTechnologyStaticAnalyzer.k26(SingleTechnologyStaticAnalyzer.java:134)
	at java.util.stream.ForEachOps$ForEachOp$OfRef.accept(Unknown Source)
...

WARN 2022-11-09 11:53:10,646 - com.als.core.main.SingleTechnologyStaticAnalyzer: Original code: lines 2321/2325
WARN 2022-11-09 11:53:10,646 - com.als.core.main.SingleTechnologyStaticAnalyzer: static int A2 = 0;

JNIEXPORT jint JNI_OnLoad(JavaVM *vm, void *reserved) {
    // __android_log_print(ANDROID_LOG_ERROR, DEBUG_TAG, "JNI_OnLoad ==>> [%s]", "JNI_OnLoad");
    JNIEnv *env;

WARN 2022-11-09 11:53:10,646 - com.als.core.main.SingleTechnologyStaticAnalyzer: Transformed code: lines 2321/2325
WARN 2022-11-09 11:53:10,646 - com.als.core.main.SingleTechnologyStaticAnalyzer: static int A2 = 0;

JNIEXPORT jint JNI_OnLoad(JavaVM *vm, void *reserved) {
    // __android_log_print(ANDROID_LOG_ERROR, DEBUG_TAG, "JNI_OnLoad ==>> [%s]", "JNI_OnLoad");
    JNIEnv *env;

WARN 2022-11-09 11:53:10,646 - com.als.core.main.SingleTechnologyStaticAnalyzer: ***************************************************
WARN 2022-11-09 11:53:10,684 - com.als.core.main.SingleTechnologyStaticAnalyzer: ***************************************************
WARN 2022-11-09 11:53:10,684 - com.als.core.main.SingleTechnologyStaticAnalyzer: File: D:\Repos\Edcast Repo 2022-23\edcast-android2-dev\edcast-android2-dev\domain\src\main\cpp\linux_syscall_support.h
WARN 2022-11-09 11:53:10,684 - com.als.core.main.SingleTechnologyStaticAnalyzer: Technology: cpp
WARN 2022-11-09 11:53:10,687 - com.als.core.main.SingleTechnologyStaticAnalyzer: Message: Cannot parse D:\Repos\Edcast Repo 2022-23\edcast-android2-dev\edcast-android2-dev\domain\src\main\cpp\linux_syscall_support.h, due to: Parse error at line 1933, column 26.  Encountered: (
WARN 2022-11-09 11:53:10,687 - com.als.core.main.SingleTechnologyStaticAnalyzer: Stack:
WARN 2022-11-09 11:53:10,687 - com.als.core.main.SingleTechnologyStaticAnalyzer: com.als.core.parser.ParseException: Cannot parse D:\Repos\Edcast Repo 2022-23\edcast-android2-dev\edcast-android2-dev\domain\src\main\cpp\linux_syscall_support.h, due to: Parse error at line 1933, column 26.  Encountered: (
line[1933]: void (**entrypoint)(void);
	at com.optimyth.qaking.cpp.CppLanguageSupport.k26(CppLanguageSupport.java:695)
	at com.optimyth.qaking.cpp.CppLanguageSupport.parseAndValidate(CppLanguageSupport.java:165)
	at com.als.core.language.LanguageSupport.parse(LanguageSupport.java:226)
	at com.als.core.main.AbstractStaticAnalyzer.parseFile(AbstractStaticAnalyzer.java:643)
	at com.als.core.main.AbstractStaticAnalyzer.analyzeSingleFile(AbstractStaticAnalyzer.java:571)
	at com.als.core.main.SingleTechnologyStaticAnalyzer.k26(SingleTechnologyStaticAnalyzer.java:166)
	at com.als.core.main.SingleTechnologyStaticAnalyzer.k26(SingleTechnologyStaticAnalyzer.java:134)
	at java.util.stream.ForEachOps$ForEachOp$OfRef.accept(Unknown Source)
...

WARN 2022-11-09 11:53:10,687 - com.als.core.main.SingleTechnologyStaticAnalyzer: Original code: lines 1931/1935
WARN 2022-11-09 11:53:10,687 - com.als.core.main.SingleTechnologyStaticAnalyzer: #ifdef SYS_SYSCALL_ENTRYPOINT
static inline void (**LSS_NAME(get_syscall_entrypoint)(void))(void) {
      void (**entrypoint)(void);
      asm volatile(".bss\n"
                   ".align 8\n"

WARN 2022-11-09 11:53:10,687 - com.als.core.main.SingleTechnologyStaticAnalyzer: ***************************************************
WARN 2022-11-09 11:53:10,806 - com.optimyth.qaking.cpp.CppLanguageSupport: 9 headers referenced in source files but not found:
WARN 2022-11-09 11:53:10,806 - com.optimyth.qaking.cpp.CppLanguageSupport: <stddef.h>
WARN 2022-11-09 11:53:10,806 - com.optimyth.qaking.cpp.CppLanguageSupport: <jni.h>
WARN 2022-11-09 11:53:10,806 - com.optimyth.qaking.cpp.CppLanguageSupport: <android/log.h>
WARN 2022-11-09 11:53:10,806 - com.optimyth.qaking.cpp.CppLanguageSupport: <sys/wait.h>
WARN 2022-11-09 11:53:10,806 - com.optimyth.qaking.cpp.CppLanguageSupport: <filesystem>
WARN 2022-11-09 11:53:10,806 - com.optimyth.qaking.cpp.CppLanguageSupport: "xposed-detector.h"
WARN 2022-11-09 11:53:10,806 - com.optimyth.qaking.cpp.CppLanguageSupport: <sys/system_properties.h>
WARN 2022-11-09 11:53:10,806 - com.optimyth.qaking.cpp.CppLanguageSupport: <stdbool.h>
WARN 2022-11-09 11:53:10,814 - com.optimyth.qaking.cpp.CppLanguageSupport: <mntent.h>
