INFO 2022-11-09 11:56:44,477 - com.optimyth.qaking.codeanalysis.metadata.model.LibrariesResolver: Metadata libraries FACTORY directory added = D:\Software\KiuwanLocalAnalyzer\libraries
INFO 2022-11-09 11:56:44,477 - com.optimyth.qaking.codeanalysis.metadata.model.LibrariesResolver: Metadata libraries resolver found 1 directories to inspect: [D:\Software\KiuwanLocalAnalyzer\libraries]
WARN 2022-11-09 11:56:46,213 - com.optimyth.qaking.rules.nodejs.model.NodeJSConfigurations: Cannot parse JSON file: D:\Repos\Edcast Repo 2022-23\edcast-android2-dev\edcast-android2-dev\buildsystem\resource\release-jardinesconnect-google-services.json
WARN 2022-11-09 11:56:46,221 - com.optimyth.qaking.rules.nodejs.model.NodeJSConfigurations: Cannot parse JSON file: D:\Repos\Edcast Repo 2022-23\edcast-android2-dev\edcast-android2-dev\buildsystem\resource\release-metranet-google-services.json
WARN 2022-11-09 11:56:46,229 - com.optimyth.qaking.rules.nodejs.model.NodeJSConfigurations: Cannot parse JSON file: D:\Repos\Edcast Repo 2022-23\edcast-android2-dev\edcast-android2-dev\buildsystem\resource\release-tmtc-google-services.json
WARN 2022-11-09 11:56:46,285 - com.optimyth.qaking.rules.nodejs.model.NodeJSConfigurations: Cannot parse JSON file: D:\Repos\Edcast Repo 2022-23\edcast-android2-dev\edcast-android2-dev\buildsystem\resource\release-greenhouse-google-services.json
WARN 2022-11-09 11:56:46,301 - com.optimyth.qaking.rules.nodejs.model.NodeJSConfigurations: Cannot parse JSON file: D:\Repos\Edcast Repo 2022-23\edcast-android2-dev\edcast-android2-dev\buildsystem\resource\release-iob-google-services.json
WARN 2022-11-09 11:56:46,308 - com.optimyth.qaking.rules.nodejs.model.NodeJSConfigurations: Cannot parse JSON file: D:\Repos\Edcast Repo 2022-23\edcast-android2-dev\edcast-android2-dev\buildsystem\applinks\production\assetlinks.json
WARN 2022-11-09 11:56:46,315 - com.optimyth.qaking.rules.nodejs.model.NodeJSConfigurations: Cannot parse JSON file: D:\Repos\Edcast Repo 2022-23\edcast-android2-dev\edcast-android2-dev\buildsystem\applinks\qa\assetlinks.json
WARN 2022-11-09 11:56:46,323 - com.optimyth.qaking.rules.nodejs.model.NodeJSConfigurations: Cannot parse JSON file: D:\Repos\Edcast Repo 2022-23\edcast-android2-dev\edcast-android2-dev\buildsystem\resource\release-eandlearning-google-services.json
WARN 2022-11-09 11:56:46,330 - com.optimyth.qaking.rules.nodejs.model.NodeJSConfigurations: Cannot parse JSON file: D:\Repos\Edcast Repo 2022-23\edcast-android2-dev\edcast-android2-dev\buildsystem\resource\release-exxon-google-services.json
WARN 2022-11-09 11:56:46,364 - com.optimyth.qaking.rules.nodejs.model.NodeJSConfigurations: Cannot parse JSON file: D:\Repos\Edcast Repo 2022-23\edcast-android2-dev\edcast-android2-dev\buildsystem\resource\release-chanel-google-services.json
WARN 2022-11-09 11:56:46,371 - com.optimyth.qaking.rules.nodejs.model.NodeJSConfigurations: Cannot parse JSON file: D:\Repos\Edcast Repo 2022-23\edcast-android2-dev\edcast-android2-dev\buildsystem\resource\release-edcast-white-label-google-services.json
WARN 2022-11-09 11:56:46,376 - com.optimyth.qaking.rules.nodejs.model.NodeJSConfigurations: Cannot parse JSON file: D:\Repos\Edcast Repo 2022-23\edcast-android2-dev\edcast-android2-dev\buildsystem\resource\release-thermofisher-google-services.json
WARN 2022-11-09 11:56:46,383 - com.optimyth.qaking.rules.nodejs.model.NodeJSConfigurations: Cannot parse JSON file: D:\Repos\Edcast Repo 2022-23\edcast-android2-dev\edcast-android2-dev\buildsystem\resource\release-fanniemae-google-services.json
WARN 2022-11-09 11:56:46,391 - com.optimyth.qaking.rules.nodejs.model.NodeJSConfigurations: Cannot parse JSON file: D:\Repos\Edcast Repo 2022-23\edcast-android2-dev\edcast-android2-dev\buildsystem\resource\release-moneyversity-google-services.json
WARN 2022-11-09 11:56:46,399 - com.optimyth.qaking.rules.nodejs.model.NodeJSConfigurations: Cannot parse JSON file: D:\Repos\Edcast Repo 2022-23\edcast-android2-dev\edcast-android2-dev\buildsystem\resource\release-futureskillsprime-google-services.json
WARN 2022-11-09 11:56:46,442 - com.optimyth.qaking.rules.nodejs.model.NodeJSConfigurations: Cannot parse JSON file: D:\Repos\Edcast Repo 2022-23\edcast-android2-dev\edcast-android2-dev\buildsystem\resource\dev-google-service-account.json
WARN 2022-11-09 11:56:46,447 - com.optimyth.qaking.rules.nodejs.model.NodeJSConfigurations: Cannot parse JSON file: D:\Repos\Edcast Repo 2022-23\edcast-android2-dev\edcast-android2-dev\buildsystem\resource\release-diageo-google-services.json
WARN 2022-11-09 11:56:46,452 - com.optimyth.qaking.rules.nodejs.model.NodeJSConfigurations: Cannot parse JSON file: D:\Repos\Edcast Repo 2022-23\edcast-android2-dev\edcast-android2-dev\buildsystem\resource\release-google-service-account.json
WARN 2022-11-09 11:56:46,459 - com.optimyth.qaking.rules.nodejs.model.NodeJSConfigurations: Cannot parse JSON file: D:\Repos\Edcast Repo 2022-23\edcast-android2-dev\edcast-android2-dev\buildsystem\resource\release-vmware-google-services.json
WARN 2022-11-09 11:56:46,474 - com.optimyth.qaking.rules.nodejs.model.NodeJSConfigurations: Cannot parse JSON file: D:\Repos\Edcast Repo 2022-23\edcast-android2-dev\edcast-android2-dev\buildsystem\resource\release-abg-google-services.json
WARN 2022-11-09 11:56:46,480 - com.optimyth.qaking.rules.nodejs.model.NodeJSConfigurations: Cannot parse JSON file: D:\Repos\Edcast Repo 2022-23\edcast-android2-dev\edcast-android2-dev\buildsystem\resource\release-takeda-google-services.json
WARN 2022-11-09 11:56:46,485 - com.optimyth.qaking.rules.nodejs.model.NodeJSConfigurations: Cannot parse JSON file: D:\Repos\Edcast Repo 2022-23\edcast-android2-dev\edcast-android2-dev\buildsystem\resource\dev-google-services.json
WARN 2022-11-09 11:56:46,499 - com.optimyth.qaking.rules.nodejs.model.NodeJSConfigurations: Cannot parse JSON file: D:\Repos\Edcast Repo 2022-23\edcast-android2-dev\edcast-android2-dev\buildsystem\resource\dev-edcast-white-label-google-services.json
WARN 2022-11-09 11:56:46,507 - com.optimyth.qaking.rules.nodejs.model.NodeJSConfigurations: Cannot parse JSON file: D:\Repos\Edcast Repo 2022-23\edcast-android2-dev\edcast-android2-dev\buildsystem\resource\release-adaptandrise-google-services.json
WARN 2022-11-09 11:56:46,525 - com.optimyth.qaking.rules.nodejs.model.NodeJSConfigurations: Cannot parse JSON file: D:\Repos\Edcast Repo 2022-23\edcast-android2-dev\edcast-android2-dev\buildsystem\resource\release-schwab-google-services.json
WARN 2022-11-09 11:56:46,532 - com.optimyth.qaking.rules.nodejs.model.NodeJSConfigurations: Cannot parse JSON file: D:\Repos\Edcast Repo 2022-23\edcast-android2-dev\edcast-android2-dev\buildsystem\resource\release-christushealth-google-services.json
WARN 2022-11-09 11:56:46,540 - com.optimyth.qaking.rules.nodejs.model.NodeJSConfigurations: Cannot parse JSON file: D:\Repos\Edcast Repo 2022-23\edcast-android2-dev\edcast-android2-dev\buildsystem\resource\release-spark-google-services.json
WARN 2022-11-09 11:56:46,551 - com.optimyth.qaking.rules.nodejs.model.NodeJSConfigurations: Cannot parse JSON file: D:\Repos\Edcast Repo 2022-23\edcast-android2-dev\edcast-android2-dev\buildsystem\applinks\production\futureskillsprime\assetlinks.json
WARN 2022-11-09 11:56:46,570 - com.optimyth.qaking.rules.nodejs.model.NodeJSConfigurations: Cannot parse JSON file: D:\Repos\Edcast Repo 2022-23\edcast-android2-dev\edcast-android2-dev\buildsystem\resource\release-google-services.json
WARN 2022-11-09 11:56:46,577 - com.optimyth.qaking.rules.nodejs.model.NodeJSConfigurations: Cannot parse JSON file: D:\Repos\Edcast Repo 2022-23\edcast-android2-dev\edcast-android2-dev\buildsystem\resource\release-necole-google-services.json
WARN 2022-11-09 11:56:46,604 - com.optimyth.qaking.rules.nodejs.model.NodeJSConfigurations: Cannot parse JSON file: D:\Repos\Edcast Repo 2022-23\edcast-android2-dev\edcast-android2-dev\buildsystem\resource\release-edcast-preview-google-services.json
WARN 2022-11-09 11:56:46,610 - com.optimyth.qaking.rules.nodejs.model.NodeJSConfigurations: Cannot parse JSON file: D:\Repos\Edcast Repo 2022-23\edcast-android2-dev\edcast-android2-dev\buildsystem\resource\release-deloitte-google-services.json
WARN 2022-11-09 11:56:46,628 - com.optimyth.qaking.rules.nodejs.model.NodeJSConfigurations: Cannot parse JSON file: D:\Repos\Edcast Repo 2022-23\edcast-android2-dev\edcast-android2-dev\buildsystem\resource\release-nse-google-services.json
WARN 2022-11-09 11:56:46,629 - com.optimyth.qaking.rules.nodejs.model.NodeJSConfigurations: Cannot parse JSON file: D:\Repos\Edcast Repo 2022-23\edcast-android2-dev\edcast-android2-dev\buildsystem\resource\release-wiseup-google-services.json
WARN 2022-11-09 11:56:46,678 - com.optimyth.qaking.rules.nodejs.model.NodeJSConfigurations: Cannot parse JSON file: D:\Repos\Edcast Repo 2022-23\edcast-android2-dev\edcast-android2-dev\buildsystem\resource\release-futureskillsnasscom-google-services.json
WARN 2022-11-09 11:56:46,679 - com.optimyth.qaking.rules.nodejs.model.NodeJSConfigurations: Cannot parse JSON file: D:\Repos\Edcast Repo 2022-23\edcast-android2-dev\edcast-android2-dev\buildsystem\resource\release-gea-google-services.json
WARN 2022-11-09 11:56:46,688 - com.optimyth.qaking.rules.nodejs.model.NodeJSConfigurations: Cannot parse JSON file: D:\Repos\Edcast Repo 2022-23\edcast-android2-dev\edcast-android2-dev\buildsystem\resource\release-mlhc-google-services.json
WARN 2022-11-09 11:56:46,689 - com.optimyth.qaking.rules.nodejs.model.NodeJSConfigurations: Cannot parse JSON file: D:\Repos\Edcast Repo 2022-23\edcast-android2-dev\edcast-android2-dev\buildsystem\resource\release-swissre-google-services.json
