INFO 2022-11-09 11:53:42,926 - com.optimyth.qaking.codeanalysis.metadata.model.LibrariesResolver: Metadata libraries FACTORY directory added = D:\Software\KiuwanLocalAnalyzer\libraries
INFO 2022-11-09 11:53:42,928 - com.optimyth.qaking.codeanalysis.metadata.model.LibrariesResolver: Metadata libraries resolver found 1 directories to inspect: [D:\Software\KiuwanLocalAnalyzer\libraries]
INFO 2022-11-09 11:53:53,551 - com.optimyth.qaking.codeanalysis.tainting.TaintingAnalyzer: Sink in dead-code. Ignored:
INFO 2022-11-09 11:53:53,553 - com.optimyth.qaking.codeanalysis.tainting.TaintingAnalyzer: edcast-android2-dev/data/src/main/java/com/edcast/data/cloud/impl/EdCastCloudImpl.java, line 4429 [sink (http_parameter_pollution [0])] (locationURL)
INFO 2022-11-09 11:53:53,553 - com.optimyth.qaking.codeanalysis.tainting.TaintingAnalyzer: Sink in dead-code. Ignored:
INFO 2022-11-09 11:53:53,554 - com.optimyth.qaking.codeanalysis.tainting.TaintingAnalyzer: edcast-android2-dev/data/src/main/java/com/edcast/data/cloud/impl/EdCastCloudImpl.java, line 4429 [sink (ssrf [0])] (locationURL)
INFO 2022-11-09 11:53:56,801 - com.optimyth.qaking.codeanalysis.tainting.TaintingAnalyzer: Sink in dead-code. Ignored:
INFO 2022-11-09 11:53:56,801 - com.optimyth.qaking.codeanalysis.tainting.TaintingAnalyzer: edcast-android2-dev/data/src/main/java/com/edcast/data/database/impl/SQLiteDatabaseImpl.java, line 3457 [sink (json_injection:other [0])] .fromJson
INFO 2022-11-09 11:53:56,891 - com.optimyth.qaking.codeanalysis.tainting.TaintingAnalyzer: In block containing sink at SQLiteDatabaseImpl.java line 4,225, complexity (ccn=29) is below its limit but high enough to lead to poor performance
INFO 2022-11-09 11:53:56,892 - com.optimyth.qaking.codeanalysis.tainting.TaintingAnalyzer: In block containing sink at SQLiteDatabaseImpl.java line 4,234, complexity (ccn=29) is below its limit but high enough to lead to poor performance
INFO 2022-11-09 11:53:56,925 - com.optimyth.qaking.codeanalysis.tainting.TaintingAnalyzer: In block containing sink at SQLiteDatabaseImpl.java line 4,367, complexity (ccn=30) is below its limit but high enough to lead to poor performance
INFO 2022-11-09 11:53:56,925 - com.optimyth.qaking.codeanalysis.tainting.TaintingAnalyzer: In block containing sink at SQLiteDatabaseImpl.java line 4,376, complexity (ccn=30) is below its limit but high enough to lead to poor performance
INFO 2022-11-09 11:53:57,054 - com.optimyth.qaking.codeanalysis.tainting.TaintingAnalyzer: Sink in dead-code. Ignored:
INFO 2022-11-09 11:53:57,054 - com.optimyth.qaking.codeanalysis.tainting.TaintingAnalyzer: edcast-android2-dev/data/src/main/java/com/edcast/data/database/impl/SQLiteDatabaseImpl.java, line 6189 [sink (json_injection:other [0])] .fromJson
INFO 2022-11-09 11:53:57,058 - com.optimyth.qaking.codeanalysis.tainting.TaintingAnalyzer: Sink in dead-code. Ignored:
INFO 2022-11-09 11:53:57,058 - com.optimyth.qaking.codeanalysis.tainting.TaintingAnalyzer: edcast-android2-dev/data/src/main/java/com/edcast/data/database/impl/SQLiteDatabaseImpl.java, line 6189 [sink (json_injection:other [0])] .fromJson
INFO 2022-11-09 11:53:57,060 - com.optimyth.qaking.codeanalysis.tainting.TaintingAnalyzer: Sink in dead-code. Ignored:
INFO 2022-11-09 11:53:57,060 - com.optimyth.qaking.codeanalysis.tainting.TaintingAnalyzer: edcast-android2-dev/data/src/main/java/com/edcast/data/database/impl/SQLiteDatabaseImpl.java, line 6189 [sink (json_injection:other [0])] .fromJson
INFO 2022-11-09 11:53:59,040 - com.optimyth.qaking.codeanalysis.tainting.AbstractNeutralizationPropagation: Too complex control flow (ccn=37) in block containing neutralization [neutralization (string [-1])], line 240, at OrganizationEntityDataMapper.java line 240. Using direct navigation as fallback.
INFO 2022-11-09 11:53:59,041 - com.optimyth.qaking.codeanalysis.tainting.AbstractNeutralizationPropagation: Too complex control flow (ccn=37) in block containing neutralization [neutralization (string [-1])], line 244, at OrganizationEntityDataMapper.java line 244. Using direct navigation as fallback.
INFO 2022-11-09 11:53:59,041 - com.optimyth.qaking.codeanalysis.tainting.AbstractNeutralizationPropagation: Too complex control flow (ccn=37) in block containing neutralization [neutralization (string [-1])], line 248, at OrganizationEntityDataMapper.java line 248. Using direct navigation as fallback.
INFO 2022-11-09 11:53:59,042 - com.optimyth.qaking.codeanalysis.tainting.AbstractNeutralizationPropagation: Too complex control flow (ccn=37) in block containing neutralization [neutralization (string [-1])], line 252, at OrganizationEntityDataMapper.java line 252. Using direct navigation as fallback.
INFO 2022-11-09 11:53:59,042 - com.optimyth.qaking.codeanalysis.tainting.AbstractNeutralizationPropagation: Too complex control flow (ccn=37) in block containing neutralization [neutralization (string [-1])], line 297, at OrganizationEntityDataMapper.java line 297. Using direct navigation as fallback.
INFO 2022-11-09 11:53:59,042 - com.optimyth.qaking.codeanalysis.tainting.AbstractNeutralizationPropagation: Too complex control flow (ccn=37) in block containing neutralization [neutralization (string [-1])], line 299, at OrganizationEntityDataMapper.java line 299. Using direct navigation as fallback.
INFO 2022-11-09 11:53:59,043 - com.optimyth.qaking.codeanalysis.tainting.AbstractNeutralizationPropagation: Too complex control flow (ccn=37) in block containing neutralization [neutralization (string [-1])], line 301, at OrganizationEntityDataMapper.java line 301. Using direct navigation as fallback.
INFO 2022-11-09 11:54:00,107 - com.optimyth.qaking.codeanalysis.tainting.AbstractNeutralizationPropagation: Too complex control flow (ccn=37) in block containing neutralization [neutralization (string [-1])], line 240, at OrganizationEntityDataMapper.java line 240. Using direct navigation as fallback.
INFO 2022-11-09 11:54:00,108 - com.optimyth.qaking.codeanalysis.tainting.AbstractNeutralizationPropagation: Too complex control flow (ccn=37) in block containing neutralization [neutralization (string [-1])], line 244, at OrganizationEntityDataMapper.java line 244. Using direct navigation as fallback.
INFO 2022-11-09 11:54:00,108 - com.optimyth.qaking.codeanalysis.tainting.AbstractNeutralizationPropagation: Too complex control flow (ccn=37) in block containing neutralization [neutralization (string [-1])], line 248, at OrganizationEntityDataMapper.java line 248. Using direct navigation as fallback.
INFO 2022-11-09 11:54:00,109 - com.optimyth.qaking.codeanalysis.tainting.AbstractNeutralizationPropagation: Too complex control flow (ccn=37) in block containing neutralization [neutralization (string [-1])], line 252, at OrganizationEntityDataMapper.java line 252. Using direct navigation as fallback.
INFO 2022-11-09 11:54:00,109 - com.optimyth.qaking.codeanalysis.tainting.AbstractNeutralizationPropagation: Too complex control flow (ccn=37) in block containing neutralization [neutralization (string [-1])], line 297, at OrganizationEntityDataMapper.java line 297. Using direct navigation as fallback.
INFO 2022-11-09 11:54:00,109 - com.optimyth.qaking.codeanalysis.tainting.AbstractNeutralizationPropagation: Too complex control flow (ccn=37) in block containing neutralization [neutralization (string [-1])], line 299, at OrganizationEntityDataMapper.java line 299. Using direct navigation as fallback.
INFO 2022-11-09 11:54:00,109 - com.optimyth.qaking.codeanalysis.tainting.AbstractNeutralizationPropagation: Too complex control flow (ccn=37) in block containing neutralization [neutralization (string [-1])], line 301, at OrganizationEntityDataMapper.java line 301. Using direct navigation as fallback.
INFO 2022-11-09 11:54:00,521 - com.optimyth.qaking.codeanalysis.tainting.TaintingAnalyzer: In block containing sink at CustomHttpLoggingInterceptor.java line 171, complexity (ccn=26) is below its limit but high enough to lead to poor performance
INFO 2022-11-09 11:54:03,094 - com.optimyth.qaking.codeanalysis.tainting.TaintingAnalyzer: Sink in dead-code. Ignored:
INFO 2022-11-09 11:54:03,094 - com.optimyth.qaking.codeanalysis.tainting.TaintingAnalyzer: edcast-android2-dev/presentation/src/main/java/com/edcast/DiagnosisLoggingTree.java, line 166 [sink (canonicalization:filesystem [0, 1])] new File(mContext.getFilesDir(), fileName)
INFO 2022-11-09 11:54:03,094 - com.optimyth.qaking.codeanalysis.tainting.TaintingAnalyzer: Sink in dead-code. Ignored:
INFO 2022-11-09 11:54:03,094 - com.optimyth.qaking.codeanalysis.tainting.TaintingAnalyzer: edcast-android2-dev/presentation/src/main/java/com/edcast/DiagnosisLoggingTree.java, line 166 [sink (path_traversal:filesystem [0, 1])] new File(mContext.getFilesDir(), fileName)
INFO 2022-11-09 11:54:03,094 - com.optimyth.qaking.codeanalysis.tainting.TaintingAnalyzer: Sink in dead-code. Ignored:
INFO 2022-11-09 11:54:03,095 - com.optimyth.qaking.codeanalysis.tainting.TaintingAnalyzer: edcast-android2-dev/presentation/src/main/java/com/edcast/DiagnosisLoggingTree.java, line 172 [sink (intent_manipulation [0, 1])] (contentUri, type)
INFO 2022-11-09 11:54:16,562 - com.optimyth.qaking.codeanalysis.tainting.AbstractNeutralizationPropagation: In block containing neutralization at DialogBuilderUtil.java line 383, complexity (ccn=32) is below its limit but high enough to lead to poor performance
INFO 2022-11-09 11:54:16,602 - com.optimyth.qaking.codeanalysis.tainting.AbstractNeutralizationPropagation: In block containing neutralization at DialogBuilderUtil.java line 383, complexity (ccn=32) is below its limit but high enough to lead to poor performance
INFO 2022-11-09 11:54:16,647 - com.optimyth.qaking.codeanalysis.tainting.TaintingAnalyzer: In block containing sink at DialogBuilderUtil.java line 431, complexity (ccn=32) is below its limit but high enough to lead to poor performance
INFO 2022-11-09 11:54:16,677 - com.optimyth.qaking.codeanalysis.tainting.TaintingAnalyzer: In block containing sink at DialogBuilderUtil.java line 438, complexity (ccn=32) is below its limit but high enough to lead to poor performance
INFO 2022-11-09 11:54:19,058 - com.optimyth.qaking.codeanalysis.tainting.TaintingAnalyzer: Sink in dead-code. Ignored:
INFO 2022-11-09 11:54:19,059 - com.optimyth.qaking.codeanalysis.tainting.TaintingAnalyzer: edcast-android2-dev/presentation/src/main/java/com/edcast/util/PYPUtil.java, line 101 [sink (canonicalization:filesystem [0])] new FileInputStream(file)
INFO 2022-11-09 11:54:19,059 - com.optimyth.qaking.codeanalysis.tainting.TaintingAnalyzer: Sink in dead-code. Ignored:
INFO 2022-11-09 11:54:19,059 - com.optimyth.qaking.codeanalysis.tainting.TaintingAnalyzer: edcast-android2-dev/presentation/src/main/java/com/edcast/util/PYPUtil.java, line 101 [sink (path_traversal:filesystem [0])] new FileInputStream(file)
INFO 2022-11-09 11:54:19,066 - com.optimyth.qaking.codeanalysis.tainting.TaintingAnalyzer: Sink in dead-code. Ignored:
INFO 2022-11-09 11:54:19,066 - com.optimyth.qaking.codeanalysis.tainting.TaintingAnalyzer: edcast-android2-dev/presentation/src/main/java/com/edcast/util/PYPUtil.java, line 181 [sink (path_traversal:filesystem [0])] new File(videoFilePath)
INFO 2022-11-09 11:54:23,721 - com.optimyth.qaking.codeanalysis.tainting.AbstractNeutralizationPropagation: In block containing neutralization at YouTubeExtractor.java line 442, complexity (ccn=26) is below its limit but high enough to lead to poor performance
INFO 2022-11-09 11:54:23,768 - com.optimyth.qaking.codeanalysis.tainting.AbstractNeutralizationPropagation: In block containing neutralization at YouTubeExtractor.java line 448, complexity (ccn=26) is below its limit but high enough to lead to poor performance
INFO 2022-11-09 11:54:23,814 - com.optimyth.qaking.codeanalysis.tainting.AbstractNeutralizationPropagation: In block containing neutralization at YouTubeExtractor.java line 451, complexity (ccn=26) is below its limit but high enough to lead to poor performance
INFO 2022-11-09 11:54:23,849 - com.optimyth.qaking.codeanalysis.tainting.TaintingAnalyzer: In block containing sink at YouTubeExtractor.java line 420, complexity (ccn=26) is below its limit but high enough to lead to poor performance
INFO 2022-11-09 11:54:23,850 - com.optimyth.qaking.codeanalysis.tainting.TaintingAnalyzer: In block containing sink at YouTubeExtractor.java line 420, complexity (ccn=26) is below its limit but high enough to lead to poor performance
INFO 2022-11-09 11:54:23,852 - com.optimyth.qaking.codeanalysis.tainting.AbstractNeutralizationPropagation: Too complex control flow (ccn=33) in block containing neutralization [neutralization (header_manipulation:web [0])], line 209, at YouTubeExtractor.java line 209. Using direct navigation as fallback.
INFO 2022-11-09 11:54:23,853 - com.optimyth.qaking.codeanalysis.tainting.AbstractNeutralizationPropagation: Too complex control flow (ccn=33) in block containing neutralization [neutralization (http_parameter_pollution:web [0])], line 209, at YouTubeExtractor.java line 209. Using direct navigation as fallback.
INFO 2022-11-09 11:54:23,853 - com.optimyth.qaking.codeanalysis.tainting.AbstractNeutralizationPropagation: Too complex control flow (ccn=33) in block containing neutralization [neutralization (xss:web [0])], line 209, at YouTubeExtractor.java line 209. Using direct navigation as fallback.
INFO 2022-11-09 11:54:23,854 - com.optimyth.qaking.codeanalysis.tainting.AbstractNeutralizationPropagation: Too complex control flow (ccn=33) in block containing neutralization [neutralization (string [-1])], line 229, at YouTubeExtractor.java line 229. Using direct navigation as fallback.
INFO 2022-11-09 11:54:23,856 - com.optimyth.qaking.codeanalysis.tainting.AbstractNeutralizationPropagation: Too complex control flow (ccn=33) in block containing neutralization [neutralization (http_parameter_pollution [-2])], line 246, at YouTubeExtractor.java line 246. Using direct navigation as fallback.
INFO 2022-11-09 11:54:23,857 - com.optimyth.qaking.codeanalysis.tainting.AbstractNeutralizationPropagation: Too complex control flow (ccn=33) in block containing neutralization [neutralization (ssrf [-2])], line 246, at YouTubeExtractor.java line 246. Using direct navigation as fallback.
INFO 2022-11-09 11:54:23,857 - com.optimyth.qaking.codeanalysis.tainting.AbstractNeutralizationPropagation: Too complex control flow (ccn=33) in block containing neutralization [neutralization (http_parameter_pollution [-2])], line 246, at YouTubeExtractor.java line 246. Using direct navigation as fallback.
INFO 2022-11-09 11:54:23,857 - com.optimyth.qaking.codeanalysis.tainting.AbstractNeutralizationPropagation: Too complex control flow (ccn=33) in block containing neutralization [neutralization (ssrf [-2])], line 246, at YouTubeExtractor.java line 246. Using direct navigation as fallback.
INFO 2022-11-09 11:54:23,859 - com.optimyth.qaking.codeanalysis.tainting.AbstractNeutralizationPropagation: Too complex control flow (ccn=33) in block containing neutralization [neutralization (string [-1])], line 296, at YouTubeExtractor.java line 296. Using direct navigation as fallback.
INFO 2022-11-09 11:54:23,860 - com.optimyth.qaking.codeanalysis.tainting.AbstractNeutralizationPropagation: Too complex control flow (ccn=33) in block containing neutralization [neutralization (string [-2])], line 307, at YouTubeExtractor.java line 307. Using direct navigation as fallback.
INFO 2022-11-09 11:54:23,860 - com.optimyth.qaking.codeanalysis.tainting.AbstractNeutralizationPropagation: Too complex control flow (ccn=33) in block containing neutralization [neutralization (string [-2])], line 331, at YouTubeExtractor.java line 331. Using direct navigation as fallback.
INFO 2022-11-09 11:54:23,861 - com.optimyth.qaking.codeanalysis.tainting.AbstractNeutralizationPropagation: Too complex control flow (ccn=33) in block containing neutralization [neutralization (string [-2])], line 334, at YouTubeExtractor.java line 334. Using direct navigation as fallback.
INFO 2022-11-09 11:54:23,878 - com.optimyth.qaking.codeanalysis.tainting.TaintingAnalyzer: In block containing sink at YouTubeExtractor.java line 420, complexity (ccn=26) is below its limit but high enough to lead to poor performance
INFO 2022-11-09 11:54:23,878 - com.optimyth.qaking.codeanalysis.tainting.TaintingAnalyzer: In block containing sink at YouTubeExtractor.java line 420, complexity (ccn=26) is below its limit but high enough to lead to poor performance
INFO 2022-11-09 11:54:23,880 - com.optimyth.qaking.codeanalysis.tainting.TaintingAnalyzer: Too complex control flow (ccn=33) in block containing sink, at YouTubeExtractor.java line 213. Using direct navigation as fallback.
INFO 2022-11-09 11:54:23,881 - com.optimyth.qaking.codeanalysis.tainting.TaintingAnalyzer: Too complex control flow (ccn=33) in block containing sink, at YouTubeExtractor.java line 213. Using direct navigation as fallback.
INFO 2022-11-09 11:54:23,882 - com.optimyth.qaking.codeanalysis.tainting.TaintingAnalyzer: Too complex control flow (ccn=33) in block containing sink, at YouTubeExtractor.java line 239. Using direct navigation as fallback.
INFO 2022-11-09 11:54:23,882 - com.optimyth.qaking.codeanalysis.tainting.TaintingAnalyzer: Too complex control flow (ccn=33) in block containing sink, at YouTubeExtractor.java line 239. Using direct navigation as fallback.
INFO 2022-11-09 11:54:23,883 - com.optimyth.qaking.codeanalysis.tainting.TaintingAnalyzer: Too complex control flow (ccn=33) in block containing sink, at YouTubeExtractor.java line 287. Using direct navigation as fallback.
INFO 2022-11-09 11:54:23,884 - com.optimyth.qaking.codeanalysis.tainting.TaintingAnalyzer: Too complex control flow (ccn=33) in block containing sink, at YouTubeExtractor.java line 287. Using direct navigation as fallback.
INFO 2022-11-09 11:54:23,905 - com.optimyth.qaking.codeanalysis.tainting.TaintingAnalyzer: Too complex control flow (ccn=33) in block containing sink, at YouTubeExtractor.java line 213. Using direct navigation as fallback.
INFO 2022-11-09 11:54:23,905 - com.optimyth.qaking.codeanalysis.tainting.TaintingAnalyzer: Too complex control flow (ccn=33) in block containing sink, at YouTubeExtractor.java line 213. Using direct navigation as fallback.
INFO 2022-11-09 11:54:23,906 - com.optimyth.qaking.codeanalysis.tainting.TaintingAnalyzer: Too complex control flow (ccn=33) in block containing sink, at YouTubeExtractor.java line 239. Using direct navigation as fallback.
INFO 2022-11-09 11:54:23,906 - com.optimyth.qaking.codeanalysis.tainting.TaintingAnalyzer: Too complex control flow (ccn=33) in block containing sink, at YouTubeExtractor.java line 239. Using direct navigation as fallback.
INFO 2022-11-09 11:54:23,907 - com.optimyth.qaking.codeanalysis.tainting.TaintingAnalyzer: Too complex control flow (ccn=33) in block containing sink, at YouTubeExtractor.java line 287. Using direct navigation as fallback.
INFO 2022-11-09 11:54:23,908 - com.optimyth.qaking.codeanalysis.tainting.TaintingAnalyzer: Too complex control flow (ccn=33) in block containing sink, at YouTubeExtractor.java line 287. Using direct navigation as fallback.
INFO 2022-11-09 11:54:23,929 - com.optimyth.qaking.codeanalysis.tainting.TaintingAnalyzer: Too complex control flow (ccn=33) in block containing sink, at YouTubeExtractor.java line 213. Using direct navigation as fallback.
INFO 2022-11-09 11:54:23,930 - com.optimyth.qaking.codeanalysis.tainting.TaintingAnalyzer: Too complex control flow (ccn=33) in block containing sink, at YouTubeExtractor.java line 213. Using direct navigation as fallback.
INFO 2022-11-09 11:54:23,931 - com.optimyth.qaking.codeanalysis.tainting.TaintingAnalyzer: Too complex control flow (ccn=33) in block containing sink, at YouTubeExtractor.java line 239. Using direct navigation as fallback.
INFO 2022-11-09 11:54:23,932 - com.optimyth.qaking.codeanalysis.tainting.TaintingAnalyzer: Too complex control flow (ccn=33) in block containing sink, at YouTubeExtractor.java line 239. Using direct navigation as fallback.
INFO 2022-11-09 11:54:23,957 - com.optimyth.qaking.codeanalysis.tainting.TaintingAnalyzer: Too complex control flow (ccn=33) in block containing sink, at YouTubeExtractor.java line 287. Using direct navigation as fallback.
INFO 2022-11-09 11:54:23,958 - com.optimyth.qaking.codeanalysis.tainting.TaintingAnalyzer: Too complex control flow (ccn=33) in block containing sink, at YouTubeExtractor.java line 287. Using direct navigation as fallback.
INFO 2022-11-09 11:54:23,966 - com.optimyth.qaking.codeanalysis.tainting.TaintingAnalyzer: In block containing sink at YouTubeExtractor.java line 420, complexity (ccn=26) is below its limit but high enough to lead to poor performance
INFO 2022-11-09 11:54:23,967 - com.optimyth.qaking.codeanalysis.tainting.TaintingAnalyzer: In block containing sink at YouTubeExtractor.java line 420, complexity (ccn=26) is below its limit but high enough to lead to poor performance
INFO 2022-11-09 11:54:30,682 - com.optimyth.qaking.codeanalysis.tainting.TaintingAnalyzer: Sink in dead-code. Ignored:
INFO 2022-11-09 11:54:30,682 - com.optimyth.qaking.codeanalysis.tainting.TaintingAnalyzer: edcast-android2-dev/data/src/main/java/com/edcast/data/cloud/impl/EdCastCloudImpl.java, line 4429 [sink (http_parameter_pollution [0])] (locationURL)
INFO 2022-11-09 11:54:34,066 - com.optimyth.qaking.codeanalysis.tainting.TaintingAnalyzer: Sink in dead-code. Ignored:
INFO 2022-11-09 11:54:34,066 - com.optimyth.qaking.codeanalysis.tainting.TaintingAnalyzer: edcast-android2-dev/data/src/main/java/com/edcast/data/cloud/impl/EdCastCloudImpl.java, line 4429 [sink (ssrf [0])] (locationURL)
INFO 2022-11-09 11:54:39,575 - com.optimyth.qaking.codeanalysis.tainting.TaintingAnalyzer: Sink in dead-code. Ignored:
INFO 2022-11-09 11:54:39,575 - com.optimyth.qaking.codeanalysis.tainting.TaintingAnalyzer: edcast-android2-dev/data/src/main/java/com/edcast/data/database/impl/SQLiteDatabaseImpl.java, line 3457 [sink (json_injection:other [0])] .fromJson
INFO 2022-11-09 11:54:39,586 - com.optimyth.qaking.codeanalysis.tainting.TaintingAnalyzer: In block containing sink at SQLiteDatabaseImpl.java line 4,225, complexity (ccn=29) is below its limit but high enough to lead to poor performance
INFO 2022-11-09 11:54:39,588 - com.optimyth.qaking.codeanalysis.tainting.TaintingAnalyzer: In block containing sink at SQLiteDatabaseImpl.java line 4,234, complexity (ccn=29) is below its limit but high enough to lead to poor performance
INFO 2022-11-09 11:54:39,597 - com.optimyth.qaking.codeanalysis.tainting.TaintingAnalyzer: In block containing sink at SQLiteDatabaseImpl.java line 4,367, complexity (ccn=30) is below its limit but high enough to lead to poor performance
INFO 2022-11-09 11:54:39,600 - com.optimyth.qaking.codeanalysis.tainting.TaintingAnalyzer: In block containing sink at SQLiteDatabaseImpl.java line 4,376, complexity (ccn=30) is below its limit but high enough to lead to poor performance
INFO 2022-11-09 11:54:39,635 - com.optimyth.qaking.codeanalysis.tainting.TaintingAnalyzer: Sink in dead-code. Ignored:
INFO 2022-11-09 11:54:39,635 - com.optimyth.qaking.codeanalysis.tainting.TaintingAnalyzer: edcast-android2-dev/data/src/main/java/com/edcast/data/database/impl/SQLiteDatabaseImpl.java, line 6189 [sink (json_injection:other [0])] .fromJson
INFO 2022-11-09 11:54:39,636 - com.optimyth.qaking.codeanalysis.tainting.TaintingAnalyzer: Sink in dead-code. Ignored:
INFO 2022-11-09 11:54:39,636 - com.optimyth.qaking.codeanalysis.tainting.TaintingAnalyzer: edcast-android2-dev/data/src/main/java/com/edcast/data/database/impl/SQLiteDatabaseImpl.java, line 6189 [sink (json_injection:other [0])] .fromJson
INFO 2022-11-09 11:54:47,987 - com.optimyth.qaking.codeanalysis.tainting.AbstractNeutralizationPropagation: Too complex control flow (ccn=37) in block containing neutralization [neutralization (string [-1])], line 240, at OrganizationEntityDataMapper.java line 240. Using direct navigation as fallback.
INFO 2022-11-09 11:54:47,988 - com.optimyth.qaking.codeanalysis.tainting.AbstractNeutralizationPropagation: Too complex control flow (ccn=37) in block containing neutralization [neutralization (string [-1])], line 244, at OrganizationEntityDataMapper.java line 244. Using direct navigation as fallback.
INFO 2022-11-09 11:54:47,988 - com.optimyth.qaking.codeanalysis.tainting.AbstractNeutralizationPropagation: Too complex control flow (ccn=37) in block containing neutralization [neutralization (string [-1])], line 248, at OrganizationEntityDataMapper.java line 248. Using direct navigation as fallback.
INFO 2022-11-09 11:54:47,988 - com.optimyth.qaking.codeanalysis.tainting.AbstractNeutralizationPropagation: Too complex control flow (ccn=37) in block containing neutralization [neutralization (string [-1])], line 252, at OrganizationEntityDataMapper.java line 252. Using direct navigation as fallback.
INFO 2022-11-09 11:54:47,989 - com.optimyth.qaking.codeanalysis.tainting.AbstractNeutralizationPropagation: Too complex control flow (ccn=37) in block containing neutralization [neutralization (string [-1])], line 297, at OrganizationEntityDataMapper.java line 297. Using direct navigation as fallback.
INFO 2022-11-09 11:54:47,989 - com.optimyth.qaking.codeanalysis.tainting.AbstractNeutralizationPropagation: Too complex control flow (ccn=37) in block containing neutralization [neutralization (string [-1])], line 299, at OrganizationEntityDataMapper.java line 299. Using direct navigation as fallback.
INFO 2022-11-09 11:54:47,989 - com.optimyth.qaking.codeanalysis.tainting.AbstractNeutralizationPropagation: Too complex control flow (ccn=37) in block containing neutralization [neutralization (string [-1])], line 301, at OrganizationEntityDataMapper.java line 301. Using direct navigation as fallback.
INFO 2022-11-09 11:54:55,124 - com.optimyth.qaking.codeanalysis.tainting.TaintingAnalyzer: Sink in dead-code. Ignored:
INFO 2022-11-09 11:54:55,124 - com.optimyth.qaking.codeanalysis.tainting.TaintingAnalyzer: edcast-android2-dev/presentation/src/main/java/com/edcast/DiagnosisLoggingTree.java, line 163 [sink (intent_manipulation [0])] (activity, user)
INFO 2022-11-09 11:54:55,124 - com.optimyth.qaking.codeanalysis.tainting.TaintingAnalyzer: Sink in dead-code. Ignored:
INFO 2022-11-09 11:54:55,125 - com.optimyth.qaking.codeanalysis.tainting.TaintingAnalyzer: edcast-android2-dev/presentation/src/main/java/com/edcast/DiagnosisLoggingTree.java, line 172 [sink (intent_manipulation [0, 1])] (contentUri, type)
INFO 2022-11-09 11:54:55,153 - com.optimyth.qaking.codeanalysis.tainting.TaintingAnalyzer: Sink in dead-code. Ignored:
INFO 2022-11-09 11:54:55,153 - com.optimyth.qaking.codeanalysis.tainting.TaintingAnalyzer: edcast-android2-dev/presentation/src/main/java/com/edcast/DiagnosisLoggingTree.java, line 166 [sink (canonicalization:filesystem [0, 1])] new File(mContext.getFilesDir(), fileName)
INFO 2022-11-09 11:54:55,168 - com.optimyth.qaking.codeanalysis.tainting.TaintingAnalyzer: Sink in dead-code. Ignored:
INFO 2022-11-09 11:54:55,168 - com.optimyth.qaking.codeanalysis.tainting.TaintingAnalyzer: edcast-android2-dev/presentation/src/main/java/com/edcast/DiagnosisLoggingTree.java, line 166 [sink (path_traversal:filesystem [0, 1])] new File(mContext.getFilesDir(), fileName)
INFO 2022-11-09 11:54:55,194 - com.optimyth.qaking.codeanalysis.tainting.TaintingAnalyzer: Sink in dead-code. Ignored:
INFO 2022-11-09 11:54:55,194 - com.optimyth.qaking.codeanalysis.tainting.TaintingAnalyzer: edcast-android2-dev/presentation/src/main/java/com/edcast/DiagnosisLoggingTree.java, line 166 [sink (path_traversal:filesystem [0, 1])] new File(mContext.getFilesDir(), fileName)
INFO 2022-11-09 11:55:19,930 - com.optimyth.qaking.codeanalysis.tainting.AbstractNeutralizationPropagation: In block containing neutralization at DialogBuilderUtil.java line 383, complexity (ccn=32) is below its limit but high enough to lead to poor performance
INFO 2022-11-09 11:55:19,952 - com.optimyth.qaking.codeanalysis.tainting.AbstractNeutralizationPropagation: In block containing neutralization at DialogBuilderUtil.java line 383, complexity (ccn=32) is below its limit but high enough to lead to poor performance
INFO 2022-11-09 11:55:20,175 - com.optimyth.qaking.codeanalysis.tainting.TaintingAnalyzer: In block containing sink at DialogBuilderUtil.java line 431, complexity (ccn=32) is below its limit but high enough to lead to poor performance
INFO 2022-11-09 11:55:20,196 - com.optimyth.qaking.codeanalysis.tainting.TaintingAnalyzer: In block containing sink at DialogBuilderUtil.java line 438, complexity (ccn=32) is below its limit but high enough to lead to poor performance
INFO 2022-11-09 11:55:24,777 - com.optimyth.qaking.codeanalysis.tainting.TaintingAnalyzer: Sink in dead-code. Ignored:
INFO 2022-11-09 11:55:24,777 - com.optimyth.qaking.codeanalysis.tainting.TaintingAnalyzer: edcast-android2-dev/presentation/src/main/java/com/edcast/util/PYPUtil.java, line 101 [sink (canonicalization:filesystem [0])] new FileInputStream(file)
INFO 2022-11-09 11:55:24,782 - com.optimyth.qaking.codeanalysis.tainting.TaintingAnalyzer: Sink in dead-code. Ignored:
INFO 2022-11-09 11:55:24,782 - com.optimyth.qaking.codeanalysis.tainting.TaintingAnalyzer: edcast-android2-dev/presentation/src/main/java/com/edcast/util/PYPUtil.java, line 101 [sink (path_traversal:filesystem [0])] new FileInputStream(file)
INFO 2022-11-09 11:55:24,793 - com.optimyth.qaking.codeanalysis.tainting.TaintingAnalyzer: Sink in dead-code. Ignored:
INFO 2022-11-09 11:55:24,794 - com.optimyth.qaking.codeanalysis.tainting.TaintingAnalyzer: edcast-android2-dev/presentation/src/main/java/com/edcast/util/PYPUtil.java, line 181 [sink (path_traversal:filesystem [0])] new File(videoFilePath)
INFO 2022-11-09 11:55:24,813 - com.optimyth.qaking.codeanalysis.tainting.TaintingAnalyzer: Sink in dead-code. Ignored:
INFO 2022-11-09 11:55:24,813 - com.optimyth.qaking.codeanalysis.tainting.TaintingAnalyzer: edcast-android2-dev/presentation/src/main/java/com/edcast/util/PYPUtil.java, line 101 [sink (path_traversal:filesystem [0])] new FileInputStream(file)
INFO 2022-11-09 11:55:24,817 - com.optimyth.qaking.codeanalysis.tainting.TaintingAnalyzer: Sink in dead-code. Ignored:
INFO 2022-11-09 11:55:24,817 - com.optimyth.qaking.codeanalysis.tainting.TaintingAnalyzer: edcast-android2-dev/presentation/src/main/java/com/edcast/util/PYPUtil.java, line 181 [sink (path_traversal:filesystem [0])] new File(videoFilePath)
INFO 2022-11-09 11:55:28,630 - com.optimyth.qaking.codeanalysis.redos.RegexNfaAnalyzer$AnalysisRunner: Error analyzing regular expression: (^<(${1})\\b(.*\\n)*?</\\2>[ ]*(?=\\n+|\\Z))
regexcompiler.UnimplementedFunctionalityException: Anchor at invalid position: ^ at 1
	at regexcompiler.MyPattern$Parser.parseRegex(MyPattern.java:561)
	at regexcompiler.MyPattern$Parser.parse(MyPattern.java:546)
	at regexcompiler.MyPattern$Parser.parseFactor(MyPattern.java:669)
	at regexcompiler.MyPattern$Parser.parseTerm(MyPattern.java:598)
	at regexcompiler.MyPattern$Parser.parseRegex(MyPattern.java:564)
	at regexcompiler.MyPattern$Parser.parse(MyPattern.java:546)
	at regexcompiler.MyPattern.toNFAGraph(MyPattern.java:86)
	at com.optimyth.qaking.codeanalysis.redos.RegexNfaAnalyzer$AnalysisRunner.run(RegexNfaAnalyzer.java:225)
	at java.util.concurrent.Executors$RunnableAdapter.call(Unknown Source)
	at java.util.concurrent.FutureTask.run(Unknown Source)
	at java.util.concurrent.ThreadPoolExecutor.runWorker(Unknown Source)
	at java.util.concurrent.ThreadPoolExecutor$Worker.run(Unknown Source)
	at java.lang.Thread.run(Unknown Source)
INFO 2022-11-09 11:55:28,667 - com.optimyth.qaking.codeanalysis.redos.RegexNfaAnalyzer$AnalysisRunner: Error analyzing regular expression: (^<(null)\\b(.*\\n)*?.*</\\2>[ ]*(?=\\n+|\\Z))
regexcompiler.UnimplementedFunctionalityException: Anchor at invalid position: ^ at 1
	at regexcompiler.MyPattern$Parser.parseRegex(MyPattern.java:561)
	at regexcompiler.MyPattern$Parser.parse(MyPattern.java:546)
	at regexcompiler.MyPattern$Parser.parseFactor(MyPattern.java:669)
	at regexcompiler.MyPattern$Parser.parseTerm(MyPattern.java:598)
	at regexcompiler.MyPattern$Parser.parseRegex(MyPattern.java:564)
	at regexcompiler.MyPattern$Parser.parse(MyPattern.java:546)
	at regexcompiler.MyPattern.toNFAGraph(MyPattern.java:86)
	at com.optimyth.qaking.codeanalysis.redos.RegexNfaAnalyzer$AnalysisRunner.run(RegexNfaAnalyzer.java:225)
	at java.util.concurrent.Executors$RunnableAdapter.call(Unknown Source)
	at java.util.concurrent.FutureTask.run(Unknown Source)
	at java.util.concurrent.ThreadPoolExecutor.runWorker(Unknown Source)
	at java.util.concurrent.ThreadPoolExecutor$Worker.run(Unknown Source)
	at java.lang.Thread.run(Unknown Source)
INFO 2022-11-09 11:55:28,669 - com.optimyth.qaking.codeanalysis.redos.RegexNfaAnalyzer$AnalysisRunner: Error analyzing regular expression: (?:(?<=\\n\\n)|\\A\\n?)([ ]{0,null}<(hr)\\b([^<>])*?/?>[ ]*(?=\\n{2,}|\\Z))
java.lang.UnsupportedOperationException: Positive Look behind symbols not supported
	at regexcompiler.ParseTreeToNFAConverter.dfsBuild(ParseTreeToNFAConverter.java:186)
	at regexcompiler.ParseTreeToNFAConverter.dfsBuild(ParseTreeToNFAConverter.java:105)
	at regexcompiler.ParseTreeToNFAConverter.dfsBuild(ParseTreeToNFAConverter.java:158)
	at regexcompiler.ParseTreeToNFAConverter.dfsBuild(ParseTreeToNFAConverter.java:113)
	at regexcompiler.ParseTreeToNFAConverter.convertParseTree(ParseTreeToNFAConverter.java:58)
	at regexcompiler.MyPattern.toNFAGraph(MyPattern.java:99)
	at com.optimyth.qaking.codeanalysis.redos.RegexNfaAnalyzer$AnalysisRunner.run(RegexNfaAnalyzer.java:225)
	at java.util.concurrent.Executors$RunnableAdapter.call(Unknown Source)
	at java.util.concurrent.FutureTask.run(Unknown Source)
	at java.util.concurrent.ThreadPoolExecutor.runWorker(Unknown Source)
	at java.util.concurrent.ThreadPoolExecutor$Worker.run(Unknown Source)
	at java.lang.Thread.run(Unknown Source)
INFO 2022-11-09 11:55:28,671 - com.optimyth.qaking.codeanalysis.redos.RegexNfaAnalyzer$AnalysisRunner: Error analyzing regular expression: (?:(?<=\\n\\n)|\\A\\n?)([ ]{0,null}(?s:<!(--.*?--\\s*)+>)[ ]*(?=\\n{2,}|\\Z))
java.util.regex.PatternSyntaxException: Unkown inline modifier near index 35
(?:(?<=\\n\\n)|\\A\\n?)([ ]{0,null}(?s:<!(--.*?--\\s*)+>)[ ]*(?=\\n{2,}|\\Z))
                                   ^
	at regexcompiler.MyPattern$Tokeniser.findGroupType(MyPattern.java:495)
	at regexcompiler.MyPattern$Tokeniser.tokenise(MyPattern.java:148)
	at regexcompiler.MyPattern$Tokeniser.access$100(MyPattern.java:103)
	at regexcompiler.MyPattern.toNFAGraph(MyPattern.java:83)
	at com.optimyth.qaking.codeanalysis.redos.RegexNfaAnalyzer$AnalysisRunner.run(RegexNfaAnalyzer.java:225)
	at java.util.concurrent.Executors$RunnableAdapter.call(Unknown Source)
	at java.util.concurrent.FutureTask.run(Unknown Source)
	at java.util.concurrent.ThreadPoolExecutor.runWorker(Unknown Source)
	at java.util.concurrent.ThreadPoolExecutor$Worker.run(Unknown Source)
	at java.lang.Thread.run(Unknown Source)
INFO 2022-11-09 11:55:28,673 - com.optimyth.qaking.codeanalysis.redos.RegexNfaAnalyzer$AnalysisRunner: Error analyzing regular expression: &(?!#?[xX]?(?:[0-9a-fA-F]+|\\w+);)
java.lang.UnsupportedOperationException: Negative Look ahead symbols not supported
	at regexcompiler.ParseTreeToNFAConverter.dfsBuild(ParseTreeToNFAConverter.java:145)
	at regexcompiler.ParseTreeToNFAConverter.dfsBuild(ParseTreeToNFAConverter.java:114)
	at regexcompiler.ParseTreeToNFAConverter.convertParseTree(ParseTreeToNFAConverter.java:58)
	at regexcompiler.MyPattern.toNFAGraph(MyPattern.java:99)
	at com.optimyth.qaking.codeanalysis.redos.RegexNfaAnalyzer$AnalysisRunner.run(RegexNfaAnalyzer.java:225)
	at java.util.concurrent.Executors$RunnableAdapter.call(Unknown Source)
	at java.util.concurrent.FutureTask.run(Unknown Source)
	at java.util.concurrent.ThreadPoolExecutor.runWorker(Unknown Source)
	at java.util.concurrent.ThreadPoolExecutor$Worker.run(Unknown Source)
	at java.lang.Thread.run(Unknown Source)
INFO 2022-11-09 11:55:28,674 - com.optimyth.qaking.codeanalysis.redos.RegexNfaAnalyzer$AnalysisRunner: Error analyzing regular expression: <(?![a-zA-Z/?\\$!])
java.lang.UnsupportedOperationException: Negative Look ahead symbols not supported
	at regexcompiler.ParseTreeToNFAConverter.dfsBuild(ParseTreeToNFAConverter.java:145)
	at regexcompiler.ParseTreeToNFAConverter.dfsBuild(ParseTreeToNFAConverter.java:114)
	at regexcompiler.ParseTreeToNFAConverter.convertParseTree(ParseTreeToNFAConverter.java:58)
	at regexcompiler.MyPattern.toNFAGraph(MyPattern.java:99)
	at com.optimyth.qaking.codeanalysis.redos.RegexNfaAnalyzer$AnalysisRunner.run(RegexNfaAnalyzer.java:225)
	at java.util.concurrent.Executors$RunnableAdapter.call(Unknown Source)
	at java.util.concurrent.FutureTask.run(Unknown Source)
	at java.util.concurrent.ThreadPoolExecutor.runWorker(Unknown Source)
	at java.util.concurrent.ThreadPoolExecutor$Worker.run(Unknown Source)
	at java.lang.Thread.run(Unknown Source)
INFO 2022-11-09 11:55:36,812 - com.optimyth.qaking.codeanalysis.redos.RegexNfaAnalyzer$AnalysisRunner: Error analyzing regular expression: ^[ ]{0,2}([ ]?${1}[ ]?){3,}[ ]*$
regexcompiler.UnimplementedFunctionalityException: Anchor at invalid position: $ at 14
	at regexcompiler.MyPattern$Parser.parseRegex(MyPattern.java:583)
	at regexcompiler.MyPattern$Parser.parse(MyPattern.java:546)
	at regexcompiler.MyPattern$Parser.parseFactor(MyPattern.java:669)
	at regexcompiler.MyPattern$Parser.parseTerm(MyPattern.java:615)
	at regexcompiler.MyPattern$Parser.parseRegex(MyPattern.java:564)
	at regexcompiler.MyPattern$Parser.parse(MyPattern.java:546)
	at regexcompiler.MyPattern.toNFAGraph(MyPattern.java:86)
	at com.optimyth.qaking.codeanalysis.redos.RegexNfaAnalyzer$AnalysisRunner.run(RegexNfaAnalyzer.java:225)
	at java.util.concurrent.Executors$RunnableAdapter.call(Unknown Source)
	at java.util.concurrent.FutureTask.run(Unknown Source)
	at java.util.concurrent.ThreadPoolExecutor.runWorker(Unknown Source)
	at java.util.concurrent.ThreadPoolExecutor$Worker.run(Unknown Source)
	at java.lang.Thread.run(Unknown Source)
INFO 2022-11-09 11:55:36,823 - com.optimyth.qaking.codeanalysis.redos.RegexNfaAnalyzer$AnalysisRunner: Error analyzing regular expression: \\{
java.util.regex.PatternSyntaxException: Unclosed counted closure near index 3
\\{
	at regexcompiler.MyPattern$Tokeniser.tokenise(MyPattern.java:216)
	at regexcompiler.MyPattern$Tokeniser.access$100(MyPattern.java:103)
	at regexcompiler.MyPattern.toNFAGraph(MyPattern.java:83)
	at com.optimyth.qaking.codeanalysis.redos.RegexNfaAnalyzer$AnalysisRunner.run(RegexNfaAnalyzer.java:225)
	at java.util.concurrent.Executors$RunnableAdapter.call(Unknown Source)
	at java.util.concurrent.FutureTask.run(Unknown Source)
	at java.util.concurrent.ThreadPoolExecutor.runWorker(Unknown Source)
	at java.util.concurrent.ThreadPoolExecutor$Worker.run(Unknown Source)
	at java.lang.Thread.run(Unknown Source)
INFO 2022-11-09 11:55:36,826 - com.optimyth.qaking.codeanalysis.redos.RegexNfaAnalyzer$AnalysisRunner: Error analyzing regular expression: \\[
java.util.regex.PatternSyntaxException: Unclosed character class near index 3
\\[
	at regexcompiler.MyPattern$Tokeniser.createTokenCharacterClass(MyPattern.java:329)
	at regexcompiler.MyPattern$Tokeniser.tokenise(MyPattern.java:143)
	at regexcompiler.MyPattern$Tokeniser.access$100(MyPattern.java:103)
	at regexcompiler.MyPattern.toNFAGraph(MyPattern.java:83)
	at com.optimyth.qaking.codeanalysis.redos.RegexNfaAnalyzer$AnalysisRunner.run(RegexNfaAnalyzer.java:225)
	at java.util.concurrent.Executors$RunnableAdapter.call(Unknown Source)
	at java.util.concurrent.FutureTask.run(Unknown Source)
	at java.util.concurrent.ThreadPoolExecutor.runWorker(Unknown Source)
	at java.util.concurrent.ThreadPoolExecutor$Worker.run(Unknown Source)
	at java.lang.Thread.run(Unknown Source)
INFO 2022-11-09 11:55:36,829 - com.optimyth.qaking.codeanalysis.redos.RegexNfaAnalyzer$AnalysisRunner: Error analyzing regular expression: (?<!\\\\)(`+)(.+?)(?<!`)\\1(?!`)
java.lang.UnsupportedOperationException: Negative Look behind symbols not supported
	at regexcompiler.ParseTreeToNFAConverter.dfsBuild(ParseTreeToNFAConverter.java:162)
	at regexcompiler.ParseTreeToNFAConverter.dfsBuild(ParseTreeToNFAConverter.java:113)
	at regexcompiler.ParseTreeToNFAConverter.dfsBuild(ParseTreeToNFAConverter.java:113)
	at regexcompiler.ParseTreeToNFAConverter.dfsBuild(ParseTreeToNFAConverter.java:113)
	at regexcompiler.ParseTreeToNFAConverter.dfsBuild(ParseTreeToNFAConverter.java:113)
	at regexcompiler.ParseTreeToNFAConverter.dfsBuild(ParseTreeToNFAConverter.java:113)
	at regexcompiler.ParseTreeToNFAConverter.dfsBuild(ParseTreeToNFAConverter.java:113)
	at regexcompiler.ParseTreeToNFAConverter.convertParseTree(ParseTreeToNFAConverter.java:58)
	at regexcompiler.MyPattern.toNFAGraph(MyPattern.java:99)
	at com.optimyth.qaking.codeanalysis.redos.RegexNfaAnalyzer$AnalysisRunner.run(RegexNfaAnalyzer.java:225)
	at java.util.concurrent.Executors$RunnableAdapter.call(Unknown Source)
	at java.util.concurrent.FutureTask.run(Unknown Source)
	at java.util.concurrent.ThreadPoolExecutor.runWorker(Unknown Source)
	at java.util.concurrent.ThreadPoolExecutor$Worker.run(Unknown Source)
	at java.lang.Thread.run(Unknown Source)
INFO 2022-11-09 11:55:43,851 - com.optimyth.qaking.codeanalysis.redos.RegexNfaAnalyzer$AnalysisRunner: Error analyzing regular expression: (\\*\\*|__)(?=\\S)(.+?[*_]*)(?<=\\S)\\1
java.lang.UnsupportedOperationException: Positive Look ahead symbols not supported
	at regexcompiler.ParseTreeToNFAConverter.dfsBuild(ParseTreeToNFAConverter.java:174)
	at regexcompiler.ParseTreeToNFAConverter.dfsBuild(ParseTreeToNFAConverter.java:114)
	at regexcompiler.ParseTreeToNFAConverter.dfsBuild(ParseTreeToNFAConverter.java:113)
	at regexcompiler.ParseTreeToNFAConverter.dfsBuild(ParseTreeToNFAConverter.java:113)
	at regexcompiler.ParseTreeToNFAConverter.dfsBuild(ParseTreeToNFAConverter.java:113)
	at regexcompiler.ParseTreeToNFAConverter.dfsBuild(ParseTreeToNFAConverter.java:113)
	at regexcompiler.ParseTreeToNFAConverter.convertParseTree(ParseTreeToNFAConverter.java:58)
	at regexcompiler.MyPattern.toNFAGraph(MyPattern.java:99)
	at com.optimyth.qaking.codeanalysis.redos.RegexNfaAnalyzer$AnalysisRunner.run(RegexNfaAnalyzer.java:225)
	at java.util.concurrent.Executors$RunnableAdapter.call(Unknown Source)
	at java.util.concurrent.FutureTask.run(Unknown Source)
	at java.util.concurrent.ThreadPoolExecutor.runWorker(Unknown Source)
	at java.util.concurrent.ThreadPoolExecutor$Worker.run(Unknown Source)
	at java.lang.Thread.run(Unknown Source)
INFO 2022-11-09 11:55:43,853 - com.optimyth.qaking.codeanalysis.redos.RegexNfaAnalyzer$AnalysisRunner: Error analyzing regular expression: (\\*|_)(?=\\S)(.+?)(?<=\\S)\\1
java.lang.UnsupportedOperationException: Positive Look ahead symbols not supported
	at regexcompiler.ParseTreeToNFAConverter.dfsBuild(ParseTreeToNFAConverter.java:174)
	at regexcompiler.ParseTreeToNFAConverter.dfsBuild(ParseTreeToNFAConverter.java:114)
	at regexcompiler.ParseTreeToNFAConverter.dfsBuild(ParseTreeToNFAConverter.java:113)
	at regexcompiler.ParseTreeToNFAConverter.dfsBuild(ParseTreeToNFAConverter.java:113)
	at regexcompiler.ParseTreeToNFAConverter.dfsBuild(ParseTreeToNFAConverter.java:113)
	at regexcompiler.ParseTreeToNFAConverter.dfsBuild(ParseTreeToNFAConverter.java:113)
	at regexcompiler.ParseTreeToNFAConverter.convertParseTree(ParseTreeToNFAConverter.java:58)
	at regexcompiler.MyPattern.toNFAGraph(MyPattern.java:99)
	at com.optimyth.qaking.codeanalysis.redos.RegexNfaAnalyzer$AnalysisRunner.run(RegexNfaAnalyzer.java:225)
	at java.util.concurrent.Executors$RunnableAdapter.call(Unknown Source)
	at java.util.concurrent.FutureTask.run(Unknown Source)
	at java.util.concurrent.ThreadPoolExecutor.runWorker(Unknown Source)
	at java.util.concurrent.ThreadPoolExecutor$Worker.run(Unknown Source)
	at java.lang.Thread.run(Unknown Source)
INFO 2022-11-09 11:55:43,860 - com.optimyth.qaking.codeanalysis.redos.RegexNfaAnalyzer$AnalysisRunner: Error analyzing regular expression: (\\n)?^([ \\t]*)([-+*]|\\d+[.])[ ]+((?s:.+?)(\\n{1,2}))(?=\\n*(\\z|\\2([-+\\*]|\\d+[.])[ \\t]+))
java.util.regex.PatternSyntaxException: Unkown inline modifier near index 36
(\\n)?^([ \\t]*)([-+*]|\\d+[.])[ ]+((?s:.+?)(\\n{1,2}))(?=\\n*(\\z|\\2([-+\\*]|\\d+[.])[ \\t]+))
                                    ^
	at regexcompiler.MyPattern$Tokeniser.findGroupType(MyPattern.java:495)
	at regexcompiler.MyPattern$Tokeniser.tokenise(MyPattern.java:148)
	at regexcompiler.MyPattern$Tokeniser.access$100(MyPattern.java:103)
	at regexcompiler.MyPattern.toNFAGraph(MyPattern.java:83)
	at com.optimyth.qaking.codeanalysis.redos.RegexNfaAnalyzer$AnalysisRunner.run(RegexNfaAnalyzer.java:225)
	at java.util.concurrent.Executors$RunnableAdapter.call(Unknown Source)
	at java.util.concurrent.FutureTask.run(Unknown Source)
	at java.util.concurrent.ThreadPoolExecutor.runWorker(Unknown Source)
	at java.util.concurrent.ThreadPoolExecutor$Worker.run(Unknown Source)
	at java.lang.Thread.run(Unknown Source)
INFO 2022-11-09 11:55:43,866 - com.optimyth.qaking.codeanalysis.redos.RegexNfaAnalyzer$AnalysisRunner: Error analyzing regular expression: ^(([ ]{0,null}((?:[-+*]|\\d+[.]))[ ]+)(?s:.+?)(\\z|\\n{2,}(?=\\S)(?![ ]*(?:[-+*]|\\d+[.])[ ]+)))
java.util.regex.PatternSyntaxException: Unkown inline modifier near index 38
^(([ ]{0,null}((?:[-+*]|\\d+[.]))[ ]+)(?s:.+?)(\\z|\\n{2,}(?=\\S)(?![ ]*(?:[-+*]|\\d+[.])[ ]+)))
                                      ^
	at regexcompiler.MyPattern$Tokeniser.findGroupType(MyPattern.java:495)
	at regexcompiler.MyPattern$Tokeniser.tokenise(MyPattern.java:148)
	at regexcompiler.MyPattern$Tokeniser.access$100(MyPattern.java:103)
	at regexcompiler.MyPattern.toNFAGraph(MyPattern.java:83)
	at com.optimyth.qaking.codeanalysis.redos.RegexNfaAnalyzer$AnalysisRunner.run(RegexNfaAnalyzer.java:225)
	at java.util.concurrent.Executors$RunnableAdapter.call(Unknown Source)
	at java.util.concurrent.FutureTask.run(Unknown Source)
	at java.util.concurrent.ThreadPoolExecutor.runWorker(Unknown Source)
	at java.util.concurrent.ThreadPoolExecutor$Worker.run(Unknown Source)
	at java.lang.Thread.run(Unknown Source)
INFO 2022-11-09 11:55:43,870 - com.optimyth.qaking.codeanalysis.redos.RegexNfaAnalyzer$AnalysisRunner: Error analyzing regular expression: (?:(?<=\\n\\n)|\\A\\n?)(([ ]{0,null}((?:[-+*]|\\d+[.]))[ ]+)(?s:.+?)(\\z|\\n{2,}(?=\\S)(?![ ]*(?:[-+*]|\\d+[.])[ ]+)))
java.util.regex.PatternSyntaxException: Unkown inline modifier near index 60
(?:(?<=\\n\\n)|\\A\\n?)(([ ]{0,null}((?:[-+*]|\\d+[.]))[ ]+)(?s:.+?)(\\z|\\n{2,}(?=\\S)(?![ ]*(?:[-+*]|\\d+[.])[ ]+)))
                                                            ^
	at regexcompiler.MyPattern$Tokeniser.findGroupType(MyPattern.java:495)
	at regexcompiler.MyPattern$Tokeniser.tokenise(MyPattern.java:148)
	at regexcompiler.MyPattern$Tokeniser.access$100(MyPattern.java:103)
	at regexcompiler.MyPattern.toNFAGraph(MyPattern.java:83)
	at com.optimyth.qaking.codeanalysis.redos.RegexNfaAnalyzer$AnalysisRunner.run(RegexNfaAnalyzer.java:225)
	at java.util.concurrent.Executors$RunnableAdapter.call(Unknown Source)
	at java.util.concurrent.FutureTask.run(Unknown Source)
	at java.util.concurrent.ThreadPoolExecutor.runWorker(Unknown Source)
	at java.util.concurrent.ThreadPoolExecutor$Worker.run(Unknown Source)
	at java.lang.Thread.run(Unknown Source)
INFO 2022-11-09 11:55:43,872 - com.optimyth.qaking.codeanalysis.redos.RegexNfaAnalyzer$AnalysisRunner: Error analyzing regular expression: (?:\\n\\n|\\A)((?:(?:[ ]{4}).*\\n+)+)((?=^[ ]{0,4}\\S)|\\Z)
regexcompiler.UnimplementedFunctionalityException: Anchor at invalid position: ^ at 41
	at regexcompiler.MyPattern$Parser.parseRegex(MyPattern.java:561)
	at regexcompiler.MyPattern$Parser.parse(MyPattern.java:546)
	at regexcompiler.MyPattern$Parser.parseFactor(MyPattern.java:679)
	at regexcompiler.MyPattern$Parser.parseTerm(MyPattern.java:598)
	at regexcompiler.MyPattern$Parser.parseRegex(MyPattern.java:564)
	at regexcompiler.MyPattern$Parser.parse(MyPattern.java:546)
	at regexcompiler.MyPattern$Parser.parseFactor(MyPattern.java:669)
	at regexcompiler.MyPattern$Parser.parseTerm(MyPattern.java:615)
	at regexcompiler.MyPattern$Parser.parseRegex(MyPattern.java:564)
	at regexcompiler.MyPattern$Parser.parse(MyPattern.java:546)
	at regexcompiler.MyPattern.toNFAGraph(MyPattern.java:86)
	at com.optimyth.qaking.codeanalysis.redos.RegexNfaAnalyzer$AnalysisRunner.run(RegexNfaAnalyzer.java:225)
	at java.util.concurrent.Executors$RunnableAdapter.call(Unknown Source)
	at java.util.concurrent.FutureTask.run(Unknown Source)
	at java.util.concurrent.ThreadPoolExecutor.runWorker(Unknown Source)
	at java.util.concurrent.ThreadPoolExecutor$Worker.run(Unknown Source)
	at java.lang.Thread.run(Unknown Source)
INFO 2022-11-09 11:55:43,882 - com.optimyth.qaking.codeanalysis.redos.RegexNfaAnalyzer$AnalysisRunner: Error analyzing regular expression: ((^[ \t]*>[ \t]?.+\\n(.+\\n)*\\n*)+)
regexcompiler.UnimplementedFunctionalityException: Anchor at invalid position: ^ at 2
	at regexcompiler.MyPattern$Parser.parseRegex(MyPattern.java:561)
	at regexcompiler.MyPattern$Parser.parse(MyPattern.java:546)
	at regexcompiler.MyPattern$Parser.parseFactor(MyPattern.java:669)
	at regexcompiler.MyPattern$Parser.parseTerm(MyPattern.java:598)
	at regexcompiler.MyPattern$Parser.parseRegex(MyPattern.java:564)
	at regexcompiler.MyPattern$Parser.parse(MyPattern.java:546)
	at regexcompiler.MyPattern$Parser.parseFactor(MyPattern.java:669)
	at regexcompiler.MyPattern$Parser.parseTerm(MyPattern.java:598)
	at regexcompiler.MyPattern$Parser.parseRegex(MyPattern.java:564)
	at regexcompiler.MyPattern$Parser.parse(MyPattern.java:546)
	at regexcompiler.MyPattern.toNFAGraph(MyPattern.java:86)
	at com.optimyth.qaking.codeanalysis.redos.RegexNfaAnalyzer$AnalysisRunner.run(RegexNfaAnalyzer.java:225)
	at java.util.concurrent.Executors$RunnableAdapter.call(Unknown Source)
	at java.util.concurrent.FutureTask.run(Unknown Source)
	at java.util.concurrent.ThreadPoolExecutor.runWorker(Unknown Source)
	at java.util.concurrent.ThreadPoolExecutor$Worker.run(Unknown Source)
	at java.lang.Thread.run(Unknown Source)
INFO 2022-11-09 11:55:43,894 - com.optimyth.qaking.codeanalysis.redos.RegexNfaAnalyzer$AnalysisRunner: Error analyzing regular expression: ^
java.lang.NullPointerException
	at regexcompiler.MyPattern$Parser.parseTerm(MyPattern.java:597)
	at regexcompiler.MyPattern$Parser.parseRegex(MyPattern.java:564)
	at regexcompiler.MyPattern$Parser.parse(MyPattern.java:546)
	at regexcompiler.MyPattern.toNFAGraph(MyPattern.java:86)
	at com.optimyth.qaking.codeanalysis.redos.RegexNfaAnalyzer$AnalysisRunner.run(RegexNfaAnalyzer.java:225)
	at java.util.concurrent.Executors$RunnableAdapter.call(Unknown Source)
	at java.util.concurrent.FutureTask.run(Unknown Source)
	at java.util.concurrent.ThreadPoolExecutor.runWorker(Unknown Source)
	at java.util.concurrent.ThreadPoolExecutor$Worker.run(Unknown Source)
	at java.lang.Thread.run(Unknown Source)
INFO 2022-11-09 11:55:43,922 - com.optimyth.qaking.codeanalysis.redos.RegexNfaAnalyzer$AnalysisRunner: Error analyzing regular expression: \\[
java.util.regex.PatternSyntaxException: Unclosed character class near index 3
\\[
	at regexcompiler.MyPattern$Tokeniser.createTokenCharacterClass(MyPattern.java:329)
	at regexcompiler.MyPattern$Tokeniser.tokenise(MyPattern.java:143)
	at regexcompiler.MyPattern$Tokeniser.access$100(MyPattern.java:103)
	at regexcompiler.MyPattern.toNFAGraph(MyPattern.java:83)
	at com.optimyth.qaking.codeanalysis.redos.RegexNfaAnalyzer$AnalysisRunner.run(RegexNfaAnalyzer.java:225)
	at java.util.concurrent.Executors$RunnableAdapter.call(Unknown Source)
	at java.util.concurrent.FutureTask.run(Unknown Source)
	at java.util.concurrent.ThreadPoolExecutor.runWorker(Unknown Source)
	at java.util.concurrent.ThreadPoolExecutor$Worker.run(Unknown Source)
	at java.lang.Thread.run(Unknown Source)
INFO 2022-11-09 11:55:44,218 - com.optimyth.qaking.codeanalysis.redos.RegexNfaAnalyzer$AnalysisRunner: Error analyzing regular expression: (?s:<!(--.*?--\\s*)+>)|(?s:<\\?.*?\\?>)|${1}
java.util.regex.PatternSyntaxException: Unkown inline modifier near index 0
(?s:<!(--.*?--\\s*)+>)|(?s:<\\?.*?\\?>)|${1}
^
	at regexcompiler.MyPattern$Tokeniser.findGroupType(MyPattern.java:495)
	at regexcompiler.MyPattern$Tokeniser.tokenise(MyPattern.java:148)
	at regexcompiler.MyPattern$Tokeniser.access$100(MyPattern.java:103)
	at regexcompiler.MyPattern.toNFAGraph(MyPattern.java:83)
	at com.optimyth.qaking.codeanalysis.redos.RegexNfaAnalyzer$AnalysisRunner.run(RegexNfaAnalyzer.java:225)
	at java.util.concurrent.Executors$RunnableAdapter.call(Unknown Source)
	at java.util.concurrent.FutureTask.run(Unknown Source)
	at java.util.concurrent.ThreadPoolExecutor.runWorker(Unknown Source)
	at java.util.concurrent.ThreadPoolExecutor$Worker.run(Unknown Source)
	at java.lang.Thread.run(Unknown Source)
INFO 2022-11-09 11:55:48,758 - com.optimyth.qaking.codeanalysis.tainting.AbstractNeutralizationPropagation: Too complex control flow (ccn=33) in block containing neutralization [neutralization (header_manipulation:web [0])], line 209, at YouTubeExtractor.java line 209. Using direct navigation as fallback.
INFO 2022-11-09 11:55:48,758 - com.optimyth.qaking.codeanalysis.tainting.AbstractNeutralizationPropagation: Too complex control flow (ccn=33) in block containing neutralization [neutralization (http_parameter_pollution:web [0])], line 209, at YouTubeExtractor.java line 209. Using direct navigation as fallback.
INFO 2022-11-09 11:55:48,759 - com.optimyth.qaking.codeanalysis.tainting.AbstractNeutralizationPropagation: Too complex control flow (ccn=33) in block containing neutralization [neutralization (xss:web [0])], line 209, at YouTubeExtractor.java line 209. Using direct navigation as fallback.
INFO 2022-11-09 11:55:48,759 - com.optimyth.qaking.codeanalysis.tainting.AbstractNeutralizationPropagation: Too complex control flow (ccn=33) in block containing neutralization [neutralization (string [-1])], line 229, at YouTubeExtractor.java line 229. Using direct navigation as fallback.
INFO 2022-11-09 11:55:48,759 - com.optimyth.qaking.codeanalysis.tainting.AbstractNeutralizationPropagation: Too complex control flow (ccn=33) in block containing neutralization [neutralization (http_parameter_pollution [-2])], line 246, at YouTubeExtractor.java line 246. Using direct navigation as fallback.
INFO 2022-11-09 11:55:48,759 - com.optimyth.qaking.codeanalysis.tainting.AbstractNeutralizationPropagation: Too complex control flow (ccn=33) in block containing neutralization [neutralization (ssrf [-2])], line 246, at YouTubeExtractor.java line 246. Using direct navigation as fallback.
INFO 2022-11-09 11:55:48,759 - com.optimyth.qaking.codeanalysis.tainting.AbstractNeutralizationPropagation: Too complex control flow (ccn=33) in block containing neutralization [neutralization (http_parameter_pollution [-2])], line 246, at YouTubeExtractor.java line 246. Using direct navigation as fallback.
INFO 2022-11-09 11:55:48,759 - com.optimyth.qaking.codeanalysis.tainting.AbstractNeutralizationPropagation: Too complex control flow (ccn=33) in block containing neutralization [neutralization (ssrf [-2])], line 246, at YouTubeExtractor.java line 246. Using direct navigation as fallback.
INFO 2022-11-09 11:55:48,760 - com.optimyth.qaking.codeanalysis.tainting.AbstractNeutralizationPropagation: Too complex control flow (ccn=33) in block containing neutralization [neutralization (string [-1])], line 296, at YouTubeExtractor.java line 296. Using direct navigation as fallback.
INFO 2022-11-09 11:55:48,760 - com.optimyth.qaking.codeanalysis.tainting.AbstractNeutralizationPropagation: Too complex control flow (ccn=33) in block containing neutralization [neutralization (string [-2])], line 307, at YouTubeExtractor.java line 307. Using direct navigation as fallback.
INFO 2022-11-09 11:55:48,760 - com.optimyth.qaking.codeanalysis.tainting.AbstractNeutralizationPropagation: Too complex control flow (ccn=33) in block containing neutralization [neutralization (string [-2])], line 331, at YouTubeExtractor.java line 331. Using direct navigation as fallback.
INFO 2022-11-09 11:55:48,760 - com.optimyth.qaking.codeanalysis.tainting.AbstractNeutralizationPropagation: Too complex control flow (ccn=33) in block containing neutralization [neutralization (string [-2])], line 334, at YouTubeExtractor.java line 334. Using direct navigation as fallback.
INFO 2022-11-09 11:55:48,761 - com.optimyth.qaking.codeanalysis.tainting.AbstractNeutralizationPropagation: In block containing neutralization at YouTubeExtractor.java line 442, complexity (ccn=26) is below its limit but high enough to lead to poor performance
INFO 2022-11-09 11:55:48,776 - com.optimyth.qaking.codeanalysis.tainting.AbstractNeutralizationPropagation: In block containing neutralization at YouTubeExtractor.java line 448, complexity (ccn=26) is below its limit but high enough to lead to poor performance
INFO 2022-11-09 11:55:48,778 - com.optimyth.qaking.codeanalysis.tainting.AbstractNeutralizationPropagation: In block containing neutralization at YouTubeExtractor.java line 451, complexity (ccn=26) is below its limit but high enough to lead to poor performance
INFO 2022-11-09 11:55:49,026 - com.optimyth.qaking.codeanalysis.tainting.TaintingAnalyzer: In block containing sink at YouTubeExtractor.java line 420, complexity (ccn=26) is below its limit but high enough to lead to poor performance
INFO 2022-11-09 11:55:49,026 - com.optimyth.qaking.codeanalysis.tainting.TaintingAnalyzer: Too complex control flow (ccn=33) in block containing sink, at YouTubeExtractor.java line 213. Using direct navigation as fallback.
INFO 2022-11-09 11:55:49,036 - com.optimyth.qaking.codeanalysis.tainting.TaintingAnalyzer: Too complex control flow (ccn=33) in block containing sink, at YouTubeExtractor.java line 239. Using direct navigation as fallback.
INFO 2022-11-09 11:55:49,036 - com.optimyth.qaking.codeanalysis.tainting.TaintingAnalyzer: Too complex control flow (ccn=33) in block containing sink, at YouTubeExtractor.java line 287. Using direct navigation as fallback.
INFO 2022-11-09 11:55:49,043 - com.optimyth.qaking.codeanalysis.tainting.TaintingAnalyzer: Too complex control flow (ccn=33) in block containing sink, at YouTubeExtractor.java line 213. Using direct navigation as fallback.
INFO 2022-11-09 11:55:49,043 - com.optimyth.qaking.codeanalysis.tainting.TaintingAnalyzer: Too complex control flow (ccn=33) in block containing sink, at YouTubeExtractor.java line 239. Using direct navigation as fallback.
INFO 2022-11-09 11:55:49,043 - com.optimyth.qaking.codeanalysis.tainting.TaintingAnalyzer: Too complex control flow (ccn=33) in block containing sink, at YouTubeExtractor.java line 287. Using direct navigation as fallback.
INFO 2022-11-09 11:55:49,045 - com.optimyth.qaking.codeanalysis.tainting.TaintingAnalyzer: In block containing sink at YouTubeExtractor.java line 420, complexity (ccn=26) is below its limit but high enough to lead to poor performance
INFO 2022-11-09 11:55:49,046 - com.optimyth.qaking.codeanalysis.tainting.TaintingAnalyzer: Too complex control flow (ccn=33) in block containing sink, at YouTubeExtractor.java line 213. Using direct navigation as fallback.
INFO 2022-11-09 11:55:49,046 - com.optimyth.qaking.codeanalysis.tainting.TaintingAnalyzer: Too complex control flow (ccn=33) in block containing sink, at YouTubeExtractor.java line 239. Using direct navigation as fallback.
INFO 2022-11-09 11:55:49,051 - com.optimyth.qaking.codeanalysis.tainting.TaintingAnalyzer: Too complex control flow (ccn=33) in block containing sink, at YouTubeExtractor.java line 287. Using direct navigation as fallback.
INFO 2022-11-09 11:55:49,052 - com.optimyth.qaking.codeanalysis.tainting.TaintingAnalyzer: In block containing sink at YouTubeExtractor.java line 420, complexity (ccn=26) is below its limit but high enough to lead to poor performance
INFO 2022-11-09 11:55:49,366 - com.optimyth.qaking.codeanalysis.redos.RegexNfaAnalyzer$AnalysisRunner: Error analyzing regular expression: (var |\\s|,|;)${1}(=function\\((.{1,3})\\)\\{)
java.util.regex.PatternSyntaxException: Unclosed counted closure near index 46
(var |\\s|,|;)${1}(=function\\((.{1,3})\\)\\{)
	at regexcompiler.MyPattern$Tokeniser.tokenise(MyPattern.java:216)
	at regexcompiler.MyPattern$Tokeniser.access$100(MyPattern.java:103)
	at regexcompiler.MyPattern.toNFAGraph(MyPattern.java:83)
	at com.optimyth.qaking.codeanalysis.redos.RegexNfaAnalyzer$AnalysisRunner.run(RegexNfaAnalyzer.java:225)
	at java.util.concurrent.Executors$RunnableAdapter.call(Unknown Source)
	at java.util.concurrent.FutureTask.run(Unknown Source)
	at java.util.concurrent.ThreadPoolExecutor.runWorker(Unknown Source)
	at java.util.concurrent.ThreadPoolExecutor$Worker.run(Unknown Source)
	at java.lang.Thread.run(Unknown Source)
INFO 2022-11-09 11:55:49,368 - com.optimyth.qaking.codeanalysis.redos.RegexNfaAnalyzer$AnalysisRunner: Error analyzing regular expression: function ${1}(\\((.{1,3})\\)\\{)
java.util.regex.PatternSyntaxException: Unclosed counted closure near index 32
function ${1}(\\((.{1,3})\\)\\{)
	at regexcompiler.MyPattern$Tokeniser.tokenise(MyPattern.java:216)
	at regexcompiler.MyPattern$Tokeniser.access$100(MyPattern.java:103)
	at regexcompiler.MyPattern.toNFAGraph(MyPattern.java:83)
	at com.optimyth.qaking.codeanalysis.redos.RegexNfaAnalyzer$AnalysisRunner.run(RegexNfaAnalyzer.java:225)
	at java.util.concurrent.Executors$RunnableAdapter.call(Unknown Source)
	at java.util.concurrent.FutureTask.run(Unknown Source)
	at java.util.concurrent.ThreadPoolExecutor.runWorker(Unknown Source)
	at java.util.concurrent.ThreadPoolExecutor$Worker.run(Unknown Source)
	at java.lang.Thread.run(Unknown Source)
INFO 2022-11-09 11:55:49,369 - com.optimyth.qaking.codeanalysis.redos.RegexNfaAnalyzer$AnalysisRunner: Error analyzing regular expression: \\p{Graph}+?
java.util.regex.PatternSyntaxException: Illegal repetition range near index 11
\\p{Graph}+?
           ^
	at regexcompiler.MyPattern$Tokeniser.tokenise(MyPattern.java:264)
	at regexcompiler.MyPattern$Tokeniser.access$100(MyPattern.java:103)
	at regexcompiler.MyPattern.toNFAGraph(MyPattern.java:83)
	at com.optimyth.qaking.codeanalysis.redos.RegexNfaAnalyzer$AnalysisRunner.run(RegexNfaAnalyzer.java:225)
	at java.util.concurrent.Executors$RunnableAdapter.call(Unknown Source)
	at java.util.concurrent.FutureTask.run(Unknown Source)
	at java.util.concurrent.ThreadPoolExecutor.runWorker(Unknown Source)
	at java.util.concurrent.ThreadPoolExecutor$Worker.run(Unknown Source)
	at java.lang.Thread.run(Unknown Source)
INFO 2022-11-09 11:55:49,410 - com.optimyth.qaking.codeanalysis.tainting.TaintingAnalyzer: In block containing sink at YouTubeExtractor.java line 420, complexity (ccn=26) is below its limit but high enough to lead to poor performance
INFO 2022-11-09 11:55:49,410 - com.optimyth.qaking.codeanalysis.tainting.TaintingAnalyzer: Too complex control flow (ccn=33) in block containing sink, at YouTubeExtractor.java line 213. Using direct navigation as fallback.
INFO 2022-11-09 11:55:49,410 - com.optimyth.qaking.codeanalysis.tainting.TaintingAnalyzer: Too complex control flow (ccn=33) in block containing sink, at YouTubeExtractor.java line 239. Using direct navigation as fallback.
INFO 2022-11-09 11:55:49,410 - com.optimyth.qaking.codeanalysis.tainting.TaintingAnalyzer: Too complex control flow (ccn=33) in block containing sink, at YouTubeExtractor.java line 287. Using direct navigation as fallback.
INFO 2022-11-09 11:55:49,420 - com.optimyth.qaking.codeanalysis.tainting.TaintingAnalyzer: Too complex control flow (ccn=33) in block containing sink, at YouTubeExtractor.java line 213. Using direct navigation as fallback.
INFO 2022-11-09 11:55:49,420 - com.optimyth.qaking.codeanalysis.tainting.TaintingAnalyzer: Too complex control flow (ccn=33) in block containing sink, at YouTubeExtractor.java line 239. Using direct navigation as fallback.
INFO 2022-11-09 11:55:49,424 - com.optimyth.qaking.codeanalysis.tainting.TaintingAnalyzer: Too complex control flow (ccn=33) in block containing sink, at YouTubeExtractor.java line 287. Using direct navigation as fallback.
INFO 2022-11-09 11:55:49,426 - com.optimyth.qaking.codeanalysis.tainting.TaintingAnalyzer: In block containing sink at YouTubeExtractor.java line 420, complexity (ccn=26) is below its limit but high enough to lead to poor performance
INFO 2022-11-09 11:55:49,434 - com.optimyth.qaking.codeanalysis.tainting.TaintingAnalyzer: Too complex control flow (ccn=33) in block containing sink, at YouTubeExtractor.java line 213. Using direct navigation as fallback.
INFO 2022-11-09 11:55:49,435 - com.optimyth.qaking.codeanalysis.tainting.TaintingAnalyzer: Too complex control flow (ccn=33) in block containing sink, at YouTubeExtractor.java line 239. Using direct navigation as fallback.
INFO 2022-11-09 11:55:49,435 - com.optimyth.qaking.codeanalysis.tainting.TaintingAnalyzer: Too complex control flow (ccn=33) in block containing sink, at YouTubeExtractor.java line 287. Using direct navigation as fallback.
INFO 2022-11-09 11:55:49,436 - com.optimyth.qaking.codeanalysis.tainting.TaintingAnalyzer: In block containing sink at YouTubeExtractor.java line 420, complexity (ccn=26) is below its limit but high enough to lead to poor performance
