INFO 2022-09-30 11:16:19,936 - Analysis initialization: FINISHED
INFO 2022-09-30 11:16:19,936 - -----------------------------------------------------
INFO 2022-09-30 11:16:19,936 - Starting analysis for application "Bridgeweave Android"
INFO 2022-09-30 11:16:19,936 - -----------------------------------------------------
INFO 2022-09-30 11:16:19,937 - Model retrieval: STARTED
INFO 2022-09-30 11:16:20,710 - Model retrieved from cache
INFO 2022-09-30 11:16:20,710 - Model retrieval: FINISHED
INFO 2022-09-30 11:16:20,710 - Analysis authorization: STARTED
INFO 2022-09-30 11:16:21,904 - Upload analyzed source code forced to "false" - not allowed for user / application
INFO 2022-09-30 11:16:21,904 - Analysis authorization: FINISHED
INFO 2022-09-30 11:16:21,910 - License check: STARTED
INFO 2022-09-30 11:16:23,895 - License check: FINISHED
INFO 2022-09-30 11:16:23,895 - Prepare analysis data: STARTED
INFO 2022-09-30 11:16:23,916 - Prepare analysis data: FINISHED
INFO 2022-09-30 11:16:23,916 - Prepare source code files for upload: STARTED
INFO 2022-09-30 11:16:23,917 - Prepare source code files for upload: FINISHED
WARN 2022-09-30 11:16:24,519 - -----------------------------------------------------
WARN 2022-09-30 11:16:24,519 - Executing rules analysis for technology java
WARN 2022-09-30 11:16:24,519 - -----------------------------------------------------
WARN 2022-09-30 11:16:24,519 - directory: D:\Repos\Brideweave Crypto Repo\Re-Testing\bwbucket-bw-crypto-android-06c0c79b19d7
WARN 2022-09-30 11:16:24,519 - bill-of-materials: 
WARN 2022-09-30 11:16:24,519 - bill-of-materials format: 
WARN 2022-09-30 11:16:24,519 - includes: 
WARN 2022-09-30 11:16:24,520 - excludes: **/src/test/**,**/__MACOSX/**,**/*.min.js,**/*.Designer.vb,**/*.designer.vb,**/*Reference.vb,**/*Service.vb,**/*Silverlight.vb,**/*.Designer.cs,**/*.designer.cs,**/*Reference.cs,**/*Service.cs,**/*Silverlight.cs,**/.*,**/Pods/BuildHeaders/**/*.h,**/Pods/Headers/**/*.h,**/node_modules/**,**/bower_components/**,**/target/**,**/bin/**,**/obj/**,**/dist/**,**/lib/**
WARN 2022-09-30 11:16:24,520 - configuration: D:\Software\KiuwanLocalAnalyzer\bin\..\conf\apps\Bridgeweave Android.properties
WARN 2022-09-30 11:16:24,520 - VM version: 1.8.0_333
WARN 2022-09-30 11:16:24,634 - VM settings:
WARN 2022-09-30 11:16:24,635 -     Stack Size: 2.00M
WARN 2022-09-30 11:16:24,635 -     Min. Heap Size: 128.00M
WARN 2022-09-30 11:16:24,635 -     Max. Heap Size: 1.00G
WARN 2022-09-30 11:16:24,635 -     Ergonomics Machine Class: client
WARN 2022-09-30 11:16:24,635 -     Using VM: Java HotSpot(TM) 64-Bit Server VM
WARN 2022-09-30 11:16:24,635 - 
INFO 2022-09-30 11:16:37,495 - Moving 1 file to D:\Software\KiuwanLocalAnalyzer\temp\Bridgeweave Android.6055402220217230973\results
INFO 2022-09-30 11:16:37,506 - Deleting: D:\Software\KiuwanLocalAnalyzer\temp\Bridgeweave Android.6055402220217230973\results\rules_java.key
WARN 2022-09-30 11:16:37,680 - -----------------------------------------------------
WARN 2022-09-30 11:16:37,681 - Executing metrics analysis for technology java
WARN 2022-09-30 11:16:37,681 - -----------------------------------------------------
WARN 2022-09-30 11:16:37,681 - directory: D:\Repos\Brideweave Crypto Repo\Re-Testing\bwbucket-bw-crypto-android-06c0c79b19d7
WARN 2022-09-30 11:16:37,681 - bill-of-materials: 
WARN 2022-09-30 11:16:37,681 - bill-of-materials format: 
WARN 2022-09-30 11:16:37,681 - includes: 
WARN 2022-09-30 11:16:37,681 - excludes: **/src/test/**,**/__MACOSX/**,**/*.min.js,**/*.Designer.vb,**/*.designer.vb,**/*Reference.vb,**/*Service.vb,**/*Silverlight.vb,**/*.Designer.cs,**/*.designer.cs,**/*Reference.cs,**/*Service.cs,**/*Silverlight.cs,**/.*,**/Pods/BuildHeaders/**/*.h,**/Pods/Headers/**/*.h,**/node_modules/**,**/bower_components/**,**/target/**,**/bin/**,**/obj/**,**/dist/**,**/lib/**
WARN 2022-09-30 11:16:37,681 - configuration: D:\Software\KiuwanLocalAnalyzer\bin\..\conf\apps\Bridgeweave Android.properties
WARN 2022-09-30 11:16:37,682 - VM version: 1.8.0_333
WARN 2022-09-30 11:16:37,777 - VM settings:
WARN 2022-09-30 11:16:37,779 -     Stack Size: 2.00M
WARN 2022-09-30 11:16:37,779 -     Min. Heap Size: 128.00M
WARN 2022-09-30 11:16:37,779 -     Max. Heap Size: 1.00G
WARN 2022-09-30 11:16:37,779 -     Ergonomics Machine Class: client
WARN 2022-09-30 11:16:37,779 -     Using VM: Java HotSpot(TM) 64-Bit Server VM
WARN 2022-09-30 11:16:37,779 - 
INFO 2022-09-30 11:16:47,521 - Moving 1 file to D:\Software\KiuwanLocalAnalyzer\temp\Bridgeweave Android.6055402220217230973\results
INFO 2022-09-30 11:16:47,528 - Deleting: D:\Software\KiuwanLocalAnalyzer\temp\Bridgeweave Android.6055402220217230973\results\metrics_java.key
WARN 2022-09-30 11:16:47,681 - -----------------------------------------------------
WARN 2022-09-30 11:16:47,681 - Executing rules analysis for technology kotlin
WARN 2022-09-30 11:16:47,681 - -----------------------------------------------------
WARN 2022-09-30 11:16:47,681 - directory: D:\Repos\Brideweave Crypto Repo\Re-Testing\bwbucket-bw-crypto-android-06c0c79b19d7
WARN 2022-09-30 11:16:47,682 - bill-of-materials: 
WARN 2022-09-30 11:16:47,682 - bill-of-materials format: 
WARN 2022-09-30 11:16:47,682 - includes: 
WARN 2022-09-30 11:16:47,682 - excludes: **/src/test/**,**/__MACOSX/**,**/*.min.js,**/*.Designer.vb,**/*.designer.vb,**/*Reference.vb,**/*Service.vb,**/*Silverlight.vb,**/*.Designer.cs,**/*.designer.cs,**/*Reference.cs,**/*Service.cs,**/*Silverlight.cs,**/.*,**/Pods/BuildHeaders/**/*.h,**/Pods/Headers/**/*.h,**/node_modules/**,**/bower_components/**,**/target/**,**/bin/**,**/obj/**,**/dist/**,**/lib/**
WARN 2022-09-30 11:16:47,682 - configuration: D:\Software\KiuwanLocalAnalyzer\bin\..\conf\apps\Bridgeweave Android.properties
WARN 2022-09-30 11:16:47,682 - VM version: 1.8.0_333
WARN 2022-09-30 11:16:47,774 - VM settings:
WARN 2022-09-30 11:16:47,775 -     Stack Size: 2.00M
WARN 2022-09-30 11:16:47,776 -     Min. Heap Size: 128.00M
WARN 2022-09-30 11:16:47,776 -     Max. Heap Size: 1.00G
WARN 2022-09-30 11:16:47,776 -     Ergonomics Machine Class: client
WARN 2022-09-30 11:16:47,776 -     Using VM: Java HotSpot(TM) 64-Bit Server VM
WARN 2022-09-30 11:16:47,776 - 
INFO 2022-09-30 11:17:19,749 - Moving 1 file to D:\Software\KiuwanLocalAnalyzer\temp\Bridgeweave Android.6055402220217230973\results
INFO 2022-09-30 11:17:19,756 - Deleting: D:\Software\KiuwanLocalAnalyzer\temp\Bridgeweave Android.6055402220217230973\results\rules_kotlin.key
WARN 2022-09-30 11:17:19,918 - -----------------------------------------------------
WARN 2022-09-30 11:17:19,918 - Executing metrics analysis for technology kotlin
WARN 2022-09-30 11:17:19,918 - -----------------------------------------------------
WARN 2022-09-30 11:17:19,918 - directory: D:\Repos\Brideweave Crypto Repo\Re-Testing\bwbucket-bw-crypto-android-06c0c79b19d7
WARN 2022-09-30 11:17:19,918 - bill-of-materials: 
WARN 2022-09-30 11:17:19,918 - bill-of-materials format: 
WARN 2022-09-30 11:17:19,918 - includes: 
WARN 2022-09-30 11:17:19,918 - excludes: **/src/test/**,**/__MACOSX/**,**/*.min.js,**/*.Designer.vb,**/*.designer.vb,**/*Reference.vb,**/*Service.vb,**/*Silverlight.vb,**/*.Designer.cs,**/*.designer.cs,**/*Reference.cs,**/*Service.cs,**/*Silverlight.cs,**/.*,**/Pods/BuildHeaders/**/*.h,**/Pods/Headers/**/*.h,**/node_modules/**,**/bower_components/**,**/target/**,**/bin/**,**/obj/**,**/dist/**,**/lib/**
WARN 2022-09-30 11:17:19,918 - configuration: D:\Software\KiuwanLocalAnalyzer\bin\..\conf\apps\Bridgeweave Android.properties
WARN 2022-09-30 11:17:19,919 - VM version: 1.8.0_333
WARN 2022-09-30 11:17:20,008 - VM settings:
WARN 2022-09-30 11:17:20,010 -     Stack Size: 2.00M
WARN 2022-09-30 11:17:20,010 -     Min. Heap Size: 128.00M
WARN 2022-09-30 11:17:20,010 -     Max. Heap Size: 1.00G
WARN 2022-09-30 11:17:20,010 -     Ergonomics Machine Class: client
WARN 2022-09-30 11:17:20,010 -     Using VM: Java HotSpot(TM) 64-Bit Server VM
WARN 2022-09-30 11:17:20,010 - 
INFO 2022-09-30 11:17:30,685 - Moving 1 file to D:\Software\KiuwanLocalAnalyzer\temp\Bridgeweave Android.6055402220217230973\results
INFO 2022-09-30 11:17:30,692 - Deleting: D:\Software\KiuwanLocalAnalyzer\temp\Bridgeweave Android.6055402220217230973\results\metrics_kotlin.key
INFO 2022-09-30 11:17:30,698 - Update global report: STARTED
INFO 2022-09-30 11:17:30,706 - Update global report: FINISHED
INFO 2022-09-30 11:17:30,707 - Upload results to kiuwan: STARTED
INFO 2022-09-30 11:17:39,238 - Upload results to kiuwan: FINISHED
INFO 2022-09-30 11:17:39,239 - Retrieve complete results from kiuwan: STARTED
INFO 2022-09-30 11:17:42,094 - Retrieve complete results from kiuwan: FINISHED
INFO 2022-09-30 11:17:42,095 - Register analysis code in global report: STARTED
INFO 2022-09-30 11:17:42,095 - Register analysis code in global report: FINISHED
INFO 2022-09-30 11:17:42,101 - Analysis finished: A-7e6-1838bee60cb
