INFO 2022-09-30 11:17:22,709 - com.optimyth.qaking.codeanalysis.metadata.model.LibrariesResolver: Metadata libraries FACTORY directory added = D:\Software\KiuwanLocalAnalyzer\libraries
INFO 2022-09-30 11:17:22,710 - com.optimyth.qaking.codeanalysis.metadata.model.LibrariesResolver: Metadata libraries resolver found 1 directories to inspect: [D:\Software\KiuwanLocalAnalyzer\libraries]
WARN 2022-09-30 11:17:24,043 - com.als.core.main.SingleTechnologyStaticAnalyzer: ***************************************************
WARN 2022-09-30 11:17:24,044 - com.als.core.main.SingleTechnologyStaticAnalyzer: File: D:\Repos\Brideweave Crypto Repo\Re-Testing\bwbucket-bw-crypto-android-06c0c79b19d7\features\hunter\src\main\java\com\investorai\hunter\data\repository\HunterRepositoryImpl.kt
WARN 2022-09-30 11:17:24,049 - com.als.core.main.SingleTechnologyStaticAnalyzer: Technology: kotlin
WARN 2022-09-30 11:17:24,051 - com.als.core.main.SingleTechnologyStaticAnalyzer: Message: Cannot parse D:\Repos\Brideweave Crypto Repo\Re-Testing\bwbucket-bw-crypto-android-06c0c79b19d7\features\hunter\src\main\java\com\investorai\hunter\data\repository\HunterRepositoryImpl.kt, due to: com.kiuwan.qaking.kotlin.parser.ParseException: Encountered ")" at line 132, column 5.
WARN 2022-09-30 11:17:24,053 - com.als.core.main.SingleTechnologyStaticAnalyzer: Stack:
WARN 2022-09-30 11:17:24,053 - com.als.core.main.SingleTechnologyStaticAnalyzer: com.als.core.parser.ParseException: Cannot parse D:\Repos\Brideweave Crypto Repo\Re-Testing\bwbucket-bw-crypto-android-06c0c79b19d7\features\hunter\src\main\java\com\investorai\hunter\data\repository\HunterRepositoryImpl.kt, due to: com.kiuwan.qaking.kotlin.parser.ParseException: Encountered ")" at line 132, column 5.
Was expecting one of:
    "=" ...
    <NL> ...
    "<" ...
    "." ...
    "?" ...
    
	at com.als.core.parser.AbstractReaderParser.wrapException(AbstractReaderParser.java:98)
	at com.als.core.parser.AbstractReaderParser.throwParseException(AbstractReaderParser.java:93)
...

WARN 2022-09-30 11:17:24,053 - com.als.core.main.SingleTechnologyStaticAnalyzer: Original code: lines 130/134
WARN 2022-09-30 11:17:24,053 - com.als.core.main.SingleTechnologyStaticAnalyzer:         frequency: String

    ): DataResult<AllocationDetailsResponse> {
        return networkExtension.safeApiCall {
            hunterApi.yourAllocation(

WARN 2022-09-30 11:17:24,053 - com.als.core.main.SingleTechnologyStaticAnalyzer: ***************************************************
WARN 2022-09-30 11:17:24,277 - com.als.core.main.SingleTechnologyStaticAnalyzer: ***************************************************
WARN 2022-09-30 11:17:24,278 - com.als.core.main.SingleTechnologyStaticAnalyzer: File: D:\Repos\Brideweave Crypto Repo\Re-Testing\bwbucket-bw-crypto-android-06c0c79b19d7\features\strategies\src\main\java\com\investorai\strategies\data\repository\CryptoStrategiesRepository.kt
WARN 2022-09-30 11:17:24,278 - com.als.core.main.SingleTechnologyStaticAnalyzer: Technology: kotlin
WARN 2022-09-30 11:17:24,278 - com.als.core.main.SingleTechnologyStaticAnalyzer: Message: Cannot parse D:\Repos\Brideweave Crypto Repo\Re-Testing\bwbucket-bw-crypto-android-06c0c79b19d7\features\strategies\src\main\java\com\investorai\strategies\data\repository\CryptoStrategiesRepository.kt, due to: com.kiuwan.qaking.kotlin.parser.ParseException: Encountered ")" at line 50, column 5.
WARN 2022-09-30 11:17:24,278 - com.als.core.main.SingleTechnologyStaticAnalyzer: Stack:
WARN 2022-09-30 11:17:24,278 - com.als.core.main.SingleTechnologyStaticAnalyzer: com.als.core.parser.ParseException: Cannot parse D:\Repos\Brideweave Crypto Repo\Re-Testing\bwbucket-bw-crypto-android-06c0c79b19d7\features\strategies\src\main\java\com\investorai\strategies\data\repository\CryptoStrategiesRepository.kt, due to: com.kiuwan.qaking.kotlin.parser.ParseException: Encountered ")" at line 50, column 5.
Was expecting one of:
    "=" ...
    <NL> ...
    "<" ...
    "." ...
    "?" ...
    
	at com.als.core.parser.AbstractReaderParser.wrapException(AbstractReaderParser.java:98)
	at com.als.core.parser.AbstractReaderParser.throwParseException(AbstractReaderParser.java:93)
...

WARN 2022-09-30 11:17:24,278 - com.als.core.main.SingleTechnologyStaticAnalyzer: Original code: lines 48/52
WARN 2022-09-30 11:17:24,278 - com.als.core.main.SingleTechnologyStaticAnalyzer:         currency: String

    ): DataResult<StratergyConfirmResponse>

    suspend fun fetchAvailableUnitTrading(exchangeCode: String): DataResult<AvailableTradingUnitResponse>

WARN 2022-09-30 11:17:24,278 - com.als.core.main.SingleTechnologyStaticAnalyzer: ***************************************************
WARN 2022-09-30 11:17:24,283 - com.als.core.main.SingleTechnologyStaticAnalyzer: ***************************************************
WARN 2022-09-30 11:17:24,283 - com.als.core.main.SingleTechnologyStaticAnalyzer: File: D:\Repos\Brideweave Crypto Repo\Re-Testing\bwbucket-bw-crypto-android-06c0c79b19d7\features\strategies\src\main\java\com\investorai\strategies\data\repository\CryptoStrategiesRepositoryImpl.kt
WARN 2022-09-30 11:17:24,283 - com.als.core.main.SingleTechnologyStaticAnalyzer: Technology: kotlin
WARN 2022-09-30 11:17:24,283 - com.als.core.main.SingleTechnologyStaticAnalyzer: Message: Cannot parse D:\Repos\Brideweave Crypto Repo\Re-Testing\bwbucket-bw-crypto-android-06c0c79b19d7\features\strategies\src\main\java\com\investorai\strategies\data\repository\CryptoStrategiesRepositoryImpl.kt, due to: com.kiuwan.qaking.kotlin.parser.ParseException: Encountered ")" at line 127, column 5.
WARN 2022-09-30 11:17:24,283 - com.als.core.main.SingleTechnologyStaticAnalyzer: Stack:
WARN 2022-09-30 11:17:24,283 - com.als.core.main.SingleTechnologyStaticAnalyzer: com.als.core.parser.ParseException: Cannot parse D:\Repos\Brideweave Crypto Repo\Re-Testing\bwbucket-bw-crypto-android-06c0c79b19d7\features\strategies\src\main\java\com\investorai\strategies\data\repository\CryptoStrategiesRepositoryImpl.kt, due to: com.kiuwan.qaking.kotlin.parser.ParseException: Encountered ")" at line 127, column 5.
Was expecting one of:
    "=" ...
    <NL> ...
    "<" ...
    "." ...
    "?" ...
    
	at com.als.core.parser.AbstractReaderParser.wrapException(AbstractReaderParser.java:98)
	at com.als.core.parser.AbstractReaderParser.throwParseException(AbstractReaderParser.java:93)
...

WARN 2022-09-30 11:17:24,283 - com.als.core.main.SingleTechnologyStaticAnalyzer: Original code: lines 125/129
WARN 2022-09-30 11:17:24,283 - com.als.core.main.SingleTechnologyStaticAnalyzer: 

    ): DataResult<StratergyConfirmResponse> {
        return networkExtension.safeApiCall {
            cryptoStrategiesApi.getConfirmStratergies(

WARN 2022-09-30 11:17:24,283 - com.als.core.main.SingleTechnologyStaticAnalyzer: ***************************************************
WARN 2022-09-30 11:17:24,352 - com.als.core.main.SingleTechnologyStaticAnalyzer: ***************************************************
WARN 2022-09-30 11:17:24,352 - com.als.core.main.SingleTechnologyStaticAnalyzer: File: D:\Repos\Brideweave Crypto Repo\Re-Testing\bwbucket-bw-crypto-android-06c0c79b19d7\features\strategies\src\main\java\com\investorai\strategies\presentation\add\viewmodel\StrategiesAccountViewModel.kt
WARN 2022-09-30 11:17:24,352 - com.als.core.main.SingleTechnologyStaticAnalyzer: Technology: kotlin
WARN 2022-09-30 11:17:24,352 - com.als.core.main.SingleTechnologyStaticAnalyzer: Message: Cannot parse D:\Repos\Brideweave Crypto Repo\Re-Testing\bwbucket-bw-crypto-android-06c0c79b19d7\features\strategies\src\main\java\com\investorai\strategies\presentation\add\viewmodel\StrategiesAccountViewModel.kt, due to: com.kiuwan.qaking.kotlin.parser.ParseException: Encountered ")" at line 314, column 5.
WARN 2022-09-30 11:17:24,353 - com.als.core.main.SingleTechnologyStaticAnalyzer: Stack:
WARN 2022-09-30 11:17:24,353 - com.als.core.main.SingleTechnologyStaticAnalyzer: com.als.core.parser.ParseException: Cannot parse D:\Repos\Brideweave Crypto Repo\Re-Testing\bwbucket-bw-crypto-android-06c0c79b19d7\features\strategies\src\main\java\com\investorai\strategies\presentation\add\viewmodel\StrategiesAccountViewModel.kt, due to: com.kiuwan.qaking.kotlin.parser.ParseException: Encountered ")" at line 314, column 5.
Was expecting one of:
    "=" ...
    <NL> ...
    "<" ...
    "." ...
    "?" ...
    
	at com.als.core.parser.AbstractReaderParser.wrapException(AbstractReaderParser.java:98)
	at com.als.core.parser.AbstractReaderParser.throwParseException(AbstractReaderParser.java:93)
...

WARN 2022-09-30 11:17:24,353 - com.als.core.main.SingleTechnologyStaticAnalyzer: Original code: lines 312/316
WARN 2022-09-30 11:17:24,353 - com.als.core.main.SingleTechnologyStaticAnalyzer:         strategyType: String

    ) {
        emitState(StrategiesState.Loading)
        launch {

WARN 2022-09-30 11:17:24,353 - com.als.core.main.SingleTechnologyStaticAnalyzer: ***************************************************
