INFO 2022-09-30 11:16:50,623 - com.optimyth.qaking.codeanalysis.metadata.model.LibrariesResolver: Metadata libraries FACTORY directory added = D:\Software\KiuwanLocalAnalyzer\libraries
INFO 2022-09-30 11:16:50,624 - com.optimyth.qaking.codeanalysis.metadata.model.LibrariesResolver: Metadata libraries resolver found 1 directories to inspect: [D:\Software\KiuwanLocalAnalyzer\libraries]
WARN 2022-09-30 11:16:57,402 - com.kiuwan.qaking.kotlin.tainting.CachedClassResolver: Cannot parse file: D:\Repos\Brideweave Crypto Repo\Re-Testing\bwbucket-bw-crypto-android-06c0c79b19d7\features\strategies\src\main\java\com\investorai\strategies\presentation\add\viewmodel\StrategiesAccountViewModel.kt
WARN 2022-09-30 11:16:57,572 - com.kiuwan.qaking.kotlin.tainting.CachedClassResolver: Cannot parse file: D:\Repos\Brideweave Crypto Repo\Re-Testing\bwbucket-bw-crypto-android-06c0c79b19d7\features\strategies\src\main\java\com\investorai\strategies\data\repository\CryptoStrategiesRepository.kt
INFO 2022-09-30 11:16:59,079 - com.optimyth.qaking.codeanalysis.redos.RegexNfaAnalyzer$AnalysisRunner: Error analyzing regular expression: \
java.lang.ArrayIndexOutOfBoundsException: 1
	at regexcompiler.MyPattern$Tokeniser.tokenise(MyPattern.java:165)
	at regexcompiler.MyPattern$Tokeniser.access$100(MyPattern.java:103)
	at regexcompiler.MyPattern.toNFAGraph(MyPattern.java:83)
	at com.optimyth.qaking.codeanalysis.redos.RegexNfaAnalyzer$AnalysisRunner.run(RegexNfaAnalyzer.java:225)
	at java.util.concurrent.Executors$RunnableAdapter.call(Unknown Source)
	at java.util.concurrent.FutureTask.run(Unknown Source)
	at java.util.concurrent.ThreadPoolExecutor.runWorker(Unknown Source)
	at java.util.concurrent.ThreadPoolExecutor$Worker.run(Unknown Source)
	at java.lang.Thread.run(Unknown Source)
INFO 2022-09-30 11:17:02,127 - com.optimyth.qaking.codeanalysis.redos.RegexNfaAnalyzer$AnalysisRunner: Error analyzing regular expression: [*
java.util.regex.PatternSyntaxException: Unclosed character class near index 2
[*
	at regexcompiler.MyPattern$Tokeniser.createTokenCharacterClass(MyPattern.java:329)
	at regexcompiler.MyPattern$Tokeniser.tokenise(MyPattern.java:143)
	at regexcompiler.MyPattern$Tokeniser.access$100(MyPattern.java:103)
	at regexcompiler.MyPattern.toNFAGraph(MyPattern.java:83)
	at com.optimyth.qaking.codeanalysis.redos.RegexNfaAnalyzer$AnalysisRunner.run(RegexNfaAnalyzer.java:225)
	at java.util.concurrent.Executors$RunnableAdapter.call(Unknown Source)
	at java.util.concurrent.FutureTask.run(Unknown Source)
	at java.util.concurrent.ThreadPoolExecutor.runWorker(Unknown Source)
	at java.util.concurrent.ThreadPoolExecutor$Worker.run(Unknown Source)
	at java.lang.Thread.run(Unknown Source)
INFO 2022-09-30 11:17:02,131 - com.optimyth.qaking.codeanalysis.redos.RegexNfaAnalyzer$AnalysisRunner: Error analyzing regular expression: *]
java.util.regex.PatternSyntaxException: Dangling meta character '*' near index 1
*]
 ^
	at regexcompiler.MyPattern$Parser.parseTerm(MyPattern.java:605)
	at regexcompiler.MyPattern$Parser.parseRegex(MyPattern.java:564)
	at regexcompiler.MyPattern$Parser.parse(MyPattern.java:546)
	at regexcompiler.MyPattern.toNFAGraph(MyPattern.java:86)
	at com.optimyth.qaking.codeanalysis.redos.RegexNfaAnalyzer$AnalysisRunner.run(RegexNfaAnalyzer.java:225)
	at java.util.concurrent.Executors$RunnableAdapter.call(Unknown Source)
	at java.util.concurrent.FutureTask.run(Unknown Source)
	at java.util.concurrent.ThreadPoolExecutor.runWorker(Unknown Source)
	at java.util.concurrent.ThreadPoolExecutor$Worker.run(Unknown Source)
	at java.lang.Thread.run(Unknown Source)
INFO 2022-09-30 11:17:02,133 - com.optimyth.qaking.codeanalysis.redos.RegexNfaAnalyzer$AnalysisRunner: Error analyzing regular expression: [*
java.util.regex.PatternSyntaxException: Unclosed character class near index 2
[*
	at regexcompiler.MyPattern$Tokeniser.createTokenCharacterClass(MyPattern.java:329)
	at regexcompiler.MyPattern$Tokeniser.tokenise(MyPattern.java:143)
	at regexcompiler.MyPattern$Tokeniser.access$100(MyPattern.java:103)
	at regexcompiler.MyPattern.toNFAGraph(MyPattern.java:83)
	at com.optimyth.qaking.codeanalysis.redos.RegexNfaAnalyzer$AnalysisRunner.run(RegexNfaAnalyzer.java:225)
	at java.util.concurrent.Executors$RunnableAdapter.call(Unknown Source)
	at java.util.concurrent.FutureTask.run(Unknown Source)
	at java.util.concurrent.ThreadPoolExecutor.runWorker(Unknown Source)
	at java.util.concurrent.ThreadPoolExecutor$Worker.run(Unknown Source)
	at java.lang.Thread.run(Unknown Source)
INFO 2022-09-30 11:17:02,134 - com.optimyth.qaking.codeanalysis.redos.RegexNfaAnalyzer$AnalysisRunner: Error analyzing regular expression: *]
java.util.regex.PatternSyntaxException: Dangling meta character '*' near index 1
*]
 ^
	at regexcompiler.MyPattern$Parser.parseTerm(MyPattern.java:605)
	at regexcompiler.MyPattern$Parser.parseRegex(MyPattern.java:564)
	at regexcompiler.MyPattern$Parser.parse(MyPattern.java:546)
	at regexcompiler.MyPattern.toNFAGraph(MyPattern.java:86)
	at com.optimyth.qaking.codeanalysis.redos.RegexNfaAnalyzer$AnalysisRunner.run(RegexNfaAnalyzer.java:225)
	at java.util.concurrent.Executors$RunnableAdapter.call(Unknown Source)
	at java.util.concurrent.FutureTask.run(Unknown Source)
	at java.util.concurrent.ThreadPoolExecutor.runWorker(Unknown Source)
	at java.util.concurrent.ThreadPoolExecutor$Worker.run(Unknown Source)
	at java.lang.Thread.run(Unknown Source)
INFO 2022-09-30 11:17:02,763 - com.optimyth.qaking.codeanalysis.redos.RegexNfaAnalyzer$AnalysisRunner: Error analyzing regular expression: [*
java.util.regex.PatternSyntaxException: Unclosed character class near index 2
[*
	at regexcompiler.MyPattern$Tokeniser.createTokenCharacterClass(MyPattern.java:329)
	at regexcompiler.MyPattern$Tokeniser.tokenise(MyPattern.java:143)
	at regexcompiler.MyPattern$Tokeniser.access$100(MyPattern.java:103)
	at regexcompiler.MyPattern.toNFAGraph(MyPattern.java:83)
	at com.optimyth.qaking.codeanalysis.redos.RegexNfaAnalyzer$AnalysisRunner.run(RegexNfaAnalyzer.java:225)
	at java.util.concurrent.Executors$RunnableAdapter.call(Unknown Source)
	at java.util.concurrent.FutureTask.run(Unknown Source)
	at java.util.concurrent.ThreadPoolExecutor.runWorker(Unknown Source)
	at java.util.concurrent.ThreadPoolExecutor$Worker.run(Unknown Source)
	at java.lang.Thread.run(Unknown Source)
INFO 2022-09-30 11:17:02,765 - com.optimyth.qaking.codeanalysis.redos.RegexNfaAnalyzer$AnalysisRunner: Error analyzing regular expression: *]
java.util.regex.PatternSyntaxException: Dangling meta character '*' near index 1
*]
 ^
	at regexcompiler.MyPattern$Parser.parseTerm(MyPattern.java:605)
	at regexcompiler.MyPattern$Parser.parseRegex(MyPattern.java:564)
	at regexcompiler.MyPattern$Parser.parse(MyPattern.java:546)
	at regexcompiler.MyPattern.toNFAGraph(MyPattern.java:86)
	at com.optimyth.qaking.codeanalysis.redos.RegexNfaAnalyzer$AnalysisRunner.run(RegexNfaAnalyzer.java:225)
	at java.util.concurrent.Executors$RunnableAdapter.call(Unknown Source)
	at java.util.concurrent.FutureTask.run(Unknown Source)
	at java.util.concurrent.ThreadPoolExecutor.runWorker(Unknown Source)
	at java.util.concurrent.ThreadPoolExecutor$Worker.run(Unknown Source)
	at java.lang.Thread.run(Unknown Source)
INFO 2022-09-30 11:17:02,766 - com.optimyth.qaking.codeanalysis.redos.RegexNfaAnalyzer$AnalysisRunner: Error analyzing regular expression: [*
java.util.regex.PatternSyntaxException: Unclosed character class near index 2
[*
	at regexcompiler.MyPattern$Tokeniser.createTokenCharacterClass(MyPattern.java:329)
	at regexcompiler.MyPattern$Tokeniser.tokenise(MyPattern.java:143)
	at regexcompiler.MyPattern$Tokeniser.access$100(MyPattern.java:103)
	at regexcompiler.MyPattern.toNFAGraph(MyPattern.java:83)
	at com.optimyth.qaking.codeanalysis.redos.RegexNfaAnalyzer$AnalysisRunner.run(RegexNfaAnalyzer.java:225)
	at java.util.concurrent.Executors$RunnableAdapter.call(Unknown Source)
	at java.util.concurrent.FutureTask.run(Unknown Source)
	at java.util.concurrent.ThreadPoolExecutor.runWorker(Unknown Source)
	at java.util.concurrent.ThreadPoolExecutor$Worker.run(Unknown Source)
	at java.lang.Thread.run(Unknown Source)
INFO 2022-09-30 11:17:02,767 - com.optimyth.qaking.codeanalysis.redos.RegexNfaAnalyzer$AnalysisRunner: Error analyzing regular expression: *]
java.util.regex.PatternSyntaxException: Dangling meta character '*' near index 1
*]
 ^
	at regexcompiler.MyPattern$Parser.parseTerm(MyPattern.java:605)
	at regexcompiler.MyPattern$Parser.parseRegex(MyPattern.java:564)
	at regexcompiler.MyPattern$Parser.parse(MyPattern.java:546)
	at regexcompiler.MyPattern.toNFAGraph(MyPattern.java:86)
	at com.optimyth.qaking.codeanalysis.redos.RegexNfaAnalyzer$AnalysisRunner.run(RegexNfaAnalyzer.java:225)
	at java.util.concurrent.Executors$RunnableAdapter.call(Unknown Source)
	at java.util.concurrent.FutureTask.run(Unknown Source)
	at java.util.concurrent.ThreadPoolExecutor.runWorker(Unknown Source)
	at java.util.concurrent.ThreadPoolExecutor$Worker.run(Unknown Source)
	at java.lang.Thread.run(Unknown Source)
INFO 2022-09-30 11:17:02,768 - com.optimyth.qaking.codeanalysis.redos.RegexNfaAnalyzer$AnalysisRunner: Error analyzing regular expression: [**
java.util.regex.PatternSyntaxException: Unclosed character class near index 3
[**
	at regexcompiler.MyPattern$Tokeniser.createTokenCharacterClass(MyPattern.java:329)
	at regexcompiler.MyPattern$Tokeniser.tokenise(MyPattern.java:143)
	at regexcompiler.MyPattern$Tokeniser.access$100(MyPattern.java:103)
	at regexcompiler.MyPattern.toNFAGraph(MyPattern.java:83)
	at com.optimyth.qaking.codeanalysis.redos.RegexNfaAnalyzer$AnalysisRunner.run(RegexNfaAnalyzer.java:225)
	at java.util.concurrent.Executors$RunnableAdapter.call(Unknown Source)
	at java.util.concurrent.FutureTask.run(Unknown Source)
	at java.util.concurrent.ThreadPoolExecutor.runWorker(Unknown Source)
	at java.util.concurrent.ThreadPoolExecutor$Worker.run(Unknown Source)
	at java.lang.Thread.run(Unknown Source)
INFO 2022-09-30 11:17:02,768 - com.optimyth.qaking.codeanalysis.redos.RegexNfaAnalyzer$AnalysisRunner: Error analyzing regular expression: **]
java.util.regex.PatternSyntaxException: Dangling meta character '*' near index 1
**]
 ^
	at regexcompiler.MyPattern$Parser.parseTerm(MyPattern.java:605)
	at regexcompiler.MyPattern$Parser.parseRegex(MyPattern.java:564)
	at regexcompiler.MyPattern$Parser.parse(MyPattern.java:546)
	at regexcompiler.MyPattern.toNFAGraph(MyPattern.java:86)
	at com.optimyth.qaking.codeanalysis.redos.RegexNfaAnalyzer$AnalysisRunner.run(RegexNfaAnalyzer.java:225)
	at java.util.concurrent.Executors$RunnableAdapter.call(Unknown Source)
	at java.util.concurrent.FutureTask.run(Unknown Source)
	at java.util.concurrent.ThreadPoolExecutor.runWorker(Unknown Source)
	at java.util.concurrent.ThreadPoolExecutor$Worker.run(Unknown Source)
	at java.lang.Thread.run(Unknown Source)
INFO 2022-09-30 11:17:03,230 - com.optimyth.qaking.codeanalysis.redos.RegexNfaAnalyzer$AnalysisRunner: Error analyzing regular expression: [*
java.util.regex.PatternSyntaxException: Unclosed character class near index 2
[*
	at regexcompiler.MyPattern$Tokeniser.createTokenCharacterClass(MyPattern.java:329)
	at regexcompiler.MyPattern$Tokeniser.tokenise(MyPattern.java:143)
	at regexcompiler.MyPattern$Tokeniser.access$100(MyPattern.java:103)
	at regexcompiler.MyPattern.toNFAGraph(MyPattern.java:83)
	at com.optimyth.qaking.codeanalysis.redos.RegexNfaAnalyzer$AnalysisRunner.run(RegexNfaAnalyzer.java:225)
	at java.util.concurrent.Executors$RunnableAdapter.call(Unknown Source)
	at java.util.concurrent.FutureTask.run(Unknown Source)
	at java.util.concurrent.ThreadPoolExecutor.runWorker(Unknown Source)
	at java.util.concurrent.ThreadPoolExecutor$Worker.run(Unknown Source)
	at java.lang.Thread.run(Unknown Source)
INFO 2022-09-30 11:17:03,231 - com.optimyth.qaking.codeanalysis.redos.RegexNfaAnalyzer$AnalysisRunner: Error analyzing regular expression: *]
java.util.regex.PatternSyntaxException: Dangling meta character '*' near index 1
*]
 ^
	at regexcompiler.MyPattern$Parser.parseTerm(MyPattern.java:605)
	at regexcompiler.MyPattern$Parser.parseRegex(MyPattern.java:564)
	at regexcompiler.MyPattern$Parser.parse(MyPattern.java:546)
	at regexcompiler.MyPattern.toNFAGraph(MyPattern.java:86)
	at com.optimyth.qaking.codeanalysis.redos.RegexNfaAnalyzer$AnalysisRunner.run(RegexNfaAnalyzer.java:225)
	at java.util.concurrent.Executors$RunnableAdapter.call(Unknown Source)
	at java.util.concurrent.FutureTask.run(Unknown Source)
	at java.util.concurrent.ThreadPoolExecutor.runWorker(Unknown Source)
	at java.util.concurrent.ThreadPoolExecutor$Worker.run(Unknown Source)
	at java.lang.Thread.run(Unknown Source)
INFO 2022-09-30 11:17:03,233 - com.optimyth.qaking.codeanalysis.redos.RegexNfaAnalyzer$AnalysisRunner: Error analyzing regular expression: [*
java.util.regex.PatternSyntaxException: Unclosed character class near index 2
[*
	at regexcompiler.MyPattern$Tokeniser.createTokenCharacterClass(MyPattern.java:329)
	at regexcompiler.MyPattern$Tokeniser.tokenise(MyPattern.java:143)
	at regexcompiler.MyPattern$Tokeniser.access$100(MyPattern.java:103)
	at regexcompiler.MyPattern.toNFAGraph(MyPattern.java:83)
	at com.optimyth.qaking.codeanalysis.redos.RegexNfaAnalyzer$AnalysisRunner.run(RegexNfaAnalyzer.java:225)
	at java.util.concurrent.Executors$RunnableAdapter.call(Unknown Source)
	at java.util.concurrent.FutureTask.run(Unknown Source)
	at java.util.concurrent.ThreadPoolExecutor.runWorker(Unknown Source)
	at java.util.concurrent.ThreadPoolExecutor$Worker.run(Unknown Source)
	at java.lang.Thread.run(Unknown Source)
INFO 2022-09-30 11:17:03,234 - com.optimyth.qaking.codeanalysis.redos.RegexNfaAnalyzer$AnalysisRunner: Error analyzing regular expression: *]
java.util.regex.PatternSyntaxException: Dangling meta character '*' near index 1
*]
 ^
	at regexcompiler.MyPattern$Parser.parseTerm(MyPattern.java:605)
	at regexcompiler.MyPattern$Parser.parseRegex(MyPattern.java:564)
	at regexcompiler.MyPattern$Parser.parse(MyPattern.java:546)
	at regexcompiler.MyPattern.toNFAGraph(MyPattern.java:86)
	at com.optimyth.qaking.codeanalysis.redos.RegexNfaAnalyzer$AnalysisRunner.run(RegexNfaAnalyzer.java:225)
	at java.util.concurrent.Executors$RunnableAdapter.call(Unknown Source)
	at java.util.concurrent.FutureTask.run(Unknown Source)
	at java.util.concurrent.ThreadPoolExecutor.runWorker(Unknown Source)
	at java.util.concurrent.ThreadPoolExecutor$Worker.run(Unknown Source)
	at java.lang.Thread.run(Unknown Source)
INFO 2022-09-30 11:17:03,240 - com.optimyth.qaking.codeanalysis.redos.RegexNfaAnalyzer$AnalysisRunner: Error analyzing regular expression: [*
java.util.regex.PatternSyntaxException: Unclosed character class near index 2
[*
	at regexcompiler.MyPattern$Tokeniser.createTokenCharacterClass(MyPattern.java:329)
	at regexcompiler.MyPattern$Tokeniser.tokenise(MyPattern.java:143)
	at regexcompiler.MyPattern$Tokeniser.access$100(MyPattern.java:103)
	at regexcompiler.MyPattern.toNFAGraph(MyPattern.java:83)
	at com.optimyth.qaking.codeanalysis.redos.RegexNfaAnalyzer$AnalysisRunner.run(RegexNfaAnalyzer.java:225)
	at java.util.concurrent.Executors$RunnableAdapter.call(Unknown Source)
	at java.util.concurrent.FutureTask.run(Unknown Source)
	at java.util.concurrent.ThreadPoolExecutor.runWorker(Unknown Source)
	at java.util.concurrent.ThreadPoolExecutor$Worker.run(Unknown Source)
	at java.lang.Thread.run(Unknown Source)
INFO 2022-09-30 11:17:03,240 - com.optimyth.qaking.codeanalysis.redos.RegexNfaAnalyzer$AnalysisRunner: Error analyzing regular expression: *]
java.util.regex.PatternSyntaxException: Dangling meta character '*' near index 1
*]
 ^
	at regexcompiler.MyPattern$Parser.parseTerm(MyPattern.java:605)
	at regexcompiler.MyPattern$Parser.parseRegex(MyPattern.java:564)
	at regexcompiler.MyPattern$Parser.parse(MyPattern.java:546)
	at regexcompiler.MyPattern.toNFAGraph(MyPattern.java:86)
	at com.optimyth.qaking.codeanalysis.redos.RegexNfaAnalyzer$AnalysisRunner.run(RegexNfaAnalyzer.java:225)
	at java.util.concurrent.Executors$RunnableAdapter.call(Unknown Source)
	at java.util.concurrent.FutureTask.run(Unknown Source)
	at java.util.concurrent.ThreadPoolExecutor.runWorker(Unknown Source)
	at java.util.concurrent.ThreadPoolExecutor$Worker.run(Unknown Source)
	at java.lang.Thread.run(Unknown Source)
INFO 2022-09-30 11:17:03,241 - com.optimyth.qaking.codeanalysis.redos.RegexNfaAnalyzer$AnalysisRunner: Error analyzing regular expression: [*
java.util.regex.PatternSyntaxException: Unclosed character class near index 2
[*
	at regexcompiler.MyPattern$Tokeniser.createTokenCharacterClass(MyPattern.java:329)
	at regexcompiler.MyPattern$Tokeniser.tokenise(MyPattern.java:143)
	at regexcompiler.MyPattern$Tokeniser.access$100(MyPattern.java:103)
	at regexcompiler.MyPattern.toNFAGraph(MyPattern.java:83)
	at com.optimyth.qaking.codeanalysis.redos.RegexNfaAnalyzer$AnalysisRunner.run(RegexNfaAnalyzer.java:225)
	at java.util.concurrent.Executors$RunnableAdapter.call(Unknown Source)
	at java.util.concurrent.FutureTask.run(Unknown Source)
	at java.util.concurrent.ThreadPoolExecutor.runWorker(Unknown Source)
	at java.util.concurrent.ThreadPoolExecutor$Worker.run(Unknown Source)
	at java.lang.Thread.run(Unknown Source)
INFO 2022-09-30 11:17:03,242 - com.optimyth.qaking.codeanalysis.redos.RegexNfaAnalyzer$AnalysisRunner: Error analyzing regular expression: *]
java.util.regex.PatternSyntaxException: Dangling meta character '*' near index 1
*]
 ^
	at regexcompiler.MyPattern$Parser.parseTerm(MyPattern.java:605)
	at regexcompiler.MyPattern$Parser.parseRegex(MyPattern.java:564)
	at regexcompiler.MyPattern$Parser.parse(MyPattern.java:546)
	at regexcompiler.MyPattern.toNFAGraph(MyPattern.java:86)
	at com.optimyth.qaking.codeanalysis.redos.RegexNfaAnalyzer$AnalysisRunner.run(RegexNfaAnalyzer.java:225)
	at java.util.concurrent.Executors$RunnableAdapter.call(Unknown Source)
	at java.util.concurrent.FutureTask.run(Unknown Source)
	at java.util.concurrent.ThreadPoolExecutor.runWorker(Unknown Source)
	at java.util.concurrent.ThreadPoolExecutor$Worker.run(Unknown Source)
	at java.lang.Thread.run(Unknown Source)
WARN 2022-09-30 11:17:08,792 - com.als.core.main.SingleTechnologyStaticAnalyzer: ***************************************************
WARN 2022-09-30 11:17:08,792 - com.als.core.main.SingleTechnologyStaticAnalyzer: File: D:\Repos\Brideweave Crypto Repo\Re-Testing\bwbucket-bw-crypto-android-06c0c79b19d7\features\hunter\src\main\java\com\investorai\hunter\data\repository\HunterRepositoryImpl.kt
WARN 2022-09-30 11:17:08,793 - com.als.core.main.SingleTechnologyStaticAnalyzer: Technology: kotlin
WARN 2022-09-30 11:17:08,793 - com.als.core.main.SingleTechnologyStaticAnalyzer: Message: Cannot parse D:\Repos\Brideweave Crypto Repo\Re-Testing\bwbucket-bw-crypto-android-06c0c79b19d7\features\hunter\src\main\java\com\investorai\hunter\data\repository\HunterRepositoryImpl.kt, due to: com.kiuwan.qaking.kotlin.parser.ParseException: Encountered ")" at line 132, column 5.
WARN 2022-09-30 11:17:08,795 - com.als.core.main.SingleTechnologyStaticAnalyzer: Stack:
WARN 2022-09-30 11:17:08,795 - com.als.core.main.SingleTechnologyStaticAnalyzer: com.als.core.parser.ParseException: Cannot parse D:\Repos\Brideweave Crypto Repo\Re-Testing\bwbucket-bw-crypto-android-06c0c79b19d7\features\hunter\src\main\java\com\investorai\hunter\data\repository\HunterRepositoryImpl.kt, due to: com.kiuwan.qaking.kotlin.parser.ParseException: Encountered ")" at line 132, column 5.
Was expecting one of:
    "=" ...
    <NL> ...
    "<" ...
    "." ...
    "?" ...
    
	at com.als.core.parser.AbstractReaderParser.wrapException(AbstractReaderParser.java:98)
	at com.als.core.parser.AbstractReaderParser.throwParseException(AbstractReaderParser.java:93)
...

WARN 2022-09-30 11:17:08,795 - com.als.core.main.SingleTechnologyStaticAnalyzer: Original code: lines 130/134
WARN 2022-09-30 11:17:08,795 - com.als.core.main.SingleTechnologyStaticAnalyzer:         frequency: String

    ): DataResult<AllocationDetailsResponse> {
        return networkExtension.safeApiCall {
            hunterApi.yourAllocation(

WARN 2022-09-30 11:17:08,795 - com.als.core.main.SingleTechnologyStaticAnalyzer: ***************************************************
WARN 2022-09-30 11:17:10,766 - com.als.core.main.SingleTechnologyStaticAnalyzer: ***************************************************
WARN 2022-09-30 11:17:10,766 - com.als.core.main.SingleTechnologyStaticAnalyzer: File: D:\Repos\Brideweave Crypto Repo\Re-Testing\bwbucket-bw-crypto-android-06c0c79b19d7\features\strategies\src\main\java\com\investorai\strategies\data\repository\CryptoStrategiesRepository.kt
WARN 2022-09-30 11:17:10,766 - com.als.core.main.SingleTechnologyStaticAnalyzer: Technology: kotlin
WARN 2022-09-30 11:17:10,766 - com.als.core.main.SingleTechnologyStaticAnalyzer: Message: Cannot parse D:\Repos\Brideweave Crypto Repo\Re-Testing\bwbucket-bw-crypto-android-06c0c79b19d7\features\strategies\src\main\java\com\investorai\strategies\data\repository\CryptoStrategiesRepository.kt, due to: com.kiuwan.qaking.kotlin.parser.ParseException: Encountered ")" at line 50, column 5.
WARN 2022-09-30 11:17:10,766 - com.als.core.main.SingleTechnologyStaticAnalyzer: Stack:
WARN 2022-09-30 11:17:10,766 - com.als.core.main.SingleTechnologyStaticAnalyzer: com.als.core.parser.ParseException: Cannot parse D:\Repos\Brideweave Crypto Repo\Re-Testing\bwbucket-bw-crypto-android-06c0c79b19d7\features\strategies\src\main\java\com\investorai\strategies\data\repository\CryptoStrategiesRepository.kt, due to: com.kiuwan.qaking.kotlin.parser.ParseException: Encountered ")" at line 50, column 5.
Was expecting one of:
    "=" ...
    <NL> ...
    "<" ...
    "." ...
    "?" ...
    
	at com.als.core.parser.AbstractReaderParser.wrapException(AbstractReaderParser.java:98)
	at com.als.core.parser.AbstractReaderParser.throwParseException(AbstractReaderParser.java:93)
...

WARN 2022-09-30 11:17:10,767 - com.als.core.main.SingleTechnologyStaticAnalyzer: Original code: lines 48/52
WARN 2022-09-30 11:17:10,767 - com.als.core.main.SingleTechnologyStaticAnalyzer:         currency: String

    ): DataResult<StratergyConfirmResponse>

    suspend fun fetchAvailableUnitTrading(exchangeCode: String): DataResult<AvailableTradingUnitResponse>

WARN 2022-09-30 11:17:10,767 - com.als.core.main.SingleTechnologyStaticAnalyzer: ***************************************************
WARN 2022-09-30 11:17:10,769 - com.als.core.main.SingleTechnologyStaticAnalyzer: ***************************************************
WARN 2022-09-30 11:17:10,769 - com.als.core.main.SingleTechnologyStaticAnalyzer: File: D:\Repos\Brideweave Crypto Repo\Re-Testing\bwbucket-bw-crypto-android-06c0c79b19d7\features\strategies\src\main\java\com\investorai\strategies\data\repository\CryptoStrategiesRepositoryImpl.kt
WARN 2022-09-30 11:17:10,769 - com.als.core.main.SingleTechnologyStaticAnalyzer: Technology: kotlin
WARN 2022-09-30 11:17:10,769 - com.als.core.main.SingleTechnologyStaticAnalyzer: Message: Cannot parse D:\Repos\Brideweave Crypto Repo\Re-Testing\bwbucket-bw-crypto-android-06c0c79b19d7\features\strategies\src\main\java\com\investorai\strategies\data\repository\CryptoStrategiesRepositoryImpl.kt, due to: com.kiuwan.qaking.kotlin.parser.ParseException: Encountered ")" at line 127, column 5.
WARN 2022-09-30 11:17:10,769 - com.als.core.main.SingleTechnologyStaticAnalyzer: Stack:
WARN 2022-09-30 11:17:10,769 - com.als.core.main.SingleTechnologyStaticAnalyzer: com.als.core.parser.ParseException: Cannot parse D:\Repos\Brideweave Crypto Repo\Re-Testing\bwbucket-bw-crypto-android-06c0c79b19d7\features\strategies\src\main\java\com\investorai\strategies\data\repository\CryptoStrategiesRepositoryImpl.kt, due to: com.kiuwan.qaking.kotlin.parser.ParseException: Encountered ")" at line 127, column 5.
Was expecting one of:
    "=" ...
    <NL> ...
    "<" ...
    "." ...
    "?" ...
    
	at com.als.core.parser.AbstractReaderParser.wrapException(AbstractReaderParser.java:98)
	at com.als.core.parser.AbstractReaderParser.throwParseException(AbstractReaderParser.java:93)
...

WARN 2022-09-30 11:17:10,769 - com.als.core.main.SingleTechnologyStaticAnalyzer: Original code: lines 125/129
WARN 2022-09-30 11:17:10,769 - com.als.core.main.SingleTechnologyStaticAnalyzer: 

    ): DataResult<StratergyConfirmResponse> {
        return networkExtension.safeApiCall {
            cryptoStrategiesApi.getConfirmStratergies(

WARN 2022-09-30 11:17:10,770 - com.als.core.main.SingleTechnologyStaticAnalyzer: ***************************************************
WARN 2022-09-30 11:17:11,535 - com.als.core.main.SingleTechnologyStaticAnalyzer: ***************************************************
WARN 2022-09-30 11:17:11,535 - com.als.core.main.SingleTechnologyStaticAnalyzer: File: D:\Repos\Brideweave Crypto Repo\Re-Testing\bwbucket-bw-crypto-android-06c0c79b19d7\features\strategies\src\main\java\com\investorai\strategies\presentation\add\viewmodel\StrategiesAccountViewModel.kt
WARN 2022-09-30 11:17:11,535 - com.als.core.main.SingleTechnologyStaticAnalyzer: Technology: kotlin
WARN 2022-09-30 11:17:11,535 - com.als.core.main.SingleTechnologyStaticAnalyzer: Message: Cannot parse D:\Repos\Brideweave Crypto Repo\Re-Testing\bwbucket-bw-crypto-android-06c0c79b19d7\features\strategies\src\main\java\com\investorai\strategies\presentation\add\viewmodel\StrategiesAccountViewModel.kt, due to: com.kiuwan.qaking.kotlin.parser.ParseException: Encountered ")" at line 314, column 5.
WARN 2022-09-30 11:17:11,536 - com.als.core.main.SingleTechnologyStaticAnalyzer: Stack:
WARN 2022-09-30 11:17:11,536 - com.als.core.main.SingleTechnologyStaticAnalyzer: com.als.core.parser.ParseException: Cannot parse D:\Repos\Brideweave Crypto Repo\Re-Testing\bwbucket-bw-crypto-android-06c0c79b19d7\features\strategies\src\main\java\com\investorai\strategies\presentation\add\viewmodel\StrategiesAccountViewModel.kt, due to: com.kiuwan.qaking.kotlin.parser.ParseException: Encountered ")" at line 314, column 5.
Was expecting one of:
    "=" ...
    <NL> ...
    "<" ...
    "." ...
    "?" ...
    
	at com.als.core.parser.AbstractReaderParser.wrapException(AbstractReaderParser.java:98)
	at com.als.core.parser.AbstractReaderParser.throwParseException(AbstractReaderParser.java:93)
...

WARN 2022-09-30 11:17:11,536 - com.als.core.main.SingleTechnologyStaticAnalyzer: Original code: lines 312/316
WARN 2022-09-30 11:17:11,536 - com.als.core.main.SingleTechnologyStaticAnalyzer:         strategyType: String

    ) {
        emitState(StrategiesState.Loading)
        launch {

WARN 2022-09-30 11:17:11,536 - com.als.core.main.SingleTechnologyStaticAnalyzer: ***************************************************
INFO 2022-09-30 11:17:12,695 - com.optimyth.qaking.codeanalysis.redos.RegexNfaAnalyzer$AnalysisRunner: Error analyzing regular expression: ^(?=.*[0-9])(?=.*[A-Z])(?=.*[!@#$%^&+=])(?=\S+$).{8,}$
regexcompiler.UnimplementedFunctionalityException: Anchor at invalid position: $ at 46
	at regexcompiler.MyPattern$Parser.parseRegex(MyPattern.java:583)
	at regexcompiler.MyPattern$Parser.parse(MyPattern.java:546)
	at regexcompiler.MyPattern$Parser.parseFactor(MyPattern.java:679)
	at regexcompiler.MyPattern$Parser.parseTerm(MyPattern.java:615)
	at regexcompiler.MyPattern$Parser.parseRegex(MyPattern.java:564)
	at regexcompiler.MyPattern$Parser.parse(MyPattern.java:546)
	at regexcompiler.MyPattern.toNFAGraph(MyPattern.java:86)
	at com.optimyth.qaking.codeanalysis.redos.RegexNfaAnalyzer$AnalysisRunner.run(RegexNfaAnalyzer.java:225)
	at java.util.concurrent.Executors$RunnableAdapter.call(Unknown Source)
	at java.util.concurrent.FutureTask.run(Unknown Source)
	at java.util.concurrent.ThreadPoolExecutor.runWorker(Unknown Source)
	at java.util.concurrent.ThreadPoolExecutor$Worker.run(Unknown Source)
	at java.lang.Thread.run(Unknown Source)
