INFO 2022-08-22 11:24:39,315 - Analysis initialization: FINISHED
INFO 2022-08-22 11:24:39,316 - -----------------------------------------------------
INFO 2022-08-22 11:24:39,316 - Starting analysis for application "Edcast 5.16 Frontend"
INFO 2022-08-22 11:24:39,316 - -----------------------------------------------------
INFO 2022-08-22 11:24:39,317 - Model retrieval: STARTED
INFO 2022-08-22 11:24:40,168 - Model retrieved from cache
INFO 2022-08-22 11:24:40,168 - Model retrieval: FINISHED
INFO 2022-08-22 11:24:40,168 - Analysis authorization: STARTED
INFO 2022-08-22 11:24:40,960 - Upload analyzed source code forced to "false" - not allowed for user / application
INFO 2022-08-22 11:24:40,961 - Analysis authorization: FINISHED
INFO 2022-08-22 11:24:40,967 - License check: STARTED
INFO 2022-08-22 11:24:41,794 - License check: FINISHED
INFO 2022-08-22 11:24:41,794 - Prepare analysis data: STARTED
INFO 2022-08-22 11:24:41,831 - Prepare analysis data: FINISHED
INFO 2022-08-22 11:24:41,831 - Prepare source code files for upload: STARTED
INFO 2022-08-22 11:24:41,831 - Prepare source code files for upload: FINISHED
WARN 2022-08-22 11:24:42,452 - -----------------------------------------------------
WARN 2022-08-22 11:24:42,452 - Executing rules analysis for technology html
WARN 2022-08-22 11:24:42,453 - -----------------------------------------------------
WARN 2022-08-22 11:24:42,453 - directory: D:\Repos\Edcast Repo\Edcast 5.16\edc-web-release-txp-v5.16.0
WARN 2022-08-22 11:24:42,453 - bill-of-materials: 
WARN 2022-08-22 11:24:42,453 - bill-of-materials format: 
WARN 2022-08-22 11:24:42,453 - includes: 
WARN 2022-08-22 11:24:42,453 - excludes: **/src/test/**,**/__MACOSX/**,**/*.min.js,**/*.Designer.vb,**/*.designer.vb,**/*Reference.vb,**/*Service.vb,**/*Silverlight.vb,**/*.Designer.cs,**/*.designer.cs,**/*Reference.cs,**/*Service.cs,**/*Silverlight.cs,**/.*,**/Pods/BuildHeaders/**/*.h,**/Pods/Headers/**/*.h,**/node_modules/**,**/bower_components/**,**/target/**,**/bin/**,**/obj/**,**/dist/**,**/lib/**
WARN 2022-08-22 11:24:42,453 - configuration: D:\Software\KiuwanLocalAnalyzer\bin\..\conf\apps\Edcast 5_16 Frontend.properties
WARN 2022-08-22 11:24:42,453 - VM version: 1.8.0_333
WARN 2022-08-22 11:24:42,562 - VM settings:
WARN 2022-08-22 11:24:42,564 -     Stack Size: 2.00M
WARN 2022-08-22 11:24:42,564 -     Min. Heap Size: 128.00M
WARN 2022-08-22 11:24:42,564 -     Max. Heap Size: 1.00G
WARN 2022-08-22 11:24:42,564 -     Ergonomics Machine Class: client
WARN 2022-08-22 11:24:42,564 -     Using VM: Java HotSpot(TM) 64-Bit Server VM
WARN 2022-08-22 11:24:42,564 - 
INFO 2022-08-22 11:24:51,742 - Moving 1 file to D:\Software\KiuwanLocalAnalyzer\temp\Edcast 5_16 Frontend.6105377042615341730\results
INFO 2022-08-22 11:24:51,755 - Deleting: D:\Software\KiuwanLocalAnalyzer\temp\Edcast 5_16 Frontend.6105377042615341730\results\rules_html.key
WARN 2022-08-22 11:24:51,938 - -----------------------------------------------------
WARN 2022-08-22 11:24:51,938 - Executing metrics analysis for technology html
WARN 2022-08-22 11:24:51,938 - -----------------------------------------------------
WARN 2022-08-22 11:24:51,938 - directory: D:\Repos\Edcast Repo\Edcast 5.16\edc-web-release-txp-v5.16.0
WARN 2022-08-22 11:24:51,938 - bill-of-materials: 
WARN 2022-08-22 11:24:51,939 - bill-of-materials format: 
WARN 2022-08-22 11:24:51,939 - includes: 
WARN 2022-08-22 11:24:51,939 - excludes: **/src/test/**,**/__MACOSX/**,**/*.min.js,**/*.Designer.vb,**/*.designer.vb,**/*Reference.vb,**/*Service.vb,**/*Silverlight.vb,**/*.Designer.cs,**/*.designer.cs,**/*Reference.cs,**/*Service.cs,**/*Silverlight.cs,**/.*,**/Pods/BuildHeaders/**/*.h,**/Pods/Headers/**/*.h,**/node_modules/**,**/bower_components/**,**/target/**,**/bin/**,**/obj/**,**/dist/**,**/lib/**
WARN 2022-08-22 11:24:51,939 - configuration: D:\Software\KiuwanLocalAnalyzer\bin\..\conf\apps\Edcast 5_16 Frontend.properties
WARN 2022-08-22 11:24:51,939 - VM version: 1.8.0_333
WARN 2022-08-22 11:24:52,041 - VM settings:
WARN 2022-08-22 11:24:52,042 -     Stack Size: 2.00M
WARN 2022-08-22 11:24:52,042 -     Min. Heap Size: 128.00M
WARN 2022-08-22 11:24:52,042 -     Max. Heap Size: 1.00G
WARN 2022-08-22 11:24:52,042 -     Ergonomics Machine Class: client
WARN 2022-08-22 11:24:52,043 -     Using VM: Java HotSpot(TM) 64-Bit Server VM
WARN 2022-08-22 11:24:52,043 - 
INFO 2022-08-22 11:25:00,414 - Moving 1 file to D:\Software\KiuwanLocalAnalyzer\temp\Edcast 5_16 Frontend.6105377042615341730\results
INFO 2022-08-22 11:25:00,422 - Deleting: D:\Software\KiuwanLocalAnalyzer\temp\Edcast 5_16 Frontend.6105377042615341730\results\metrics_html.key
WARN 2022-08-22 11:25:00,583 - -----------------------------------------------------
WARN 2022-08-22 11:25:00,583 - Executing rules analysis for technology javascript
WARN 2022-08-22 11:25:00,583 - -----------------------------------------------------
WARN 2022-08-22 11:25:00,583 - directory: D:\Repos\Edcast Repo\Edcast 5.16\edc-web-release-txp-v5.16.0
WARN 2022-08-22 11:25:00,583 - bill-of-materials: 
WARN 2022-08-22 11:25:00,584 - bill-of-materials format: 
WARN 2022-08-22 11:25:00,584 - includes: 
WARN 2022-08-22 11:25:00,584 - excludes: **/src/test/**,**/__MACOSX/**,**/*.min.js,**/*.Designer.vb,**/*.designer.vb,**/*Reference.vb,**/*Service.vb,**/*Silverlight.vb,**/*.Designer.cs,**/*.designer.cs,**/*Reference.cs,**/*Service.cs,**/*Silverlight.cs,**/.*,**/Pods/BuildHeaders/**/*.h,**/Pods/Headers/**/*.h,**/node_modules/**,**/bower_components/**,**/target/**,**/bin/**,**/obj/**,**/dist/**,**/lib/**
WARN 2022-08-22 11:25:00,584 - configuration: D:\Software\KiuwanLocalAnalyzer\bin\..\conf\apps\Edcast 5_16 Frontend.properties
WARN 2022-08-22 11:25:00,584 - VM version: 1.8.0_333
WARN 2022-08-22 11:25:00,674 - VM settings:
WARN 2022-08-22 11:25:00,676 -     Stack Size: 2.00M
WARN 2022-08-22 11:25:00,676 -     Min. Heap Size: 128.00M
WARN 2022-08-22 11:25:00,676 -     Max. Heap Size: 1.00G
WARN 2022-08-22 11:25:00,676 -     Ergonomics Machine Class: client
WARN 2022-08-22 11:25:00,676 -     Using VM: Java HotSpot(TM) 64-Bit Server VM
WARN 2022-08-22 11:25:00,676 - 
INFO 2022-08-22 11:27:24,056 - Moving 1 file to D:\Software\KiuwanLocalAnalyzer\temp\Edcast 5_16 Frontend.6105377042615341730\results
INFO 2022-08-22 11:27:24,066 - Deleting: D:\Software\KiuwanLocalAnalyzer\temp\Edcast 5_16 Frontend.6105377042615341730\results\rules_javascript.key
WARN 2022-08-22 11:27:24,256 - -----------------------------------------------------
WARN 2022-08-22 11:27:24,256 - Executing metrics analysis for technology javascript
WARN 2022-08-22 11:27:24,256 - -----------------------------------------------------
WARN 2022-08-22 11:27:24,256 - directory: D:\Repos\Edcast Repo\Edcast 5.16\edc-web-release-txp-v5.16.0
WARN 2022-08-22 11:27:24,256 - bill-of-materials: 
WARN 2022-08-22 11:27:24,256 - bill-of-materials format: 
WARN 2022-08-22 11:27:24,256 - includes: 
WARN 2022-08-22 11:27:24,256 - excludes: **/src/test/**,**/__MACOSX/**,**/*.min.js,**/*.Designer.vb,**/*.designer.vb,**/*Reference.vb,**/*Service.vb,**/*Silverlight.vb,**/*.Designer.cs,**/*.designer.cs,**/*Reference.cs,**/*Service.cs,**/*Silverlight.cs,**/.*,**/Pods/BuildHeaders/**/*.h,**/Pods/Headers/**/*.h,**/node_modules/**,**/bower_components/**,**/target/**,**/bin/**,**/obj/**,**/dist/**,**/lib/**
WARN 2022-08-22 11:27:24,257 - configuration: D:\Software\KiuwanLocalAnalyzer\bin\..\conf\apps\Edcast 5_16 Frontend.properties
WARN 2022-08-22 11:27:24,257 - VM version: 1.8.0_333
WARN 2022-08-22 11:27:24,367 - VM settings:
WARN 2022-08-22 11:27:24,368 -     Stack Size: 2.00M
WARN 2022-08-22 11:27:24,368 -     Min. Heap Size: 128.00M
WARN 2022-08-22 11:27:24,368 -     Max. Heap Size: 1.00G
WARN 2022-08-22 11:27:24,368 -     Ergonomics Machine Class: client
WARN 2022-08-22 11:27:24,368 -     Using VM: Java HotSpot(TM) 64-Bit Server VM
WARN 2022-08-22 11:27:24,368 - 
INFO 2022-08-22 11:27:39,994 - Moving 1 file to D:\Software\KiuwanLocalAnalyzer\temp\Edcast 5_16 Frontend.6105377042615341730\results
INFO 2022-08-22 11:27:40,002 - Deleting: D:\Software\KiuwanLocalAnalyzer\temp\Edcast 5_16 Frontend.6105377042615341730\results\metrics_javascript.key
WARN 2022-08-22 11:27:40,218 - ---------------------------
WARN 2022-08-22 11:27:40,218 - Executing Insights Analysis
WARN 2022-08-22 11:27:40,218 - ---------------------------
WARN 2022-08-22 11:27:40,218 - project: Edcast 5.16 Frontend
WARN 2022-08-22 11:27:40,218 - directory: D:\Repos\Edcast Repo\Edcast 5.16\edc-web-release-txp-v5.16.0
WARN 2022-08-22 11:27:40,218 - outdir: D:\Software\KiuwanLocalAnalyzer\temp\Edcast 5_16 Frontend.6105377042615341730\results/insight
WARN 2022-08-22 11:27:40,219 - includes: 
WARN 2022-08-22 11:27:40,219 - excludes: **/src/test/**,**/__MACOSX/**,**/*.min.js,**/*.Designer.vb,**/*.designer.vb,**/*Reference.vb,**/*Service.vb,**/*Silverlight.vb,**/*.Designer.cs,**/*.designer.cs,**/*Reference.cs,**/*Service.cs,**/*Silverlight.cs,**/.*,**/Pods/BuildHeaders/**/*.h,**/Pods/Headers/**/*.h,**/node_modules/**,**/bower_components/**,**/target/**,**/bin/**,**/obj/**,**/dist/**,**/lib/**
WARN 2022-08-22 11:27:40,219 - VM version: 1.8.0_333
WARN 2022-08-22 11:27:40,344 - VM settings:
WARN 2022-08-22 11:27:40,346 -     Stack Size: 2.00M
WARN 2022-08-22 11:27:40,346 -     Min. Heap Size: 128.00M
WARN 2022-08-22 11:27:40,346 -     Max. Heap Size: 1.00G
WARN 2022-08-22 11:27:40,346 -     Ergonomics Machine Class: client
WARN 2022-08-22 11:27:40,346 -     Using VM: Java HotSpot(TM) 64-Bit Server VM
WARN 2022-08-22 11:27:40,346 - 
INFO 2022-08-22 11:27:40,502 - Unable to locate tools.jar. Expected to find it in C:\Program Files\Java\jre1.8.0_333\lib\tools.jar
INFO 2022-08-22 11:27:40,535 - Buildfile: D:\Software\KiuwanLocalAnalyzer\bin\insight-exec.xml
INFO 2022-08-22 11:27:40,932 - SLF4J: Actual binding is of type [org.slf4j.impl.Log4jLoggerFactory]
INFO 2022-08-22 11:40:11,537 - Deleting: D:\Software\KiuwanLocalAnalyzer\temp\Edcast 5_16 Frontend.6105377042615341730\results\insight\insight.session.key.properties
INFO 2022-08-22 11:40:11,539 - Moving 1 file to D:\Software\KiuwanLocalAnalyzer\temp\Edcast 5_16 Frontend.6105377042615341730\results
INFO 2022-08-22 11:40:11,540 - Deleting directory D:\Software\KiuwanLocalAnalyzer\temp\Edcast 5_16 Frontend.6105377042615341730\results\insight
INFO 2022-08-22 11:40:11,545 - Update global report: STARTED
INFO 2022-08-22 11:40:11,558 - Update global report: FINISHED
INFO 2022-08-22 11:40:11,558 - Upload results to kiuwan: STARTED
INFO 2022-08-22 11:40:13,743 - Upload results to kiuwan: FINISHED
INFO 2022-08-22 11:40:13,743 - Retrieve complete results from kiuwan: STARTED
INFO 2022-08-22 11:40:14,604 - Retrieve complete results from kiuwan: FINISHED
INFO 2022-08-22 11:40:14,604 - Register analysis code in global report: STARTED
INFO 2022-08-22 11:40:14,605 - Register analysis code in global report: FINISHED
INFO 2022-08-22 11:40:14,609 - Analysis finished: A-7e6-182c316bbb3
