INFO 2022-09-28 15:15:58,025 - Analysis initialization: FINISHED
INFO 2022-09-28 15:15:58,025 - -----------------------------------------------------
INFO 2022-09-28 15:15:58,026 - Starting analysis for application "Kratikal New"
INFO 2022-09-28 15:15:58,026 - -----------------------------------------------------
INFO 2022-09-28 15:15:58,027 - Model retrieval: STARTED
INFO 2022-09-28 15:15:58,785 - Model retrieved from cache
INFO 2022-09-28 15:15:58,786 - Model retrieval: FINISHED
INFO 2022-09-28 15:15:58,786 - Analysis authorization: STARTED
INFO 2022-09-28 15:15:59,569 - Upload analyzed source code forced to "false" - not allowed for user / application
INFO 2022-09-28 15:15:59,570 - Analysis authorization: FINISHED
INFO 2022-09-28 15:15:59,570 - License check: STARTED
INFO 2022-09-28 15:16:00,448 - License check: FINISHED
INFO 2022-09-28 15:16:00,448 - Prepare analysis data: STARTED
INFO 2022-09-28 15:16:00,470 - Prepare analysis data: FINISHED
INFO 2022-09-28 15:16:00,471 - Prepare source code files for upload: STARTED
INFO 2022-09-28 15:16:00,471 - Prepare source code files for upload: FINISHED
WARN 2022-09-28 15:16:02,120 - -----------------------------------------------------
WARN 2022-09-28 15:16:02,120 - Executing rules analysis for technology html
WARN 2022-09-28 15:16:02,120 - -----------------------------------------------------
WARN 2022-09-28 15:16:02,120 - directory: D:\Repos\Kratikal - New Website\Kratikal-Website-main
WARN 2022-09-28 15:16:02,121 - bill-of-materials: 
WARN 2022-09-28 15:16:02,121 - bill-of-materials format: 
WARN 2022-09-28 15:16:02,121 - includes: 
WARN 2022-09-28 15:16:02,121 - excludes: **/src/test/**,**/__MACOSX/**,**/*.min.js,**/*.Designer.vb,**/*.designer.vb,**/*Reference.vb,**/*Service.vb,**/*Silverlight.vb,**/*.Designer.cs,**/*.designer.cs,**/*Reference.cs,**/*Service.cs,**/*Silverlight.cs,**/.*,**/Pods/BuildHeaders/**/*.h,**/Pods/Headers/**/*.h,**/node_modules/**,**/bower_components/**,**/target/**,**/bin/**,**/obj/**,**/dist/**,**/lib/**
WARN 2022-09-28 15:16:02,121 - configuration: D:\Software\KiuwanLocalAnalyzer\bin\..\conf\apps\Kratikal New.properties
WARN 2022-09-28 15:16:02,121 - VM version: 1.8.0_333
WARN 2022-09-28 15:16:02,244 - VM settings:
WARN 2022-09-28 15:16:02,246 -     Stack Size: 2.00M
WARN 2022-09-28 15:16:02,246 -     Min. Heap Size: 128.00M
WARN 2022-09-28 15:16:02,246 -     Max. Heap Size: 1.00G
WARN 2022-09-28 15:16:02,246 -     Ergonomics Machine Class: client
WARN 2022-09-28 15:16:02,246 -     Using VM: Java HotSpot(TM) 64-Bit Server VM
WARN 2022-09-28 15:16:02,246 - 
INFO 2022-09-28 15:16:11,075 - Moving 1 file to D:\Software\KiuwanLocalAnalyzer\temp\Kratikal New.9161113672209921110\results
INFO 2022-09-28 15:16:11,088 - Deleting: D:\Software\KiuwanLocalAnalyzer\temp\Kratikal New.9161113672209921110\results\rules_html.key
WARN 2022-09-28 15:16:11,267 - -----------------------------------------------------
WARN 2022-09-28 15:16:11,267 - Executing metrics analysis for technology html
WARN 2022-09-28 15:16:11,267 - -----------------------------------------------------
WARN 2022-09-28 15:16:11,267 - directory: D:\Repos\Kratikal - New Website\Kratikal-Website-main
WARN 2022-09-28 15:16:11,267 - bill-of-materials: 
WARN 2022-09-28 15:16:11,267 - bill-of-materials format: 
WARN 2022-09-28 15:16:11,268 - includes: 
WARN 2022-09-28 15:16:11,268 - excludes: **/src/test/**,**/__MACOSX/**,**/*.min.js,**/*.Designer.vb,**/*.designer.vb,**/*Reference.vb,**/*Service.vb,**/*Silverlight.vb,**/*.Designer.cs,**/*.designer.cs,**/*Reference.cs,**/*Service.cs,**/*Silverlight.cs,**/.*,**/Pods/BuildHeaders/**/*.h,**/Pods/Headers/**/*.h,**/node_modules/**,**/bower_components/**,**/target/**,**/bin/**,**/obj/**,**/dist/**,**/lib/**
WARN 2022-09-28 15:16:11,268 - configuration: D:\Software\KiuwanLocalAnalyzer\bin\..\conf\apps\Kratikal New.properties
WARN 2022-09-28 15:16:11,268 - VM version: 1.8.0_333
WARN 2022-09-28 15:16:11,362 - VM settings:
WARN 2022-09-28 15:16:11,363 -     Stack Size: 2.00M
WARN 2022-09-28 15:16:11,363 -     Min. Heap Size: 128.00M
WARN 2022-09-28 15:16:11,363 -     Max. Heap Size: 1.00G
WARN 2022-09-28 15:16:11,363 -     Ergonomics Machine Class: client
WARN 2022-09-28 15:16:11,363 -     Using VM: Java HotSpot(TM) 64-Bit Server VM
WARN 2022-09-28 15:16:11,363 - 
INFO 2022-09-28 15:16:19,496 - Moving 1 file to D:\Software\KiuwanLocalAnalyzer\temp\Kratikal New.9161113672209921110\results
INFO 2022-09-28 15:16:19,504 - Deleting: D:\Software\KiuwanLocalAnalyzer\temp\Kratikal New.9161113672209921110\results\metrics_html.key
WARN 2022-09-28 15:16:19,661 - -----------------------------------------------------
WARN 2022-09-28 15:16:19,661 - Executing rules analysis for technology javascript
WARN 2022-09-28 15:16:19,662 - -----------------------------------------------------
WARN 2022-09-28 15:16:19,662 - directory: D:\Repos\Kratikal - New Website\Kratikal-Website-main
WARN 2022-09-28 15:16:19,662 - bill-of-materials: 
WARN 2022-09-28 15:16:19,662 - bill-of-materials format: 
WARN 2022-09-28 15:16:19,662 - includes: 
WARN 2022-09-28 15:16:19,662 - excludes: **/src/test/**,**/__MACOSX/**,**/*.min.js,**/*.Designer.vb,**/*.designer.vb,**/*Reference.vb,**/*Service.vb,**/*Silverlight.vb,**/*.Designer.cs,**/*.designer.cs,**/*Reference.cs,**/*Service.cs,**/*Silverlight.cs,**/.*,**/Pods/BuildHeaders/**/*.h,**/Pods/Headers/**/*.h,**/node_modules/**,**/bower_components/**,**/target/**,**/bin/**,**/obj/**,**/dist/**,**/lib/**
WARN 2022-09-28 15:16:19,662 - configuration: D:\Software\KiuwanLocalAnalyzer\bin\..\conf\apps\Kratikal New.properties
WARN 2022-09-28 15:16:19,662 - VM version: 1.8.0_333
WARN 2022-09-28 15:16:19,752 - VM settings:
WARN 2022-09-28 15:16:19,754 -     Stack Size: 2.00M
WARN 2022-09-28 15:16:19,754 -     Min. Heap Size: 128.00M
WARN 2022-09-28 15:16:19,754 -     Max. Heap Size: 1.00G
WARN 2022-09-28 15:16:19,754 -     Ergonomics Machine Class: client
WARN 2022-09-28 15:16:19,754 -     Using VM: Java HotSpot(TM) 64-Bit Server VM
WARN 2022-09-28 15:16:19,754 - 
INFO 2022-09-28 15:16:32,766 - Moving 1 file to D:\Software\KiuwanLocalAnalyzer\temp\Kratikal New.9161113672209921110\results
INFO 2022-09-28 15:16:32,772 - Deleting: D:\Software\KiuwanLocalAnalyzer\temp\Kratikal New.9161113672209921110\results\rules_javascript.key
WARN 2022-09-28 15:16:32,950 - -----------------------------------------------------
WARN 2022-09-28 15:16:32,950 - Executing metrics analysis for technology javascript
WARN 2022-09-28 15:16:32,950 - -----------------------------------------------------
WARN 2022-09-28 15:16:32,951 - directory: D:\Repos\Kratikal - New Website\Kratikal-Website-main
WARN 2022-09-28 15:16:32,951 - bill-of-materials: 
WARN 2022-09-28 15:16:32,951 - bill-of-materials format: 
WARN 2022-09-28 15:16:32,951 - includes: 
WARN 2022-09-28 15:16:32,951 - excludes: **/src/test/**,**/__MACOSX/**,**/*.min.js,**/*.Designer.vb,**/*.designer.vb,**/*Reference.vb,**/*Service.vb,**/*Silverlight.vb,**/*.Designer.cs,**/*.designer.cs,**/*Reference.cs,**/*Service.cs,**/*Silverlight.cs,**/.*,**/Pods/BuildHeaders/**/*.h,**/Pods/Headers/**/*.h,**/node_modules/**,**/bower_components/**,**/target/**,**/bin/**,**/obj/**,**/dist/**,**/lib/**
WARN 2022-09-28 15:16:32,951 - configuration: D:\Software\KiuwanLocalAnalyzer\bin\..\conf\apps\Kratikal New.properties
WARN 2022-09-28 15:16:32,951 - VM version: 1.8.0_333
WARN 2022-09-28 15:16:33,059 - VM settings:
WARN 2022-09-28 15:16:33,060 -     Stack Size: 2.00M
WARN 2022-09-28 15:16:33,061 -     Min. Heap Size: 128.00M
WARN 2022-09-28 15:16:33,061 -     Max. Heap Size: 1.00G
WARN 2022-09-28 15:16:33,061 -     Ergonomics Machine Class: client
WARN 2022-09-28 15:16:33,061 -     Using VM: Java HotSpot(TM) 64-Bit Server VM
WARN 2022-09-28 15:16:33,061 - 
INFO 2022-09-28 15:16:42,496 - Moving 1 file to D:\Software\KiuwanLocalAnalyzer\temp\Kratikal New.9161113672209921110\results
INFO 2022-09-28 15:16:42,503 - Deleting: D:\Software\KiuwanLocalAnalyzer\temp\Kratikal New.9161113672209921110\results\metrics_javascript.key
WARN 2022-09-28 15:16:42,705 - ---------------------------
WARN 2022-09-28 15:16:42,705 - Executing Insights Analysis
WARN 2022-09-28 15:16:42,705 - ---------------------------
WARN 2022-09-28 15:16:42,705 - project: Kratikal New
WARN 2022-09-28 15:16:42,705 - directory: D:\Repos\Kratikal - New Website\Kratikal-Website-main
WARN 2022-09-28 15:16:42,705 - outdir: D:\Software\KiuwanLocalAnalyzer\temp\Kratikal New.9161113672209921110\results/insight
WARN 2022-09-28 15:16:42,705 - includes: 
WARN 2022-09-28 15:16:42,705 - excludes: **/src/test/**,**/__MACOSX/**,**/*.min.js,**/*.Designer.vb,**/*.designer.vb,**/*Reference.vb,**/*Service.vb,**/*Silverlight.vb,**/*.Designer.cs,**/*.designer.cs,**/*Reference.cs,**/*Service.cs,**/*Silverlight.cs,**/.*,**/Pods/BuildHeaders/**/*.h,**/Pods/Headers/**/*.h,**/node_modules/**,**/bower_components/**,**/target/**,**/bin/**,**/obj/**,**/dist/**,**/lib/**
WARN 2022-09-28 15:16:42,705 - VM version: 1.8.0_333
WARN 2022-09-28 15:16:42,833 - VM settings:
WARN 2022-09-28 15:16:42,834 -     Stack Size: 2.00M
WARN 2022-09-28 15:16:42,834 -     Min. Heap Size: 128.00M
WARN 2022-09-28 15:16:42,834 -     Max. Heap Size: 1.00G
WARN 2022-09-28 15:16:42,834 -     Ergonomics Machine Class: client
WARN 2022-09-28 15:16:42,834 -     Using VM: Java HotSpot(TM) 64-Bit Server VM
WARN 2022-09-28 15:16:42,834 - 
INFO 2022-09-28 15:16:45,110 - Unable to locate tools.jar. Expected to find it in C:\Program Files\Java\jre1.8.0_333\lib\tools.jar
INFO 2022-09-28 15:16:45,143 - Buildfile: D:\Software\KiuwanLocalAnalyzer\bin\insight-exec.xml
INFO 2022-09-28 15:16:45,500 - SLF4J: Actual binding is of type [org.slf4j.impl.Log4jLoggerFactory]
INFO 2022-09-28 15:25:13,945 - Deleting: D:\Software\KiuwanLocalAnalyzer\temp\Kratikal New.9161113672209921110\results\insight\insight.session.key.properties
INFO 2022-09-28 15:25:13,946 - Moving 1 file to D:\Software\KiuwanLocalAnalyzer\temp\Kratikal New.9161113672209921110\results
INFO 2022-09-28 15:25:13,947 - Deleting directory D:\Software\KiuwanLocalAnalyzer\temp\Kratikal New.9161113672209921110\results\insight
INFO 2022-09-28 15:25:13,952 - Update global report: STARTED
INFO 2022-09-28 15:25:13,962 - Update global report: FINISHED
INFO 2022-09-28 15:25:13,963 - Upload results to kiuwan: STARTED
INFO 2022-09-28 15:25:15,989 - Upload results to kiuwan: FINISHED
INFO 2022-09-28 15:25:15,989 - Retrieve complete results from kiuwan: STARTED
INFO 2022-09-28 15:25:16,881 - Retrieve complete results from kiuwan: FINISHED
INFO 2022-09-28 15:25:16,881 - Register analysis code in global report: STARTED
INFO 2022-09-28 15:25:16,883 - Register analysis code in global report: FINISHED
INFO 2022-09-28 15:25:16,888 - Analysis finished: A-7e6-183836b91d1
