INFO 2022-08-22 11:02:55,368 - Analysis initialization: FINISHED
INFO 2022-08-22 11:02:55,369 - -----------------------------------------------------
INFO 2022-08-22 11:02:55,369 - Starting analysis for application "Edcast 5.16 Backend"
INFO 2022-08-22 11:02:55,369 - -----------------------------------------------------
INFO 2022-08-22 11:02:55,369 - Model retrieval: STARTED
INFO 2022-08-22 11:02:56,321 - Model retrieved from cache
INFO 2022-08-22 11:02:56,322 - Model retrieval: FINISHED
INFO 2022-08-22 11:02:56,322 - Analysis authorization: STARTED
INFO 2022-08-22 11:02:57,111 - Upload analyzed source code forced to "false" - not allowed for user / application
INFO 2022-08-22 11:02:57,112 - Analysis authorization: FINISHED
INFO 2022-08-22 11:02:57,118 - License check: STARTED
INFO 2022-08-22 11:02:58,056 - License check: FINISHED
INFO 2022-08-22 11:02:58,056 - Prepare analysis data: STARTED
WARN 2022-08-22 11:03:00,041 - The model associated with the software under analysis is not configured to analyze some of the discovered languages and they will be ignored: Ruby.
INFO 2022-08-22 11:03:00,107 - Prepare analysis data: FINISHED
INFO 2022-08-22 11:03:00,107 - Prepare source code files for upload: STARTED
INFO 2022-08-22 11:03:00,107 - Prepare source code files for upload: FINISHED
WARN 2022-08-22 11:03:01,832 - -----------------------------------------------------
WARN 2022-08-22 11:03:01,832 - Executing rules analysis for technology html
WARN 2022-08-22 11:03:01,832 - -----------------------------------------------------
WARN 2022-08-22 11:03:01,832 - directory: D:\Repos\Edcast Repo\Edcast 5.16\edcast-release-txp-v5.16.0
WARN 2022-08-22 11:03:01,832 - bill-of-materials: 
WARN 2022-08-22 11:03:01,832 - bill-of-materials format: 
WARN 2022-08-22 11:03:01,833 - includes: 
WARN 2022-08-22 11:03:01,833 - excludes: **/src/test/**,**/__MACOSX/**,**/*.min.js,**/*.Designer.vb,**/*.designer.vb,**/*Reference.vb,**/*Service.vb,**/*Silverlight.vb,**/*.Designer.cs,**/*.designer.cs,**/*Reference.cs,**/*Service.cs,**/*Silverlight.cs,**/.*,**/Pods/BuildHeaders/**/*.h,**/Pods/Headers/**/*.h,**/node_modules/**,**/bower_components/**,**/target/**,**/bin/**,**/obj/**,**/dist/**,**/lib/**
WARN 2022-08-22 11:03:01,833 - configuration: D:\Software\KiuwanLocalAnalyzer\bin\..\conf\apps\Edcast 5_16 Backend.properties
WARN 2022-08-22 11:03:01,833 - VM version: 1.8.0_333
WARN 2022-08-22 11:03:01,941 - VM settings:
WARN 2022-08-22 11:03:01,943 -     Stack Size: 2.00M
WARN 2022-08-22 11:03:01,943 -     Min. Heap Size: 128.00M
WARN 2022-08-22 11:03:01,943 -     Max. Heap Size: 1.00G
WARN 2022-08-22 11:03:01,943 -     Ergonomics Machine Class: client
WARN 2022-08-22 11:03:01,943 -     Using VM: Java HotSpot(TM) 64-Bit Server VM
WARN 2022-08-22 11:03:01,943 - 
INFO 2022-08-22 11:03:10,726 - Moving 1 file to D:\Software\KiuwanLocalAnalyzer\temp\Edcast 5_16 Backend.5059319100674506641\results
INFO 2022-08-22 11:03:10,741 - Deleting: D:\Software\KiuwanLocalAnalyzer\temp\Edcast 5_16 Backend.5059319100674506641\results\rules_html.key
WARN 2022-08-22 11:03:10,927 - -----------------------------------------------------
WARN 2022-08-22 11:03:10,927 - Executing metrics analysis for technology html
WARN 2022-08-22 11:03:10,927 - -----------------------------------------------------
WARN 2022-08-22 11:03:10,928 - directory: D:\Repos\Edcast Repo\Edcast 5.16\edcast-release-txp-v5.16.0
WARN 2022-08-22 11:03:10,928 - bill-of-materials: 
WARN 2022-08-22 11:03:10,928 - bill-of-materials format: 
WARN 2022-08-22 11:03:10,928 - includes: 
WARN 2022-08-22 11:03:10,928 - excludes: **/src/test/**,**/__MACOSX/**,**/*.min.js,**/*.Designer.vb,**/*.designer.vb,**/*Reference.vb,**/*Service.vb,**/*Silverlight.vb,**/*.Designer.cs,**/*.designer.cs,**/*Reference.cs,**/*Service.cs,**/*Silverlight.cs,**/.*,**/Pods/BuildHeaders/**/*.h,**/Pods/Headers/**/*.h,**/node_modules/**,**/bower_components/**,**/target/**,**/bin/**,**/obj/**,**/dist/**,**/lib/**
WARN 2022-08-22 11:03:10,928 - configuration: D:\Software\KiuwanLocalAnalyzer\bin\..\conf\apps\Edcast 5_16 Backend.properties
WARN 2022-08-22 11:03:10,929 - VM version: 1.8.0_333
WARN 2022-08-22 11:03:11,019 - VM settings:
WARN 2022-08-22 11:03:11,021 -     Stack Size: 2.00M
WARN 2022-08-22 11:03:11,021 -     Min. Heap Size: 128.00M
WARN 2022-08-22 11:03:11,021 -     Max. Heap Size: 1.00G
WARN 2022-08-22 11:03:11,021 -     Ergonomics Machine Class: client
WARN 2022-08-22 11:03:11,021 -     Using VM: Java HotSpot(TM) 64-Bit Server VM
WARN 2022-08-22 11:03:11,021 - 
INFO 2022-08-22 11:03:19,274 - Moving 1 file to D:\Software\KiuwanLocalAnalyzer\temp\Edcast 5_16 Backend.5059319100674506641\results
INFO 2022-08-22 11:03:19,282 - Deleting: D:\Software\KiuwanLocalAnalyzer\temp\Edcast 5_16 Backend.5059319100674506641\results\metrics_html.key
WARN 2022-08-22 11:03:19,459 - -----------------------------------------------------
WARN 2022-08-22 11:03:19,459 - Executing rules analysis for technology javascript
WARN 2022-08-22 11:03:19,459 - -----------------------------------------------------
WARN 2022-08-22 11:03:19,459 - directory: D:\Repos\Edcast Repo\Edcast 5.16\edcast-release-txp-v5.16.0
WARN 2022-08-22 11:03:19,459 - bill-of-materials: 
WARN 2022-08-22 11:03:19,459 - bill-of-materials format: 
WARN 2022-08-22 11:03:19,460 - includes: 
WARN 2022-08-22 11:03:19,460 - excludes: **/src/test/**,**/__MACOSX/**,**/*.min.js,**/*.Designer.vb,**/*.designer.vb,**/*Reference.vb,**/*Service.vb,**/*Silverlight.vb,**/*.Designer.cs,**/*.designer.cs,**/*Reference.cs,**/*Service.cs,**/*Silverlight.cs,**/.*,**/Pods/BuildHeaders/**/*.h,**/Pods/Headers/**/*.h,**/node_modules/**,**/bower_components/**,**/target/**,**/bin/**,**/obj/**,**/dist/**,**/lib/**
WARN 2022-08-22 11:03:19,460 - configuration: D:\Software\KiuwanLocalAnalyzer\bin\..\conf\apps\Edcast 5_16 Backend.properties
WARN 2022-08-22 11:03:19,460 - VM version: 1.8.0_333
WARN 2022-08-22 11:03:19,558 - VM settings:
WARN 2022-08-22 11:03:19,559 -     Stack Size: 2.00M
WARN 2022-08-22 11:03:19,559 -     Min. Heap Size: 128.00M
WARN 2022-08-22 11:03:19,559 -     Max. Heap Size: 1.00G
WARN 2022-08-22 11:03:19,559 -     Ergonomics Machine Class: client
WARN 2022-08-22 11:03:19,559 -     Using VM: Java HotSpot(TM) 64-Bit Server VM
WARN 2022-08-22 11:03:19,560 - 
INFO 2022-08-22 11:03:32,752 - Moving 1 file to D:\Software\KiuwanLocalAnalyzer\temp\Edcast 5_16 Backend.5059319100674506641\results
INFO 2022-08-22 11:03:32,759 - Deleting: D:\Software\KiuwanLocalAnalyzer\temp\Edcast 5_16 Backend.5059319100674506641\results\rules_javascript.key
WARN 2022-08-22 11:03:32,969 - -----------------------------------------------------
WARN 2022-08-22 11:03:32,969 - Executing metrics analysis for technology javascript
WARN 2022-08-22 11:03:32,969 - -----------------------------------------------------
WARN 2022-08-22 11:03:32,969 - directory: D:\Repos\Edcast Repo\Edcast 5.16\edcast-release-txp-v5.16.0
WARN 2022-08-22 11:03:32,969 - bill-of-materials: 
WARN 2022-08-22 11:03:32,969 - bill-of-materials format: 
WARN 2022-08-22 11:03:32,970 - includes: 
WARN 2022-08-22 11:03:32,970 - excludes: **/src/test/**,**/__MACOSX/**,**/*.min.js,**/*.Designer.vb,**/*.designer.vb,**/*Reference.vb,**/*Service.vb,**/*Silverlight.vb,**/*.Designer.cs,**/*.designer.cs,**/*Reference.cs,**/*Service.cs,**/*Silverlight.cs,**/.*,**/Pods/BuildHeaders/**/*.h,**/Pods/Headers/**/*.h,**/node_modules/**,**/bower_components/**,**/target/**,**/bin/**,**/obj/**,**/dist/**,**/lib/**
WARN 2022-08-22 11:03:32,970 - configuration: D:\Software\KiuwanLocalAnalyzer\bin\..\conf\apps\Edcast 5_16 Backend.properties
WARN 2022-08-22 11:03:32,970 - VM version: 1.8.0_333
WARN 2022-08-22 11:03:33,061 - VM settings:
WARN 2022-08-22 11:03:33,062 -     Stack Size: 2.00M
WARN 2022-08-22 11:03:33,062 -     Min. Heap Size: 128.00M
WARN 2022-08-22 11:03:33,062 -     Max. Heap Size: 1.00G
WARN 2022-08-22 11:03:33,062 -     Ergonomics Machine Class: client
WARN 2022-08-22 11:03:33,062 -     Using VM: Java HotSpot(TM) 64-Bit Server VM
WARN 2022-08-22 11:03:33,062 - 
INFO 2022-08-22 11:03:42,571 - Moving 1 file to D:\Software\KiuwanLocalAnalyzer\temp\Edcast 5_16 Backend.5059319100674506641\results
INFO 2022-08-22 11:03:42,578 - Deleting: D:\Software\KiuwanLocalAnalyzer\temp\Edcast 5_16 Backend.5059319100674506641\results\metrics_javascript.key
WARN 2022-08-22 11:03:42,755 - -----------------------------------------------------
WARN 2022-08-22 11:03:42,755 - Executing rules analysis for technology php
WARN 2022-08-22 11:03:42,755 - -----------------------------------------------------
WARN 2022-08-22 11:03:42,755 - directory: D:\Repos\Edcast Repo\Edcast 5.16\edcast-release-txp-v5.16.0
WARN 2022-08-22 11:03:42,756 - bill-of-materials: 
WARN 2022-08-22 11:03:42,756 - bill-of-materials format: 
WARN 2022-08-22 11:03:42,756 - includes: 
WARN 2022-08-22 11:03:42,756 - excludes: **/src/test/**,**/__MACOSX/**,**/*.min.js,**/*.Designer.vb,**/*.designer.vb,**/*Reference.vb,**/*Service.vb,**/*Silverlight.vb,**/*.Designer.cs,**/*.designer.cs,**/*Reference.cs,**/*Service.cs,**/*Silverlight.cs,**/.*,**/Pods/BuildHeaders/**/*.h,**/Pods/Headers/**/*.h,**/node_modules/**,**/bower_components/**,**/target/**,**/bin/**,**/obj/**,**/dist/**,**/lib/**
WARN 2022-08-22 11:03:42,756 - configuration: D:\Software\KiuwanLocalAnalyzer\bin\..\conf\apps\Edcast 5_16 Backend.properties
WARN 2022-08-22 11:03:42,756 - VM version: 1.8.0_333
WARN 2022-08-22 11:03:42,845 - VM settings:
WARN 2022-08-22 11:03:42,846 -     Stack Size: 2.00M
WARN 2022-08-22 11:03:42,847 -     Min. Heap Size: 128.00M
WARN 2022-08-22 11:03:42,847 -     Max. Heap Size: 1.00G
WARN 2022-08-22 11:03:42,847 -     Ergonomics Machine Class: client
WARN 2022-08-22 11:03:42,847 -     Using VM: Java HotSpot(TM) 64-Bit Server VM
WARN 2022-08-22 11:03:42,847 - 
INFO 2022-08-22 11:03:52,715 - Moving 1 file to D:\Software\KiuwanLocalAnalyzer\temp\Edcast 5_16 Backend.5059319100674506641\results
INFO 2022-08-22 11:03:52,725 - Deleting: D:\Software\KiuwanLocalAnalyzer\temp\Edcast 5_16 Backend.5059319100674506641\results\rules_php.key
WARN 2022-08-22 11:03:52,936 - -----------------------------------------------------
WARN 2022-08-22 11:03:52,936 - Executing metrics analysis for technology php
WARN 2022-08-22 11:03:52,936 - -----------------------------------------------------
WARN 2022-08-22 11:03:52,936 - directory: D:\Repos\Edcast Repo\Edcast 5.16\edcast-release-txp-v5.16.0
WARN 2022-08-22 11:03:52,936 - bill-of-materials: 
WARN 2022-08-22 11:03:52,936 - bill-of-materials format: 
WARN 2022-08-22 11:03:52,937 - includes: 
WARN 2022-08-22 11:03:52,937 - excludes: **/src/test/**,**/__MACOSX/**,**/*.min.js,**/*.Designer.vb,**/*.designer.vb,**/*Reference.vb,**/*Service.vb,**/*Silverlight.vb,**/*.Designer.cs,**/*.designer.cs,**/*Reference.cs,**/*Service.cs,**/*Silverlight.cs,**/.*,**/Pods/BuildHeaders/**/*.h,**/Pods/Headers/**/*.h,**/node_modules/**,**/bower_components/**,**/target/**,**/bin/**,**/obj/**,**/dist/**,**/lib/**
WARN 2022-08-22 11:03:52,937 - configuration: D:\Software\KiuwanLocalAnalyzer\bin\..\conf\apps\Edcast 5_16 Backend.properties
WARN 2022-08-22 11:03:52,937 - VM version: 1.8.0_333
WARN 2022-08-22 11:03:53,032 - VM settings:
WARN 2022-08-22 11:03:53,034 -     Stack Size: 2.00M
WARN 2022-08-22 11:03:53,034 -     Min. Heap Size: 128.00M
WARN 2022-08-22 11:03:53,034 -     Max. Heap Size: 1.00G
WARN 2022-08-22 11:03:53,034 -     Ergonomics Machine Class: client
WARN 2022-08-22 11:03:53,034 -     Using VM: Java HotSpot(TM) 64-Bit Server VM
WARN 2022-08-22 11:03:53,034 - 
INFO 2022-08-22 11:04:01,317 - Moving 1 file to D:\Software\KiuwanLocalAnalyzer\temp\Edcast 5_16 Backend.5059319100674506641\results
INFO 2022-08-22 11:04:01,325 - Deleting: D:\Software\KiuwanLocalAnalyzer\temp\Edcast 5_16 Backend.5059319100674506641\results\metrics_php.key
WARN 2022-08-22 11:04:01,535 - ---------------------------
WARN 2022-08-22 11:04:01,536 - Executing Insights Analysis
WARN 2022-08-22 11:04:01,536 - ---------------------------
WARN 2022-08-22 11:04:01,536 - project: Edcast 5.16 Backend
WARN 2022-08-22 11:04:01,536 - directory: D:\Repos\Edcast Repo\Edcast 5.16\edcast-release-txp-v5.16.0
WARN 2022-08-22 11:04:01,537 - outdir: D:\Software\KiuwanLocalAnalyzer\temp\Edcast 5_16 Backend.5059319100674506641\results/insight
WARN 2022-08-22 11:04:01,537 - includes: 
WARN 2022-08-22 11:04:01,537 - excludes: **/src/test/**,**/__MACOSX/**,**/*.min.js,**/*.Designer.vb,**/*.designer.vb,**/*Reference.vb,**/*Service.vb,**/*Silverlight.vb,**/*.Designer.cs,**/*.designer.cs,**/*Reference.cs,**/*Service.cs,**/*Silverlight.cs,**/.*,**/Pods/BuildHeaders/**/*.h,**/Pods/Headers/**/*.h,**/node_modules/**,**/bower_components/**,**/target/**,**/bin/**,**/obj/**,**/dist/**,**/lib/**
WARN 2022-08-22 11:04:01,537 - VM version: 1.8.0_333
WARN 2022-08-22 11:04:01,665 - VM settings:
WARN 2022-08-22 11:04:01,666 -     Stack Size: 2.00M
WARN 2022-08-22 11:04:01,666 -     Min. Heap Size: 128.00M
WARN 2022-08-22 11:04:01,666 -     Max. Heap Size: 1.00G
WARN 2022-08-22 11:04:01,666 -     Ergonomics Machine Class: client
WARN 2022-08-22 11:04:01,666 -     Using VM: Java HotSpot(TM) 64-Bit Server VM
WARN 2022-08-22 11:04:01,667 - 
INFO 2022-08-22 11:04:04,320 - Unable to locate tools.jar. Expected to find it in C:\Program Files\Java\jre1.8.0_333\lib\tools.jar
INFO 2022-08-22 11:04:04,362 - Buildfile: D:\Software\KiuwanLocalAnalyzer\bin\insight-exec.xml
INFO 2022-08-22 11:04:04,780 - SLF4J: Actual binding is of type [org.slf4j.impl.Log4jLoggerFactory]
INFO 2022-08-22 11:07:35,903 - Deleting: D:\Software\KiuwanLocalAnalyzer\temp\Edcast 5_16 Backend.5059319100674506641\results\insight\insight.session.key.properties
INFO 2022-08-22 11:07:35,904 - Moving 1 file to D:\Software\KiuwanLocalAnalyzer\temp\Edcast 5_16 Backend.5059319100674506641\results
INFO 2022-08-22 11:07:35,905 - Deleting directory D:\Software\KiuwanLocalAnalyzer\temp\Edcast 5_16 Backend.5059319100674506641\results\insight
INFO 2022-08-22 11:07:35,910 - Update global report: STARTED
INFO 2022-08-22 11:07:35,927 - Update global report: FINISHED
INFO 2022-08-22 11:07:35,928 - Upload results to kiuwan: STARTED
INFO 2022-08-22 11:07:39,032 - Upload results to kiuwan: FINISHED
INFO 2022-08-22 11:07:39,033 - Retrieve complete results from kiuwan: STARTED
INFO 2022-08-22 11:07:40,066 - Retrieve complete results from kiuwan: FINISHED
INFO 2022-08-22 11:07:40,066 - Register analysis code in global report: STARTED
INFO 2022-08-22 11:07:40,067 - Register analysis code in global report: FINISHED
INFO 2022-08-22 11:07:40,070 - Analysis finished: A-7e6-182c316bba4
