INFO 2022-08-22 11:03:45,577 - com.optimyth.qaking.codeanalysis.metadata.model.LibrariesResolver: Metadata libraries FACTORY directory added = D:\Software\KiuwanLocalAnalyzer\libraries
INFO 2022-08-22 11:03:45,577 - com.optimyth.qaking.codeanalysis.metadata.model.LibrariesResolver: Metadata libraries resolver found 1 directories to inspect: [D:\Software\KiuwanLocalAnalyzer\libraries]
WARN 2022-08-22 11:03:46,895 - com.optimyth.qaking.php.symfony.configuration.YmlParser: Cannot process file D:\Repos\Edcast Repo\Edcast 5.16\edcast-release-txp-v5.16.0\config\cucumber.yml
reason: class org.yaml.snakeyaml.scanner.ScannerException mapping values are not allowed here
 in 'reader', line 2, column 56:
     ... un.txt') ? IO.read('rerun.txt') : ""
                                         ^

mapping values are not allowed here
 in 'reader', line 2, column 56:
     ... un.txt') ? IO.read('rerun.txt') : ""
                                         ^

	at org.yaml.snakeyaml.scanner.ScannerImpl.fetchValue(ScannerImpl.java:871)
	at org.yaml.snakeyaml.scanner.ScannerImpl.fetchMoreTokens(ScannerImpl.java:360)
	at org.yaml.snakeyaml.scanner.ScannerImpl.peekToken(ScannerImpl.java:249)
	at org.yaml.snakeyaml.parser.ParserImpl$ParseDocumentEnd.produce(ParserImpl.java:253)
	at org.yaml.snakeyaml.parser.ParserImpl.peekEvent(ParserImpl.java:158)
	at org.yaml.snakeyaml.parser.ParserImpl.getEvent(ParserImpl.java:168)
	at org.yaml.snakeyaml.composer.Composer.composeDocument(Composer.java:124)
	at org.yaml.snakeyaml.composer.Composer.getSingleNode(Composer.java:105)
	at org.yaml.snakeyaml.constructor.BaseConstructor.getSingleData(BaseConstructor.java:120)
	at org.yaml.snakeyaml.Yaml.loadFromReader(Yaml.java:481)
	at org.yaml.snakeyaml.Yaml.load(Yaml.java:424)
	at com.optimyth.qaking.php.symfony.configuration.YmlParser.parseYaml(YmlParser.java:46)
	at com.optimyth.qaking.php.symfony.configuration.SymfonyConfigurationProcessor.k26(SymfonyConfigurationProcessor.java:101)
	at com.optimyth.qaking.php.symfony.configuration.SymfonyConfigurationProcessor.k26(SymfonyConfigurationProcessor.java:84)
	at es.als.util.FileUtil.k26(FileUtil.java:392)
	at java.util.TreeMap.forEach(Unknown Source)
	at es.als.util.FileUtil.E(FileUtil.java:384)
	at es.als.util.FileUtil.processFiles(FileUtil.java:314)
	at com.optimyth.qaking.php.symfony.configuration.SymfonyConfigurationProcessor.process(SymfonyConfigurationProcessor.java:75)
	at com.optimyth.qaking.php.rules.AbstractPhpRule.E(AbstractPhpRule.java:118)
	at com.optimyth.qaking.php.rules.AbstractPhpRule.postProcess(AbstractPhpRule.java:79)
	at com.als.core.RuleSet.postProcess(RuleSet.java:379)
	at com.als.core.main.SingleTechnologyStaticAnalyzer.postProcess(SingleTechnologyStaticAnalyzer.java:190)
	at com.als.core.main.AbstractStaticAnalyzer.k26(AbstractStaticAnalyzer.java:485)
	at com.als.core.main.AbstractStaticAnalyzer.analyze(AbstractStaticAnalyzer.java:173)
	at com.als.core.main.Main.run(Main.java:156)
	at com.als.core.main.Main.run(Main.java:108)
	at com.als.core.main.Main.main(Main.java:64)
WARN 2022-08-22 11:03:46,901 - com.optimyth.qaking.php.symfony.configuration.SymfonyConfigurationProcessor: Cannot process file D:\Repos\Edcast Repo\Edcast 5.16\edcast-release-txp-v5.16.0\config\cucumber.yml
reason: class org.yaml.snakeyaml.scanner.ScannerException mapping values are not allowed here
 in 'string', line 2, column 56:
     ... un.txt') ? IO.read('rerun.txt') : ""
                                         ^

mapping values are not allowed here
 in 'string', line 2, column 56:
     ... un.txt') ? IO.read('rerun.txt') : ""
                                         ^

	at org.yaml.snakeyaml.scanner.ScannerImpl.fetchValue(ScannerImpl.java:871)
	at org.yaml.snakeyaml.scanner.ScannerImpl.fetchMoreTokens(ScannerImpl.java:360)
	at org.yaml.snakeyaml.scanner.ScannerImpl.peekToken(ScannerImpl.java:249)
	at org.yaml.snakeyaml.parser.ParserImpl$ParseDocumentEnd.produce(ParserImpl.java:253)
	at org.yaml.snakeyaml.parser.ParserImpl.peekEvent(ParserImpl.java:158)
	at org.yaml.snakeyaml.parser.ParserImpl.getEvent(ParserImpl.java:168)
	at org.yaml.snakeyaml.composer.Composer.composeDocument(Composer.java:124)
	at org.yaml.snakeyaml.composer.Composer.getSingleNode(Composer.java:105)
	at org.yaml.snakeyaml.constructor.BaseConstructor.getSingleData(BaseConstructor.java:120)
	at org.yaml.snakeyaml.Yaml.loadFromReader(Yaml.java:481)
	at org.yaml.snakeyaml.Yaml.load(Yaml.java:400)
	at com.optimyth.qaking.php.symfony.configuration.YmlParser.k26(YmlParser.java:133)
	at com.optimyth.qaking.php.symfony.configuration.YmlParser.k26(YmlParser.java:110)
	at com.optimyth.qaking.php.symfony.configuration.YmlParser.k26(YmlParser.java:80)
	at com.als.core.util.LRUCache.getAndSet(LRUCache.java:55)
	at com.optimyth.qaking.php.symfony.configuration.YmlParser.k26(YmlParser.java:79)
	at com.optimyth.qaking.php.symfony.configuration.YmlParser.preprocessAndResolvePlaceholders(YmlParser.java:58)
	at com.optimyth.qaking.php.symfony.configuration.SymfonyConfigurationProcessor.k26(SymfonyConfigurationProcessor.java:115)
	at com.optimyth.qaking.php.symfony.configuration.SymfonyConfigurationProcessor.k26(SymfonyConfigurationProcessor.java:84)
	at es.als.util.FileUtil.k26(FileUtil.java:392)
	at java.util.TreeMap.forEach(Unknown Source)
	at es.als.util.FileUtil.E(FileUtil.java:384)
	at es.als.util.FileUtil.processFiles(FileUtil.java:314)
	at com.optimyth.qaking.php.symfony.configuration.SymfonyConfigurationProcessor.process(SymfonyConfigurationProcessor.java:75)
	at com.optimyth.qaking.php.rules.AbstractPhpRule.E(AbstractPhpRule.java:118)
	at com.optimyth.qaking.php.rules.AbstractPhpRule.postProcess(AbstractPhpRule.java:79)
	at com.als.core.RuleSet.postProcess(RuleSet.java:379)
	at com.als.core.main.SingleTechnologyStaticAnalyzer.postProcess(SingleTechnologyStaticAnalyzer.java:190)
	at com.als.core.main.AbstractStaticAnalyzer.k26(AbstractStaticAnalyzer.java:485)
	at com.als.core.main.AbstractStaticAnalyzer.analyze(AbstractStaticAnalyzer.java:173)
	at com.als.core.main.Main.run(Main.java:156)
	at com.als.core.main.Main.run(Main.java:108)
	at com.als.core.main.Main.main(Main.java:64)
WARN 2022-08-22 11:03:46,983 - com.optimyth.qaking.php.symfony.configuration.YmlParser: Cannot process file D:\Repos\Edcast Repo\Edcast 5.16\edcast-release-txp-v5.16.0\config\organization_default_configs.yml
reason: class org.yaml.snakeyaml.scanner.ScannerException mapping values are not allowed here
 in 'reader', line 113, column 163:
     ... ssets/default_splash_image.png" : "https://#{Settings.aws_cdn_ho ... 
                                         ^

mapping values are not allowed here
 in 'reader', line 113, column 163:
     ... ssets/default_splash_image.png" : "https://#{Settings.aws_cdn_ho ... 
                                         ^

	at org.yaml.snakeyaml.scanner.ScannerImpl.fetchValue(ScannerImpl.java:871)
	at org.yaml.snakeyaml.scanner.ScannerImpl.fetchMoreTokens(ScannerImpl.java:360)
	at org.yaml.snakeyaml.scanner.ScannerImpl.checkToken(ScannerImpl.java:226)
	at org.yaml.snakeyaml.parser.ParserImpl$ParseBlockMappingKey.produce(ParserImpl.java:558)
	at org.yaml.snakeyaml.parser.ParserImpl.peekEvent(ParserImpl.java:158)
	at org.yaml.snakeyaml.parser.ParserImpl.checkEvent(ParserImpl.java:143)
	at org.yaml.snakeyaml.composer.Composer.composeMappingNode(Composer.java:226)
	at org.yaml.snakeyaml.composer.Composer.composeNode(Composer.java:155)
	at org.yaml.snakeyaml.composer.Composer.composeSequenceNode(Composer.java:200)
	at org.yaml.snakeyaml.composer.Composer.composeNode(Composer.java:153)
	at org.yaml.snakeyaml.composer.Composer.composeMappingNode(Composer.java:231)
	at org.yaml.snakeyaml.composer.Composer.composeNode(Composer.java:155)
	at org.yaml.snakeyaml.composer.Composer.composeDocument(Composer.java:122)
	at org.yaml.snakeyaml.composer.Composer.getSingleNode(Composer.java:105)
	at org.yaml.snakeyaml.constructor.BaseConstructor.getSingleData(BaseConstructor.java:120)
	at org.yaml.snakeyaml.Yaml.loadFromReader(Yaml.java:481)
	at org.yaml.snakeyaml.Yaml.load(Yaml.java:424)
	at com.optimyth.qaking.php.symfony.configuration.YmlParser.parseYaml(YmlParser.java:46)
	at com.optimyth.qaking.php.symfony.configuration.SymfonyConfigurationProcessor.k26(SymfonyConfigurationProcessor.java:101)
	at com.optimyth.qaking.php.symfony.configuration.SymfonyConfigurationProcessor.k26(SymfonyConfigurationProcessor.java:84)
	at es.als.util.FileUtil.k26(FileUtil.java:392)
	at java.util.TreeMap.forEach(Unknown Source)
	at es.als.util.FileUtil.E(FileUtil.java:384)
	at es.als.util.FileUtil.processFiles(FileUtil.java:314)
	at com.optimyth.qaking.php.symfony.configuration.SymfonyConfigurationProcessor.process(SymfonyConfigurationProcessor.java:75)
	at com.optimyth.qaking.php.rules.AbstractPhpRule.E(AbstractPhpRule.java:118)
	at com.optimyth.qaking.php.rules.AbstractPhpRule.postProcess(AbstractPhpRule.java:79)
	at com.als.core.RuleSet.postProcess(RuleSet.java:379)
	at com.als.core.main.SingleTechnologyStaticAnalyzer.postProcess(SingleTechnologyStaticAnalyzer.java:190)
	at com.als.core.main.AbstractStaticAnalyzer.k26(AbstractStaticAnalyzer.java:485)
	at com.als.core.main.AbstractStaticAnalyzer.analyze(AbstractStaticAnalyzer.java:173)
	at com.als.core.main.Main.run(Main.java:156)
	at com.als.core.main.Main.run(Main.java:108)
	at com.als.core.main.Main.main(Main.java:64)
WARN 2022-08-22 11:03:46,986 - com.optimyth.qaking.php.symfony.configuration.SymfonyConfigurationProcessor: Cannot process file D:\Repos\Edcast Repo\Edcast 5.16\edcast-release-txp-v5.16.0\config\organization_default_configs.yml
reason: class org.yaml.snakeyaml.scanner.ScannerException mapping values are not allowed here
 in 'string', line 113, column 163:
     ... ssets/default_splash_image.png" : "https://#{Settings.aws_cdn_ho ... 
                                         ^

mapping values are not allowed here
 in 'string', line 113, column 163:
     ... ssets/default_splash_image.png" : "https://#{Settings.aws_cdn_ho ... 
                                         ^

	at org.yaml.snakeyaml.scanner.ScannerImpl.fetchValue(ScannerImpl.java:871)
	at org.yaml.snakeyaml.scanner.ScannerImpl.fetchMoreTokens(ScannerImpl.java:360)
	at org.yaml.snakeyaml.scanner.ScannerImpl.checkToken(ScannerImpl.java:226)
	at org.yaml.snakeyaml.parser.ParserImpl$ParseBlockMappingKey.produce(ParserImpl.java:558)
	at org.yaml.snakeyaml.parser.ParserImpl.peekEvent(ParserImpl.java:158)
	at org.yaml.snakeyaml.parser.ParserImpl.checkEvent(ParserImpl.java:143)
	at org.yaml.snakeyaml.composer.Composer.composeMappingNode(Composer.java:226)
	at org.yaml.snakeyaml.composer.Composer.composeNode(Composer.java:155)
	at org.yaml.snakeyaml.composer.Composer.composeSequenceNode(Composer.java:200)
	at org.yaml.snakeyaml.composer.Composer.composeNode(Composer.java:153)
	at org.yaml.snakeyaml.composer.Composer.composeMappingNode(Composer.java:231)
	at org.yaml.snakeyaml.composer.Composer.composeNode(Composer.java:155)
	at org.yaml.snakeyaml.composer.Composer.composeDocument(Composer.java:122)
	at org.yaml.snakeyaml.composer.Composer.getSingleNode(Composer.java:105)
	at org.yaml.snakeyaml.constructor.BaseConstructor.getSingleData(BaseConstructor.java:120)
	at org.yaml.snakeyaml.Yaml.loadFromReader(Yaml.java:481)
	at org.yaml.snakeyaml.Yaml.load(Yaml.java:400)
	at com.optimyth.qaking.php.symfony.configuration.YmlParser.k26(YmlParser.java:133)
	at com.optimyth.qaking.php.symfony.configuration.YmlParser.k26(YmlParser.java:110)
	at com.optimyth.qaking.php.symfony.configuration.YmlParser.k26(YmlParser.java:80)
	at com.als.core.util.LRUCache.getAndSet(LRUCache.java:55)
	at com.optimyth.qaking.php.symfony.configuration.YmlParser.k26(YmlParser.java:79)
	at com.optimyth.qaking.php.symfony.configuration.YmlParser.preprocessAndResolvePlaceholders(YmlParser.java:58)
	at com.optimyth.qaking.php.symfony.configuration.SymfonyConfigurationProcessor.k26(SymfonyConfigurationProcessor.java:115)
	at com.optimyth.qaking.php.symfony.configuration.SymfonyConfigurationProcessor.k26(SymfonyConfigurationProcessor.java:84)
	at es.als.util.FileUtil.k26(FileUtil.java:392)
	at java.util.TreeMap.forEach(Unknown Source)
	at es.als.util.FileUtil.E(FileUtil.java:384)
	at es.als.util.FileUtil.processFiles(FileUtil.java:314)
	at com.optimyth.qaking.php.symfony.configuration.SymfonyConfigurationProcessor.process(SymfonyConfigurationProcessor.java:75)
	at com.optimyth.qaking.php.rules.AbstractPhpRule.E(AbstractPhpRule.java:118)
	at com.optimyth.qaking.php.rules.AbstractPhpRule.postProcess(AbstractPhpRule.java:79)
	at com.als.core.RuleSet.postProcess(RuleSet.java:379)
	at com.als.core.main.SingleTechnologyStaticAnalyzer.postProcess(SingleTechnologyStaticAnalyzer.java:190)
	at com.als.core.main.AbstractStaticAnalyzer.k26(AbstractStaticAnalyzer.java:485)
	at com.als.core.main.AbstractStaticAnalyzer.analyze(AbstractStaticAnalyzer.java:173)
	at com.als.core.main.Main.run(Main.java:156)
	at com.als.core.main.Main.run(Main.java:108)
	at com.als.core.main.Main.main(Main.java:64)
WARN 2022-08-22 11:03:47,011 - com.optimyth.qaking.php.symfony.configuration.YmlParser: Cannot process file D:\Repos\Edcast Repo\Edcast 5.16\edcast-release-txp-v5.16.0\config\settings.yml
reason: class org.yaml.snakeyaml.scanner.ScannerException mapping values are not allowed here
 in 'reader', line 73, column 71:
     ... RM_FORCE_SSL'] == 'true' ? true : false \%>
                                         ^

mapping values are not allowed here
 in 'reader', line 73, column 71:
     ... RM_FORCE_SSL'] == 'true' ? true : false \%>
                                         ^

	at org.yaml.snakeyaml.scanner.ScannerImpl.fetchValue(ScannerImpl.java:871)
	at org.yaml.snakeyaml.scanner.ScannerImpl.fetchMoreTokens(ScannerImpl.java:360)
	at org.yaml.snakeyaml.scanner.ScannerImpl.checkToken(ScannerImpl.java:226)
	at org.yaml.snakeyaml.parser.ParserImpl$ParseBlockMappingKey.produce(ParserImpl.java:558)
	at org.yaml.snakeyaml.parser.ParserImpl.peekEvent(ParserImpl.java:158)
	at org.yaml.snakeyaml.parser.ParserImpl.checkEvent(ParserImpl.java:143)
	at org.yaml.snakeyaml.composer.Composer.composeMappingNode(Composer.java:226)
	at org.yaml.snakeyaml.composer.Composer.composeNode(Composer.java:155)
	at org.yaml.snakeyaml.composer.Composer.composeMappingNode(Composer.java:231)
	at org.yaml.snakeyaml.composer.Composer.composeNode(Composer.java:155)
	at org.yaml.snakeyaml.composer.Composer.composeDocument(Composer.java:122)
	at org.yaml.snakeyaml.composer.Composer.getSingleNode(Composer.java:105)
	at org.yaml.snakeyaml.constructor.BaseConstructor.getSingleData(BaseConstructor.java:120)
	at org.yaml.snakeyaml.Yaml.loadFromReader(Yaml.java:481)
	at org.yaml.snakeyaml.Yaml.load(Yaml.java:424)
	at com.optimyth.qaking.php.symfony.configuration.YmlParser.parseYaml(YmlParser.java:46)
	at com.optimyth.qaking.php.symfony.configuration.SymfonyConfigurationProcessor.k26(SymfonyConfigurationProcessor.java:101)
	at com.optimyth.qaking.php.symfony.configuration.SymfonyConfigurationProcessor.k26(SymfonyConfigurationProcessor.java:84)
	at es.als.util.FileUtil.k26(FileUtil.java:392)
	at java.util.TreeMap.forEach(Unknown Source)
	at es.als.util.FileUtil.E(FileUtil.java:384)
	at es.als.util.FileUtil.processFiles(FileUtil.java:314)
	at com.optimyth.qaking.php.symfony.configuration.SymfonyConfigurationProcessor.process(SymfonyConfigurationProcessor.java:75)
	at com.optimyth.qaking.php.rules.AbstractPhpRule.E(AbstractPhpRule.java:118)
	at com.optimyth.qaking.php.rules.AbstractPhpRule.postProcess(AbstractPhpRule.java:79)
	at com.als.core.RuleSet.postProcess(RuleSet.java:379)
	at com.als.core.main.SingleTechnologyStaticAnalyzer.postProcess(SingleTechnologyStaticAnalyzer.java:190)
	at com.als.core.main.AbstractStaticAnalyzer.k26(AbstractStaticAnalyzer.java:485)
	at com.als.core.main.AbstractStaticAnalyzer.analyze(AbstractStaticAnalyzer.java:173)
	at com.als.core.main.Main.run(Main.java:156)
	at com.als.core.main.Main.run(Main.java:108)
	at com.als.core.main.Main.main(Main.java:64)
WARN 2022-08-22 11:03:47,016 - com.optimyth.qaking.php.symfony.configuration.SymfonyConfigurationProcessor: Cannot process file D:\Repos\Edcast Repo\Edcast 5.16\edcast-release-txp-v5.16.0\config\settings.yml
reason: class org.yaml.snakeyaml.scanner.ScannerException mapping values are not allowed here
 in 'string', line 73, column 71:
     ... RM_FORCE_SSL'] == 'true' ? true : false \%>
                                         ^

mapping values are not allowed here
 in 'string', line 73, column 71:
     ... RM_FORCE_SSL'] == 'true' ? true : false \%>
                                         ^

	at org.yaml.snakeyaml.scanner.ScannerImpl.fetchValue(ScannerImpl.java:871)
	at org.yaml.snakeyaml.scanner.ScannerImpl.fetchMoreTokens(ScannerImpl.java:360)
	at org.yaml.snakeyaml.scanner.ScannerImpl.checkToken(ScannerImpl.java:226)
	at org.yaml.snakeyaml.parser.ParserImpl$ParseBlockMappingKey.produce(ParserImpl.java:558)
	at org.yaml.snakeyaml.parser.ParserImpl.peekEvent(ParserImpl.java:158)
	at org.yaml.snakeyaml.parser.ParserImpl.checkEvent(ParserImpl.java:143)
	at org.yaml.snakeyaml.composer.Composer.composeMappingNode(Composer.java:226)
	at org.yaml.snakeyaml.composer.Composer.composeNode(Composer.java:155)
	at org.yaml.snakeyaml.composer.Composer.composeMappingNode(Composer.java:231)
	at org.yaml.snakeyaml.composer.Composer.composeNode(Composer.java:155)
	at org.yaml.snakeyaml.composer.Composer.composeDocument(Composer.java:122)
	at org.yaml.snakeyaml.composer.Composer.getSingleNode(Composer.java:105)
	at org.yaml.snakeyaml.constructor.BaseConstructor.getSingleData(BaseConstructor.java:120)
	at org.yaml.snakeyaml.Yaml.loadFromReader(Yaml.java:481)
	at org.yaml.snakeyaml.Yaml.load(Yaml.java:400)
	at com.optimyth.qaking.php.symfony.configuration.YmlParser.k26(YmlParser.java:133)
	at com.optimyth.qaking.php.symfony.configuration.YmlParser.k26(YmlParser.java:110)
	at com.optimyth.qaking.php.symfony.configuration.YmlParser.k26(YmlParser.java:80)
	at com.als.core.util.LRUCache.getAndSet(LRUCache.java:55)
	at com.optimyth.qaking.php.symfony.configuration.YmlParser.k26(YmlParser.java:79)
	at com.optimyth.qaking.php.symfony.configuration.YmlParser.preprocessAndResolvePlaceholders(YmlParser.java:58)
	at com.optimyth.qaking.php.symfony.configuration.SymfonyConfigurationProcessor.k26(SymfonyConfigurationProcessor.java:115)
	at com.optimyth.qaking.php.symfony.configuration.SymfonyConfigurationProcessor.k26(SymfonyConfigurationProcessor.java:84)
	at es.als.util.FileUtil.k26(FileUtil.java:392)
	at java.util.TreeMap.forEach(Unknown Source)
	at es.als.util.FileUtil.E(FileUtil.java:384)
	at es.als.util.FileUtil.processFiles(FileUtil.java:314)
	at com.optimyth.qaking.php.symfony.configuration.SymfonyConfigurationProcessor.process(SymfonyConfigurationProcessor.java:75)
	at com.optimyth.qaking.php.rules.AbstractPhpRule.E(AbstractPhpRule.java:118)
	at com.optimyth.qaking.php.rules.AbstractPhpRule.postProcess(AbstractPhpRule.java:79)
	at com.als.core.RuleSet.postProcess(RuleSet.java:379)
	at com.als.core.main.SingleTechnologyStaticAnalyzer.postProcess(SingleTechnologyStaticAnalyzer.java:190)
	at com.als.core.main.AbstractStaticAnalyzer.k26(AbstractStaticAnalyzer.java:485)
	at com.als.core.main.AbstractStaticAnalyzer.analyze(AbstractStaticAnalyzer.java:173)
	at com.als.core.main.Main.run(Main.java:156)
	at com.als.core.main.Main.run(Main.java:108)
	at com.als.core.main.Main.main(Main.java:64)
WARN 2022-08-22 11:03:47,034 - com.optimyth.qaking.php.symfony.configuration.YmlParser: Cannot process file D:\Repos\Edcast Repo\Edcast 5.16\edcast-release-txp-v5.16.0\config\shards.yml
reason: class org.yaml.snakeyaml.scanner.ScannerException mapping values are not allowed here
 in 'reader', line 16, column 8:
    octopus:
           ^

mapping values are not allowed here
 in 'reader', line 16, column 8:
    octopus:
           ^

	at org.yaml.snakeyaml.scanner.ScannerImpl.fetchValue(ScannerImpl.java:871)
	at org.yaml.snakeyaml.scanner.ScannerImpl.fetchMoreTokens(ScannerImpl.java:360)
	at org.yaml.snakeyaml.scanner.ScannerImpl.peekToken(ScannerImpl.java:249)
	at org.yaml.snakeyaml.parser.ParserImpl$ParseDocumentEnd.produce(ParserImpl.java:253)
	at org.yaml.snakeyaml.parser.ParserImpl.peekEvent(ParserImpl.java:158)
	at org.yaml.snakeyaml.parser.ParserImpl.getEvent(ParserImpl.java:168)
	at org.yaml.snakeyaml.composer.Composer.composeDocument(Composer.java:124)
	at org.yaml.snakeyaml.composer.Composer.getSingleNode(Composer.java:105)
	at org.yaml.snakeyaml.constructor.BaseConstructor.getSingleData(BaseConstructor.java:120)
	at org.yaml.snakeyaml.Yaml.loadFromReader(Yaml.java:481)
	at org.yaml.snakeyaml.Yaml.load(Yaml.java:424)
	at com.optimyth.qaking.php.symfony.configuration.YmlParser.parseYaml(YmlParser.java:46)
	at com.optimyth.qaking.php.symfony.configuration.SymfonyConfigurationProcessor.k26(SymfonyConfigurationProcessor.java:101)
	at com.optimyth.qaking.php.symfony.configuration.SymfonyConfigurationProcessor.k26(SymfonyConfigurationProcessor.java:84)
	at es.als.util.FileUtil.k26(FileUtil.java:392)
	at java.util.TreeMap.forEach(Unknown Source)
	at es.als.util.FileUtil.E(FileUtil.java:384)
	at es.als.util.FileUtil.processFiles(FileUtil.java:314)
	at com.optimyth.qaking.php.symfony.configuration.SymfonyConfigurationProcessor.process(SymfonyConfigurationProcessor.java:75)
	at com.optimyth.qaking.php.rules.AbstractPhpRule.E(AbstractPhpRule.java:118)
	at com.optimyth.qaking.php.rules.AbstractPhpRule.postProcess(AbstractPhpRule.java:79)
	at com.als.core.RuleSet.postProcess(RuleSet.java:379)
	at com.als.core.main.SingleTechnologyStaticAnalyzer.postProcess(SingleTechnologyStaticAnalyzer.java:190)
	at com.als.core.main.AbstractStaticAnalyzer.k26(AbstractStaticAnalyzer.java:485)
	at com.als.core.main.AbstractStaticAnalyzer.analyze(AbstractStaticAnalyzer.java:173)
	at com.als.core.main.Main.run(Main.java:156)
	at com.als.core.main.Main.run(Main.java:108)
	at com.als.core.main.Main.main(Main.java:64)
WARN 2022-08-22 11:03:47,035 - com.optimyth.qaking.php.symfony.configuration.SymfonyConfigurationProcessor: Cannot process file D:\Repos\Edcast Repo\Edcast 5.16\edcast-release-txp-v5.16.0\config\shards.yml
reason: class org.yaml.snakeyaml.scanner.ScannerException mapping values are not allowed here
 in 'string', line 16, column 8:
    octopus:
           ^

mapping values are not allowed here
 in 'string', line 16, column 8:
    octopus:
           ^

	at org.yaml.snakeyaml.scanner.ScannerImpl.fetchValue(ScannerImpl.java:871)
	at org.yaml.snakeyaml.scanner.ScannerImpl.fetchMoreTokens(ScannerImpl.java:360)
	at org.yaml.snakeyaml.scanner.ScannerImpl.peekToken(ScannerImpl.java:249)
	at org.yaml.snakeyaml.parser.ParserImpl$ParseDocumentEnd.produce(ParserImpl.java:253)
	at org.yaml.snakeyaml.parser.ParserImpl.peekEvent(ParserImpl.java:158)
	at org.yaml.snakeyaml.parser.ParserImpl.getEvent(ParserImpl.java:168)
	at org.yaml.snakeyaml.composer.Composer.composeDocument(Composer.java:124)
	at org.yaml.snakeyaml.composer.Composer.getSingleNode(Composer.java:105)
	at org.yaml.snakeyaml.constructor.BaseConstructor.getSingleData(BaseConstructor.java:120)
	at org.yaml.snakeyaml.Yaml.loadFromReader(Yaml.java:481)
	at org.yaml.snakeyaml.Yaml.load(Yaml.java:400)
	at com.optimyth.qaking.php.symfony.configuration.YmlParser.k26(YmlParser.java:133)
	at com.optimyth.qaking.php.symfony.configuration.YmlParser.k26(YmlParser.java:110)
	at com.optimyth.qaking.php.symfony.configuration.YmlParser.k26(YmlParser.java:80)
	at com.als.core.util.LRUCache.getAndSet(LRUCache.java:55)
	at com.optimyth.qaking.php.symfony.configuration.YmlParser.k26(YmlParser.java:79)
	at com.optimyth.qaking.php.symfony.configuration.YmlParser.preprocessAndResolvePlaceholders(YmlParser.java:58)
	at com.optimyth.qaking.php.symfony.configuration.SymfonyConfigurationProcessor.k26(SymfonyConfigurationProcessor.java:115)
	at com.optimyth.qaking.php.symfony.configuration.SymfonyConfigurationProcessor.k26(SymfonyConfigurationProcessor.java:84)
	at es.als.util.FileUtil.k26(FileUtil.java:392)
	at java.util.TreeMap.forEach(Unknown Source)
	at es.als.util.FileUtil.E(FileUtil.java:384)
	at es.als.util.FileUtil.processFiles(FileUtil.java:314)
	at com.optimyth.qaking.php.symfony.configuration.SymfonyConfigurationProcessor.process(SymfonyConfigurationProcessor.java:75)
	at com.optimyth.qaking.php.rules.AbstractPhpRule.E(AbstractPhpRule.java:118)
	at com.optimyth.qaking.php.rules.AbstractPhpRule.postProcess(AbstractPhpRule.java:79)
	at com.als.core.RuleSet.postProcess(RuleSet.java:379)
	at com.als.core.main.SingleTechnologyStaticAnalyzer.postProcess(SingleTechnologyStaticAnalyzer.java:190)
	at com.als.core.main.AbstractStaticAnalyzer.k26(AbstractStaticAnalyzer.java:485)
	at com.als.core.main.AbstractStaticAnalyzer.analyze(AbstractStaticAnalyzer.java:173)
	at com.als.core.main.Main.run(Main.java:156)
	at com.als.core.main.Main.run(Main.java:108)
	at com.als.core.main.Main.main(Main.java:64)
WARN 2022-08-22 11:03:47,042 - com.optimyth.qaking.php.symfony.configuration.YmlParser: Cannot process file D:\Repos\Edcast Repo\Edcast 5.16\edcast-release-txp-v5.16.0\config\sidekiq.yml
reason: class org.yaml.snakeyaml.scanner.ScannerException mapping values are not allowed here
 in 'reader', line 5, column 3:
    qa:
      ^

mapping values are not allowed here
 in 'reader', line 5, column 3:
    qa:
      ^

	at org.yaml.snakeyaml.scanner.ScannerImpl.fetchValue(ScannerImpl.java:871)
	at org.yaml.snakeyaml.scanner.ScannerImpl.fetchMoreTokens(ScannerImpl.java:360)
	at org.yaml.snakeyaml.scanner.ScannerImpl.peekToken(ScannerImpl.java:249)
	at org.yaml.snakeyaml.parser.ParserImpl$ParseDocumentEnd.produce(ParserImpl.java:253)
	at org.yaml.snakeyaml.parser.ParserImpl.peekEvent(ParserImpl.java:158)
	at org.yaml.snakeyaml.parser.ParserImpl.getEvent(ParserImpl.java:168)
	at org.yaml.snakeyaml.composer.Composer.composeDocument(Composer.java:124)
	at org.yaml.snakeyaml.composer.Composer.getSingleNode(Composer.java:105)
	at org.yaml.snakeyaml.constructor.BaseConstructor.getSingleData(BaseConstructor.java:120)
	at org.yaml.snakeyaml.Yaml.loadFromReader(Yaml.java:481)
	at org.yaml.snakeyaml.Yaml.load(Yaml.java:424)
	at com.optimyth.qaking.php.symfony.configuration.YmlParser.parseYaml(YmlParser.java:46)
	at com.optimyth.qaking.php.symfony.configuration.SymfonyConfigurationProcessor.k26(SymfonyConfigurationProcessor.java:101)
	at com.optimyth.qaking.php.symfony.configuration.SymfonyConfigurationProcessor.k26(SymfonyConfigurationProcessor.java:84)
	at es.als.util.FileUtil.k26(FileUtil.java:392)
	at java.util.TreeMap.forEach(Unknown Source)
	at es.als.util.FileUtil.E(FileUtil.java:384)
	at es.als.util.FileUtil.processFiles(FileUtil.java:314)
	at com.optimyth.qaking.php.symfony.configuration.SymfonyConfigurationProcessor.process(SymfonyConfigurationProcessor.java:75)
	at com.optimyth.qaking.php.rules.AbstractPhpRule.E(AbstractPhpRule.java:118)
	at com.optimyth.qaking.php.rules.AbstractPhpRule.postProcess(AbstractPhpRule.java:79)
	at com.als.core.RuleSet.postProcess(RuleSet.java:379)
	at com.als.core.main.SingleTechnologyStaticAnalyzer.postProcess(SingleTechnologyStaticAnalyzer.java:190)
	at com.als.core.main.AbstractStaticAnalyzer.k26(AbstractStaticAnalyzer.java:485)
	at com.als.core.main.AbstractStaticAnalyzer.analyze(AbstractStaticAnalyzer.java:173)
	at com.als.core.main.Main.run(Main.java:156)
	at com.als.core.main.Main.run(Main.java:108)
	at com.als.core.main.Main.main(Main.java:64)
WARN 2022-08-22 11:03:47,043 - com.optimyth.qaking.php.symfony.configuration.YmlParser: Cannot process file D:\Repos\Edcast Repo\Edcast 5.16\edcast-release-txp-v5.16.0\config\sidekiq.yml
reason: class org.yaml.snakeyaml.scanner.ScannerException mapping values are not allowed here
 in 'reader', line 5, column 3:
    qa:
      ^

mapping values are not allowed here
 in 'reader', line 5, column 3:
    qa:
      ^

	at org.yaml.snakeyaml.scanner.ScannerImpl.fetchValue(ScannerImpl.java:871)
	at org.yaml.snakeyaml.scanner.ScannerImpl.fetchMoreTokens(ScannerImpl.java:360)
	at org.yaml.snakeyaml.scanner.ScannerImpl.peekToken(ScannerImpl.java:249)
	at org.yaml.snakeyaml.parser.ParserImpl$ParseDocumentEnd.produce(ParserImpl.java:253)
	at org.yaml.snakeyaml.parser.ParserImpl.peekEvent(ParserImpl.java:158)
	at org.yaml.snakeyaml.parser.ParserImpl.getEvent(ParserImpl.java:168)
	at org.yaml.snakeyaml.composer.Composer.composeDocument(Composer.java:124)
	at org.yaml.snakeyaml.composer.Composer.getSingleNode(Composer.java:105)
	at org.yaml.snakeyaml.constructor.BaseConstructor.getSingleData(BaseConstructor.java:120)
	at org.yaml.snakeyaml.Yaml.loadFromReader(Yaml.java:481)
	at org.yaml.snakeyaml.Yaml.load(Yaml.java:424)
	at com.optimyth.qaking.php.symfony.configuration.YmlParser.parseYaml(YmlParser.java:46)
	at com.optimyth.qaking.php.symfony.configuration.SymfonyConfigurationProcessor.k26(SymfonyConfigurationProcessor.java:119)
	at com.optimyth.qaking.php.symfony.configuration.SymfonyConfigurationProcessor.k26(SymfonyConfigurationProcessor.java:84)
	at es.als.util.FileUtil.k26(FileUtil.java:392)
	at java.util.TreeMap.forEach(Unknown Source)
	at es.als.util.FileUtil.E(FileUtil.java:384)
	at es.als.util.FileUtil.processFiles(FileUtil.java:314)
	at com.optimyth.qaking.php.symfony.configuration.SymfonyConfigurationProcessor.process(SymfonyConfigurationProcessor.java:75)
	at com.optimyth.qaking.php.rules.AbstractPhpRule.E(AbstractPhpRule.java:118)
	at com.optimyth.qaking.php.rules.AbstractPhpRule.postProcess(AbstractPhpRule.java:79)
	at com.als.core.RuleSet.postProcess(RuleSet.java:379)
	at com.als.core.main.SingleTechnologyStaticAnalyzer.postProcess(SingleTechnologyStaticAnalyzer.java:190)
	at com.als.core.main.AbstractStaticAnalyzer.k26(AbstractStaticAnalyzer.java:485)
	at com.als.core.main.AbstractStaticAnalyzer.analyze(AbstractStaticAnalyzer.java:173)
	at com.als.core.main.Main.run(Main.java:156)
	at com.als.core.main.Main.run(Main.java:108)
	at com.als.core.main.Main.main(Main.java:64)
