INFO 2022-08-22 11:03:24,219 - com.optimyth.qaking.codeanalysis.metadata.model.LibrariesResolver: Metadata libraries FACTORY directory added = D:\Software\KiuwanLocalAnalyzer\libraries
INFO 2022-08-22 11:03:24,220 - com.optimyth.qaking.codeanalysis.metadata.model.LibrariesResolver: Metadata libraries resolver found 1 directories to inspect: [D:\Software\KiuwanLocalAnalyzer\libraries]
INFO 2022-08-22 11:03:25,784 - com.optimyth.qaking.codeanalysis.redos.RegexNfaAnalyzer$AnalysisRunner: Error analyzing regular expression: ^\.|this\b
java.util.regex.PatternSyntaxException: Illegal/unsupported escape sequence near index 2
\b
	at nfa.transitionlabel.TransitionLabelParserRecursive.parsePredefinedCharacterClass(TransitionLabelParserRecursive.java:209)
	at nfa.transitionlabel.TransitionLabelParserRecursive.parseTransitionLabel(TransitionLabelParserRecursive.java:81)
	at regexcompiler.JavaParseTreeToNFAConverter.createBaseCaseSymbol(JavaParseTreeToNFAConverter.java:69)
	at regexcompiler.ParseTreeToNFAConverter.dfsBuild(ParseTreeToNFAConverter.java:132)
	at regexcompiler.ParseTreeToNFAConverter.dfsBuild(ParseTreeToNFAConverter.java:114)
	at regexcompiler.ParseTreeToNFAConverter.dfsBuild(ParseTreeToNFAConverter.java:106)
	at regexcompiler.ParseTreeToNFAConverter.convertParseTree(ParseTreeToNFAConverter.java:58)
	at regexcompiler.MyPattern.toNFAGraph(MyPattern.java:99)
	at com.optimyth.qaking.codeanalysis.redos.RegexNfaAnalyzer$AnalysisRunner.run(RegexNfaAnalyzer.java:225)
	at java.util.concurrent.Executors$RunnableAdapter.call(Unknown Source)
	at java.util.concurrent.FutureTask.run(Unknown Source)
	at java.util.concurrent.ThreadPoolExecutor.runWorker(Unknown Source)
	at java.util.concurrent.ThreadPoolExecutor$Worker.run(Unknown Source)
	at java.lang.Thread.run(Unknown Source)
INFO 2022-08-22 11:03:25,950 - com.optimyth.qaking.codeanalysis.redos.RegexNfaAnalyzer$AnalysisRunner: Error analyzing regular expression: ^(?:[^\x00]*?(?=(\{\{)))
java.lang.UnsupportedOperationException: Positive Look ahead symbols not supported
	at regexcompiler.ParseTreeToNFAConverter.dfsBuild(ParseTreeToNFAConverter.java:174)
	at regexcompiler.ParseTreeToNFAConverter.dfsBuild(ParseTreeToNFAConverter.java:114)
	at regexcompiler.ParseTreeToNFAConverter.dfsBuild(ParseTreeToNFAConverter.java:158)
	at regexcompiler.ParseTreeToNFAConverter.convertParseTree(ParseTreeToNFAConverter.java:58)
	at regexcompiler.MyPattern.toNFAGraph(MyPattern.java:99)
	at com.optimyth.qaking.codeanalysis.redos.RegexNfaAnalyzer$AnalysisRunner.run(RegexNfaAnalyzer.java:225)
	at java.util.concurrent.Executors$RunnableAdapter.call(Unknown Source)
	at java.util.concurrent.FutureTask.run(Unknown Source)
	at java.util.concurrent.ThreadPoolExecutor.runWorker(Unknown Source)
	at java.util.concurrent.ThreadPoolExecutor$Worker.run(Unknown Source)
	at java.lang.Thread.run(Unknown Source)
INFO 2022-08-22 11:03:25,966 - com.optimyth.qaking.codeanalysis.redos.RegexNfaAnalyzer$AnalysisRunner: Error analyzing regular expression: ^(?:[^\x00]{2,}?(?=(\{\{|\\\{\{|\\\\\{\{|$)))
regexcompiler.UnimplementedFunctionalityException: Anchor at invalid position: $ at 41
	at regexcompiler.MyPattern$Parser.parseTerm(MyPattern.java:610)
	at regexcompiler.MyPattern$Parser.parseRegex(MyPattern.java:569)
	at regexcompiler.MyPattern$Parser.parse(MyPattern.java:546)
	at regexcompiler.MyPattern$Parser.parseFactor(MyPattern.java:669)
	at regexcompiler.MyPattern$Parser.parseTerm(MyPattern.java:598)
	at regexcompiler.MyPattern$Parser.parseRegex(MyPattern.java:564)
	at regexcompiler.MyPattern$Parser.parse(MyPattern.java:546)
	at regexcompiler.MyPattern$Parser.parseFactor(MyPattern.java:679)
	at regexcompiler.MyPattern$Parser.parseTerm(MyPattern.java:615)
	at regexcompiler.MyPattern$Parser.parseRegex(MyPattern.java:564)
	at regexcompiler.MyPattern$Parser.parse(MyPattern.java:546)
	at regexcompiler.MyPattern$Parser.parseFactor(MyPattern.java:660)
	at regexcompiler.MyPattern$Parser.parseTerm(MyPattern.java:598)
	at regexcompiler.MyPattern$Parser.parseRegex(MyPattern.java:564)
	at regexcompiler.MyPattern$Parser.parse(MyPattern.java:546)
	at regexcompiler.MyPattern.toNFAGraph(MyPattern.java:86)
	at com.optimyth.qaking.codeanalysis.redos.RegexNfaAnalyzer$AnalysisRunner.run(RegexNfaAnalyzer.java:225)
	at java.util.concurrent.Executors$RunnableAdapter.call(Unknown Source)
	at java.util.concurrent.FutureTask.run(Unknown Source)
	at java.util.concurrent.ThreadPoolExecutor.runWorker(Unknown Source)
	at java.util.concurrent.ThreadPoolExecutor$Worker.run(Unknown Source)
	at java.lang.Thread.run(Unknown Source)
INFO 2022-08-22 11:03:25,967 - com.optimyth.qaking.codeanalysis.redos.RegexNfaAnalyzer$AnalysisRunner: Error analyzing regular expression: ^(?:\{\{\{\{\/[^\s!"#%-,\.\/;->@\[-\^`\{-~]+(?=[=}\s\/.])\}\}\}\})
java.lang.UnsupportedOperationException: Positive Look ahead symbols not supported
	at regexcompiler.ParseTreeToNFAConverter.dfsBuild(ParseTreeToNFAConverter.java:174)
	at regexcompiler.ParseTreeToNFAConverter.dfsBuild(ParseTreeToNFAConverter.java:114)
	at regexcompiler.ParseTreeToNFAConverter.dfsBuild(ParseTreeToNFAConverter.java:113)
	at regexcompiler.ParseTreeToNFAConverter.dfsBuild(ParseTreeToNFAConverter.java:113)
	at regexcompiler.ParseTreeToNFAConverter.dfsBuild(ParseTreeToNFAConverter.java:113)
	at regexcompiler.ParseTreeToNFAConverter.dfsBuild(ParseTreeToNFAConverter.java:113)
	at regexcompiler.ParseTreeToNFAConverter.dfsBuild(ParseTreeToNFAConverter.java:158)
	at regexcompiler.ParseTreeToNFAConverter.convertParseTree(ParseTreeToNFAConverter.java:58)
	at regexcompiler.MyPattern.toNFAGraph(MyPattern.java:99)
	at com.optimyth.qaking.codeanalysis.redos.RegexNfaAnalyzer$AnalysisRunner.run(RegexNfaAnalyzer.java:225)
	at java.util.concurrent.Executors$RunnableAdapter.call(Unknown Source)
	at java.util.concurrent.FutureTask.run(Unknown Source)
	at java.util.concurrent.ThreadPoolExecutor.runWorker(Unknown Source)
	at java.util.concurrent.ThreadPoolExecutor$Worker.run(Unknown Source)
	at java.lang.Thread.run(Unknown Source)
INFO 2022-08-22 11:03:25,969 - com.optimyth.qaking.codeanalysis.redos.RegexNfaAnalyzer$AnalysisRunner: Error analyzing regular expression: ^(?:[^\x00]*?(?=(\{\{\{\{\/)))
java.lang.UnsupportedOperationException: Positive Look ahead symbols not supported
	at regexcompiler.ParseTreeToNFAConverter.dfsBuild(ParseTreeToNFAConverter.java:174)
	at regexcompiler.ParseTreeToNFAConverter.dfsBuild(ParseTreeToNFAConverter.java:114)
	at regexcompiler.ParseTreeToNFAConverter.dfsBuild(ParseTreeToNFAConverter.java:158)
	at regexcompiler.ParseTreeToNFAConverter.convertParseTree(ParseTreeToNFAConverter.java:58)
	at regexcompiler.MyPattern.toNFAGraph(MyPattern.java:99)
	at com.optimyth.qaking.codeanalysis.redos.RegexNfaAnalyzer$AnalysisRunner.run(RegexNfaAnalyzer.java:225)
	at java.util.concurrent.Executors$RunnableAdapter.call(Unknown Source)
	at java.util.concurrent.FutureTask.run(Unknown Source)
	at java.util.concurrent.ThreadPoolExecutor.runWorker(Unknown Source)
	at java.util.concurrent.ThreadPoolExecutor$Worker.run(Unknown Source)
	at java.lang.Thread.run(Unknown Source)
INFO 2022-08-22 11:03:26,079 - com.optimyth.qaking.codeanalysis.redos.RegexNfaAnalyzer$AnalysisRunner: Error analyzing regular expression: ^(?:\{\{(~)?\s*else\b)
java.util.regex.PatternSyntaxException: Illegal/unsupported escape sequence near index 2
\b
	at nfa.transitionlabel.TransitionLabelParserRecursive.parsePredefinedCharacterClass(TransitionLabelParserRecursive.java:209)
	at nfa.transitionlabel.TransitionLabelParserRecursive.parseTransitionLabel(TransitionLabelParserRecursive.java:81)
	at regexcompiler.JavaParseTreeToNFAConverter.createBaseCaseSymbol(JavaParseTreeToNFAConverter.java:69)
	at regexcompiler.ParseTreeToNFAConverter.dfsBuild(ParseTreeToNFAConverter.java:132)
	at regexcompiler.ParseTreeToNFAConverter.dfsBuild(ParseTreeToNFAConverter.java:114)
	at regexcompiler.ParseTreeToNFAConverter.dfsBuild(ParseTreeToNFAConverter.java:158)
	at regexcompiler.ParseTreeToNFAConverter.convertParseTree(ParseTreeToNFAConverter.java:58)
	at regexcompiler.MyPattern.toNFAGraph(MyPattern.java:99)
	at com.optimyth.qaking.codeanalysis.redos.RegexNfaAnalyzer$AnalysisRunner.run(RegexNfaAnalyzer.java:225)
	at java.util.concurrent.Executors$RunnableAdapter.call(Unknown Source)
	at java.util.concurrent.FutureTask.run(Unknown Source)
	at java.util.concurrent.ThreadPoolExecutor.runWorker(Unknown Source)
	at java.util.concurrent.ThreadPoolExecutor$Worker.run(Unknown Source)
	at java.lang.Thread.run(Unknown Source)
INFO 2022-08-22 11:03:26,110 - com.optimyth.qaking.codeanalysis.redos.RegexNfaAnalyzer$AnalysisRunner: Error analyzing regular expression: ^(?:\.(?=([=~}\s\/.)|])))
java.lang.UnsupportedOperationException: Positive Look ahead symbols not supported
	at regexcompiler.ParseTreeToNFAConverter.dfsBuild(ParseTreeToNFAConverter.java:174)
	at regexcompiler.ParseTreeToNFAConverter.dfsBuild(ParseTreeToNFAConverter.java:114)
	at regexcompiler.ParseTreeToNFAConverter.dfsBuild(ParseTreeToNFAConverter.java:158)
	at regexcompiler.ParseTreeToNFAConverter.convertParseTree(ParseTreeToNFAConverter.java:58)
	at regexcompiler.MyPattern.toNFAGraph(MyPattern.java:99)
	at com.optimyth.qaking.codeanalysis.redos.RegexNfaAnalyzer$AnalysisRunner.run(RegexNfaAnalyzer.java:225)
	at java.util.concurrent.Executors$RunnableAdapter.call(Unknown Source)
	at java.util.concurrent.FutureTask.run(Unknown Source)
	at java.util.concurrent.ThreadPoolExecutor.runWorker(Unknown Source)
	at java.util.concurrent.ThreadPoolExecutor$Worker.run(Unknown Source)
	at java.lang.Thread.run(Unknown Source)
INFO 2022-08-22 11:03:26,147 - com.optimyth.qaking.codeanalysis.redos.RegexNfaAnalyzer$AnalysisRunner: Error analyzing regular expression: ^(?:true(?=([~}\s)])))
java.lang.UnsupportedOperationException: Positive Look ahead symbols not supported
	at regexcompiler.ParseTreeToNFAConverter.dfsBuild(ParseTreeToNFAConverter.java:174)
	at regexcompiler.ParseTreeToNFAConverter.dfsBuild(ParseTreeToNFAConverter.java:114)
	at regexcompiler.ParseTreeToNFAConverter.dfsBuild(ParseTreeToNFAConverter.java:158)
	at regexcompiler.ParseTreeToNFAConverter.convertParseTree(ParseTreeToNFAConverter.java:58)
	at regexcompiler.MyPattern.toNFAGraph(MyPattern.java:99)
	at com.optimyth.qaking.codeanalysis.redos.RegexNfaAnalyzer$AnalysisRunner.run(RegexNfaAnalyzer.java:225)
	at java.util.concurrent.Executors$RunnableAdapter.call(Unknown Source)
	at java.util.concurrent.FutureTask.run(Unknown Source)
	at java.util.concurrent.ThreadPoolExecutor.runWorker(Unknown Source)
	at java.util.concurrent.ThreadPoolExecutor$Worker.run(Unknown Source)
	at java.lang.Thread.run(Unknown Source)
INFO 2022-08-22 11:03:26,147 - com.optimyth.qaking.codeanalysis.redos.RegexNfaAnalyzer$AnalysisRunner: Error analyzing regular expression: ^(?:false(?=([~}\s)])))
java.lang.UnsupportedOperationException: Positive Look ahead symbols not supported
	at regexcompiler.ParseTreeToNFAConverter.dfsBuild(ParseTreeToNFAConverter.java:174)
	at regexcompiler.ParseTreeToNFAConverter.dfsBuild(ParseTreeToNFAConverter.java:114)
	at regexcompiler.ParseTreeToNFAConverter.dfsBuild(ParseTreeToNFAConverter.java:158)
	at regexcompiler.ParseTreeToNFAConverter.convertParseTree(ParseTreeToNFAConverter.java:58)
	at regexcompiler.MyPattern.toNFAGraph(MyPattern.java:99)
	at com.optimyth.qaking.codeanalysis.redos.RegexNfaAnalyzer$AnalysisRunner.run(RegexNfaAnalyzer.java:225)
	at java.util.concurrent.Executors$RunnableAdapter.call(Unknown Source)
	at java.util.concurrent.FutureTask.run(Unknown Source)
	at java.util.concurrent.ThreadPoolExecutor.runWorker(Unknown Source)
	at java.util.concurrent.ThreadPoolExecutor$Worker.run(Unknown Source)
	at java.lang.Thread.run(Unknown Source)
INFO 2022-08-22 11:03:26,149 - com.optimyth.qaking.codeanalysis.redos.RegexNfaAnalyzer$AnalysisRunner: Error analyzing regular expression: ^(?:undefined(?=([~}\s)])))
java.lang.UnsupportedOperationException: Positive Look ahead symbols not supported
	at regexcompiler.ParseTreeToNFAConverter.dfsBuild(ParseTreeToNFAConverter.java:174)
	at regexcompiler.ParseTreeToNFAConverter.dfsBuild(ParseTreeToNFAConverter.java:114)
	at regexcompiler.ParseTreeToNFAConverter.dfsBuild(ParseTreeToNFAConverter.java:158)
	at regexcompiler.ParseTreeToNFAConverter.convertParseTree(ParseTreeToNFAConverter.java:58)
	at regexcompiler.MyPattern.toNFAGraph(MyPattern.java:99)
	at com.optimyth.qaking.codeanalysis.redos.RegexNfaAnalyzer$AnalysisRunner.run(RegexNfaAnalyzer.java:225)
	at java.util.concurrent.Executors$RunnableAdapter.call(Unknown Source)
	at java.util.concurrent.FutureTask.run(Unknown Source)
	at java.util.concurrent.ThreadPoolExecutor.runWorker(Unknown Source)
	at java.util.concurrent.ThreadPoolExecutor$Worker.run(Unknown Source)
	at java.lang.Thread.run(Unknown Source)
INFO 2022-08-22 11:03:26,150 - com.optimyth.qaking.codeanalysis.redos.RegexNfaAnalyzer$AnalysisRunner: Error analyzing regular expression: ^(?:null(?=([~}\s)])))
java.lang.UnsupportedOperationException: Positive Look ahead symbols not supported
	at regexcompiler.ParseTreeToNFAConverter.dfsBuild(ParseTreeToNFAConverter.java:174)
	at regexcompiler.ParseTreeToNFAConverter.dfsBuild(ParseTreeToNFAConverter.java:114)
	at regexcompiler.ParseTreeToNFAConverter.dfsBuild(ParseTreeToNFAConverter.java:158)
	at regexcompiler.ParseTreeToNFAConverter.convertParseTree(ParseTreeToNFAConverter.java:58)
	at regexcompiler.MyPattern.toNFAGraph(MyPattern.java:99)
	at com.optimyth.qaking.codeanalysis.redos.RegexNfaAnalyzer$AnalysisRunner.run(RegexNfaAnalyzer.java:225)
	at java.util.concurrent.Executors$RunnableAdapter.call(Unknown Source)
	at java.util.concurrent.FutureTask.run(Unknown Source)
	at java.util.concurrent.ThreadPoolExecutor.runWorker(Unknown Source)
	at java.util.concurrent.ThreadPoolExecutor$Worker.run(Unknown Source)
	at java.lang.Thread.run(Unknown Source)
INFO 2022-08-22 11:03:26,153 - com.optimyth.qaking.codeanalysis.redos.RegexNfaAnalyzer$AnalysisRunner: Error analyzing regular expression: ^(?:-?[0-9]+(?:\.[0-9]+)?(?=([~}\s)])))
java.lang.UnsupportedOperationException: Positive Look ahead symbols not supported
	at regexcompiler.ParseTreeToNFAConverter.dfsBuild(ParseTreeToNFAConverter.java:174)
	at regexcompiler.ParseTreeToNFAConverter.dfsBuild(ParseTreeToNFAConverter.java:114)
	at regexcompiler.ParseTreeToNFAConverter.dfsBuild(ParseTreeToNFAConverter.java:158)
	at regexcompiler.ParseTreeToNFAConverter.convertParseTree(ParseTreeToNFAConverter.java:58)
	at regexcompiler.MyPattern.toNFAGraph(MyPattern.java:99)
	at com.optimyth.qaking.codeanalysis.redos.RegexNfaAnalyzer$AnalysisRunner.run(RegexNfaAnalyzer.java:225)
	at java.util.concurrent.Executors$RunnableAdapter.call(Unknown Source)
	at java.util.concurrent.FutureTask.run(Unknown Source)
	at java.util.concurrent.ThreadPoolExecutor.runWorker(Unknown Source)
	at java.util.concurrent.ThreadPoolExecutor$Worker.run(Unknown Source)
	at java.lang.Thread.run(Unknown Source)
INFO 2022-08-22 11:03:26,159 - com.optimyth.qaking.codeanalysis.redos.RegexNfaAnalyzer$AnalysisRunner: Error analyzing regular expression: ^(?:([^\s!"#%-,\.\/;->@\[-\^`\{-~]+(?=([=~}\s\/.)|]))))
java.lang.UnsupportedOperationException: Positive Look ahead symbols not supported
	at regexcompiler.ParseTreeToNFAConverter.dfsBuild(ParseTreeToNFAConverter.java:174)
	at regexcompiler.ParseTreeToNFAConverter.dfsBuild(ParseTreeToNFAConverter.java:114)
	at regexcompiler.ParseTreeToNFAConverter.dfsBuild(ParseTreeToNFAConverter.java:140)
	at regexcompiler.ParseTreeToNFAConverter.dfsBuild(ParseTreeToNFAConverter.java:158)
	at regexcompiler.ParseTreeToNFAConverter.convertParseTree(ParseTreeToNFAConverter.java:58)
	at regexcompiler.MyPattern.toNFAGraph(MyPattern.java:99)
	at com.optimyth.qaking.codeanalysis.redos.RegexNfaAnalyzer$AnalysisRunner.run(RegexNfaAnalyzer.java:225)
	at java.util.concurrent.Executors$RunnableAdapter.call(Unknown Source)
	at java.util.concurrent.FutureTask.run(Unknown Source)
	at java.util.concurrent.ThreadPoolExecutor.runWorker(Unknown Source)
	at java.util.concurrent.ThreadPoolExecutor$Worker.run(Unknown Source)
	at java.lang.Thread.run(Unknown Source)
INFO 2022-08-22 11:03:26,165 - com.optimyth.qaking.codeanalysis.redos.RegexNfaAnalyzer$AnalysisRunner: Error analyzing regular expression: ^(?:$)
regexcompiler.UnimplementedFunctionalityException: Anchor at invalid position: $ at 4
	at regexcompiler.MyPattern$Parser.parseRegex(MyPattern.java:561)
	at regexcompiler.MyPattern$Parser.parse(MyPattern.java:546)
	at regexcompiler.MyPattern$Parser.parseFactor(MyPattern.java:660)
	at regexcompiler.MyPattern$Parser.parseTerm(MyPattern.java:598)
	at regexcompiler.MyPattern$Parser.parseRegex(MyPattern.java:564)
	at regexcompiler.MyPattern$Parser.parse(MyPattern.java:546)
	at regexcompiler.MyPattern.toNFAGraph(MyPattern.java:86)
	at com.optimyth.qaking.codeanalysis.redos.RegexNfaAnalyzer$AnalysisRunner.run(RegexNfaAnalyzer.java:225)
	at java.util.concurrent.Executors$RunnableAdapter.call(Unknown Source)
	at java.util.concurrent.FutureTask.run(Unknown Source)
	at java.util.concurrent.ThreadPoolExecutor.runWorker(Unknown Source)
	at java.util.concurrent.ThreadPoolExecutor$Worker.run(Unknown Source)
	at java.lang.Thread.run(Unknown Source)
INFO 2022-08-22 11:03:26,166 - com.optimyth.qaking.codeanalysis.redos.RegexNfaAnalyzer$AnalysisRunner: Error analyzing regular expression: ([ \t]+$)
regexcompiler.UnimplementedFunctionalityException: Anchor at invalid position: $ at 7
	at regexcompiler.MyPattern$Parser.parseRegex(MyPattern.java:583)
	at regexcompiler.MyPattern$Parser.parse(MyPattern.java:546)
	at regexcompiler.MyPattern$Parser.parseFactor(MyPattern.java:669)
	at regexcompiler.MyPattern$Parser.parseTerm(MyPattern.java:598)
	at regexcompiler.MyPattern$Parser.parseRegex(MyPattern.java:564)
	at regexcompiler.MyPattern$Parser.parse(MyPattern.java:546)
	at regexcompiler.MyPattern.toNFAGraph(MyPattern.java:86)
	at com.optimyth.qaking.codeanalysis.redos.RegexNfaAnalyzer$AnalysisRunner.run(RegexNfaAnalyzer.java:225)
	at java.util.concurrent.Executors$RunnableAdapter.call(Unknown Source)
	at java.util.concurrent.FutureTask.run(Unknown Source)
	at java.util.concurrent.ThreadPoolExecutor.runWorker(Unknown Source)
	at java.util.concurrent.ThreadPoolExecutor$Worker.run(Unknown Source)
	at java.lang.Thread.run(Unknown Source)
INFO 2022-08-22 11:03:26,171 - com.optimyth.qaking.codeanalysis.redos.RegexNfaAnalyzer$AnalysisRunner: Error analyzing regular expression: (^|\r?\n)\s*?$
regexcompiler.UnimplementedFunctionalityException: Anchor at invalid position: ^ at 1
	at regexcompiler.MyPattern$Parser.parseRegex(MyPattern.java:561)
	at regexcompiler.MyPattern$Parser.parse(MyPattern.java:546)
	at regexcompiler.MyPattern$Parser.parseFactor(MyPattern.java:669)
	at regexcompiler.MyPattern$Parser.parseTerm(MyPattern.java:598)
	at regexcompiler.MyPattern$Parser.parseRegex(MyPattern.java:564)
	at regexcompiler.MyPattern$Parser.parse(MyPattern.java:546)
	at regexcompiler.MyPattern.toNFAGraph(MyPattern.java:86)
	at com.optimyth.qaking.codeanalysis.redos.RegexNfaAnalyzer$AnalysisRunner.run(RegexNfaAnalyzer.java:225)
	at java.util.concurrent.Executors$RunnableAdapter.call(Unknown Source)
	at java.util.concurrent.FutureTask.run(Unknown Source)
	at java.util.concurrent.ThreadPoolExecutor.runWorker(Unknown Source)
	at java.util.concurrent.ThreadPoolExecutor$Worker.run(Unknown Source)
	at java.lang.Thread.run(Unknown Source)
INFO 2022-08-22 11:03:26,190 - com.optimyth.qaking.codeanalysis.redos.RegexNfaAnalyzer$AnalysisRunner: Error analyzing regular expression: ^\s*?(\r?\n|$)
regexcompiler.UnimplementedFunctionalityException: Anchor at invalid position: $ at 12
	at regexcompiler.MyPattern$Parser.parseTerm(MyPattern.java:610)
	at regexcompiler.MyPattern$Parser.parseRegex(MyPattern.java:569)
	at regexcompiler.MyPattern$Parser.parse(MyPattern.java:546)
	at regexcompiler.MyPattern$Parser.parseFactor(MyPattern.java:669)
	at regexcompiler.MyPattern$Parser.parseTerm(MyPattern.java:615)
	at regexcompiler.MyPattern$Parser.parseRegex(MyPattern.java:564)
	at regexcompiler.MyPattern$Parser.parse(MyPattern.java:546)
	at regexcompiler.MyPattern.toNFAGraph(MyPattern.java:86)
	at com.optimyth.qaking.codeanalysis.redos.RegexNfaAnalyzer$AnalysisRunner.run(RegexNfaAnalyzer.java:225)
	at java.util.concurrent.Executors$RunnableAdapter.call(Unknown Source)
	at java.util.concurrent.FutureTask.run(Unknown Source)
	at java.util.concurrent.ThreadPoolExecutor.runWorker(Unknown Source)
	at java.util.concurrent.ThreadPoolExecutor$Worker.run(Unknown Source)
	at java.lang.Thread.run(Unknown Source)
INFO 2022-08-22 11:03:26,247 - com.optimyth.qaking.codeanalysis.redos.RegexNfaAnalyzer$AnalysisRunner: Error analyzing regular expression: \u2028
java.util.regex.PatternSyntaxException: Hexadecimal codepoint is too big near index 6
\u2028
	at nfa.transitionlabel.TransitionLabelParserRecursive.parseEscapedUnicodeCharacter(TransitionLabelParserRecursive.java:303)
	at nfa.transitionlabel.TransitionLabelParserRecursive.parsePredefinedCharacterClass(TransitionLabelParserRecursive.java:152)
	at nfa.transitionlabel.TransitionLabelParserRecursive.parseTransitionLabel(TransitionLabelParserRecursive.java:81)
	at regexcompiler.JavaParseTreeToNFAConverter.createBaseCaseSymbol(JavaParseTreeToNFAConverter.java:69)
	at regexcompiler.ParseTreeToNFAConverter.dfsBuild(ParseTreeToNFAConverter.java:132)
	at regexcompiler.ParseTreeToNFAConverter.convertParseTree(ParseTreeToNFAConverter.java:58)
	at regexcompiler.MyPattern.toNFAGraph(MyPattern.java:99)
	at com.optimyth.qaking.codeanalysis.redos.RegexNfaAnalyzer$AnalysisRunner.run(RegexNfaAnalyzer.java:225)
	at java.util.concurrent.Executors$RunnableAdapter.call(Unknown Source)
	at java.util.concurrent.FutureTask.run(Unknown Source)
	at java.util.concurrent.ThreadPoolExecutor.runWorker(Unknown Source)
	at java.util.concurrent.ThreadPoolExecutor$Worker.run(Unknown Source)
	at java.lang.Thread.run(Unknown Source)
INFO 2022-08-22 11:03:26,248 - com.optimyth.qaking.codeanalysis.redos.RegexNfaAnalyzer$AnalysisRunner: Error analyzing regular expression: \u2029
java.util.regex.PatternSyntaxException: Hexadecimal codepoint is too big near index 6
\u2029
	at nfa.transitionlabel.TransitionLabelParserRecursive.parseEscapedUnicodeCharacter(TransitionLabelParserRecursive.java:303)
	at nfa.transitionlabel.TransitionLabelParserRecursive.parsePredefinedCharacterClass(TransitionLabelParserRecursive.java:152)
	at nfa.transitionlabel.TransitionLabelParserRecursive.parseTransitionLabel(TransitionLabelParserRecursive.java:81)
	at regexcompiler.JavaParseTreeToNFAConverter.createBaseCaseSymbol(JavaParseTreeToNFAConverter.java:69)
	at regexcompiler.ParseTreeToNFAConverter.dfsBuild(ParseTreeToNFAConverter.java:132)
	at regexcompiler.ParseTreeToNFAConverter.convertParseTree(ParseTreeToNFAConverter.java:58)
	at regexcompiler.MyPattern.toNFAGraph(MyPattern.java:99)
	at com.optimyth.qaking.codeanalysis.redos.RegexNfaAnalyzer$AnalysisRunner.run(RegexNfaAnalyzer.java:225)
	at java.util.concurrent.Executors$RunnableAdapter.call(Unknown Source)
	at java.util.concurrent.FutureTask.run(Unknown Source)
	at java.util.concurrent.ThreadPoolExecutor.runWorker(Unknown Source)
	at java.util.concurrent.ThreadPoolExecutor$Worker.run(Unknown Source)
	at java.lang.Thread.run(Unknown Source)
INFO 2022-08-22 11:03:26,551 - com.optimyth.qaking.codeanalysis.redos.RegexNfaAnalyzer$AnalysisRunner: Error analyzing regular expression: (\/\*([\s\S]*?)\*\/|([^:]|^)\/\/(.*)$)
regexcompiler.UnimplementedFunctionalityException: Anchor at invalid position: ^ at 26
	at regexcompiler.MyPattern$Parser.parseTerm(MyPattern.java:610)
	at regexcompiler.MyPattern$Parser.parseRegex(MyPattern.java:569)
	at regexcompiler.MyPattern$Parser.parse(MyPattern.java:546)
	at regexcompiler.MyPattern$Parser.parseFactor(MyPattern.java:669)
	at regexcompiler.MyPattern$Parser.parseTerm(MyPattern.java:598)
	at regexcompiler.MyPattern$Parser.parseRegex(MyPattern.java:569)
	at regexcompiler.MyPattern$Parser.parse(MyPattern.java:546)
	at regexcompiler.MyPattern$Parser.parseFactor(MyPattern.java:669)
	at regexcompiler.MyPattern$Parser.parseTerm(MyPattern.java:598)
	at regexcompiler.MyPattern$Parser.parseRegex(MyPattern.java:564)
	at regexcompiler.MyPattern$Parser.parse(MyPattern.java:546)
	at regexcompiler.MyPattern.toNFAGraph(MyPattern.java:86)
	at com.optimyth.qaking.codeanalysis.redos.RegexNfaAnalyzer$AnalysisRunner.run(RegexNfaAnalyzer.java:225)
	at java.util.concurrent.Executors$RunnableAdapter.call(Unknown Source)
	at java.util.concurrent.FutureTask.run(Unknown Source)
	at java.util.concurrent.ThreadPoolExecutor.runWorker(Unknown Source)
	at java.util.concurrent.ThreadPoolExecutor$Worker.run(Unknown Source)
	at java.lang.Thread.run(Unknown Source)
WARN 2022-08-22 11:03:27,000 - com.optimyth.qaking.rules.nodejs.model.NodeJSConfigurations: Cannot parse JSON file: D:\Repos\Edcast Repo\Edcast 5.16\edcast-release-txp-v5.16.0\test\fixtures\api\sociative\ocg_soc.json
WARN 2022-08-22 11:03:27,150 - com.optimyth.qaking.rules.nodejs.model.NodeJSConfigurations: Cannot parse JSON file: D:\Repos\Edcast Repo\Edcast 5.16\edcast-release-txp-v5.16.0\test\fixtures\api\okta_user_tokens.json
WARN 2022-08-22 11:03:27,249 - com.optimyth.qaking.rules.nodejs.model.NodeJSConfigurations: Cannot parse JSON file: D:\Repos\Edcast Repo\Edcast 5.16\edcast-release-txp-v5.16.0\test\fixtures\api\ecl\organization_content_types.json
WARN 2022-08-22 11:03:27,295 - com.optimyth.qaking.rules.nodejs.model.NodeJSConfigurations: Cannot parse JSON file: D:\Repos\Edcast Repo\Edcast 5.16\edcast-release-txp-v5.16.0\test\fixtures\files\org_taxonomy.json
WARN 2022-08-22 11:03:27,310 - com.optimyth.qaking.rules.nodejs.model.NodeJSConfigurations: Cannot parse JSON file: D:\Repos\Edcast Repo\Edcast 5.16\edcast-release-txp-v5.16.0\test\fixtures\file_resources\card_stock_images.json
WARN 2022-08-22 11:03:27,362 - com.optimyth.qaking.rules.nodejs.model.NodeJSConfigurations: Cannot parse JSON file: D:\Repos\Edcast Repo\Edcast 5.16\edcast-release-txp-v5.16.0\config\language_codes.json
WARN 2022-08-22 11:03:27,441 - com.optimyth.qaking.rules.nodejs.model.NodeJSConfigurations: Cannot parse JSON file: D:\Repos\Edcast Repo\Edcast 5.16\edcast-release-txp-v5.16.0\test\fixtures\api\ecl\language_codes_test.json
WARN 2022-08-22 11:03:27,474 - com.optimyth.qaking.rules.nodejs.model.NodeJSConfigurations: Cannot parse JSON file: D:\Repos\Edcast Repo\Edcast 5.16\edcast-release-txp-v5.16.0\test\fixtures\api\sociative\ocg_soc_error.json
