INFO 2022-09-28 11:12:52,136 - Analysis initialization: FINISHED
INFO 2022-09-28 11:12:52,140 - -----------------------------------------------------
INFO 2022-09-28 11:12:52,140 - Starting analysis for application "BridgeWeave Secret Manager"
INFO 2022-09-28 11:12:52,140 - -----------------------------------------------------
INFO 2022-09-28 11:12:52,141 - Model retrieval: STARTED
INFO 2022-09-28 11:12:53,051 - Model retrieved from cache
INFO 2022-09-28 11:12:53,051 - Model retrieval: FINISHED
INFO 2022-09-28 11:12:53,052 - Analysis authorization: STARTED
INFO 2022-09-28 11:12:53,987 - Upload analyzed source code forced to "false" - not allowed for user / application
INFO 2022-09-28 11:12:53,987 - Analysis authorization: FINISHED
INFO 2022-09-28 11:12:53,993 - License check: STARTED
INFO 2022-09-28 11:12:54,057 - License check: FINISHED
INFO 2022-09-28 11:12:54,057 - Prepare analysis data: STARTED
INFO 2022-09-28 11:12:54,065 - Prepare analysis data: FINISHED
INFO 2022-09-28 11:12:54,066 - Prepare source code files for upload: STARTED
INFO 2022-09-28 11:12:54,066 - Prepare source code files for upload: FINISHED
WARN 2022-09-28 11:12:54,440 - -----------------------------------------------------
WARN 2022-09-28 11:12:54,441 - Executing rules analysis for technology javascript
WARN 2022-09-28 11:12:54,441 - -----------------------------------------------------
WARN 2022-09-28 11:12:54,442 - directory: D:\Repos\Brideweave Crypto Repo\bwbucket-crypto-secret-manager-b2c59e033e68
WARN 2022-09-28 11:12:54,442 - bill-of-materials: 
WARN 2022-09-28 11:12:54,442 - bill-of-materials format: 
WARN 2022-09-28 11:12:54,442 - includes: 
WARN 2022-09-28 11:12:54,442 - excludes: **/src/test/**,**/__MACOSX/**,**/*.min.js,**/*.Designer.vb,**/*.designer.vb,**/*Reference.vb,**/*Service.vb,**/*Silverlight.vb,**/*.Designer.cs,**/*.designer.cs,**/*Reference.cs,**/*Service.cs,**/*Silverlight.cs,**/.*,**/Pods/BuildHeaders/**/*.h,**/Pods/Headers/**/*.h,**/node_modules/**,**/bower_components/**,**/target/**,**/bin/**,**/obj/**,**/dist/**,**/lib/**
WARN 2022-09-28 11:12:54,442 - configuration: D:\Software\KiuwanLocalAnalyzer\bin\..\conf\apps\BridgeWeave Secret Manager.properties
WARN 2022-09-28 11:12:54,442 - VM version: 1.8.0_333
WARN 2022-09-28 11:12:54,609 - VM settings:
WARN 2022-09-28 11:12:54,611 -     Stack Size: 2.00M
WARN 2022-09-28 11:12:54,611 -     Min. Heap Size: 128.00M
WARN 2022-09-28 11:12:54,611 -     Max. Heap Size: 1.00G
WARN 2022-09-28 11:12:54,611 -     Ergonomics Machine Class: client
WARN 2022-09-28 11:12:54,611 -     Using VM: Java HotSpot(TM) 64-Bit Server VM
WARN 2022-09-28 11:12:54,612 - 
INFO 2022-09-28 11:13:07,431 - Moving 1 file to D:\Software\KiuwanLocalAnalyzer\temp\BridgeWeave Secret Manager.6417899776847654410\results
INFO 2022-09-28 11:13:07,436 - Deleting: D:\Software\KiuwanLocalAnalyzer\temp\BridgeWeave Secret Manager.6417899776847654410\results\rules_javascript.key
WARN 2022-09-28 11:13:07,629 - -----------------------------------------------------
WARN 2022-09-28 11:13:07,629 - Executing metrics analysis for technology javascript
WARN 2022-09-28 11:13:07,629 - -----------------------------------------------------
WARN 2022-09-28 11:13:07,629 - directory: D:\Repos\Brideweave Crypto Repo\bwbucket-crypto-secret-manager-b2c59e033e68
WARN 2022-09-28 11:13:07,629 - bill-of-materials: 
WARN 2022-09-28 11:13:07,630 - bill-of-materials format: 
WARN 2022-09-28 11:13:07,630 - includes: 
WARN 2022-09-28 11:13:07,630 - excludes: **/src/test/**,**/__MACOSX/**,**/*.min.js,**/*.Designer.vb,**/*.designer.vb,**/*Reference.vb,**/*Service.vb,**/*Silverlight.vb,**/*.Designer.cs,**/*.designer.cs,**/*Reference.cs,**/*Service.cs,**/*Silverlight.cs,**/.*,**/Pods/BuildHeaders/**/*.h,**/Pods/Headers/**/*.h,**/node_modules/**,**/bower_components/**,**/target/**,**/bin/**,**/obj/**,**/dist/**,**/lib/**
WARN 2022-09-28 11:13:07,630 - configuration: D:\Software\KiuwanLocalAnalyzer\bin\..\conf\apps\BridgeWeave Secret Manager.properties
WARN 2022-09-28 11:13:07,630 - VM version: 1.8.0_333
WARN 2022-09-28 11:13:07,737 - VM settings:
WARN 2022-09-28 11:13:07,739 -     Stack Size: 2.00M
WARN 2022-09-28 11:13:07,739 -     Min. Heap Size: 128.00M
WARN 2022-09-28 11:13:07,739 -     Max. Heap Size: 1.00G
WARN 2022-09-28 11:13:07,739 -     Ergonomics Machine Class: client
WARN 2022-09-28 11:13:07,739 -     Using VM: Java HotSpot(TM) 64-Bit Server VM
WARN 2022-09-28 11:13:07,739 - 
INFO 2022-09-28 11:13:17,747 - Moving 1 file to D:\Software\KiuwanLocalAnalyzer\temp\BridgeWeave Secret Manager.6417899776847654410\results
INFO 2022-09-28 11:13:17,751 - Deleting: D:\Software\KiuwanLocalAnalyzer\temp\BridgeWeave Secret Manager.6417899776847654410\results\metrics_javascript.key
INFO 2022-09-28 11:13:17,762 - Update global report: STARTED
INFO 2022-09-28 11:13:17,774 - Update global report: FINISHED
INFO 2022-09-28 11:13:17,774 - Upload results to kiuwan: STARTED
INFO 2022-09-28 11:13:20,054 - Upload results to kiuwan: FINISHED
INFO 2022-09-28 11:13:20,054 - Retrieve complete results from kiuwan: STARTED
INFO 2022-09-28 11:13:21,179 - Retrieve complete results from kiuwan: FINISHED
INFO 2022-09-28 11:13:21,180 - Register analysis code in global report: STARTED
INFO 2022-09-28 11:13:21,182 - Register analysis code in global report: FINISHED
INFO 2022-09-28 11:13:21,188 - Analysis finished: A-7e6-183828e359a
