INFO 2022-06-14 14:18:18,662 - Analysis initialization: FINISHED
INFO 2022-06-14 14:18:18,662 - -----------------------------------------------------
INFO 2022-06-14 14:18:18,662 - Starting analysis for application "Edcast LXP 5.14 Frontend"
INFO 2022-06-14 14:18:18,662 - -----------------------------------------------------
INFO 2022-06-14 14:18:18,662 - Model retrieval: STARTED
INFO 2022-06-14 14:18:23,611 - Model downloaded from Kiuwan
INFO 2022-06-14 14:18:23,611 - Model retrieval: FINISHED
INFO 2022-06-14 14:18:23,611 - Analysis authorization: STARTED
INFO 2022-06-14 14:18:24,537 - Upload analyzed source code forced to "false" - not allowed for user / application
INFO 2022-06-14 14:18:24,537 - Analysis authorization: FINISHED
INFO 2022-06-14 14:18:24,546 - License check: STARTED
INFO 2022-06-14 14:18:25,394 - License check: FINISHED
INFO 2022-06-14 14:18:25,394 - Prepare analysis data: STARTED
INFO 2022-06-14 14:18:25,427 - Prepare analysis data: FINISHED
INFO 2022-06-14 14:18:25,427 - Prepare source code files for upload: STARTED
INFO 2022-06-14 14:18:25,427 - Prepare source code files for upload: FINISHED
WARN 2022-06-14 14:18:27,032 - -----------------------------------------------------
WARN 2022-06-14 14:18:27,032 - Executing rules analysis for technology html
WARN 2022-06-14 14:18:27,032 - -----------------------------------------------------
WARN 2022-06-14 14:18:27,032 - directory: D:\Repos\Edcast Repo\LXP Edcast 5.14\edc-web-release-txp-v5.14.0
WARN 2022-06-14 14:18:27,032 - bill-of-materials: 
WARN 2022-06-14 14:18:27,032 - bill-of-materials format: 
WARN 2022-06-14 14:18:27,032 - includes: 
WARN 2022-06-14 14:18:27,032 - excludes: **/src/test/**,**/__MACOSX/**,**/*.min.js,**/*.Designer.vb,**/*.designer.vb,**/*Reference.vb,**/*Service.vb,**/*Silverlight.vb,**/*.Designer.cs,**/*.designer.cs,**/*Reference.cs,**/*Service.cs,**/*Silverlight.cs,**/.*,**/Pods/BuildHeaders/**/*.h,**/Pods/Headers/**/*.h,**/node_modules/**,**/bower_components/**,**/target/**,**/bin/**,**/obj/**,**/dist/**,**/lib/**
WARN 2022-06-14 14:18:27,032 - configuration: D:\Software\KiuwanLocalAnalyzer\bin\..\conf\apps\Edcast LXP 5_14 Frontend.properties
WARN 2022-06-14 14:18:27,032 - VM version: 1.8.0_333
WARN 2022-06-14 14:18:27,148 - VM settings:
WARN 2022-06-14 14:18:27,148 -     Stack Size: 2.00M
WARN 2022-06-14 14:18:27,148 -     Min. Heap Size: 128.00M
WARN 2022-06-14 14:18:27,148 -     Max. Heap Size: 1.00G
WARN 2022-06-14 14:18:27,148 -     Ergonomics Machine Class: client
WARN 2022-06-14 14:18:27,148 -     Using VM: Java HotSpot(TM) 64-Bit Server VM
WARN 2022-06-14 14:18:27,148 - 
INFO 2022-06-14 14:18:34,706 - Moving 1 file to D:\Software\KiuwanLocalAnalyzer\temp\Edcast LXP 5_14 Frontend.157720268803652616\results
INFO 2022-06-14 14:18:34,721 - Deleting: D:\Software\KiuwanLocalAnalyzer\temp\Edcast LXP 5_14 Frontend.157720268803652616\results\rules_html.key
WARN 2022-06-14 14:18:34,957 - -----------------------------------------------------
WARN 2022-06-14 14:18:34,957 - Executing metrics analysis for technology html
WARN 2022-06-14 14:18:34,957 - -----------------------------------------------------
WARN 2022-06-14 14:18:34,957 - directory: D:\Repos\Edcast Repo\LXP Edcast 5.14\edc-web-release-txp-v5.14.0
WARN 2022-06-14 14:18:34,957 - bill-of-materials: 
WARN 2022-06-14 14:18:34,958 - bill-of-materials format: 
WARN 2022-06-14 14:18:34,958 - includes: 
WARN 2022-06-14 14:18:34,958 - excludes: **/src/test/**,**/__MACOSX/**,**/*.min.js,**/*.Designer.vb,**/*.designer.vb,**/*Reference.vb,**/*Service.vb,**/*Silverlight.vb,**/*.Designer.cs,**/*.designer.cs,**/*Reference.cs,**/*Service.cs,**/*Silverlight.cs,**/.*,**/Pods/BuildHeaders/**/*.h,**/Pods/Headers/**/*.h,**/node_modules/**,**/bower_components/**,**/target/**,**/bin/**,**/obj/**,**/dist/**,**/lib/**
WARN 2022-06-14 14:18:34,958 - configuration: D:\Software\KiuwanLocalAnalyzer\bin\..\conf\apps\Edcast LXP 5_14 Frontend.properties
WARN 2022-06-14 14:18:34,958 - VM version: 1.8.0_333
WARN 2022-06-14 14:18:35,131 - VM settings:
WARN 2022-06-14 14:18:35,132 -     Stack Size: 2.00M
WARN 2022-06-14 14:18:35,132 -     Min. Heap Size: 128.00M
WARN 2022-06-14 14:18:35,132 -     Max. Heap Size: 1.00G
WARN 2022-06-14 14:18:35,132 -     Ergonomics Machine Class: client
WARN 2022-06-14 14:18:35,133 -     Using VM: Java HotSpot(TM) 64-Bit Server VM
WARN 2022-06-14 14:18:35,133 - 
INFO 2022-06-14 14:18:43,290 - Moving 1 file to D:\Software\KiuwanLocalAnalyzer\temp\Edcast LXP 5_14 Frontend.157720268803652616\results
INFO 2022-06-14 14:18:43,298 - Deleting: D:\Software\KiuwanLocalAnalyzer\temp\Edcast LXP 5_14 Frontend.157720268803652616\results\metrics_html.key
WARN 2022-06-14 14:18:43,458 - -----------------------------------------------------
WARN 2022-06-14 14:18:43,458 - Executing rules analysis for technology javascript
WARN 2022-06-14 14:18:43,458 - -----------------------------------------------------
WARN 2022-06-14 14:18:43,458 - directory: D:\Repos\Edcast Repo\LXP Edcast 5.14\edc-web-release-txp-v5.14.0
WARN 2022-06-14 14:18:43,458 - bill-of-materials: 
WARN 2022-06-14 14:18:43,458 - bill-of-materials format: 
WARN 2022-06-14 14:18:43,458 - includes: 
WARN 2022-06-14 14:18:43,459 - excludes: **/src/test/**,**/__MACOSX/**,**/*.min.js,**/*.Designer.vb,**/*.designer.vb,**/*Reference.vb,**/*Service.vb,**/*Silverlight.vb,**/*.Designer.cs,**/*.designer.cs,**/*Reference.cs,**/*Service.cs,**/*Silverlight.cs,**/.*,**/Pods/BuildHeaders/**/*.h,**/Pods/Headers/**/*.h,**/node_modules/**,**/bower_components/**,**/target/**,**/bin/**,**/obj/**,**/dist/**,**/lib/**
WARN 2022-06-14 14:18:43,459 - configuration: D:\Software\KiuwanLocalAnalyzer\bin\..\conf\apps\Edcast LXP 5_14 Frontend.properties
WARN 2022-06-14 14:18:43,459 - VM version: 1.8.0_333
WARN 2022-06-14 14:18:43,605 - VM settings:
WARN 2022-06-14 14:18:43,607 -     Stack Size: 2.00M
WARN 2022-06-14 14:18:43,607 -     Min. Heap Size: 128.00M
WARN 2022-06-14 14:18:43,607 -     Max. Heap Size: 1.00G
WARN 2022-06-14 14:18:43,607 -     Ergonomics Machine Class: client
WARN 2022-06-14 14:18:43,608 -     Using VM: Java HotSpot(TM) 64-Bit Server VM
WARN 2022-06-14 14:18:43,608 - 
INFO 2022-06-14 14:20:46,753 - Moving 1 file to D:\Software\KiuwanLocalAnalyzer\temp\Edcast LXP 5_14 Frontend.157720268803652616\results
INFO 2022-06-14 14:20:46,753 - Deleting: D:\Software\KiuwanLocalAnalyzer\temp\Edcast LXP 5_14 Frontend.157720268803652616\results\rules_javascript.key
WARN 2022-06-14 14:20:46,924 - -----------------------------------------------------
WARN 2022-06-14 14:20:46,924 - Executing metrics analysis for technology javascript
WARN 2022-06-14 14:20:46,924 - -----------------------------------------------------
WARN 2022-06-14 14:20:46,924 - directory: D:\Repos\Edcast Repo\LXP Edcast 5.14\edc-web-release-txp-v5.14.0
WARN 2022-06-14 14:20:46,924 - bill-of-materials: 
WARN 2022-06-14 14:20:46,924 - bill-of-materials format: 
WARN 2022-06-14 14:20:46,924 - includes: 
WARN 2022-06-14 14:20:46,924 - excludes: **/src/test/**,**/__MACOSX/**,**/*.min.js,**/*.Designer.vb,**/*.designer.vb,**/*Reference.vb,**/*Service.vb,**/*Silverlight.vb,**/*.Designer.cs,**/*.designer.cs,**/*Reference.cs,**/*Service.cs,**/*Silverlight.cs,**/.*,**/Pods/BuildHeaders/**/*.h,**/Pods/Headers/**/*.h,**/node_modules/**,**/bower_components/**,**/target/**,**/bin/**,**/obj/**,**/dist/**,**/lib/**
WARN 2022-06-14 14:20:46,924 - configuration: D:\Software\KiuwanLocalAnalyzer\bin\..\conf\apps\Edcast LXP 5_14 Frontend.properties
WARN 2022-06-14 14:20:46,924 - VM version: 1.8.0_333
WARN 2022-06-14 14:20:47,025 - VM settings:
WARN 2022-06-14 14:20:47,026 -     Stack Size: 2.00M
WARN 2022-06-14 14:20:47,026 -     Min. Heap Size: 128.00M
WARN 2022-06-14 14:20:47,027 -     Max. Heap Size: 1.00G
WARN 2022-06-14 14:20:47,027 -     Ergonomics Machine Class: client
WARN 2022-06-14 14:20:47,027 -     Using VM: Java HotSpot(TM) 64-Bit Server VM
WARN 2022-06-14 14:20:47,027 - 
INFO 2022-06-14 14:21:01,244 - Moving 1 file to D:\Software\KiuwanLocalAnalyzer\temp\Edcast LXP 5_14 Frontend.157720268803652616\results
INFO 2022-06-14 14:21:01,244 - Deleting: D:\Software\KiuwanLocalAnalyzer\temp\Edcast LXP 5_14 Frontend.157720268803652616\results\metrics_javascript.key
INFO 2022-06-14 14:21:01,244 - Update global report: STARTED
INFO 2022-06-14 14:21:01,260 - Update global report: FINISHED
INFO 2022-06-14 14:21:01,260 - Upload results to kiuwan: STARTED
INFO 2022-06-14 14:21:03,729 - Upload results to kiuwan: FINISHED
INFO 2022-06-14 14:21:03,730 - Retrieve complete results from kiuwan: STARTED
INFO 2022-06-14 14:21:04,516 - Retrieve complete results from kiuwan: FINISHED
INFO 2022-06-14 14:21:04,516 - Register analysis code in global report: STARTED
INFO 2022-06-14 14:21:04,516 - Register analysis code in global report: FINISHED
INFO 2022-06-14 14:21:04,516 - Analysis finished: A-7e6-18161660096
