INFO 2022-07-20 11:21:33,944 - Analysis initialization: FINISHED
INFO 2022-07-20 11:21:33,944 - -----------------------------------------------------
INFO 2022-07-20 11:21:33,944 - Starting analysis for application "Edcasst TXP Release 5.16"
INFO 2022-07-20 11:21:33,944 - -----------------------------------------------------
INFO 2022-07-20 11:21:33,945 - Model retrieval: STARTED
INFO 2022-07-20 11:21:34,708 - Model retrieved from cache
INFO 2022-07-20 11:21:34,709 - Model retrieval: FINISHED
INFO 2022-07-20 11:21:34,710 - Analysis authorization: STARTED
INFO 2022-07-20 11:21:35,532 - Upload analyzed source code forced to "false" - not allowed for user / application
INFO 2022-07-20 11:21:35,534 - Analysis authorization: FINISHED
INFO 2022-07-20 11:21:35,539 - License check: STARTED
INFO 2022-07-20 11:21:36,388 - License check: FINISHED
INFO 2022-07-20 11:21:36,388 - Prepare analysis data: STARTED
WARN 2022-07-20 11:21:44,415 - The model associated with the software under analysis is not configured to analyze some of the discovered languages and they will be ignored: Ruby.
INFO 2022-07-20 11:21:44,474 - Prepare analysis data: FINISHED
INFO 2022-07-20 11:21:44,474 - Prepare source code files for upload: STARTED
INFO 2022-07-20 11:21:44,474 - Prepare source code files for upload: FINISHED
WARN 2022-07-20 11:21:46,212 - -----------------------------------------------------
WARN 2022-07-20 11:21:46,212 - Executing rules analysis for technology html
WARN 2022-07-20 11:21:46,213 - -----------------------------------------------------
WARN 2022-07-20 11:21:46,213 - directory: D:\Repos\Edcast Repo\edcast-release-txp-v5.16.0
WARN 2022-07-20 11:21:46,213 - bill-of-materials: 
WARN 2022-07-20 11:21:46,213 - bill-of-materials format: 
WARN 2022-07-20 11:21:46,213 - includes: 
WARN 2022-07-20 11:21:46,213 - excludes: **/src/test/**,**/__MACOSX/**,**/*.min.js,**/*.Designer.vb,**/*.designer.vb,**/*Reference.vb,**/*Service.vb,**/*Silverlight.vb,**/*.Designer.cs,**/*.designer.cs,**/*Reference.cs,**/*Service.cs,**/*Silverlight.cs,**/.*,**/Pods/BuildHeaders/**/*.h,**/Pods/Headers/**/*.h,**/node_modules/**,**/bower_components/**,**/target/**,**/bin/**,**/obj/**,**/dist/**,**/lib/**
WARN 2022-07-20 11:21:46,213 - configuration: D:\Software\KiuwanLocalAnalyzer\bin\..\conf\apps\Edcasst TXP Release 5_16.properties
WARN 2022-07-20 11:21:46,213 - VM version: 1.8.0_333
WARN 2022-07-20 11:21:46,328 - VM settings:
WARN 2022-07-20 11:21:46,329 -     Stack Size: 2.00M
WARN 2022-07-20 11:21:46,329 -     Min. Heap Size: 128.00M
WARN 2022-07-20 11:21:46,330 -     Max. Heap Size: 1.00G
WARN 2022-07-20 11:21:46,330 -     Ergonomics Machine Class: client
WARN 2022-07-20 11:21:46,330 -     Using VM: Java HotSpot(TM) 64-Bit Server VM
WARN 2022-07-20 11:21:46,330 - 
INFO 2022-07-20 11:21:55,041 - Moving 1 file to D:\Software\KiuwanLocalAnalyzer\temp\Edcasst TXP Release 5_16.3639742148983318542\results
INFO 2022-07-20 11:21:55,053 - Deleting: D:\Software\KiuwanLocalAnalyzer\temp\Edcasst TXP Release 5_16.3639742148983318542\results\rules_html.key
WARN 2022-07-20 11:21:55,278 - -----------------------------------------------------
WARN 2022-07-20 11:21:55,279 - Executing metrics analysis for technology html
WARN 2022-07-20 11:21:55,279 - -----------------------------------------------------
WARN 2022-07-20 11:21:55,279 - directory: D:\Repos\Edcast Repo\edcast-release-txp-v5.16.0
WARN 2022-07-20 11:21:55,279 - bill-of-materials: 
WARN 2022-07-20 11:21:55,280 - bill-of-materials format: 
WARN 2022-07-20 11:21:55,280 - includes: 
WARN 2022-07-20 11:21:55,280 - excludes: **/src/test/**,**/__MACOSX/**,**/*.min.js,**/*.Designer.vb,**/*.designer.vb,**/*Reference.vb,**/*Service.vb,**/*Silverlight.vb,**/*.Designer.cs,**/*.designer.cs,**/*Reference.cs,**/*Service.cs,**/*Silverlight.cs,**/.*,**/Pods/BuildHeaders/**/*.h,**/Pods/Headers/**/*.h,**/node_modules/**,**/bower_components/**,**/target/**,**/bin/**,**/obj/**,**/dist/**,**/lib/**
WARN 2022-07-20 11:21:55,280 - configuration: D:\Software\KiuwanLocalAnalyzer\bin\..\conf\apps\Edcasst TXP Release 5_16.properties
WARN 2022-07-20 11:21:55,281 - VM version: 1.8.0_333
WARN 2022-07-20 11:21:55,377 - VM settings:
WARN 2022-07-20 11:21:55,378 -     Stack Size: 2.00M
WARN 2022-07-20 11:21:55,379 -     Min. Heap Size: 128.00M
WARN 2022-07-20 11:21:55,379 -     Max. Heap Size: 1.00G
WARN 2022-07-20 11:21:55,379 -     Ergonomics Machine Class: client
WARN 2022-07-20 11:21:55,379 -     Using VM: Java HotSpot(TM) 64-Bit Server VM
WARN 2022-07-20 11:21:55,379 - 
INFO 2022-07-20 11:22:03,288 - Moving 1 file to D:\Software\KiuwanLocalAnalyzer\temp\Edcasst TXP Release 5_16.3639742148983318542\results
INFO 2022-07-20 11:22:03,297 - Deleting: D:\Software\KiuwanLocalAnalyzer\temp\Edcasst TXP Release 5_16.3639742148983318542\results\metrics_html.key
WARN 2022-07-20 11:22:03,478 - -----------------------------------------------------
WARN 2022-07-20 11:22:03,479 - Executing rules analysis for technology javascript
WARN 2022-07-20 11:22:03,479 - -----------------------------------------------------
WARN 2022-07-20 11:22:03,479 - directory: D:\Repos\Edcast Repo\edcast-release-txp-v5.16.0
WARN 2022-07-20 11:22:03,479 - bill-of-materials: 
WARN 2022-07-20 11:22:03,479 - bill-of-materials format: 
WARN 2022-07-20 11:22:03,479 - includes: 
WARN 2022-07-20 11:22:03,479 - excludes: **/src/test/**,**/__MACOSX/**,**/*.min.js,**/*.Designer.vb,**/*.designer.vb,**/*Reference.vb,**/*Service.vb,**/*Silverlight.vb,**/*.Designer.cs,**/*.designer.cs,**/*Reference.cs,**/*Service.cs,**/*Silverlight.cs,**/.*,**/Pods/BuildHeaders/**/*.h,**/Pods/Headers/**/*.h,**/node_modules/**,**/bower_components/**,**/target/**,**/bin/**,**/obj/**,**/dist/**,**/lib/**
WARN 2022-07-20 11:22:03,479 - configuration: D:\Software\KiuwanLocalAnalyzer\bin\..\conf\apps\Edcasst TXP Release 5_16.properties
WARN 2022-07-20 11:22:03,479 - VM version: 1.8.0_333
WARN 2022-07-20 11:22:03,579 - VM settings:
WARN 2022-07-20 11:22:03,580 -     Stack Size: 2.00M
WARN 2022-07-20 11:22:03,580 -     Min. Heap Size: 128.00M
WARN 2022-07-20 11:22:03,581 -     Max. Heap Size: 1.00G
WARN 2022-07-20 11:22:03,581 -     Ergonomics Machine Class: client
WARN 2022-07-20 11:22:03,581 -     Using VM: Java HotSpot(TM) 64-Bit Server VM
WARN 2022-07-20 11:22:03,581 - 
INFO 2022-07-20 11:22:16,571 - Moving 1 file to D:\Software\KiuwanLocalAnalyzer\temp\Edcasst TXP Release 5_16.3639742148983318542\results
INFO 2022-07-20 11:22:16,575 - Deleting: D:\Software\KiuwanLocalAnalyzer\temp\Edcasst TXP Release 5_16.3639742148983318542\results\rules_javascript.key
WARN 2022-07-20 11:22:16,762 - -----------------------------------------------------
WARN 2022-07-20 11:22:16,762 - Executing metrics analysis for technology javascript
WARN 2022-07-20 11:22:16,762 - -----------------------------------------------------
WARN 2022-07-20 11:22:16,762 - directory: D:\Repos\Edcast Repo\edcast-release-txp-v5.16.0
WARN 2022-07-20 11:22:16,762 - bill-of-materials: 
WARN 2022-07-20 11:22:16,762 - bill-of-materials format: 
WARN 2022-07-20 11:22:16,763 - includes: 
WARN 2022-07-20 11:22:16,763 - excludes: **/src/test/**,**/__MACOSX/**,**/*.min.js,**/*.Designer.vb,**/*.designer.vb,**/*Reference.vb,**/*Service.vb,**/*Silverlight.vb,**/*.Designer.cs,**/*.designer.cs,**/*Reference.cs,**/*Service.cs,**/*Silverlight.cs,**/.*,**/Pods/BuildHeaders/**/*.h,**/Pods/Headers/**/*.h,**/node_modules/**,**/bower_components/**,**/target/**,**/bin/**,**/obj/**,**/dist/**,**/lib/**
WARN 2022-07-20 11:22:16,763 - configuration: D:\Software\KiuwanLocalAnalyzer\bin\..\conf\apps\Edcasst TXP Release 5_16.properties
WARN 2022-07-20 11:22:16,763 - VM version: 1.8.0_333
WARN 2022-07-20 11:22:16,859 - VM settings:
WARN 2022-07-20 11:22:16,861 -     Stack Size: 2.00M
WARN 2022-07-20 11:22:16,861 -     Min. Heap Size: 128.00M
WARN 2022-07-20 11:22:16,861 -     Max. Heap Size: 1.00G
WARN 2022-07-20 11:22:16,861 -     Ergonomics Machine Class: client
WARN 2022-07-20 11:22:16,862 -     Using VM: Java HotSpot(TM) 64-Bit Server VM
WARN 2022-07-20 11:22:16,862 - 
INFO 2022-07-20 11:22:26,336 - Moving 1 file to D:\Software\KiuwanLocalAnalyzer\temp\Edcasst TXP Release 5_16.3639742148983318542\results
INFO 2022-07-20 11:22:26,343 - Deleting: D:\Software\KiuwanLocalAnalyzer\temp\Edcasst TXP Release 5_16.3639742148983318542\results\metrics_javascript.key
WARN 2022-07-20 11:22:26,536 - -----------------------------------------------------
WARN 2022-07-20 11:22:26,536 - Executing rules analysis for technology php
WARN 2022-07-20 11:22:26,536 - -----------------------------------------------------
WARN 2022-07-20 11:22:26,536 - directory: D:\Repos\Edcast Repo\edcast-release-txp-v5.16.0
WARN 2022-07-20 11:22:26,536 - bill-of-materials: 
WARN 2022-07-20 11:22:26,536 - bill-of-materials format: 
WARN 2022-07-20 11:22:26,536 - includes: 
WARN 2022-07-20 11:22:26,536 - excludes: **/src/test/**,**/__MACOSX/**,**/*.min.js,**/*.Designer.vb,**/*.designer.vb,**/*Reference.vb,**/*Service.vb,**/*Silverlight.vb,**/*.Designer.cs,**/*.designer.cs,**/*Reference.cs,**/*Service.cs,**/*Silverlight.cs,**/.*,**/Pods/BuildHeaders/**/*.h,**/Pods/Headers/**/*.h,**/node_modules/**,**/bower_components/**,**/target/**,**/bin/**,**/obj/**,**/dist/**,**/lib/**
WARN 2022-07-20 11:22:26,536 - configuration: D:\Software\KiuwanLocalAnalyzer\bin\..\conf\apps\Edcasst TXP Release 5_16.properties
WARN 2022-07-20 11:22:26,536 - VM version: 1.8.0_333
WARN 2022-07-20 11:22:26,626 - VM settings:
WARN 2022-07-20 11:22:26,628 -     Stack Size: 2.00M
WARN 2022-07-20 11:22:26,628 -     Min. Heap Size: 128.00M
WARN 2022-07-20 11:22:26,628 -     Max. Heap Size: 1.00G
WARN 2022-07-20 11:22:26,628 -     Ergonomics Machine Class: client
WARN 2022-07-20 11:22:26,628 -     Using VM: Java HotSpot(TM) 64-Bit Server VM
WARN 2022-07-20 11:22:26,628 - 
INFO 2022-07-20 11:22:36,019 - Moving 1 file to D:\Software\KiuwanLocalAnalyzer\temp\Edcasst TXP Release 5_16.3639742148983318542\results
INFO 2022-07-20 11:22:36,026 - Deleting: D:\Software\KiuwanLocalAnalyzer\temp\Edcasst TXP Release 5_16.3639742148983318542\results\rules_php.key
WARN 2022-07-20 11:22:36,191 - -----------------------------------------------------
WARN 2022-07-20 11:22:36,191 - Executing metrics analysis for technology php
WARN 2022-07-20 11:22:36,191 - -----------------------------------------------------
WARN 2022-07-20 11:22:36,192 - directory: D:\Repos\Edcast Repo\edcast-release-txp-v5.16.0
WARN 2022-07-20 11:22:36,192 - bill-of-materials: 
WARN 2022-07-20 11:22:36,192 - bill-of-materials format: 
WARN 2022-07-20 11:22:36,192 - includes: 
WARN 2022-07-20 11:22:36,192 - excludes: **/src/test/**,**/__MACOSX/**,**/*.min.js,**/*.Designer.vb,**/*.designer.vb,**/*Reference.vb,**/*Service.vb,**/*Silverlight.vb,**/*.Designer.cs,**/*.designer.cs,**/*Reference.cs,**/*Service.cs,**/*Silverlight.cs,**/.*,**/Pods/BuildHeaders/**/*.h,**/Pods/Headers/**/*.h,**/node_modules/**,**/bower_components/**,**/target/**,**/bin/**,**/obj/**,**/dist/**,**/lib/**
WARN 2022-07-20 11:22:36,192 - configuration: D:\Software\KiuwanLocalAnalyzer\bin\..\conf\apps\Edcasst TXP Release 5_16.properties
WARN 2022-07-20 11:22:36,192 - VM version: 1.8.0_333
WARN 2022-07-20 11:22:36,283 - VM settings:
WARN 2022-07-20 11:22:36,285 -     Stack Size: 2.00M
WARN 2022-07-20 11:22:36,285 -     Min. Heap Size: 128.00M
WARN 2022-07-20 11:22:36,285 -     Max. Heap Size: 1.00G
WARN 2022-07-20 11:22:36,285 -     Ergonomics Machine Class: client
WARN 2022-07-20 11:22:36,285 -     Using VM: Java HotSpot(TM) 64-Bit Server VM
WARN 2022-07-20 11:22:36,285 - 
INFO 2022-07-20 11:22:44,053 - Moving 1 file to D:\Software\KiuwanLocalAnalyzer\temp\Edcasst TXP Release 5_16.3639742148983318542\results
INFO 2022-07-20 11:22:44,058 - Deleting: D:\Software\KiuwanLocalAnalyzer\temp\Edcasst TXP Release 5_16.3639742148983318542\results\metrics_php.key
INFO 2022-07-20 11:22:44,064 - Update global report: STARTED
INFO 2022-07-20 11:22:44,077 - Update global report: FINISHED
INFO 2022-07-20 11:22:44,077 - Upload results to kiuwan: STARTED
INFO 2022-07-20 11:22:45,993 - Upload results to kiuwan: FINISHED
INFO 2022-07-20 11:22:45,993 - Retrieve complete results from kiuwan: STARTED
INFO 2022-07-20 11:22:46,831 - Retrieve complete results from kiuwan: FINISHED
INFO 2022-07-20 11:22:46,831 - Register analysis code in global report: STARTED
INFO 2022-07-20 11:22:46,832 - Register analysis code in global report: FINISHED
INFO 2022-07-20 11:22:46,836 - Analysis finished: A-7e6-1821a1fff4a
