INFO 2022-09-09 13:00:51,901 - Analysis initialization: FINISHED
INFO 2022-09-09 13:00:51,901 - -----------------------------------------------------
INFO 2022-09-09 13:00:51,901 - Starting analysis for application "Threatcop-Pra"
INFO 2022-09-09 13:00:51,901 - -----------------------------------------------------
INFO 2022-09-09 13:00:51,902 - Model retrieval: STARTED
INFO 2022-09-09 13:00:52,688 - Model retrieved from cache
INFO 2022-09-09 13:00:52,689 - Model retrieval: FINISHED
INFO 2022-09-09 13:00:52,689 - Analysis authorization: STARTED
INFO 2022-09-09 13:00:53,513 - Upload analyzed source code forced to "false" - not allowed for user / application
INFO 2022-09-09 13:00:53,513 - Analysis authorization: FINISHED
INFO 2022-09-09 13:00:53,513 - License check: STARTED
INFO 2022-09-09 13:00:54,329 - License check: FINISHED
INFO 2022-09-09 13:00:54,330 - Prepare analysis data: STARTED
INFO 2022-09-09 13:00:54,354 - Prepare analysis data: FINISHED
INFO 2022-09-09 13:00:54,354 - Prepare source code files for upload: STARTED
INFO 2022-09-09 13:00:54,354 - Prepare source code files for upload: FINISHED
WARN 2022-09-09 13:00:56,057 - -----------------------------------------------------
WARN 2022-09-09 13:00:56,058 - Executing rules analysis for technology html
WARN 2022-09-09 13:00:56,058 - -----------------------------------------------------
WARN 2022-09-09 13:00:56,058 - directory: D:\Repos\threadcop Repo\pra-master
WARN 2022-09-09 13:00:56,058 - bill-of-materials: 
WARN 2022-09-09 13:00:56,058 - bill-of-materials format: 
WARN 2022-09-09 13:00:56,058 - includes: 
WARN 2022-09-09 13:00:56,058 - excludes: **/src/test/**,**/__MACOSX/**,**/*.min.js,**/*.Designer.vb,**/*.designer.vb,**/*Reference.vb,**/*Service.vb,**/*Silverlight.vb,**/*.Designer.cs,**/*.designer.cs,**/*Reference.cs,**/*Service.cs,**/*Silverlight.cs,**/.*,**/Pods/BuildHeaders/**/*.h,**/Pods/Headers/**/*.h,**/node_modules/**,**/bower_components/**,**/target/**,**/bin/**,**/obj/**,**/dist/**,**/lib/**
WARN 2022-09-09 13:00:56,058 - configuration: D:\Software\KiuwanLocalAnalyzer\bin\..\conf\apps\Threatcop_Pra.properties
WARN 2022-09-09 13:00:56,059 - VM version: 1.8.0_333
WARN 2022-09-09 13:00:56,177 - VM settings:
WARN 2022-09-09 13:00:56,179 -     Stack Size: 2.00M
WARN 2022-09-09 13:00:56,179 -     Min. Heap Size: 128.00M
WARN 2022-09-09 13:00:56,179 -     Max. Heap Size: 1.00G
WARN 2022-09-09 13:00:56,179 -     Ergonomics Machine Class: client
WARN 2022-09-09 13:00:56,179 -     Using VM: Java HotSpot(TM) 64-Bit Server VM
WARN 2022-09-09 13:00:56,179 - 
INFO 2022-09-09 13:01:05,854 - Moving 1 file to D:\Software\KiuwanLocalAnalyzer\temp\Threatcop_Pra.627484340428801277\results
INFO 2022-09-09 13:01:05,870 - Deleting: D:\Software\KiuwanLocalAnalyzer\temp\Threatcop_Pra.627484340428801277\results\rules_html.key
WARN 2022-09-09 13:01:06,051 - -----------------------------------------------------
WARN 2022-09-09 13:01:06,051 - Executing metrics analysis for technology html
WARN 2022-09-09 13:01:06,051 - -----------------------------------------------------
WARN 2022-09-09 13:01:06,051 - directory: D:\Repos\threadcop Repo\pra-master
WARN 2022-09-09 13:01:06,051 - bill-of-materials: 
WARN 2022-09-09 13:01:06,052 - bill-of-materials format: 
WARN 2022-09-09 13:01:06,053 - includes: 
WARN 2022-09-09 13:01:06,053 - excludes: **/src/test/**,**/__MACOSX/**,**/*.min.js,**/*.Designer.vb,**/*.designer.vb,**/*Reference.vb,**/*Service.vb,**/*Silverlight.vb,**/*.Designer.cs,**/*.designer.cs,**/*Reference.cs,**/*Service.cs,**/*Silverlight.cs,**/.*,**/Pods/BuildHeaders/**/*.h,**/Pods/Headers/**/*.h,**/node_modules/**,**/bower_components/**,**/target/**,**/bin/**,**/obj/**,**/dist/**,**/lib/**
WARN 2022-09-09 13:01:06,053 - configuration: D:\Software\KiuwanLocalAnalyzer\bin\..\conf\apps\Threatcop_Pra.properties
WARN 2022-09-09 13:01:06,053 - VM version: 1.8.0_333
WARN 2022-09-09 13:01:06,171 - VM settings:
WARN 2022-09-09 13:01:06,173 -     Stack Size: 2.00M
WARN 2022-09-09 13:01:06,173 -     Min. Heap Size: 128.00M
WARN 2022-09-09 13:01:06,173 -     Max. Heap Size: 1.00G
WARN 2022-09-09 13:01:06,174 -     Ergonomics Machine Class: client
WARN 2022-09-09 13:01:06,174 -     Using VM: Java HotSpot(TM) 64-Bit Server VM
WARN 2022-09-09 13:01:06,174 - 
INFO 2022-09-09 13:01:15,044 - Moving 1 file to D:\Software\KiuwanLocalAnalyzer\temp\Threatcop_Pra.627484340428801277\results
INFO 2022-09-09 13:01:15,052 - Deleting: D:\Software\KiuwanLocalAnalyzer\temp\Threatcop_Pra.627484340428801277\results\metrics_html.key
WARN 2022-09-09 13:01:15,213 - -----------------------------------------------------
WARN 2022-09-09 13:01:15,213 - Executing rules analysis for technology javascript
WARN 2022-09-09 13:01:15,213 - -----------------------------------------------------
WARN 2022-09-09 13:01:15,214 - directory: D:\Repos\threadcop Repo\pra-master
WARN 2022-09-09 13:01:15,214 - bill-of-materials: 
WARN 2022-09-09 13:01:15,214 - bill-of-materials format: 
WARN 2022-09-09 13:01:15,214 - includes: 
WARN 2022-09-09 13:01:15,214 - excludes: **/src/test/**,**/__MACOSX/**,**/*.min.js,**/*.Designer.vb,**/*.designer.vb,**/*Reference.vb,**/*Service.vb,**/*Silverlight.vb,**/*.Designer.cs,**/*.designer.cs,**/*Reference.cs,**/*Service.cs,**/*Silverlight.cs,**/.*,**/Pods/BuildHeaders/**/*.h,**/Pods/Headers/**/*.h,**/node_modules/**,**/bower_components/**,**/target/**,**/bin/**,**/obj/**,**/dist/**,**/lib/**
WARN 2022-09-09 13:01:15,214 - configuration: D:\Software\KiuwanLocalAnalyzer\bin\..\conf\apps\Threatcop_Pra.properties
WARN 2022-09-09 13:01:15,214 - VM version: 1.8.0_333
WARN 2022-09-09 13:01:15,320 - VM settings:
WARN 2022-09-09 13:01:15,321 -     Stack Size: 2.00M
WARN 2022-09-09 13:01:15,321 -     Min. Heap Size: 128.00M
WARN 2022-09-09 13:01:15,321 -     Max. Heap Size: 1.00G
WARN 2022-09-09 13:01:15,321 -     Ergonomics Machine Class: client
WARN 2022-09-09 13:01:15,321 -     Using VM: Java HotSpot(TM) 64-Bit Server VM
WARN 2022-09-09 13:01:15,322 - 
INFO 2022-09-09 13:01:36,936 - Moving 1 file to D:\Software\KiuwanLocalAnalyzer\temp\Threatcop_Pra.627484340428801277\results
INFO 2022-09-09 13:01:36,943 - Deleting: D:\Software\KiuwanLocalAnalyzer\temp\Threatcop_Pra.627484340428801277\results\rules_javascript.key
WARN 2022-09-09 13:01:37,113 - -----------------------------------------------------
WARN 2022-09-09 13:01:37,113 - Executing metrics analysis for technology javascript
WARN 2022-09-09 13:01:37,114 - -----------------------------------------------------
WARN 2022-09-09 13:01:37,114 - directory: D:\Repos\threadcop Repo\pra-master
WARN 2022-09-09 13:01:37,114 - bill-of-materials: 
WARN 2022-09-09 13:01:37,114 - bill-of-materials format: 
WARN 2022-09-09 13:01:37,114 - includes: 
WARN 2022-09-09 13:01:37,114 - excludes: **/src/test/**,**/__MACOSX/**,**/*.min.js,**/*.Designer.vb,**/*.designer.vb,**/*Reference.vb,**/*Service.vb,**/*Silverlight.vb,**/*.Designer.cs,**/*.designer.cs,**/*Reference.cs,**/*Service.cs,**/*Silverlight.cs,**/.*,**/Pods/BuildHeaders/**/*.h,**/Pods/Headers/**/*.h,**/node_modules/**,**/bower_components/**,**/target/**,**/bin/**,**/obj/**,**/dist/**,**/lib/**
WARN 2022-09-09 13:01:37,114 - configuration: D:\Software\KiuwanLocalAnalyzer\bin\..\conf\apps\Threatcop_Pra.properties
WARN 2022-09-09 13:01:37,114 - VM version: 1.8.0_333
WARN 2022-09-09 13:01:37,227 - VM settings:
WARN 2022-09-09 13:01:37,228 -     Stack Size: 2.00M
WARN 2022-09-09 13:01:37,228 -     Min. Heap Size: 128.00M
WARN 2022-09-09 13:01:37,228 -     Max. Heap Size: 1.00G
WARN 2022-09-09 13:01:37,228 -     Ergonomics Machine Class: client
WARN 2022-09-09 13:01:37,228 -     Using VM: Java HotSpot(TM) 64-Bit Server VM
WARN 2022-09-09 13:01:37,228 - 
INFO 2022-09-09 13:01:48,368 - Moving 1 file to D:\Software\KiuwanLocalAnalyzer\temp\Threatcop_Pra.627484340428801277\results
INFO 2022-09-09 13:01:48,375 - Deleting: D:\Software\KiuwanLocalAnalyzer\temp\Threatcop_Pra.627484340428801277\results\metrics_javascript.key
WARN 2022-09-09 13:01:48,544 - -----------------------------------------------------
WARN 2022-09-09 13:01:48,544 - Executing rules analysis for technology python
WARN 2022-09-09 13:01:48,544 - -----------------------------------------------------
WARN 2022-09-09 13:01:48,544 - directory: D:\Repos\threadcop Repo\pra-master
WARN 2022-09-09 13:01:48,544 - bill-of-materials: 
WARN 2022-09-09 13:01:48,544 - bill-of-materials format: 
WARN 2022-09-09 13:01:48,545 - includes: 
WARN 2022-09-09 13:01:48,545 - excludes: **/src/test/**,**/__MACOSX/**,**/*.min.js,**/*.Designer.vb,**/*.designer.vb,**/*Reference.vb,**/*Service.vb,**/*Silverlight.vb,**/*.Designer.cs,**/*.designer.cs,**/*Reference.cs,**/*Service.cs,**/*Silverlight.cs,**/.*,**/Pods/BuildHeaders/**/*.h,**/Pods/Headers/**/*.h,**/node_modules/**,**/bower_components/**,**/target/**,**/bin/**,**/obj/**,**/dist/**,**/lib/**
WARN 2022-09-09 13:01:48,545 - configuration: D:\Software\KiuwanLocalAnalyzer\bin\..\conf\apps\Threatcop_Pra.properties
WARN 2022-09-09 13:01:48,545 - VM version: 1.8.0_333
WARN 2022-09-09 13:01:48,645 - VM settings:
WARN 2022-09-09 13:01:48,646 -     Stack Size: 2.00M
WARN 2022-09-09 13:01:48,647 -     Min. Heap Size: 128.00M
WARN 2022-09-09 13:01:48,647 -     Max. Heap Size: 1.00G
WARN 2022-09-09 13:01:48,647 -     Ergonomics Machine Class: client
WARN 2022-09-09 13:01:48,647 -     Using VM: Java HotSpot(TM) 64-Bit Server VM
WARN 2022-09-09 13:01:48,647 - 
INFO 2022-09-09 13:01:59,825 - Moving 1 file to D:\Software\KiuwanLocalAnalyzer\temp\Threatcop_Pra.627484340428801277\results
INFO 2022-09-09 13:01:59,840 - Deleting: D:\Software\KiuwanLocalAnalyzer\temp\Threatcop_Pra.627484340428801277\results\rules_python.key
WARN 2022-09-09 13:02:00,038 - -----------------------------------------------------
WARN 2022-09-09 13:02:00,039 - Executing metrics analysis for technology python
WARN 2022-09-09 13:02:00,039 - -----------------------------------------------------
WARN 2022-09-09 13:02:00,039 - directory: D:\Repos\threadcop Repo\pra-master
WARN 2022-09-09 13:02:00,039 - bill-of-materials: 
WARN 2022-09-09 13:02:00,039 - bill-of-materials format: 
WARN 2022-09-09 13:02:00,039 - includes: 
WARN 2022-09-09 13:02:00,039 - excludes: **/src/test/**,**/__MACOSX/**,**/*.min.js,**/*.Designer.vb,**/*.designer.vb,**/*Reference.vb,**/*Service.vb,**/*Silverlight.vb,**/*.Designer.cs,**/*.designer.cs,**/*Reference.cs,**/*Service.cs,**/*Silverlight.cs,**/.*,**/Pods/BuildHeaders/**/*.h,**/Pods/Headers/**/*.h,**/node_modules/**,**/bower_components/**,**/target/**,**/bin/**,**/obj/**,**/dist/**,**/lib/**
WARN 2022-09-09 13:02:00,040 - configuration: D:\Software\KiuwanLocalAnalyzer\bin\..\conf\apps\Threatcop_Pra.properties
WARN 2022-09-09 13:02:00,040 - VM version: 1.8.0_333
WARN 2022-09-09 13:02:00,139 - VM settings:
WARN 2022-09-09 13:02:00,140 -     Stack Size: 2.00M
WARN 2022-09-09 13:02:00,141 -     Min. Heap Size: 128.00M
WARN 2022-09-09 13:02:00,141 -     Max. Heap Size: 1.00G
WARN 2022-09-09 13:02:00,141 -     Ergonomics Machine Class: client
WARN 2022-09-09 13:02:00,141 -     Using VM: Java HotSpot(TM) 64-Bit Server VM
WARN 2022-09-09 13:02:00,141 - 
INFO 2022-09-09 13:02:09,382 - Moving 1 file to D:\Software\KiuwanLocalAnalyzer\temp\Threatcop_Pra.627484340428801277\results
INFO 2022-09-09 13:02:09,389 - Deleting: D:\Software\KiuwanLocalAnalyzer\temp\Threatcop_Pra.627484340428801277\results\metrics_python.key
INFO 2022-09-09 13:02:09,394 - Update global report: STARTED
INFO 2022-09-09 13:02:09,408 - Update global report: FINISHED
INFO 2022-09-09 13:02:09,408 - Upload results to kiuwan: STARTED
INFO 2022-09-09 13:02:11,343 - Upload results to kiuwan: FINISHED
INFO 2022-09-09 13:02:11,343 - Retrieve complete results from kiuwan: STARTED
INFO 2022-09-09 13:02:12,189 - Retrieve complete results from kiuwan: FINISHED
INFO 2022-09-09 13:02:12,190 - Register analysis code in global report: STARTED
INFO 2022-09-09 13:02:12,192 - Register analysis code in global report: FINISHED
INFO 2022-09-09 13:02:12,197 - Analysis finished: A-7e6-1832123fac5
