INFO 2022-07-07 14:37:25,516 - Analysis initialization: FINISHED
INFO 2022-07-07 14:37:25,516 - -----------------------------------------------------
INFO 2022-07-07 14:37:25,516 - Starting analysis for application "PHP-LOGIN SAMPLE"
INFO 2022-07-07 14:37:25,516 - -----------------------------------------------------
INFO 2022-07-07 14:37:25,516 - Model retrieval: STARTED
INFO 2022-07-07 14:37:26,734 - Model retrieved from cache
INFO 2022-07-07 14:37:26,734 - Model retrieval: FINISHED
INFO 2022-07-07 14:37:26,734 - Analysis authorization: STARTED
INFO 2022-07-07 14:37:27,849 - Upload analyzed source code forced to "false" - not allowed for user / application
INFO 2022-07-07 14:37:27,849 - Analysis authorization: FINISHED
INFO 2022-07-07 14:37:27,859 - License check: STARTED
INFO 2022-07-07 14:37:28,996 - License check: FINISHED
INFO 2022-07-07 14:37:28,996 - Prepare analysis data: STARTED
INFO 2022-07-07 14:37:29,043 - Prepare analysis data: FINISHED
INFO 2022-07-07 14:37:29,054 - Prepare source code files for upload: STARTED
INFO 2022-07-07 14:37:29,054 - Prepare source code files for upload: FINISHED
WARN 2022-07-07 14:37:31,858 - -----------------------------------------------------
WARN 2022-07-07 14:37:31,858 - Executing rules analysis for technology php
WARN 2022-07-07 14:37:31,858 - -----------------------------------------------------
WARN 2022-07-07 14:37:31,858 - directory: D:\Repos\sample-code-login-attachment
WARN 2022-07-07 14:37:31,858 - bill-of-materials: 
WARN 2022-07-07 14:37:31,858 - bill-of-materials format: 
WARN 2022-07-07 14:37:31,858 - includes: 
WARN 2022-07-07 14:37:31,858 - excludes: **/src/test/**,**/__MACOSX/**,**/*.min.js,**/*.Designer.vb,**/*.designer.vb,**/*Reference.vb,**/*Service.vb,**/*Silverlight.vb,**/*.Designer.cs,**/*.designer.cs,**/*Reference.cs,**/*Service.cs,**/*Silverlight.cs,**/.*,**/Pods/BuildHeaders/**/*.h,**/Pods/Headers/**/*.h,**/node_modules/**,**/bower_components/**,**/target/**,**/bin/**,**/obj/**,**/dist/**,**/lib/**
WARN 2022-07-07 14:37:31,858 - configuration: D:\Software\KiuwanLocalAnalyzer\bin\..\conf\apps\PHP_LOGIN SAMPLE.properties
WARN 2022-07-07 14:37:31,858 - VM version: 18
WARN 2022-07-07 14:37:32,014 - VM settings:
WARN 2022-07-07 14:37:32,014 -     Stack Size: 2.00M
WARN 2022-07-07 14:37:32,014 -     Min. Heap Size: 128.00M
WARN 2022-07-07 14:37:32,014 -     Max. Heap Size: 1.00G
WARN 2022-07-07 14:37:32,014 -     Using VM: Java HotSpot(TM) 64-Bit Server VM
WARN 2022-07-07 14:37:32,014 - 
INFO 2022-07-07 14:37:38,808 - Moving 1 file to D:\Software\KiuwanLocalAnalyzer\temp\PHP_LOGIN SAMPLE.2343847145369342366\results
INFO 2022-07-07 14:37:38,823 - Deleting: D:\Software\KiuwanLocalAnalyzer\temp\PHP_LOGIN SAMPLE.2343847145369342366\results\rules_php.key
WARN 2022-07-07 14:37:39,215 - -----------------------------------------------------
WARN 2022-07-07 14:37:39,215 - Executing metrics analysis for technology php
WARN 2022-07-07 14:37:39,215 - -----------------------------------------------------
WARN 2022-07-07 14:37:39,215 - directory: D:\Repos\sample-code-login-attachment
WARN 2022-07-07 14:37:39,215 - bill-of-materials: 
WARN 2022-07-07 14:37:39,215 - bill-of-materials format: 
WARN 2022-07-07 14:37:39,215 - includes: 
WARN 2022-07-07 14:37:39,215 - excludes: **/src/test/**,**/__MACOSX/**,**/*.min.js,**/*.Designer.vb,**/*.designer.vb,**/*Reference.vb,**/*Service.vb,**/*Silverlight.vb,**/*.Designer.cs,**/*.designer.cs,**/*Reference.cs,**/*Service.cs,**/*Silverlight.cs,**/.*,**/Pods/BuildHeaders/**/*.h,**/Pods/Headers/**/*.h,**/node_modules/**,**/bower_components/**,**/target/**,**/bin/**,**/obj/**,**/dist/**,**/lib/**
WARN 2022-07-07 14:37:39,215 - configuration: D:\Software\KiuwanLocalAnalyzer\bin\..\conf\apps\PHP_LOGIN SAMPLE.properties
WARN 2022-07-07 14:37:39,215 - VM version: 18
WARN 2022-07-07 14:37:39,356 - VM settings:
WARN 2022-07-07 14:37:39,356 -     Stack Size: 2.00M
WARN 2022-07-07 14:37:39,372 -     Min. Heap Size: 128.00M
WARN 2022-07-07 14:37:39,372 -     Max. Heap Size: 1.00G
WARN 2022-07-07 14:37:39,372 -     Using VM: Java HotSpot(TM) 64-Bit Server VM
WARN 2022-07-07 14:37:39,372 - 
INFO 2022-07-07 14:37:42,908 - Moving 1 file to D:\Software\KiuwanLocalAnalyzer\temp\PHP_LOGIN SAMPLE.2343847145369342366\results
INFO 2022-07-07 14:37:42,908 - Deleting: D:\Software\KiuwanLocalAnalyzer\temp\PHP_LOGIN SAMPLE.2343847145369342366\results\metrics_php.key
INFO 2022-07-07 14:37:42,923 - Update global report: STARTED
INFO 2022-07-07 14:37:42,923 - Update global report: FINISHED
INFO 2022-07-07 14:37:42,923 - Upload results to kiuwan: STARTED
INFO 2022-07-07 14:37:45,311 - Upload results to kiuwan: FINISHED
INFO 2022-07-07 14:37:45,311 - Retrieve complete results from kiuwan: STARTED
INFO 2022-07-07 14:37:46,162 - Retrieve complete results from kiuwan: FINISHED
INFO 2022-07-07 14:37:46,162 - Register analysis code in global report: STARTED
INFO 2022-07-07 14:37:46,178 - Register analysis code in global report: FINISHED
INFO 2022-07-07 14:37:46,184 - Analysis finished: A-7e6-181d7cb23db
