INFO 2022-09-30 14:24:40,757 - Analysis initialization: FINISHED
INFO 2022-09-30 14:24:40,757 - -----------------------------------------------------
INFO 2022-09-30 14:24:40,757 - Starting analysis for application "Bridgeweave iOS"
INFO 2022-09-30 14:24:40,757 - -----------------------------------------------------
INFO 2022-09-30 14:24:40,758 - Model retrieval: STARTED
INFO 2022-09-30 14:24:42,022 - Model retrieved from cache
INFO 2022-09-30 14:24:42,023 - Model retrieval: FINISHED
INFO 2022-09-30 14:24:42,023 - Analysis authorization: STARTED
INFO 2022-09-30 14:24:43,586 - Upload analyzed source code forced to "false" - not allowed for user / application
INFO 2022-09-30 14:24:43,586 - Analysis authorization: FINISHED
INFO 2022-09-30 14:24:43,592 - License check: STARTED
INFO 2022-09-30 14:24:44,402 - License check: FINISHED
INFO 2022-09-30 14:24:44,402 - Prepare analysis data: STARTED
INFO 2022-09-30 14:24:44,446 - Prepare analysis data: FINISHED
INFO 2022-09-30 14:24:44,446 - Prepare source code files for upload: STARTED
INFO 2022-09-30 14:24:44,446 - Prepare source code files for upload: FINISHED
WARN 2022-09-30 14:24:46,206 - -----------------------------------------------------
WARN 2022-09-30 14:24:46,207 - Executing rules analysis for technology objectivec
WARN 2022-09-30 14:24:46,207 - -----------------------------------------------------
WARN 2022-09-30 14:24:46,207 - directory: D:\Repos\Brideweave Crypto Repo\Re-Testing\bwbucket-bw-crypto-ios-a9ff865d223d
WARN 2022-09-30 14:24:46,207 - bill-of-materials: 
WARN 2022-09-30 14:24:46,207 - bill-of-materials format: 
WARN 2022-09-30 14:24:46,207 - includes: 
WARN 2022-09-30 14:24:46,207 - excludes: **/src/test/**,**/__MACOSX/**,**/*.min.js,**/*.Designer.vb,**/*.designer.vb,**/*Reference.vb,**/*Service.vb,**/*Silverlight.vb,**/*.Designer.cs,**/*.designer.cs,**/*Reference.cs,**/*Service.cs,**/*Silverlight.cs,**/.*,**/Pods/BuildHeaders/**/*.h,**/Pods/Headers/**/*.h,**/node_modules/**,**/bower_components/**,**/target/**,**/bin/**,**/obj/**,**/dist/**,**/lib/**
WARN 2022-09-30 14:24:46,207 - configuration: D:\Software\KiuwanLocalAnalyzer\bin\..\conf\apps\Bridgeweave iOS.properties
WARN 2022-09-30 14:24:46,207 - VM version: 1.8.0_333
WARN 2022-09-30 14:24:46,338 - VM settings:
WARN 2022-09-30 14:24:46,338 -     Stack Size: 2.00M
WARN 2022-09-30 14:24:46,338 -     Min. Heap Size: 128.00M
WARN 2022-09-30 14:24:46,338 -     Max. Heap Size: 1.00G
WARN 2022-09-30 14:24:46,338 -     Ergonomics Machine Class: client
WARN 2022-09-30 14:24:46,338 -     Using VM: Java HotSpot(TM) 64-Bit Server VM
WARN 2022-09-30 14:24:46,339 - 
INFO 2022-09-30 14:25:44,191 - Moving 1 file to D:\Software\KiuwanLocalAnalyzer\temp\Bridgeweave iOS.8137304784152019278\results
INFO 2022-09-30 14:25:44,205 - Deleting: D:\Software\KiuwanLocalAnalyzer\temp\Bridgeweave iOS.8137304784152019278\results\rules_objectivec.key
WARN 2022-09-30 14:25:44,377 - -----------------------------------------------------
WARN 2022-09-30 14:25:44,377 - Executing metrics analysis for technology objectivec
WARN 2022-09-30 14:25:44,377 - -----------------------------------------------------
WARN 2022-09-30 14:25:44,377 - directory: D:\Repos\Brideweave Crypto Repo\Re-Testing\bwbucket-bw-crypto-ios-a9ff865d223d
WARN 2022-09-30 14:25:44,377 - bill-of-materials: 
WARN 2022-09-30 14:25:44,377 - bill-of-materials format: 
WARN 2022-09-30 14:25:44,377 - includes: 
WARN 2022-09-30 14:25:44,378 - excludes: **/src/test/**,**/__MACOSX/**,**/*.min.js,**/*.Designer.vb,**/*.designer.vb,**/*Reference.vb,**/*Service.vb,**/*Silverlight.vb,**/*.Designer.cs,**/*.designer.cs,**/*Reference.cs,**/*Service.cs,**/*Silverlight.cs,**/.*,**/Pods/BuildHeaders/**/*.h,**/Pods/Headers/**/*.h,**/node_modules/**,**/bower_components/**,**/target/**,**/bin/**,**/obj/**,**/dist/**,**/lib/**
WARN 2022-09-30 14:25:44,378 - configuration: D:\Software\KiuwanLocalAnalyzer\bin\..\conf\apps\Bridgeweave iOS.properties
WARN 2022-09-30 14:25:44,378 - VM version: 1.8.0_333
WARN 2022-09-30 14:25:44,497 - VM settings:
WARN 2022-09-30 14:25:44,498 -     Stack Size: 2.00M
WARN 2022-09-30 14:25:44,498 -     Min. Heap Size: 128.00M
WARN 2022-09-30 14:25:44,498 -     Max. Heap Size: 1.00G
WARN 2022-09-30 14:25:44,498 -     Ergonomics Machine Class: client
WARN 2022-09-30 14:25:44,498 -     Using VM: Java HotSpot(TM) 64-Bit Server VM
WARN 2022-09-30 14:25:44,498 - 
INFO 2022-09-30 14:26:01,754 - Moving 1 file to D:\Software\KiuwanLocalAnalyzer\temp\Bridgeweave iOS.8137304784152019278\results
INFO 2022-09-30 14:26:01,761 - Deleting: D:\Software\KiuwanLocalAnalyzer\temp\Bridgeweave iOS.8137304784152019278\results\metrics_objectivec.key
WARN 2022-09-30 14:26:01,929 - -----------------------------------------------------
WARN 2022-09-30 14:26:01,929 - Executing rules analysis for technology javascript
WARN 2022-09-30 14:26:01,929 - -----------------------------------------------------
WARN 2022-09-30 14:26:01,929 - directory: D:\Repos\Brideweave Crypto Repo\Re-Testing\bwbucket-bw-crypto-ios-a9ff865d223d
WARN 2022-09-30 14:26:01,929 - bill-of-materials: 
WARN 2022-09-30 14:26:01,929 - bill-of-materials format: 
WARN 2022-09-30 14:26:01,929 - includes: 
WARN 2022-09-30 14:26:01,929 - excludes: **/src/test/**,**/__MACOSX/**,**/*.min.js,**/*.Designer.vb,**/*.designer.vb,**/*Reference.vb,**/*Service.vb,**/*Silverlight.vb,**/*.Designer.cs,**/*.designer.cs,**/*Reference.cs,**/*Service.cs,**/*Silverlight.cs,**/.*,**/Pods/BuildHeaders/**/*.h,**/Pods/Headers/**/*.h,**/node_modules/**,**/bower_components/**,**/target/**,**/bin/**,**/obj/**,**/dist/**,**/lib/**
WARN 2022-09-30 14:26:01,929 - configuration: D:\Software\KiuwanLocalAnalyzer\bin\..\conf\apps\Bridgeweave iOS.properties
WARN 2022-09-30 14:26:01,929 - VM version: 1.8.0_333
WARN 2022-09-30 14:26:02,026 - VM settings:
WARN 2022-09-30 14:26:02,027 -     Stack Size: 2.00M
WARN 2022-09-30 14:26:02,027 -     Min. Heap Size: 128.00M
WARN 2022-09-30 14:26:02,027 -     Max. Heap Size: 1.00G
WARN 2022-09-30 14:26:02,027 -     Ergonomics Machine Class: client
WARN 2022-09-30 14:26:02,028 -     Using VM: Java HotSpot(TM) 64-Bit Server VM
WARN 2022-09-30 14:26:02,028 - 
INFO 2022-09-30 14:26:12,482 - Moving 1 file to D:\Software\KiuwanLocalAnalyzer\temp\Bridgeweave iOS.8137304784152019278\results
INFO 2022-09-30 14:26:12,489 - Deleting: D:\Software\KiuwanLocalAnalyzer\temp\Bridgeweave iOS.8137304784152019278\results\rules_javascript.key
WARN 2022-09-30 14:26:12,648 - -----------------------------------------------------
WARN 2022-09-30 14:26:12,648 - Executing metrics analysis for technology javascript
WARN 2022-09-30 14:26:12,648 - -----------------------------------------------------
WARN 2022-09-30 14:26:12,648 - directory: D:\Repos\Brideweave Crypto Repo\Re-Testing\bwbucket-bw-crypto-ios-a9ff865d223d
WARN 2022-09-30 14:26:12,648 - bill-of-materials: 
WARN 2022-09-30 14:26:12,648 - bill-of-materials format: 
WARN 2022-09-30 14:26:12,648 - includes: 
WARN 2022-09-30 14:26:12,648 - excludes: **/src/test/**,**/__MACOSX/**,**/*.min.js,**/*.Designer.vb,**/*.designer.vb,**/*Reference.vb,**/*Service.vb,**/*Silverlight.vb,**/*.Designer.cs,**/*.designer.cs,**/*Reference.cs,**/*Service.cs,**/*Silverlight.cs,**/.*,**/Pods/BuildHeaders/**/*.h,**/Pods/Headers/**/*.h,**/node_modules/**,**/bower_components/**,**/target/**,**/bin/**,**/obj/**,**/dist/**,**/lib/**
WARN 2022-09-30 14:26:12,648 - configuration: D:\Software\KiuwanLocalAnalyzer\bin\..\conf\apps\Bridgeweave iOS.properties
WARN 2022-09-30 14:26:12,649 - VM version: 1.8.0_333
WARN 2022-09-30 14:26:12,745 - VM settings:
WARN 2022-09-30 14:26:12,746 -     Stack Size: 2.00M
WARN 2022-09-30 14:26:12,746 -     Min. Heap Size: 128.00M
WARN 2022-09-30 14:26:12,746 -     Max. Heap Size: 1.00G
WARN 2022-09-30 14:26:12,746 -     Ergonomics Machine Class: client
WARN 2022-09-30 14:26:12,746 -     Using VM: Java HotSpot(TM) 64-Bit Server VM
WARN 2022-09-30 14:26:12,746 - 
INFO 2022-09-30 14:26:21,876 - Moving 1 file to D:\Software\KiuwanLocalAnalyzer\temp\Bridgeweave iOS.8137304784152019278\results
INFO 2022-09-30 14:26:21,884 - Deleting: D:\Software\KiuwanLocalAnalyzer\temp\Bridgeweave iOS.8137304784152019278\results\metrics_javascript.key
WARN 2022-09-30 14:26:22,036 - -----------------------------------------------------
WARN 2022-09-30 14:26:22,036 - Executing rules analysis for technology swift
WARN 2022-09-30 14:26:22,037 - -----------------------------------------------------
WARN 2022-09-30 14:26:22,037 - directory: D:\Repos\Brideweave Crypto Repo\Re-Testing\bwbucket-bw-crypto-ios-a9ff865d223d
WARN 2022-09-30 14:26:22,037 - bill-of-materials: 
WARN 2022-09-30 14:26:22,037 - bill-of-materials format: 
WARN 2022-09-30 14:26:22,037 - includes: 
WARN 2022-09-30 14:26:22,037 - excludes: **/src/test/**,**/__MACOSX/**,**/*.min.js,**/*.Designer.vb,**/*.designer.vb,**/*Reference.vb,**/*Service.vb,**/*Silverlight.vb,**/*.Designer.cs,**/*.designer.cs,**/*Reference.cs,**/*Service.cs,**/*Silverlight.cs,**/.*,**/Pods/BuildHeaders/**/*.h,**/Pods/Headers/**/*.h,**/node_modules/**,**/bower_components/**,**/target/**,**/bin/**,**/obj/**,**/dist/**,**/lib/**
WARN 2022-09-30 14:26:22,037 - configuration: D:\Software\KiuwanLocalAnalyzer\bin\..\conf\apps\Bridgeweave iOS.properties
WARN 2022-09-30 14:26:22,037 - VM version: 1.8.0_333
WARN 2022-09-30 14:26:22,135 - VM settings:
WARN 2022-09-30 14:26:22,137 -     Stack Size: 2.00M
WARN 2022-09-30 14:26:22,137 -     Min. Heap Size: 128.00M
WARN 2022-09-30 14:26:22,137 -     Max. Heap Size: 1.00G
WARN 2022-09-30 14:26:22,137 -     Ergonomics Machine Class: client
WARN 2022-09-30 14:26:22,137 -     Using VM: Java HotSpot(TM) 64-Bit Server VM
WARN 2022-09-30 14:26:22,137 - 
INFO 2022-09-30 14:30:02,126 - Moving 1 file to D:\Software\KiuwanLocalAnalyzer\temp\Bridgeweave iOS.8137304784152019278\results
INFO 2022-09-30 14:30:02,135 - Deleting: D:\Software\KiuwanLocalAnalyzer\temp\Bridgeweave iOS.8137304784152019278\results\rules_swift.key
WARN 2022-09-30 14:30:02,352 - -----------------------------------------------------
WARN 2022-09-30 14:30:02,352 - Executing metrics analysis for technology swift
WARN 2022-09-30 14:30:02,352 - -----------------------------------------------------
WARN 2022-09-30 14:30:02,352 - directory: D:\Repos\Brideweave Crypto Repo\Re-Testing\bwbucket-bw-crypto-ios-a9ff865d223d
WARN 2022-09-30 14:30:02,353 - bill-of-materials: 
WARN 2022-09-30 14:30:02,353 - bill-of-materials format: 
WARN 2022-09-30 14:30:02,353 - includes: 
WARN 2022-09-30 14:30:02,353 - excludes: **/src/test/**,**/__MACOSX/**,**/*.min.js,**/*.Designer.vb,**/*.designer.vb,**/*Reference.vb,**/*Service.vb,**/*Silverlight.vb,**/*.Designer.cs,**/*.designer.cs,**/*Reference.cs,**/*Service.cs,**/*Silverlight.cs,**/.*,**/Pods/BuildHeaders/**/*.h,**/Pods/Headers/**/*.h,**/node_modules/**,**/bower_components/**,**/target/**,**/bin/**,**/obj/**,**/dist/**,**/lib/**
WARN 2022-09-30 14:30:02,353 - configuration: D:\Software\KiuwanLocalAnalyzer\bin\..\conf\apps\Bridgeweave iOS.properties
WARN 2022-09-30 14:30:02,353 - VM version: 1.8.0_333
WARN 2022-09-30 14:30:02,482 - VM settings:
WARN 2022-09-30 14:30:02,484 -     Stack Size: 2.00M
WARN 2022-09-30 14:30:02,484 -     Min. Heap Size: 128.00M
WARN 2022-09-30 14:30:02,484 -     Max. Heap Size: 1.00G
WARN 2022-09-30 14:30:02,484 -     Ergonomics Machine Class: client
WARN 2022-09-30 14:30:02,484 -     Using VM: Java HotSpot(TM) 64-Bit Server VM
WARN 2022-09-30 14:30:02,484 - 
INFO 2022-09-30 14:30:23,423 - Moving 1 file to D:\Software\KiuwanLocalAnalyzer\temp\Bridgeweave iOS.8137304784152019278\results
INFO 2022-09-30 14:30:23,431 - Deleting: D:\Software\KiuwanLocalAnalyzer\temp\Bridgeweave iOS.8137304784152019278\results\metrics_swift.key
INFO 2022-09-30 14:30:23,437 - Update global report: STARTED
INFO 2022-09-30 14:30:23,446 - Update global report: FINISHED
INFO 2022-09-30 14:30:23,447 - Upload results to kiuwan: STARTED
INFO 2022-09-30 14:30:29,820 - Upload results to kiuwan: FINISHED
INFO 2022-09-30 14:30:29,821 - Retrieve complete results from kiuwan: STARTED
INFO 2022-09-30 14:30:30,870 - Retrieve complete results from kiuwan: FINISHED
INFO 2022-09-30 14:30:30,870 - Register analysis code in global report: STARTED
INFO 2022-09-30 14:30:30,871 - Register analysis code in global report: FINISHED
INFO 2022-09-30 14:30:30,875 - Analysis finished: A-7e6-1838d929370
