INFO 2022-09-30 14:26:25,150 - com.optimyth.qaking.codeanalysis.metadata.model.LibrariesResolver: Metadata libraries FACTORY directory added = D:\Software\KiuwanLocalAnalyzer\libraries
INFO 2022-09-30 14:26:25,151 - com.optimyth.qaking.codeanalysis.metadata.model.LibrariesResolver: Metadata libraries resolver found 1 directories to inspect: [D:\Software\KiuwanLocalAnalyzer\libraries]
INFO 2022-09-30 14:27:18,784 - com.optimyth.qaking.codeanalysis.tainting.TaintingAnalyzer: Too complex control flow (ccn=74) in block containing sink, at IQKeyboardManager+Position.swift line 228. Using direct navigation as fallback.
INFO 2022-09-30 14:27:18,792 - com.optimyth.qaking.codeanalysis.tainting.TaintingAnalyzer: Too complex control flow (ccn=74) in block containing sink, at IQKeyboardManager+Position.swift line 228. Using direct navigation as fallback.
INFO 2022-09-30 14:27:18,794 - com.optimyth.qaking.codeanalysis.tainting.TaintingAnalyzer: Too complex control flow (ccn=74) in block containing sink, at IQKeyboardManager+Position.swift line 251. Using direct navigation as fallback.
INFO 2022-09-30 14:27:18,795 - com.optimyth.qaking.codeanalysis.tainting.TaintingAnalyzer: Too complex control flow (ccn=74) in block containing sink, at IQKeyboardManager+Position.swift line 251. Using direct navigation as fallback.
INFO 2022-09-30 14:27:18,797 - com.optimyth.qaking.codeanalysis.tainting.TaintingAnalyzer: Too complex control flow (ccn=74) in block containing sink, at IQKeyboardManager+Position.swift line 260. Using direct navigation as fallback.
INFO 2022-09-30 14:27:18,798 - com.optimyth.qaking.codeanalysis.tainting.TaintingAnalyzer: Too complex control flow (ccn=74) in block containing sink, at IQKeyboardManager+Position.swift line 260. Using direct navigation as fallback.
INFO 2022-09-30 14:27:18,799 - com.optimyth.qaking.codeanalysis.tainting.TaintingAnalyzer: Too complex control flow (ccn=74) in block containing sink, at IQKeyboardManager+Position.swift line 278. Using direct navigation as fallback.
INFO 2022-09-30 14:27:18,801 - com.optimyth.qaking.codeanalysis.tainting.TaintingAnalyzer: Too complex control flow (ccn=74) in block containing sink, at IQKeyboardManager+Position.swift line 278. Using direct navigation as fallback.
INFO 2022-09-30 14:27:18,802 - com.optimyth.qaking.codeanalysis.tainting.TaintingAnalyzer: Too complex control flow (ccn=74) in block containing sink, at IQKeyboardManager+Position.swift line 287. Using direct navigation as fallback.
INFO 2022-09-30 14:27:18,804 - com.optimyth.qaking.codeanalysis.tainting.TaintingAnalyzer: Too complex control flow (ccn=74) in block containing sink, at IQKeyboardManager+Position.swift line 287. Using direct navigation as fallback.
INFO 2022-09-30 14:27:18,806 - com.optimyth.qaking.codeanalysis.tainting.TaintingAnalyzer: Too complex control flow (ccn=74) in block containing sink, at IQKeyboardManager+Position.swift line 314. Using direct navigation as fallback.
INFO 2022-09-30 14:27:18,808 - com.optimyth.qaking.codeanalysis.tainting.TaintingAnalyzer: Too complex control flow (ccn=74) in block containing sink, at IQKeyboardManager+Position.swift line 314. Using direct navigation as fallback.
INFO 2022-09-30 14:27:18,811 - com.optimyth.qaking.codeanalysis.tainting.TaintingAnalyzer: Too complex control flow (ccn=74) in block containing sink, at IQKeyboardManager+Position.swift line 332. Using direct navigation as fallback.
INFO 2022-09-30 14:27:18,812 - com.optimyth.qaking.codeanalysis.tainting.TaintingAnalyzer: Too complex control flow (ccn=74) in block containing sink, at IQKeyboardManager+Position.swift line 332. Using direct navigation as fallback.
INFO 2022-09-30 14:27:18,813 - com.optimyth.qaking.codeanalysis.tainting.TaintingAnalyzer: Too complex control flow (ccn=74) in block containing sink, at IQKeyboardManager+Position.swift line 440. Using direct navigation as fallback.
INFO 2022-09-30 14:27:18,822 - com.optimyth.qaking.codeanalysis.tainting.TaintingAnalyzer: Too complex control flow (ccn=74) in block containing sink, at IQKeyboardManager+Position.swift line 440. Using direct navigation as fallback.
INFO 2022-09-30 14:27:18,830 - com.optimyth.qaking.codeanalysis.tainting.TaintingAnalyzer: Too complex control flow (ccn=74) in block containing sink, at IQKeyboardManager+Position.swift line 441. Using direct navigation as fallback.
INFO 2022-09-30 14:27:18,837 - com.optimyth.qaking.codeanalysis.tainting.TaintingAnalyzer: Too complex control flow (ccn=74) in block containing sink, at IQKeyboardManager+Position.swift line 441. Using direct navigation as fallback.
INFO 2022-09-30 14:27:18,845 - com.optimyth.qaking.codeanalysis.tainting.TaintingAnalyzer: Too complex control flow (ccn=74) in block containing sink, at IQKeyboardManager+Position.swift line 492. Using direct navigation as fallback.
INFO 2022-09-30 14:27:18,853 - com.optimyth.qaking.codeanalysis.tainting.TaintingAnalyzer: Too complex control flow (ccn=74) in block containing sink, at IQKeyboardManager+Position.swift line 492. Using direct navigation as fallback.
INFO 2022-09-30 14:27:18,860 - com.optimyth.qaking.codeanalysis.tainting.TaintingAnalyzer: Too complex control flow (ccn=74) in block containing sink, at IQKeyboardManager+Position.swift line 564. Using direct navigation as fallback.
INFO 2022-09-30 14:27:18,867 - com.optimyth.qaking.codeanalysis.tainting.TaintingAnalyzer: Too complex control flow (ccn=74) in block containing sink, at IQKeyboardManager+Position.swift line 564. Using direct navigation as fallback.
INFO 2022-09-30 14:27:18,875 - com.optimyth.qaking.codeanalysis.tainting.TaintingAnalyzer: Too complex control flow (ccn=74) in block containing sink, at IQKeyboardManager+Position.swift line 596. Using direct navigation as fallback.
INFO 2022-09-30 14:27:18,888 - com.optimyth.qaking.codeanalysis.tainting.TaintingAnalyzer: Too complex control flow (ccn=74) in block containing sink, at IQKeyboardManager+Position.swift line 596. Using direct navigation as fallback.
INFO 2022-09-30 14:27:18,899 - com.optimyth.qaking.codeanalysis.tainting.TaintingAnalyzer: Too complex control flow (ccn=74) in block containing sink, at IQKeyboardManager+Position.swift line 628. Using direct navigation as fallback.
INFO 2022-09-30 14:27:18,910 - com.optimyth.qaking.codeanalysis.tainting.TaintingAnalyzer: Too complex control flow (ccn=74) in block containing sink, at IQKeyboardManager+Position.swift line 628. Using direct navigation as fallback.
INFO 2022-09-30 14:27:18,923 - com.optimyth.qaking.codeanalysis.tainting.TaintingAnalyzer: Too complex control flow (ccn=74) in block containing sink, at IQKeyboardManager+Position.swift line 637. Using direct navigation as fallback.
INFO 2022-09-30 14:27:18,932 - com.optimyth.qaking.codeanalysis.tainting.TaintingAnalyzer: Too complex control flow (ccn=74) in block containing sink, at IQKeyboardManager+Position.swift line 637. Using direct navigation as fallback.
INFO 2022-09-30 14:27:30,307 - com.optimyth.qaking.codeanalysis.redos.RegexNfaAnalyzer$AnalysisRunner: Error analyzing regular expression: ((?<=(v|V)/)|(?<=be/)|(?<=(\\?|\\&)v=)|(?<=embed/))([\\w-]++)
java.lang.UnsupportedOperationException: Positive Look behind symbols not supported
	at regexcompiler.ParseTreeToNFAConverter.dfsBuild(ParseTreeToNFAConverter.java:186)
	at regexcompiler.ParseTreeToNFAConverter.dfsBuild(ParseTreeToNFAConverter.java:105)
	at regexcompiler.ParseTreeToNFAConverter.dfsBuild(ParseTreeToNFAConverter.java:105)
	at regexcompiler.ParseTreeToNFAConverter.dfsBuild(ParseTreeToNFAConverter.java:105)
	at regexcompiler.ParseTreeToNFAConverter.dfsBuild(ParseTreeToNFAConverter.java:140)
	at regexcompiler.ParseTreeToNFAConverter.dfsBuild(ParseTreeToNFAConverter.java:113)
	at regexcompiler.ParseTreeToNFAConverter.convertParseTree(ParseTreeToNFAConverter.java:58)
	at regexcompiler.MyPattern.toNFAGraph(MyPattern.java:99)
	at com.optimyth.qaking.codeanalysis.redos.RegexNfaAnalyzer$AnalysisRunner.run(RegexNfaAnalyzer.java:225)
	at java.util.concurrent.Executors$RunnableAdapter.call(Unknown Source)
	at java.util.concurrent.FutureTask.run(Unknown Source)
	at java.util.concurrent.ThreadPoolExecutor.runWorker(Unknown Source)
	at java.util.concurrent.ThreadPoolExecutor$Worker.run(Unknown Source)
	at java.lang.Thread.run(Unknown Source)
ERROR 2022-09-30 14:27:36,590 - com.als.core.RuleSet: ***************************************************
ERROR 2022-09-30 14:27:36,590 - com.als.core.RuleSet: File: D:\Repos\Brideweave Crypto Repo\Re-Testing\bwbucket-bw-crypto-ios-a9ff865d223d\InvestorAiCrypto\InvestorAiCrypto\Helpers\ICConstants.swift
ERROR 2022-09-30 14:27:36,590 - com.als.core.RuleSet: Rule: OPT.SWIFT.SECURITY.InsecureTransport
ERROR 2022-09-30 14:27:36,590 - com.als.core.RuleSet: Message: The node must be non-null
ERROR 2022-09-30 14:27:36,591 - com.als.core.RuleSet: Stack:
ERROR 2022-09-30 14:27:36,591 - com.als.core.RuleSet: java.lang.NullPointerException: The node must be non-null
	at com.google.common.base.Preconditions.checkNotNull(Preconditions.java:895)
	at com.optimyth.qaking.codeanalysis.tainting.site.TaintItem.<init>(TaintItem.java:36)
	at com.optimyth.qaking.codeanalysis.tainting.site.Source.<init>(Source.java:21)
	at com.optimyth.qaking.swift.rules.security.InsecureTransport.k26(InsecureTransport.java:253)
	at com.optimyth.qaking.swift.rules.security.InsecureTransport.E(InsecureTransport.java:173)
	at com.als.core.ast.GuardedVisitor.visit(GuardedVisitor.java:47)
	at com.als.core.ast.BaseNode.accept(BaseNode.java:137)
	at com.als.core.ast.BaseNode.accept(BaseNode.java:140)
	at com.als.core.ast.BaseNode.accept(BaseNode.java:140)
...

ERROR 2022-09-30 14:27:36,591 - com.als.core.RuleSet: ***************************************************
WARN 2022-09-30 14:27:42,350 - com.als.core.main.SingleTechnologyStaticAnalyzer: ***************************************************
WARN 2022-09-30 14:27:42,350 - com.als.core.main.SingleTechnologyStaticAnalyzer: File: D:\Repos\Brideweave Crypto Repo\Re-Testing\bwbucket-bw-crypto-ios-a9ff865d223d\InvestorAiCrypto\InvestorAiCrypto\Managers\Network\ICNetworkService.swift
WARN 2022-09-30 14:27:42,350 - com.als.core.main.SingleTechnologyStaticAnalyzer: Technology: swift
WARN 2022-09-30 14:27:42,350 - com.als.core.main.SingleTechnologyStaticAnalyzer: Message: Cannot parse D:\Repos\Brideweave Crypto Repo\Re-Testing\bwbucket-bw-crypto-ios-a9ff865d223d\InvestorAiCrypto\InvestorAiCrypto\Managers\Network\ICNetworkService.swift, due to: com.optimyth.qaking.swift.parser.ParseException: Encountered "public final class DefaultNetworkErrorLogger : NetworkErrorLogger { public init ( ) { } public func log ( request : URLRequest ) { printIfDebug ( \"-------------\" ) printIfDebug ( \"request: \\(request.url!)\" ) printIfDebug ( \"headers: \\(request.allHTTPHeaderFields!)\" ) printIfDebug ( \"method: \\(request.httpMethod!)\" ) if let httpBody = request . httpBody , let result = ( ( try ? JSONSerialization . jsonObject ( with : httpBody , options : [ ] ) as ? [ String : AnyObject ] ) as [ String : AnyObject ] ? ? )" at line 139, column 1.
WARN 2022-09-30 14:27:42,361 - com.als.core.main.SingleTechnologyStaticAnalyzer: Stack:
WARN 2022-09-30 14:27:42,361 - com.als.core.main.SingleTechnologyStaticAnalyzer: com.als.core.parser.ParseException: Cannot parse D:\Repos\Brideweave Crypto Repo\Re-Testing\bwbucket-bw-crypto-ios-a9ff865d223d\InvestorAiCrypto\InvestorAiCrypto\Managers\Network\ICNetworkService.swift, due to: com.optimyth.qaking.swift.parser.ParseException: Encountered "public final class DefaultNetworkErrorLogger : NetworkErrorLogger { public init ( ) { } public func log ( request : URLRequest ) { printIfDebug ( \"-------------\" ) printIfDebug ( \"request: \\(request.url!)\" ) printIfDebug ( \"headers: \\(request.allHTTPHeaderFields!)\" ) printIfDebug ( \"method: \\(request.httpMethod!)\" ) if let httpBody = request . httpBody , let result = ( ( try ? JSONSerialization . jsonObject ( with : httpBody , options : [ ] ) as ? [ String : AnyObject ] ) as [ String : AnyObject ] ? ? )" at line 139, column 1.
Was expecting one of:
    <EOF> 
    <IDENTIFIER> ...
    "alpha" ...
    "arch" ...
    "arm" ...
    "as" ...
    "associatedtype" ...
    "associativity" ...
...

WARN 2022-09-30 14:27:42,361 - com.als.core.main.SingleTechnologyStaticAnalyzer: Original code: lines 137/141
WARN 2022-09-30 14:27:42,362 - com.als.core.main.SingleTechnologyStaticAnalyzer: // MARK: - Logger

public final class DefaultNetworkErrorLogger: NetworkErrorLogger {
    public init() { }


WARN 2022-09-30 14:27:42,362 - com.als.core.main.SingleTechnologyStaticAnalyzer: ***************************************************
INFO 2022-09-30 14:28:23,611 - com.optimyth.qaking.codeanalysis.tainting.TaintingAnalyzer: Too complex control flow (ccn=40) in block containing sink, at ICHomeViewController.swift line 306. Using direct navigation as fallback.
INFO 2022-09-30 14:28:23,614 - com.optimyth.qaking.codeanalysis.tainting.TaintingAnalyzer: Too complex control flow (ccn=40) in block containing sink, at ICHomeViewController.swift line 314. Using direct navigation as fallback.
INFO 2022-09-30 14:28:23,615 - com.optimyth.qaking.codeanalysis.tainting.TaintingAnalyzer: Too complex control flow (ccn=40) in block containing sink, at ICHomeViewController.swift line 321. Using direct navigation as fallback.
INFO 2022-09-30 14:28:23,618 - com.optimyth.qaking.codeanalysis.tainting.TaintingAnalyzer: Too complex control flow (ccn=40) in block containing sink, at ICHomeViewController.swift line 333. Using direct navigation as fallback.
INFO 2022-09-30 14:28:23,621 - com.optimyth.qaking.codeanalysis.tainting.TaintingAnalyzer: Too complex control flow (ccn=40) in block containing sink, at ICHomeViewController.swift line 338. Using direct navigation as fallback.
INFO 2022-09-30 14:28:23,623 - com.optimyth.qaking.codeanalysis.tainting.TaintingAnalyzer: Too complex control flow (ccn=40) in block containing sink, at ICHomeViewController.swift line 346. Using direct navigation as fallback.
INFO 2022-09-30 14:28:23,625 - com.optimyth.qaking.codeanalysis.tainting.TaintingAnalyzer: Too complex control flow (ccn=40) in block containing sink, at ICHomeViewController.swift line 351. Using direct navigation as fallback.
INFO 2022-09-30 14:28:23,628 - com.optimyth.qaking.codeanalysis.tainting.TaintingAnalyzer: Too complex control flow (ccn=40) in block containing sink, at ICHomeViewController.swift line 446. Using direct navigation as fallback.
INFO 2022-09-30 14:28:23,629 - com.optimyth.qaking.codeanalysis.tainting.TaintingAnalyzer: Too complex control flow (ccn=40) in block containing sink, at ICHomeViewController.swift line 450. Using direct navigation as fallback.
INFO 2022-09-30 14:28:23,632 - com.optimyth.qaking.codeanalysis.tainting.TaintingAnalyzer: Too complex control flow (ccn=40) in block containing sink, at ICHomeViewController.swift line 475. Using direct navigation as fallback.
INFO 2022-09-30 14:28:23,638 - com.optimyth.qaking.codeanalysis.tainting.TaintingAnalyzer: Too complex control flow (ccn=40) in block containing sink, at ICHomeViewController.swift line 488. Using direct navigation as fallback.
INFO 2022-09-30 14:28:23,645 - com.optimyth.qaking.codeanalysis.tainting.TaintingAnalyzer: Too complex control flow (ccn=40) in block containing sink, at ICHomeViewController.swift line 495. Using direct navigation as fallback.
INFO 2022-09-30 14:28:23,652 - com.optimyth.qaking.codeanalysis.tainting.TaintingAnalyzer: Too complex control flow (ccn=40) in block containing sink, at ICHomeViewController.swift line 507. Using direct navigation as fallback.
INFO 2022-09-30 14:28:23,658 - com.optimyth.qaking.codeanalysis.tainting.TaintingAnalyzer: Too complex control flow (ccn=40) in block containing sink, at ICHomeViewController.swift line 512. Using direct navigation as fallback.
INFO 2022-09-30 14:28:23,664 - com.optimyth.qaking.codeanalysis.tainting.TaintingAnalyzer: Too complex control flow (ccn=40) in block containing sink, at ICHomeViewController.swift line 519. Using direct navigation as fallback.
INFO 2022-09-30 14:28:23,670 - com.optimyth.qaking.codeanalysis.tainting.TaintingAnalyzer: Too complex control flow (ccn=40) in block containing sink, at ICHomeViewController.swift line 524. Using direct navigation as fallback.
INFO 2022-09-30 14:28:23,676 - com.optimyth.qaking.codeanalysis.tainting.TaintingAnalyzer: Too complex control flow (ccn=40) in block containing sink, at ICHomeViewController.swift line 542. Using direct navigation as fallback.
INFO 2022-09-30 14:28:23,677 - com.optimyth.qaking.codeanalysis.tainting.TaintingAnalyzer: Too complex control flow (ccn=40) in block containing sink, at ICHomeViewController.swift line 547. Using direct navigation as fallback.
INFO 2022-09-30 14:28:23,679 - com.optimyth.qaking.codeanalysis.tainting.TaintingAnalyzer: Too complex control flow (ccn=40) in block containing sink, at ICHomeViewController.swift line 555. Using direct navigation as fallback.
INFO 2022-09-30 14:28:23,682 - com.optimyth.qaking.codeanalysis.tainting.TaintingAnalyzer: Too complex control flow (ccn=40) in block containing sink, at ICHomeViewController.swift line 562. Using direct navigation as fallback.
INFO 2022-09-30 14:28:23,684 - com.optimyth.qaking.codeanalysis.tainting.TaintingAnalyzer: Too complex control flow (ccn=40) in block containing sink, at ICHomeViewController.swift line 574. Using direct navigation as fallback.
INFO 2022-09-30 14:28:23,687 - com.optimyth.qaking.codeanalysis.tainting.TaintingAnalyzer: Too complex control flow (ccn=40) in block containing sink, at ICHomeViewController.swift line 579. Using direct navigation as fallback.
INFO 2022-09-30 14:28:23,690 - com.optimyth.qaking.codeanalysis.tainting.TaintingAnalyzer: Too complex control flow (ccn=40) in block containing sink, at ICHomeViewController.swift line 586. Using direct navigation as fallback.
INFO 2022-09-30 14:28:23,692 - com.optimyth.qaking.codeanalysis.tainting.TaintingAnalyzer: Too complex control flow (ccn=40) in block containing sink, at ICHomeViewController.swift line 591. Using direct navigation as fallback.
INFO 2022-09-30 14:28:23,732 - com.optimyth.qaking.codeanalysis.tainting.TaintingAnalyzer: Too complex control flow (ccn=40) in block containing sink, at ICHomeViewController.swift line 306. Using direct navigation as fallback.
INFO 2022-09-30 14:28:23,733 - com.optimyth.qaking.codeanalysis.tainting.TaintingAnalyzer: Too complex control flow (ccn=40) in block containing sink, at ICHomeViewController.swift line 314. Using direct navigation as fallback.
INFO 2022-09-30 14:28:23,734 - com.optimyth.qaking.codeanalysis.tainting.TaintingAnalyzer: Too complex control flow (ccn=40) in block containing sink, at ICHomeViewController.swift line 321. Using direct navigation as fallback.
INFO 2022-09-30 14:28:23,737 - com.optimyth.qaking.codeanalysis.tainting.TaintingAnalyzer: Too complex control flow (ccn=40) in block containing sink, at ICHomeViewController.swift line 333. Using direct navigation as fallback.
INFO 2022-09-30 14:28:23,740 - com.optimyth.qaking.codeanalysis.tainting.TaintingAnalyzer: Too complex control flow (ccn=40) in block containing sink, at ICHomeViewController.swift line 338. Using direct navigation as fallback.
INFO 2022-09-30 14:28:23,742 - com.optimyth.qaking.codeanalysis.tainting.TaintingAnalyzer: Too complex control flow (ccn=40) in block containing sink, at ICHomeViewController.swift line 346. Using direct navigation as fallback.
INFO 2022-09-30 14:28:23,744 - com.optimyth.qaking.codeanalysis.tainting.TaintingAnalyzer: Too complex control flow (ccn=40) in block containing sink, at ICHomeViewController.swift line 351. Using direct navigation as fallback.
INFO 2022-09-30 14:28:23,747 - com.optimyth.qaking.codeanalysis.tainting.TaintingAnalyzer: Too complex control flow (ccn=40) in block containing sink, at ICHomeViewController.swift line 446. Using direct navigation as fallback.
INFO 2022-09-30 14:28:23,748 - com.optimyth.qaking.codeanalysis.tainting.TaintingAnalyzer: Too complex control flow (ccn=40) in block containing sink, at ICHomeViewController.swift line 450. Using direct navigation as fallback.
INFO 2022-09-30 14:28:23,752 - com.optimyth.qaking.codeanalysis.tainting.TaintingAnalyzer: Too complex control flow (ccn=40) in block containing sink, at ICHomeViewController.swift line 475. Using direct navigation as fallback.
INFO 2022-09-30 14:28:23,758 - com.optimyth.qaking.codeanalysis.tainting.TaintingAnalyzer: Too complex control flow (ccn=40) in block containing sink, at ICHomeViewController.swift line 488. Using direct navigation as fallback.
INFO 2022-09-30 14:28:23,764 - com.optimyth.qaking.codeanalysis.tainting.TaintingAnalyzer: Too complex control flow (ccn=40) in block containing sink, at ICHomeViewController.swift line 495. Using direct navigation as fallback.
INFO 2022-09-30 14:28:23,770 - com.optimyth.qaking.codeanalysis.tainting.TaintingAnalyzer: Too complex control flow (ccn=40) in block containing sink, at ICHomeViewController.swift line 507. Using direct navigation as fallback.
INFO 2022-09-30 14:28:23,776 - com.optimyth.qaking.codeanalysis.tainting.TaintingAnalyzer: Too complex control flow (ccn=40) in block containing sink, at ICHomeViewController.swift line 512. Using direct navigation as fallback.
INFO 2022-09-30 14:28:23,782 - com.optimyth.qaking.codeanalysis.tainting.TaintingAnalyzer: Too complex control flow (ccn=40) in block containing sink, at ICHomeViewController.swift line 519. Using direct navigation as fallback.
INFO 2022-09-30 14:28:23,788 - com.optimyth.qaking.codeanalysis.tainting.TaintingAnalyzer: Too complex control flow (ccn=40) in block containing sink, at ICHomeViewController.swift line 524. Using direct navigation as fallback.
INFO 2022-09-30 14:28:23,794 - com.optimyth.qaking.codeanalysis.tainting.TaintingAnalyzer: Too complex control flow (ccn=40) in block containing sink, at ICHomeViewController.swift line 542. Using direct navigation as fallback.
INFO 2022-09-30 14:28:23,795 - com.optimyth.qaking.codeanalysis.tainting.TaintingAnalyzer: Too complex control flow (ccn=40) in block containing sink, at ICHomeViewController.swift line 547. Using direct navigation as fallback.
INFO 2022-09-30 14:28:23,801 - com.optimyth.qaking.codeanalysis.tainting.TaintingAnalyzer: Too complex control flow (ccn=40) in block containing sink, at ICHomeViewController.swift line 555. Using direct navigation as fallback.
INFO 2022-09-30 14:28:23,804 - com.optimyth.qaking.codeanalysis.tainting.TaintingAnalyzer: Too complex control flow (ccn=40) in block containing sink, at ICHomeViewController.swift line 562. Using direct navigation as fallback.
INFO 2022-09-30 14:28:23,807 - com.optimyth.qaking.codeanalysis.tainting.TaintingAnalyzer: Too complex control flow (ccn=40) in block containing sink, at ICHomeViewController.swift line 574. Using direct navigation as fallback.
INFO 2022-09-30 14:28:23,810 - com.optimyth.qaking.codeanalysis.tainting.TaintingAnalyzer: Too complex control flow (ccn=40) in block containing sink, at ICHomeViewController.swift line 579. Using direct navigation as fallback.
INFO 2022-09-30 14:28:23,813 - com.optimyth.qaking.codeanalysis.tainting.TaintingAnalyzer: Too complex control flow (ccn=40) in block containing sink, at ICHomeViewController.swift line 586. Using direct navigation as fallback.
INFO 2022-09-30 14:28:23,815 - com.optimyth.qaking.codeanalysis.tainting.TaintingAnalyzer: Too complex control flow (ccn=40) in block containing sink, at ICHomeViewController.swift line 591. Using direct navigation as fallback.
WARN 2022-09-30 14:29:04,590 - com.als.core.main.SingleTechnologyStaticAnalyzer: ***************************************************
WARN 2022-09-30 14:29:04,590 - com.als.core.main.SingleTechnologyStaticAnalyzer: File: D:\Repos\Brideweave Crypto Repo\Re-Testing\bwbucket-bw-crypto-ios-a9ff865d223d\InvestorAiCrypto\Pods\Charts\Source\Charts\Charts\ChartViewBase.swift
WARN 2022-09-30 14:29:04,590 - com.als.core.main.SingleTechnologyStaticAnalyzer: Technology: swift
WARN 2022-09-30 14:29:04,590 - com.als.core.main.SingleTechnologyStaticAnalyzer: Message: Cannot parse D:\Repos\Brideweave Crypto Repo\Re-Testing\bwbucket-bw-crypto-ios-a9ff865d223d\InvestorAiCrypto\Pods\Charts\Source\Charts\Charts\ChartViewBase.swift, due to: com.optimyth.qaking.swift.parser.ParseException: Encountered "if _defaultValueFormatter is DefaultValueFormatter { let digits = reference . decimalPlaces ( _defaultValueFormatter as ? DefaultValueFormatter ) ? . decimals = digits" at line 306, column 9.
WARN 2022-09-30 14:29:04,590 - com.als.core.main.SingleTechnologyStaticAnalyzer: Stack:
WARN 2022-09-30 14:29:04,590 - com.als.core.main.SingleTechnologyStaticAnalyzer: com.als.core.parser.ParseException: Cannot parse D:\Repos\Brideweave Crypto Repo\Re-Testing\bwbucket-bw-crypto-ios-a9ff865d223d\InvestorAiCrypto\Pods\Charts\Source\Charts\Charts\ChartViewBase.swift, due to: com.optimyth.qaking.swift.parser.ParseException: Encountered "if _defaultValueFormatter is DefaultValueFormatter { let digits = reference . decimalPlaces ( _defaultValueFormatter as ? DefaultValueFormatter ) ? . decimals = digits" at line 306, column 9.
Was expecting one of:
    "}" ...
    <IDENTIFIER> ...
    "alpha" ...
    "arch" ...
    "arm" ...
    "as" ...
    "associatedtype" ...
    "associativity" ...
...

WARN 2022-09-30 14:29:04,590 - com.als.core.main.SingleTechnologyStaticAnalyzer: Original code: lines 304/308
WARN 2022-09-30 14:29:04,590 - com.als.core.main.SingleTechnologyStaticAnalyzer:         
    
        if _defaultValueFormatter is DefaultValueFormatter
        {
            // setup the formatter with a new number of digits

WARN 2022-09-30 14:29:04,590 - com.als.core.main.SingleTechnologyStaticAnalyzer: ***************************************************
WARN 2022-09-30 14:29:26,025 - com.als.core.main.SingleTechnologyStaticAnalyzer: ***************************************************
WARN 2022-09-30 14:29:26,025 - com.als.core.main.SingleTechnologyStaticAnalyzer: File: D:\Repos\Brideweave Crypto Repo\Re-Testing\bwbucket-bw-crypto-ios-a9ff865d223d\InvestorAiCrypto\Pods\Charts\Source\Charts\Renderers\PieChartRenderer.swift
WARN 2022-09-30 14:29:26,025 - com.als.core.main.SingleTechnologyStaticAnalyzer: Technology: swift
WARN 2022-09-30 14:29:26,025 - com.als.core.main.SingleTechnologyStaticAnalyzer: Message: Cannot parse D:\Repos\Brideweave Crypto Repo\Re-Testing\bwbucket-bw-crypto-ios-a9ff865d223d\InvestorAiCrypto\Pods\Charts\Source\Charts\Renderers\PieChartRenderer.swift, due to: com.optimyth.qaking.swift.parser.ParseException: Encountered "if pieData ! = nil { accessibleChartElements . removeAll ( ) for set in pieData ! . dataSets as ! [ IPieChartDataSet ] where set . isVisible && set . entryCount > 0 { drawDataSet ( context : context , dataSet : set ) } }" at line 40, column 9.
WARN 2022-09-30 14:29:26,029 - com.als.core.main.SingleTechnologyStaticAnalyzer: Stack:
WARN 2022-09-30 14:29:26,029 - com.als.core.main.SingleTechnologyStaticAnalyzer: com.als.core.parser.ParseException: Cannot parse D:\Repos\Brideweave Crypto Repo\Re-Testing\bwbucket-bw-crypto-ios-a9ff865d223d\InvestorAiCrypto\Pods\Charts\Source\Charts\Renderers\PieChartRenderer.swift, due to: com.optimyth.qaking.swift.parser.ParseException: Encountered "if pieData ! = nil { accessibleChartElements . removeAll ( ) for set in pieData ! . dataSets as ! [ IPieChartDataSet ] where set . isVisible && set . entryCount > 0 { drawDataSet ( context : context , dataSet : set ) } }" at line 40, column 9.
Was expecting one of:
    "}" ...
    "(" ...
    "." ...
    "+" ...
    "-" ...
    <INTEGER_LITERAL> ...
    <FLOATING_POINT_LITERAL> ...
    <OCTAL_LITERAL> ...
...

WARN 2022-09-30 14:29:26,029 - com.als.core.main.SingleTechnologyStaticAnalyzer: Original code: lines 38/42
WARN 2022-09-30 14:29:26,029 - com.als.core.main.SingleTechnologyStaticAnalyzer:         let pieData = chart.data

        if pieData != nil
        {
            // If we redraw the data, remove and repopulate accessible elements to update label values and frames

WARN 2022-09-30 14:29:26,029 - com.als.core.main.SingleTechnologyStaticAnalyzer: ***************************************************
WARN 2022-09-30 14:29:43,893 - com.als.core.main.SingleTechnologyStaticAnalyzer: ***************************************************
WARN 2022-09-30 14:29:43,893 - com.als.core.main.SingleTechnologyStaticAnalyzer: File: D:\Repos\Brideweave Crypto Repo\Re-Testing\bwbucket-bw-crypto-ios-a9ff865d223d\InvestorAiCrypto\Pods\Charts\Source\Charts\Utils\Platform+Accessibility.swift
WARN 2022-09-30 14:29:43,893 - com.als.core.main.SingleTechnologyStaticAnalyzer: Technology: swift
WARN 2022-09-30 14:29:43,894 - com.als.core.main.SingleTechnologyStaticAnalyzer: Message: Cannot parse D:\Repos\Brideweave Crypto Repo\Re-Testing\bwbucket-bw-crypto-ios-a9ff865d223d\InvestorAiCrypto\Pods\Charts\Source\Charts\Utils\Platform+Accessibility.swift, due to: com.optimyth.qaking.swift.parser.ParseException: Encountered "{ didSet { accessibilityTraits = isHeader ? UIAccessibilityTraits . header : UIAccessibilityTraits . none } } final var isSelected : Bool = false { didSet { accessibilityTraits = isSelected ? UIAccessibilityTraits . selected : UIAccessibilityTraits . none } } override public init ( accessibilityContainer container : Any ) { containerView = ( container as ! UIView ) super . init ( accessibilityContainer : container ) } override open var accessibilityFrame : CGRect { get { return super . accessibilityFrame } set { guard let containerView = containerView else { return } super . accessibilityFrame = containerView . convert (" at line 35, column 5.
WARN 2022-09-30 14:29:43,917 - com.als.core.main.SingleTechnologyStaticAnalyzer: Stack:
WARN 2022-09-30 14:29:43,917 - com.als.core.main.SingleTechnologyStaticAnalyzer: com.als.core.parser.ParseException: Cannot parse D:\Repos\Brideweave Crypto Repo\Re-Testing\bwbucket-bw-crypto-ios-a9ff865d223d\InvestorAiCrypto\Pods\Charts\Source\Charts\Utils\Platform+Accessibility.swift, due to: com.optimyth.qaking.swift.parser.ParseException: Encountered "{ didSet { accessibilityTraits = isHeader ? UIAccessibilityTraits . header : UIAccessibilityTraits . none } } final var isSelected : Bool = false { didSet { accessibilityTraits = isSelected ? UIAccessibilityTraits . selected : UIAccessibilityTraits . none } } override public init ( accessibilityContainer container : Any ) { containerView = ( container as ! UIView ) super . init ( accessibilityContainer : container ) } override open var accessibilityFrame : CGRect { get { return super . accessibilityFrame } set { guard let containerView = containerView else { return } super . accessibilityFrame = containerView . convert (" at line 35, column 5.
Was expecting one of:
    "}" ...
    "{" "[" ...
    "{" "(" ...
    "{" "_" ...
    "{" <IDENTIFIER> ...
    "{" "alpha" ...
    "{" "arch" ...
    "{" "arm" ...
...

WARN 2022-09-30 14:29:43,917 - com.als.core.main.SingleTechnologyStaticAnalyzer: Original code: lines 33/37
WARN 2022-09-30 14:29:43,917 - com.als.core.main.SingleTechnologyStaticAnalyzer: 
    final var isHeader: Bool = false
    {
        didSet
        {

WARN 2022-09-30 14:29:43,917 - com.als.core.main.SingleTechnologyStaticAnalyzer: ***************************************************
INFO 2022-09-30 14:29:46,882 - com.optimyth.qaking.codeanalysis.tainting.TaintingAnalyzer: Too complex control flow (ccn=74) in block containing sink, at IQKeyboardManager+Position.swift line 228. Using direct navigation as fallback.
INFO 2022-09-30 14:29:46,884 - com.optimyth.qaking.codeanalysis.tainting.TaintingAnalyzer: Too complex control flow (ccn=74) in block containing sink, at IQKeyboardManager+Position.swift line 251. Using direct navigation as fallback.
INFO 2022-09-30 14:29:46,884 - com.optimyth.qaking.codeanalysis.tainting.TaintingAnalyzer: Too complex control flow (ccn=74) in block containing sink, at IQKeyboardManager+Position.swift line 260. Using direct navigation as fallback.
INFO 2022-09-30 14:29:46,885 - com.optimyth.qaking.codeanalysis.tainting.TaintingAnalyzer: Too complex control flow (ccn=74) in block containing sink, at IQKeyboardManager+Position.swift line 278. Using direct navigation as fallback.
INFO 2022-09-30 14:29:46,886 - com.optimyth.qaking.codeanalysis.tainting.TaintingAnalyzer: Too complex control flow (ccn=74) in block containing sink, at IQKeyboardManager+Position.swift line 287. Using direct navigation as fallback.
INFO 2022-09-30 14:29:46,888 - com.optimyth.qaking.codeanalysis.tainting.TaintingAnalyzer: Too complex control flow (ccn=74) in block containing sink, at IQKeyboardManager+Position.swift line 314. Using direct navigation as fallback.
INFO 2022-09-30 14:29:46,890 - com.optimyth.qaking.codeanalysis.tainting.TaintingAnalyzer: Too complex control flow (ccn=74) in block containing sink, at IQKeyboardManager+Position.swift line 332. Using direct navigation as fallback.
INFO 2022-09-30 14:29:46,891 - com.optimyth.qaking.codeanalysis.tainting.TaintingAnalyzer: Too complex control flow (ccn=74) in block containing sink, at IQKeyboardManager+Position.swift line 440. Using direct navigation as fallback.
INFO 2022-09-30 14:29:46,898 - com.optimyth.qaking.codeanalysis.tainting.TaintingAnalyzer: Too complex control flow (ccn=74) in block containing sink, at IQKeyboardManager+Position.swift line 441. Using direct navigation as fallback.
INFO 2022-09-30 14:29:46,904 - com.optimyth.qaking.codeanalysis.tainting.TaintingAnalyzer: Too complex control flow (ccn=74) in block containing sink, at IQKeyboardManager+Position.swift line 492. Using direct navigation as fallback.
INFO 2022-09-30 14:29:46,911 - com.optimyth.qaking.codeanalysis.tainting.TaintingAnalyzer: Too complex control flow (ccn=74) in block containing sink, at IQKeyboardManager+Position.swift line 564. Using direct navigation as fallback.
INFO 2022-09-30 14:29:46,915 - com.optimyth.qaking.codeanalysis.tainting.TaintingAnalyzer: Too complex control flow (ccn=74) in block containing sink, at IQKeyboardManager+Position.swift line 596. Using direct navigation as fallback.
INFO 2022-09-30 14:29:46,925 - com.optimyth.qaking.codeanalysis.tainting.TaintingAnalyzer: Too complex control flow (ccn=74) in block containing sink, at IQKeyboardManager+Position.swift line 628. Using direct navigation as fallback.
INFO 2022-09-30 14:29:46,935 - com.optimyth.qaking.codeanalysis.tainting.TaintingAnalyzer: Too complex control flow (ccn=74) in block containing sink, at IQKeyboardManager+Position.swift line 637. Using direct navigation as fallback.
INFO 2022-09-30 14:29:47,145 - com.optimyth.qaking.codeanalysis.tainting.TaintingAnalyzer: Too complex control flow (ccn=74) in block containing sink, at IQKeyboardManager+Position.swift line 228. Using direct navigation as fallback.
INFO 2022-09-30 14:29:47,145 - com.optimyth.qaking.codeanalysis.tainting.TaintingAnalyzer: Too complex control flow (ccn=74) in block containing sink, at IQKeyboardManager+Position.swift line 251. Using direct navigation as fallback.
INFO 2022-09-30 14:29:47,146 - com.optimyth.qaking.codeanalysis.tainting.TaintingAnalyzer: Too complex control flow (ccn=74) in block containing sink, at IQKeyboardManager+Position.swift line 260. Using direct navigation as fallback.
INFO 2022-09-30 14:29:47,149 - com.optimyth.qaking.codeanalysis.tainting.TaintingAnalyzer: Too complex control flow (ccn=74) in block containing sink, at IQKeyboardManager+Position.swift line 278. Using direct navigation as fallback.
INFO 2022-09-30 14:29:47,150 - com.optimyth.qaking.codeanalysis.tainting.TaintingAnalyzer: Too complex control flow (ccn=74) in block containing sink, at IQKeyboardManager+Position.swift line 287. Using direct navigation as fallback.
INFO 2022-09-30 14:29:47,151 - com.optimyth.qaking.codeanalysis.tainting.TaintingAnalyzer: Too complex control flow (ccn=74) in block containing sink, at IQKeyboardManager+Position.swift line 314. Using direct navigation as fallback.
INFO 2022-09-30 14:29:47,153 - com.optimyth.qaking.codeanalysis.tainting.TaintingAnalyzer: Too complex control flow (ccn=74) in block containing sink, at IQKeyboardManager+Position.swift line 332. Using direct navigation as fallback.
INFO 2022-09-30 14:29:47,154 - com.optimyth.qaking.codeanalysis.tainting.TaintingAnalyzer: Too complex control flow (ccn=74) in block containing sink, at IQKeyboardManager+Position.swift line 440. Using direct navigation as fallback.
INFO 2022-09-30 14:29:47,162 - com.optimyth.qaking.codeanalysis.tainting.TaintingAnalyzer: Too complex control flow (ccn=74) in block containing sink, at IQKeyboardManager+Position.swift line 441. Using direct navigation as fallback.
INFO 2022-09-30 14:29:47,171 - com.optimyth.qaking.codeanalysis.tainting.TaintingAnalyzer: Too complex control flow (ccn=74) in block containing sink, at IQKeyboardManager+Position.swift line 492. Using direct navigation as fallback.
INFO 2022-09-30 14:29:47,177 - com.optimyth.qaking.codeanalysis.tainting.TaintingAnalyzer: Too complex control flow (ccn=74) in block containing sink, at IQKeyboardManager+Position.swift line 564. Using direct navigation as fallback.
INFO 2022-09-30 14:29:47,185 - com.optimyth.qaking.codeanalysis.tainting.TaintingAnalyzer: Too complex control flow (ccn=74) in block containing sink, at IQKeyboardManager+Position.swift line 596. Using direct navigation as fallback.
INFO 2022-09-30 14:29:47,197 - com.optimyth.qaking.codeanalysis.tainting.TaintingAnalyzer: Too complex control flow (ccn=74) in block containing sink, at IQKeyboardManager+Position.swift line 628. Using direct navigation as fallback.
INFO 2022-09-30 14:29:47,208 - com.optimyth.qaking.codeanalysis.tainting.TaintingAnalyzer: Too complex control flow (ccn=74) in block containing sink, at IQKeyboardManager+Position.swift line 637. Using direct navigation as fallback.
