INFO 2022-07-14 10:48:00,819 - Analysis initialization: FINISHED
INFO 2022-07-14 10:48:00,820 - -----------------------------------------------------
INFO 2022-07-14 10:48:00,820 - Starting analysis for application "Shobha V2_N"
INFO 2022-07-14 10:48:00,820 - -----------------------------------------------------
INFO 2022-07-14 10:48:00,821 - Model retrieval: STARTED
INFO 2022-07-14 10:48:01,688 - Model retrieved from cache
INFO 2022-07-14 10:48:01,689 - Model retrieval: FINISHED
INFO 2022-07-14 10:48:01,689 - Analysis authorization: STARTED
INFO 2022-07-14 10:48:02,456 - Upload analyzed source code forced to "false" - not allowed for user / application
INFO 2022-07-14 10:48:02,457 - Analysis authorization: FINISHED
INFO 2022-07-14 10:48:02,457 - License check: STARTED
INFO 2022-07-14 10:48:04,868 - License check: FINISHED
INFO 2022-07-14 10:48:04,869 - Prepare analysis data: STARTED
INFO 2022-07-14 10:48:04,892 - Prepare analysis data: FINISHED
INFO 2022-07-14 10:48:04,892 - Prepare source code files for upload: STARTED
INFO 2022-07-14 10:48:04,892 - Prepare source code files for upload: FINISHED
WARN 2022-07-14 10:48:06,532 - -----------------------------------------------------
WARN 2022-07-14 10:48:06,532 - Executing rules analysis for technology html
WARN 2022-07-14 10:48:06,532 - -----------------------------------------------------
WARN 2022-07-14 10:48:06,532 - directory: D:\Repos\Shobha\Sobha_KPI
WARN 2022-07-14 10:48:06,533 - bill-of-materials: 
WARN 2022-07-14 10:48:06,533 - bill-of-materials format: 
WARN 2022-07-14 10:48:06,533 - includes: 
WARN 2022-07-14 10:48:06,533 - excludes: **/src/test/**,**/__MACOSX/**,**/*.min.js,**/*.Designer.vb,**/*.designer.vb,**/*Reference.vb,**/*Service.vb,**/*Silverlight.vb,**/*.Designer.cs,**/*.designer.cs,**/*Reference.cs,**/*Service.cs,**/*Silverlight.cs,**/.*,**/Pods/BuildHeaders/**/*.h,**/Pods/Headers/**/*.h,**/node_modules/**,**/bower_components/**,**/target/**,**/bin/**,**/obj/**,**/dist/**,**/lib/**
WARN 2022-07-14 10:48:06,533 - configuration: D:\Software\KiuwanLocalAnalyzer\bin\..\conf\apps\Shobha V2_N.properties
WARN 2022-07-14 10:48:06,533 - VM version: 1.8.0_333
WARN 2022-07-14 10:48:06,644 - VM settings:
WARN 2022-07-14 10:48:06,645 -     Stack Size: 2.00M
WARN 2022-07-14 10:48:06,645 -     Min. Heap Size: 128.00M
WARN 2022-07-14 10:48:06,645 -     Max. Heap Size: 1.00G
WARN 2022-07-14 10:48:06,645 -     Ergonomics Machine Class: client
WARN 2022-07-14 10:48:06,646 -     Using VM: Java HotSpot(TM) 64-Bit Server VM
WARN 2022-07-14 10:48:06,646 - 
INFO 2022-07-14 10:48:14,333 - Moving 1 file to D:\Software\KiuwanLocalAnalyzer\temp\Shobha V2_N.4395685146569823844\results
INFO 2022-07-14 10:48:14,347 - Deleting: D:\Software\KiuwanLocalAnalyzer\temp\Shobha V2_N.4395685146569823844\results\rules_html.key
WARN 2022-07-14 10:48:14,527 - -----------------------------------------------------
WARN 2022-07-14 10:48:14,527 - Executing metrics analysis for technology html
WARN 2022-07-14 10:48:14,527 - -----------------------------------------------------
WARN 2022-07-14 10:48:14,527 - directory: D:\Repos\Shobha\Sobha_KPI
WARN 2022-07-14 10:48:14,527 - bill-of-materials: 
WARN 2022-07-14 10:48:14,528 - bill-of-materials format: 
WARN 2022-07-14 10:48:14,528 - includes: 
WARN 2022-07-14 10:48:14,528 - excludes: **/src/test/**,**/__MACOSX/**,**/*.min.js,**/*.Designer.vb,**/*.designer.vb,**/*Reference.vb,**/*Service.vb,**/*Silverlight.vb,**/*.Designer.cs,**/*.designer.cs,**/*Reference.cs,**/*Service.cs,**/*Silverlight.cs,**/.*,**/Pods/BuildHeaders/**/*.h,**/Pods/Headers/**/*.h,**/node_modules/**,**/bower_components/**,**/target/**,**/bin/**,**/obj/**,**/dist/**,**/lib/**
WARN 2022-07-14 10:48:14,528 - configuration: D:\Software\KiuwanLocalAnalyzer\bin\..\conf\apps\Shobha V2_N.properties
WARN 2022-07-14 10:48:14,528 - VM version: 1.8.0_333
WARN 2022-07-14 10:48:14,620 - VM settings:
WARN 2022-07-14 10:48:14,621 -     Stack Size: 2.00M
WARN 2022-07-14 10:48:14,621 -     Min. Heap Size: 128.00M
WARN 2022-07-14 10:48:14,621 -     Max. Heap Size: 1.00G
WARN 2022-07-14 10:48:14,621 -     Ergonomics Machine Class: client
WARN 2022-07-14 10:48:14,621 -     Using VM: Java HotSpot(TM) 64-Bit Server VM
WARN 2022-07-14 10:48:14,621 - 
INFO 2022-07-14 10:48:21,889 - Moving 1 file to D:\Software\KiuwanLocalAnalyzer\temp\Shobha V2_N.4395685146569823844\results
INFO 2022-07-14 10:48:21,897 - Deleting: D:\Software\KiuwanLocalAnalyzer\temp\Shobha V2_N.4395685146569823844\results\metrics_html.key
WARN 2022-07-14 10:48:22,067 - -----------------------------------------------------
WARN 2022-07-14 10:48:22,067 - Executing rules analysis for technology javascript
WARN 2022-07-14 10:48:22,067 - -----------------------------------------------------
WARN 2022-07-14 10:48:22,068 - directory: D:\Repos\Shobha\Sobha_KPI
WARN 2022-07-14 10:48:22,068 - bill-of-materials: 
WARN 2022-07-14 10:48:22,068 - bill-of-materials format: 
WARN 2022-07-14 10:48:22,068 - includes: 
WARN 2022-07-14 10:48:22,068 - excludes: **/src/test/**,**/__MACOSX/**,**/*.min.js,**/*.Designer.vb,**/*.designer.vb,**/*Reference.vb,**/*Service.vb,**/*Silverlight.vb,**/*.Designer.cs,**/*.designer.cs,**/*Reference.cs,**/*Service.cs,**/*Silverlight.cs,**/.*,**/Pods/BuildHeaders/**/*.h,**/Pods/Headers/**/*.h,**/node_modules/**,**/bower_components/**,**/target/**,**/bin/**,**/obj/**,**/dist/**,**/lib/**
WARN 2022-07-14 10:48:22,068 - configuration: D:\Software\KiuwanLocalAnalyzer\bin\..\conf\apps\Shobha V2_N.properties
WARN 2022-07-14 10:48:22,068 - VM version: 1.8.0_333
WARN 2022-07-14 10:48:22,162 - VM settings:
WARN 2022-07-14 10:48:22,163 -     Stack Size: 2.00M
WARN 2022-07-14 10:48:22,163 -     Min. Heap Size: 128.00M
WARN 2022-07-14 10:48:22,164 -     Max. Heap Size: 1.00G
WARN 2022-07-14 10:48:22,164 -     Ergonomics Machine Class: client
WARN 2022-07-14 10:48:22,164 -     Using VM: Java HotSpot(TM) 64-Bit Server VM
WARN 2022-07-14 10:48:22,164 - 
INFO 2022-07-14 10:48:30,296 - Moving 1 file to D:\Software\KiuwanLocalAnalyzer\temp\Shobha V2_N.4395685146569823844\results
INFO 2022-07-14 10:48:30,303 - Deleting: D:\Software\KiuwanLocalAnalyzer\temp\Shobha V2_N.4395685146569823844\results\rules_javascript.key
WARN 2022-07-14 10:48:30,486 - -----------------------------------------------------
WARN 2022-07-14 10:48:30,486 - Executing metrics analysis for technology javascript
WARN 2022-07-14 10:48:30,486 - -----------------------------------------------------
WARN 2022-07-14 10:48:30,486 - directory: D:\Repos\Shobha\Sobha_KPI
WARN 2022-07-14 10:48:30,486 - bill-of-materials: 
WARN 2022-07-14 10:48:30,486 - bill-of-materials format: 
WARN 2022-07-14 10:48:30,486 - includes: 
WARN 2022-07-14 10:48:30,486 - excludes: **/src/test/**,**/__MACOSX/**,**/*.min.js,**/*.Designer.vb,**/*.designer.vb,**/*Reference.vb,**/*Service.vb,**/*Silverlight.vb,**/*.Designer.cs,**/*.designer.cs,**/*Reference.cs,**/*Service.cs,**/*Silverlight.cs,**/.*,**/Pods/BuildHeaders/**/*.h,**/Pods/Headers/**/*.h,**/node_modules/**,**/bower_components/**,**/target/**,**/bin/**,**/obj/**,**/dist/**,**/lib/**
WARN 2022-07-14 10:48:30,487 - configuration: D:\Software\KiuwanLocalAnalyzer\bin\..\conf\apps\Shobha V2_N.properties
WARN 2022-07-14 10:48:30,487 - VM version: 1.8.0_333
WARN 2022-07-14 10:48:30,579 - VM settings:
WARN 2022-07-14 10:48:30,580 -     Stack Size: 2.00M
WARN 2022-07-14 10:48:30,581 -     Min. Heap Size: 128.00M
WARN 2022-07-14 10:48:30,581 -     Max. Heap Size: 1.00G
WARN 2022-07-14 10:48:30,581 -     Ergonomics Machine Class: client
WARN 2022-07-14 10:48:30,581 -     Using VM: Java HotSpot(TM) 64-Bit Server VM
WARN 2022-07-14 10:48:30,581 - 
INFO 2022-07-14 10:48:38,276 - Moving 1 file to D:\Software\KiuwanLocalAnalyzer\temp\Shobha V2_N.4395685146569823844\results
INFO 2022-07-14 10:48:38,282 - Deleting: D:\Software\KiuwanLocalAnalyzer\temp\Shobha V2_N.4395685146569823844\results\metrics_javascript.key
WARN 2022-07-14 10:48:38,435 - -----------------------------------------------------
WARN 2022-07-14 10:48:38,435 - Executing rules analysis for technology php
WARN 2022-07-14 10:48:38,435 - -----------------------------------------------------
WARN 2022-07-14 10:48:38,435 - directory: D:\Repos\Shobha\Sobha_KPI
WARN 2022-07-14 10:48:38,436 - bill-of-materials: 
WARN 2022-07-14 10:48:38,436 - bill-of-materials format: 
WARN 2022-07-14 10:48:38,436 - includes: 
WARN 2022-07-14 10:48:38,436 - excludes: **/src/test/**,**/__MACOSX/**,**/*.min.js,**/*.Designer.vb,**/*.designer.vb,**/*Reference.vb,**/*Service.vb,**/*Silverlight.vb,**/*.Designer.cs,**/*.designer.cs,**/*Reference.cs,**/*Service.cs,**/*Silverlight.cs,**/.*,**/Pods/BuildHeaders/**/*.h,**/Pods/Headers/**/*.h,**/node_modules/**,**/bower_components/**,**/target/**,**/bin/**,**/obj/**,**/dist/**,**/lib/**
WARN 2022-07-14 10:48:38,436 - configuration: D:\Software\KiuwanLocalAnalyzer\bin\..\conf\apps\Shobha V2_N.properties
WARN 2022-07-14 10:48:38,436 - VM version: 1.8.0_333
WARN 2022-07-14 10:48:38,524 - VM settings:
WARN 2022-07-14 10:48:38,525 -     Stack Size: 2.00M
WARN 2022-07-14 10:48:38,525 -     Min. Heap Size: 128.00M
WARN 2022-07-14 10:48:38,525 -     Max. Heap Size: 1.00G
WARN 2022-07-14 10:48:38,525 -     Ergonomics Machine Class: client
WARN 2022-07-14 10:48:38,525 -     Using VM: Java HotSpot(TM) 64-Bit Server VM
WARN 2022-07-14 10:48:38,525 - 
INFO 2022-07-14 10:50:12,677 - Moving 1 file to D:\Software\KiuwanLocalAnalyzer\temp\Shobha V2_N.4395685146569823844\results
INFO 2022-07-14 10:50:12,685 - Deleting: D:\Software\KiuwanLocalAnalyzer\temp\Shobha V2_N.4395685146569823844\results\rules_php.key
WARN 2022-07-14 10:50:12,868 - -----------------------------------------------------
WARN 2022-07-14 10:50:12,868 - Executing metrics analysis for technology php
WARN 2022-07-14 10:50:12,868 - -----------------------------------------------------
WARN 2022-07-14 10:50:12,868 - directory: D:\Repos\Shobha\Sobha_KPI
WARN 2022-07-14 10:50:12,868 - bill-of-materials: 
WARN 2022-07-14 10:50:12,869 - bill-of-materials format: 
WARN 2022-07-14 10:50:12,869 - includes: 
WARN 2022-07-14 10:50:12,869 - excludes: **/src/test/**,**/__MACOSX/**,**/*.min.js,**/*.Designer.vb,**/*.designer.vb,**/*Reference.vb,**/*Service.vb,**/*Silverlight.vb,**/*.Designer.cs,**/*.designer.cs,**/*Reference.cs,**/*Service.cs,**/*Silverlight.cs,**/.*,**/Pods/BuildHeaders/**/*.h,**/Pods/Headers/**/*.h,**/node_modules/**,**/bower_components/**,**/target/**,**/bin/**,**/obj/**,**/dist/**,**/lib/**
WARN 2022-07-14 10:50:12,869 - configuration: D:\Software\KiuwanLocalAnalyzer\bin\..\conf\apps\Shobha V2_N.properties
WARN 2022-07-14 10:50:12,869 - VM version: 1.8.0_333
WARN 2022-07-14 10:50:12,973 - VM settings:
WARN 2022-07-14 10:50:12,974 -     Stack Size: 2.00M
WARN 2022-07-14 10:50:12,975 -     Min. Heap Size: 128.00M
WARN 2022-07-14 10:50:12,975 -     Max. Heap Size: 1.00G
WARN 2022-07-14 10:50:12,975 -     Ergonomics Machine Class: client
WARN 2022-07-14 10:50:12,975 -     Using VM: Java HotSpot(TM) 64-Bit Server VM
WARN 2022-07-14 10:50:12,975 - 
INFO 2022-07-14 10:50:22,970 - Moving 1 file to D:\Software\KiuwanLocalAnalyzer\temp\Shobha V2_N.4395685146569823844\results
INFO 2022-07-14 10:50:22,976 - Deleting: D:\Software\KiuwanLocalAnalyzer\temp\Shobha V2_N.4395685146569823844\results\metrics_php.key
INFO 2022-07-14 10:50:22,981 - Update global report: STARTED
INFO 2022-07-14 10:50:22,991 - Update global report: FINISHED
INFO 2022-07-14 10:50:22,991 - Upload results to kiuwan: STARTED
INFO 2022-07-14 10:50:25,228 - Upload results to kiuwan: FINISHED
INFO 2022-07-14 10:50:25,228 - Retrieve complete results from kiuwan: STARTED
INFO 2022-07-14 10:50:26,113 - Retrieve complete results from kiuwan: FINISHED
INFO 2022-07-14 10:50:26,113 - Register analysis code in global report: STARTED
INFO 2022-07-14 10:50:26,114 - Register analysis code in global report: FINISHED
INFO 2022-07-14 10:50:26,120 - Analysis finished: A-7e6-181fa7204bb
