INFO 2022-09-30 14:35:44,848 - Analysis initialization: FINISHED
INFO 2022-09-30 14:35:44,848 - -----------------------------------------------------
INFO 2022-09-30 14:35:44,848 - Starting analysis for application "Bridgeweave iOS"
INFO 2022-09-30 14:35:44,848 - -----------------------------------------------------
INFO 2022-09-30 14:35:44,849 - Model retrieval: STARTED
INFO 2022-09-30 14:35:46,350 - Model retrieved from cache
INFO 2022-09-30 14:35:46,350 - Model retrieval: FINISHED
INFO 2022-09-30 14:35:46,350 - Analysis authorization: STARTED
INFO 2022-09-30 14:35:50,515 - Upload analyzed source code forced to "false" - not allowed for user / application
INFO 2022-09-30 14:35:50,515 - Analysis authorization: FINISHED
INFO 2022-09-30 14:35:50,516 - License check: STARTED
INFO 2022-09-30 14:35:50,546 - License check: FINISHED
INFO 2022-09-30 14:35:50,546 - Prepare analysis data: STARTED
INFO 2022-09-30 14:35:50,568 - Prepare analysis data: FINISHED
INFO 2022-09-30 14:35:50,568 - Prepare source code files for upload: STARTED
INFO 2022-09-30 14:35:50,568 - Prepare source code files for upload: FINISHED
WARN 2022-09-30 14:35:50,723 - -----------------------------------------------------
WARN 2022-09-30 14:35:50,725 - Executing rules analysis for technology objectivec
WARN 2022-09-30 14:35:50,725 - -----------------------------------------------------
WARN 2022-09-30 14:35:50,725 - directory: D:\Repos\Brideweave Crypto Repo\Re-Testing\bwbucket-bw-crypto-ios-a9ff865d223d
WARN 2022-09-30 14:35:50,725 - bill-of-materials: 
WARN 2022-09-30 14:35:50,725 - bill-of-materials format: 
WARN 2022-09-30 14:35:50,725 - includes: 
WARN 2022-09-30 14:35:50,725 - excludes: **/src/test/**,**/__MACOSX/**,**/*.min.js,**/*.Designer.vb,**/*.designer.vb,**/*Reference.vb,**/*Service.vb,**/*Silverlight.vb,**/*.Designer.cs,**/*.designer.cs,**/*Reference.cs,**/*Service.cs,**/*Silverlight.cs,**/.*,**/Pods/BuildHeaders/**/*.h,**/Pods/Headers/**/*.h,**/node_modules/**,**/bower_components/**,**/target/**,**/bin/**,**/obj/**,**/dist/**,**/lib/**
WARN 2022-09-30 14:35:50,725 - configuration: D:\Software\KiuwanLocalAnalyzer\bin\..\conf\apps\Bridgeweave iOS.properties
WARN 2022-09-30 14:35:50,725 - VM version: 1.8.0_333
WARN 2022-09-30 14:35:50,828 - VM settings:
WARN 2022-09-30 14:35:50,829 -     Stack Size: 2.00M
WARN 2022-09-30 14:35:50,829 -     Min. Heap Size: 128.00M
WARN 2022-09-30 14:35:50,829 -     Max. Heap Size: 1.00G
WARN 2022-09-30 14:35:50,829 -     Ergonomics Machine Class: client
WARN 2022-09-30 14:35:50,829 -     Using VM: Java HotSpot(TM) 64-Bit Server VM
WARN 2022-09-30 14:35:50,829 - 
INFO 2022-09-30 14:36:44,615 - Moving 1 file to D:\Software\KiuwanLocalAnalyzer\temp\Bridgeweave iOS.2730557804837638567\results
INFO 2022-09-30 14:36:44,623 - Deleting: D:\Software\KiuwanLocalAnalyzer\temp\Bridgeweave iOS.2730557804837638567\results\rules_objectivec.key
WARN 2022-09-30 14:36:44,771 - -----------------------------------------------------
WARN 2022-09-30 14:36:44,771 - Executing metrics analysis for technology objectivec
WARN 2022-09-30 14:36:44,771 - -----------------------------------------------------
WARN 2022-09-30 14:36:44,771 - directory: D:\Repos\Brideweave Crypto Repo\Re-Testing\bwbucket-bw-crypto-ios-a9ff865d223d
WARN 2022-09-30 14:36:44,771 - bill-of-materials: 
WARN 2022-09-30 14:36:44,771 - bill-of-materials format: 
WARN 2022-09-30 14:36:44,771 - includes: 
WARN 2022-09-30 14:36:44,771 - excludes: **/src/test/**,**/__MACOSX/**,**/*.min.js,**/*.Designer.vb,**/*.designer.vb,**/*Reference.vb,**/*Service.vb,**/*Silverlight.vb,**/*.Designer.cs,**/*.designer.cs,**/*Reference.cs,**/*Service.cs,**/*Silverlight.cs,**/.*,**/Pods/BuildHeaders/**/*.h,**/Pods/Headers/**/*.h,**/node_modules/**,**/bower_components/**,**/target/**,**/bin/**,**/obj/**,**/dist/**,**/lib/**
WARN 2022-09-30 14:36:44,771 - configuration: D:\Software\KiuwanLocalAnalyzer\bin\..\conf\apps\Bridgeweave iOS.properties
WARN 2022-09-30 14:36:44,771 - VM version: 1.8.0_333
WARN 2022-09-30 14:36:44,874 - VM settings:
WARN 2022-09-30 14:36:44,875 -     Stack Size: 2.00M
WARN 2022-09-30 14:36:44,876 -     Min. Heap Size: 128.00M
WARN 2022-09-30 14:36:44,876 -     Max. Heap Size: 1.00G
WARN 2022-09-30 14:36:44,876 -     Ergonomics Machine Class: client
WARN 2022-09-30 14:36:44,876 -     Using VM: Java HotSpot(TM) 64-Bit Server VM
WARN 2022-09-30 14:36:44,876 - 
INFO 2022-09-30 14:37:01,339 - Moving 1 file to D:\Software\KiuwanLocalAnalyzer\temp\Bridgeweave iOS.2730557804837638567\results
INFO 2022-09-30 14:37:01,348 - Deleting: D:\Software\KiuwanLocalAnalyzer\temp\Bridgeweave iOS.2730557804837638567\results\metrics_objectivec.key
WARN 2022-09-30 14:37:01,502 - -----------------------------------------------------
WARN 2022-09-30 14:37:01,502 - Executing rules analysis for technology javascript
WARN 2022-09-30 14:37:01,502 - -----------------------------------------------------
WARN 2022-09-30 14:37:01,502 - directory: D:\Repos\Brideweave Crypto Repo\Re-Testing\bwbucket-bw-crypto-ios-a9ff865d223d
WARN 2022-09-30 14:37:01,502 - bill-of-materials: 
WARN 2022-09-30 14:37:01,502 - bill-of-materials format: 
WARN 2022-09-30 14:37:01,502 - includes: 
WARN 2022-09-30 14:37:01,502 - excludes: **/src/test/**,**/__MACOSX/**,**/*.min.js,**/*.Designer.vb,**/*.designer.vb,**/*Reference.vb,**/*Service.vb,**/*Silverlight.vb,**/*.Designer.cs,**/*.designer.cs,**/*Reference.cs,**/*Service.cs,**/*Silverlight.cs,**/.*,**/Pods/BuildHeaders/**/*.h,**/Pods/Headers/**/*.h,**/node_modules/**,**/bower_components/**,**/target/**,**/bin/**,**/obj/**,**/dist/**,**/lib/**
WARN 2022-09-30 14:37:01,502 - configuration: D:\Software\KiuwanLocalAnalyzer\bin\..\conf\apps\Bridgeweave iOS.properties
WARN 2022-09-30 14:37:01,503 - VM version: 1.8.0_333
WARN 2022-09-30 14:37:01,609 - VM settings:
WARN 2022-09-30 14:37:01,610 -     Stack Size: 2.00M
WARN 2022-09-30 14:37:01,610 -     Min. Heap Size: 128.00M
WARN 2022-09-30 14:37:01,610 -     Max. Heap Size: 1.00G
WARN 2022-09-30 14:37:01,610 -     Ergonomics Machine Class: client
WARN 2022-09-30 14:37:01,610 -     Using VM: Java HotSpot(TM) 64-Bit Server VM
WARN 2022-09-30 14:37:01,610 - 
INFO 2022-09-30 14:37:11,438 - Moving 1 file to D:\Software\KiuwanLocalAnalyzer\temp\Bridgeweave iOS.2730557804837638567\results
INFO 2022-09-30 14:37:11,447 - Deleting: D:\Software\KiuwanLocalAnalyzer\temp\Bridgeweave iOS.2730557804837638567\results\rules_javascript.key
WARN 2022-09-30 14:37:11,598 - -----------------------------------------------------
WARN 2022-09-30 14:37:11,599 - Executing metrics analysis for technology javascript
WARN 2022-09-30 14:37:11,599 - -----------------------------------------------------
WARN 2022-09-30 14:37:11,599 - directory: D:\Repos\Brideweave Crypto Repo\Re-Testing\bwbucket-bw-crypto-ios-a9ff865d223d
WARN 2022-09-30 14:37:11,599 - bill-of-materials: 
WARN 2022-09-30 14:37:11,599 - bill-of-materials format: 
WARN 2022-09-30 14:37:11,599 - includes: 
WARN 2022-09-30 14:37:11,599 - excludes: **/src/test/**,**/__MACOSX/**,**/*.min.js,**/*.Designer.vb,**/*.designer.vb,**/*Reference.vb,**/*Service.vb,**/*Silverlight.vb,**/*.Designer.cs,**/*.designer.cs,**/*Reference.cs,**/*Service.cs,**/*Silverlight.cs,**/.*,**/Pods/BuildHeaders/**/*.h,**/Pods/Headers/**/*.h,**/node_modules/**,**/bower_components/**,**/target/**,**/bin/**,**/obj/**,**/dist/**,**/lib/**
WARN 2022-09-30 14:37:11,599 - configuration: D:\Software\KiuwanLocalAnalyzer\bin\..\conf\apps\Bridgeweave iOS.properties
WARN 2022-09-30 14:37:11,599 - VM version: 1.8.0_333
WARN 2022-09-30 14:37:11,690 - VM settings:
WARN 2022-09-30 14:37:11,691 -     Stack Size: 2.00M
WARN 2022-09-30 14:37:11,691 -     Min. Heap Size: 128.00M
WARN 2022-09-30 14:37:11,691 -     Max. Heap Size: 1.00G
WARN 2022-09-30 14:37:11,691 -     Ergonomics Machine Class: client
WARN 2022-09-30 14:37:11,692 -     Using VM: Java HotSpot(TM) 64-Bit Server VM
WARN 2022-09-30 14:37:11,692 - 
INFO 2022-09-30 14:37:21,022 - Moving 1 file to D:\Software\KiuwanLocalAnalyzer\temp\Bridgeweave iOS.2730557804837638567\results
INFO 2022-09-30 14:37:21,028 - Deleting: D:\Software\KiuwanLocalAnalyzer\temp\Bridgeweave iOS.2730557804837638567\results\metrics_javascript.key
WARN 2022-09-30 14:37:21,187 - -----------------------------------------------------
WARN 2022-09-30 14:37:21,187 - Executing rules analysis for technology swift
WARN 2022-09-30 14:37:21,187 - -----------------------------------------------------
WARN 2022-09-30 14:37:21,187 - directory: D:\Repos\Brideweave Crypto Repo\Re-Testing\bwbucket-bw-crypto-ios-a9ff865d223d
WARN 2022-09-30 14:37:21,187 - bill-of-materials: 
WARN 2022-09-30 14:37:21,187 - bill-of-materials format: 
WARN 2022-09-30 14:37:21,187 - includes: 
WARN 2022-09-30 14:37:21,187 - excludes: **/src/test/**,**/__MACOSX/**,**/*.min.js,**/*.Designer.vb,**/*.designer.vb,**/*Reference.vb,**/*Service.vb,**/*Silverlight.vb,**/*.Designer.cs,**/*.designer.cs,**/*Reference.cs,**/*Service.cs,**/*Silverlight.cs,**/.*,**/Pods/BuildHeaders/**/*.h,**/Pods/Headers/**/*.h,**/node_modules/**,**/bower_components/**,**/target/**,**/bin/**,**/obj/**,**/dist/**,**/lib/**
WARN 2022-09-30 14:37:21,187 - configuration: D:\Software\KiuwanLocalAnalyzer\bin\..\conf\apps\Bridgeweave iOS.properties
WARN 2022-09-30 14:37:21,187 - VM version: 1.8.0_333
WARN 2022-09-30 14:37:21,285 - VM settings:
WARN 2022-09-30 14:37:21,287 -     Stack Size: 2.00M
WARN 2022-09-30 14:37:21,287 -     Min. Heap Size: 128.00M
WARN 2022-09-30 14:37:21,287 -     Max. Heap Size: 1.00G
WARN 2022-09-30 14:37:21,287 -     Ergonomics Machine Class: client
WARN 2022-09-30 14:37:21,287 -     Using VM: Java HotSpot(TM) 64-Bit Server VM
WARN 2022-09-30 14:37:21,287 - 
INFO 2022-09-30 14:40:43,157 - Moving 1 file to D:\Software\KiuwanLocalAnalyzer\temp\Bridgeweave iOS.2730557804837638567\results
INFO 2022-09-30 14:40:43,164 - Deleting: D:\Software\KiuwanLocalAnalyzer\temp\Bridgeweave iOS.2730557804837638567\results\rules_swift.key
WARN 2022-09-30 14:40:43,325 - -----------------------------------------------------
WARN 2022-09-30 14:40:43,325 - Executing metrics analysis for technology swift
WARN 2022-09-30 14:40:43,325 - -----------------------------------------------------
WARN 2022-09-30 14:40:43,325 - directory: D:\Repos\Brideweave Crypto Repo\Re-Testing\bwbucket-bw-crypto-ios-a9ff865d223d
WARN 2022-09-30 14:40:43,325 - bill-of-materials: 
WARN 2022-09-30 14:40:43,325 - bill-of-materials format: 
WARN 2022-09-30 14:40:43,325 - includes: 
WARN 2022-09-30 14:40:43,325 - excludes: **/src/test/**,**/__MACOSX/**,**/*.min.js,**/*.Designer.vb,**/*.designer.vb,**/*Reference.vb,**/*Service.vb,**/*Silverlight.vb,**/*.Designer.cs,**/*.designer.cs,**/*Reference.cs,**/*Service.cs,**/*Silverlight.cs,**/.*,**/Pods/BuildHeaders/**/*.h,**/Pods/Headers/**/*.h,**/node_modules/**,**/bower_components/**,**/target/**,**/bin/**,**/obj/**,**/dist/**,**/lib/**
WARN 2022-09-30 14:40:43,326 - configuration: D:\Software\KiuwanLocalAnalyzer\bin\..\conf\apps\Bridgeweave iOS.properties
WARN 2022-09-30 14:40:43,326 - VM version: 1.8.0_333
WARN 2022-09-30 14:40:43,429 - VM settings:
WARN 2022-09-30 14:40:43,431 -     Stack Size: 2.00M
WARN 2022-09-30 14:40:43,431 -     Min. Heap Size: 128.00M
WARN 2022-09-30 14:40:43,431 -     Max. Heap Size: 1.00G
WARN 2022-09-30 14:40:43,431 -     Ergonomics Machine Class: client
WARN 2022-09-30 14:40:43,431 -     Using VM: Java HotSpot(TM) 64-Bit Server VM
WARN 2022-09-30 14:40:43,431 - 
INFO 2022-09-30 14:41:04,223 - Moving 1 file to D:\Software\KiuwanLocalAnalyzer\temp\Bridgeweave iOS.2730557804837638567\results
INFO 2022-09-30 14:41:04,229 - Deleting: D:\Software\KiuwanLocalAnalyzer\temp\Bridgeweave iOS.2730557804837638567\results\metrics_swift.key
INFO 2022-09-30 14:41:04,234 - Update global report: STARTED
INFO 2022-09-30 14:41:04,241 - Update global report: FINISHED
INFO 2022-09-30 14:41:04,241 - Upload results to kiuwan: STARTED
INFO 2022-09-30 14:41:07,976 - Upload results to kiuwan: FINISHED
INFO 2022-09-30 14:41:07,976 - Retrieve complete results from kiuwan: STARTED
INFO 2022-09-30 14:41:08,811 - Retrieve complete results from kiuwan: FINISHED
INFO 2022-09-30 14:41:08,812 - Register analysis code in global report: STARTED
INFO 2022-09-30 14:41:08,813 - Register analysis code in global report: FINISHED
INFO 2022-09-30 14:41:08,817 - Analysis finished: A-7e6-1838da3c825
