INFO 2022-09-30 14:40:46,190 - com.optimyth.qaking.codeanalysis.metadata.model.LibrariesResolver: Metadata libraries FACTORY directory added = D:\Software\KiuwanLocalAnalyzer\libraries
INFO 2022-09-30 14:40:46,190 - com.optimyth.qaking.codeanalysis.metadata.model.LibrariesResolver: Metadata libraries resolver found 1 directories to inspect: [D:\Software\KiuwanLocalAnalyzer\libraries]
WARN 2022-09-30 14:40:50,716 - com.als.core.main.SingleTechnologyStaticAnalyzer: ***************************************************
WARN 2022-09-30 14:40:50,716 - com.als.core.main.SingleTechnologyStaticAnalyzer: File: D:\Repos\Brideweave Crypto Repo\Re-Testing\bwbucket-bw-crypto-ios-a9ff865d223d\InvestorAiCrypto\InvestorAiCrypto\Managers\Network\ICNetworkService.swift
WARN 2022-09-30 14:40:50,722 - com.als.core.main.SingleTechnologyStaticAnalyzer: Technology: swift
WARN 2022-09-30 14:40:50,722 - com.als.core.main.SingleTechnologyStaticAnalyzer: Message: Cannot parse D:\Repos\Brideweave Crypto Repo\Re-Testing\bwbucket-bw-crypto-ios-a9ff865d223d\InvestorAiCrypto\InvestorAiCrypto\Managers\Network\ICNetworkService.swift, due to: com.optimyth.qaking.swift.parser.ParseException: Encountered "public final class DefaultNetworkErrorLogger : NetworkErrorLogger { public init ( ) { } public func log ( request : URLRequest ) { printIfDebug ( \"-------------\" ) printIfDebug ( \"request: \\(request.url!)\" ) printIfDebug ( \"headers: \\(request.allHTTPHeaderFields!)\" ) printIfDebug ( \"method: \\(request.httpMethod!)\" ) if let httpBody = request . httpBody , let result = ( ( try ? JSONSerialization . jsonObject ( with : httpBody , options : [ ] ) as ? [ String : AnyObject ] ) as [ String : AnyObject ] ? ? )" at line 139, column 1.
WARN 2022-09-30 14:40:50,736 - com.als.core.main.SingleTechnologyStaticAnalyzer: Stack:
WARN 2022-09-30 14:40:50,737 - com.als.core.main.SingleTechnologyStaticAnalyzer: com.als.core.parser.ParseException: Cannot parse D:\Repos\Brideweave Crypto Repo\Re-Testing\bwbucket-bw-crypto-ios-a9ff865d223d\InvestorAiCrypto\InvestorAiCrypto\Managers\Network\ICNetworkService.swift, due to: com.optimyth.qaking.swift.parser.ParseException: Encountered "public final class DefaultNetworkErrorLogger : NetworkErrorLogger { public init ( ) { } public func log ( request : URLRequest ) { printIfDebug ( \"-------------\" ) printIfDebug ( \"request: \\(request.url!)\" ) printIfDebug ( \"headers: \\(request.allHTTPHeaderFields!)\" ) printIfDebug ( \"method: \\(request.httpMethod!)\" ) if let httpBody = request . httpBody , let result = ( ( try ? JSONSerialization . jsonObject ( with : httpBody , options : [ ] ) as ? [ String : AnyObject ] ) as [ String : AnyObject ] ? ? )" at line 139, column 1.
Was expecting one of:
    <EOF> 
    <IDENTIFIER> ...
    "alpha" ...
    "arch" ...
    "arm" ...
    "as" ...
    "associatedtype" ...
    "associativity" ...
...

WARN 2022-09-30 14:40:50,737 - com.als.core.main.SingleTechnologyStaticAnalyzer: Original code: lines 137/141
WARN 2022-09-30 14:40:50,737 - com.als.core.main.SingleTechnologyStaticAnalyzer: // MARK: - Logger

public final class DefaultNetworkErrorLogger: NetworkErrorLogger {
    public init() { }


WARN 2022-09-30 14:40:50,737 - com.als.core.main.SingleTechnologyStaticAnalyzer: ***************************************************
WARN 2022-09-30 14:40:55,154 - com.als.core.main.SingleTechnologyStaticAnalyzer: ***************************************************
WARN 2022-09-30 14:40:55,154 - com.als.core.main.SingleTechnologyStaticAnalyzer: File: D:\Repos\Brideweave Crypto Repo\Re-Testing\bwbucket-bw-crypto-ios-a9ff865d223d\InvestorAiCrypto\Pods\Charts\Source\Charts\Charts\ChartViewBase.swift
WARN 2022-09-30 14:40:55,154 - com.als.core.main.SingleTechnologyStaticAnalyzer: Technology: swift
WARN 2022-09-30 14:40:55,154 - com.als.core.main.SingleTechnologyStaticAnalyzer: Message: Cannot parse D:\Repos\Brideweave Crypto Repo\Re-Testing\bwbucket-bw-crypto-ios-a9ff865d223d\InvestorAiCrypto\Pods\Charts\Source\Charts\Charts\ChartViewBase.swift, due to: com.optimyth.qaking.swift.parser.ParseException: Encountered "if _defaultValueFormatter is DefaultValueFormatter { let digits = reference . decimalPlaces ( _defaultValueFormatter as ? DefaultValueFormatter ) ? . decimals = digits" at line 306, column 9.
WARN 2022-09-30 14:40:55,156 - com.als.core.main.SingleTechnologyStaticAnalyzer: Stack:
WARN 2022-09-30 14:40:55,156 - com.als.core.main.SingleTechnologyStaticAnalyzer: com.als.core.parser.ParseException: Cannot parse D:\Repos\Brideweave Crypto Repo\Re-Testing\bwbucket-bw-crypto-ios-a9ff865d223d\InvestorAiCrypto\Pods\Charts\Source\Charts\Charts\ChartViewBase.swift, due to: com.optimyth.qaking.swift.parser.ParseException: Encountered "if _defaultValueFormatter is DefaultValueFormatter { let digits = reference . decimalPlaces ( _defaultValueFormatter as ? DefaultValueFormatter ) ? . decimals = digits" at line 306, column 9.
Was expecting one of:
    "}" ...
    <IDENTIFIER> ...
    "alpha" ...
    "arch" ...
    "arm" ...
    "as" ...
    "associatedtype" ...
    "associativity" ...
...

WARN 2022-09-30 14:40:55,156 - com.als.core.main.SingleTechnologyStaticAnalyzer: Original code: lines 304/308
WARN 2022-09-30 14:40:55,156 - com.als.core.main.SingleTechnologyStaticAnalyzer:         
    
        if _defaultValueFormatter is DefaultValueFormatter
        {
            // setup the formatter with a new number of digits

WARN 2022-09-30 14:40:55,156 - com.als.core.main.SingleTechnologyStaticAnalyzer: ***************************************************
WARN 2022-09-30 14:40:56,280 - com.als.core.main.SingleTechnologyStaticAnalyzer: ***************************************************
WARN 2022-09-30 14:40:56,280 - com.als.core.main.SingleTechnologyStaticAnalyzer: File: D:\Repos\Brideweave Crypto Repo\Re-Testing\bwbucket-bw-crypto-ios-a9ff865d223d\InvestorAiCrypto\Pods\Charts\Source\Charts\Renderers\PieChartRenderer.swift
WARN 2022-09-30 14:40:56,280 - com.als.core.main.SingleTechnologyStaticAnalyzer: Technology: swift
WARN 2022-09-30 14:40:56,280 - com.als.core.main.SingleTechnologyStaticAnalyzer: Message: Cannot parse D:\Repos\Brideweave Crypto Repo\Re-Testing\bwbucket-bw-crypto-ios-a9ff865d223d\InvestorAiCrypto\Pods\Charts\Source\Charts\Renderers\PieChartRenderer.swift, due to: com.optimyth.qaking.swift.parser.ParseException: Encountered "if pieData ! = nil { accessibleChartElements . removeAll ( ) for set in pieData ! . dataSets as ! [ IPieChartDataSet ] where set . isVisible && set . entryCount > 0 { drawDataSet ( context : context , dataSet : set ) } }" at line 40, column 9.
WARN 2022-09-30 14:40:56,285 - com.als.core.main.SingleTechnologyStaticAnalyzer: Stack:
WARN 2022-09-30 14:40:56,285 - com.als.core.main.SingleTechnologyStaticAnalyzer: com.als.core.parser.ParseException: Cannot parse D:\Repos\Brideweave Crypto Repo\Re-Testing\bwbucket-bw-crypto-ios-a9ff865d223d\InvestorAiCrypto\Pods\Charts\Source\Charts\Renderers\PieChartRenderer.swift, due to: com.optimyth.qaking.swift.parser.ParseException: Encountered "if pieData ! = nil { accessibleChartElements . removeAll ( ) for set in pieData ! . dataSets as ! [ IPieChartDataSet ] where set . isVisible && set . entryCount > 0 { drawDataSet ( context : context , dataSet : set ) } }" at line 40, column 9.
Was expecting one of:
    "}" ...
    "(" ...
    "." ...
    "+" ...
    "-" ...
    <INTEGER_LITERAL> ...
    <FLOATING_POINT_LITERAL> ...
    <OCTAL_LITERAL> ...
...

WARN 2022-09-30 14:40:56,285 - com.als.core.main.SingleTechnologyStaticAnalyzer: Original code: lines 38/42
WARN 2022-09-30 14:40:56,286 - com.als.core.main.SingleTechnologyStaticAnalyzer:         let pieData = chart.data

        if pieData != nil
        {
            // If we redraw the data, remove and repopulate accessible elements to update label values and frames

WARN 2022-09-30 14:40:56,286 - com.als.core.main.SingleTechnologyStaticAnalyzer: ***************************************************
WARN 2022-09-30 14:40:57,076 - com.als.core.main.SingleTechnologyStaticAnalyzer: ***************************************************
WARN 2022-09-30 14:40:57,076 - com.als.core.main.SingleTechnologyStaticAnalyzer: File: D:\Repos\Brideweave Crypto Repo\Re-Testing\bwbucket-bw-crypto-ios-a9ff865d223d\InvestorAiCrypto\Pods\Charts\Source\Charts\Utils\Platform+Accessibility.swift
WARN 2022-09-30 14:40:57,076 - com.als.core.main.SingleTechnologyStaticAnalyzer: Technology: swift
WARN 2022-09-30 14:40:57,076 - com.als.core.main.SingleTechnologyStaticAnalyzer: Message: Cannot parse D:\Repos\Brideweave Crypto Repo\Re-Testing\bwbucket-bw-crypto-ios-a9ff865d223d\InvestorAiCrypto\Pods\Charts\Source\Charts\Utils\Platform+Accessibility.swift, due to: com.optimyth.qaking.swift.parser.ParseException: Encountered "{ didSet { accessibilityTraits = isHeader ? UIAccessibilityTraits . header : UIAccessibilityTraits . none } } final var isSelected : Bool = false { didSet { accessibilityTraits = isSelected ? UIAccessibilityTraits . selected : UIAccessibilityTraits . none } } override public init ( accessibilityContainer container : Any ) { containerView = ( container as ! UIView ) super . init ( accessibilityContainer : container ) } override open var accessibilityFrame : CGRect { get { return super . accessibilityFrame } set { guard let containerView = containerView else { return } super . accessibilityFrame = containerView . convert (" at line 35, column 5.
WARN 2022-09-30 14:40:57,093 - com.als.core.main.SingleTechnologyStaticAnalyzer: Stack:
WARN 2022-09-30 14:40:57,093 - com.als.core.main.SingleTechnologyStaticAnalyzer: com.als.core.parser.ParseException: Cannot parse D:\Repos\Brideweave Crypto Repo\Re-Testing\bwbucket-bw-crypto-ios-a9ff865d223d\InvestorAiCrypto\Pods\Charts\Source\Charts\Utils\Platform+Accessibility.swift, due to: com.optimyth.qaking.swift.parser.ParseException: Encountered "{ didSet { accessibilityTraits = isHeader ? UIAccessibilityTraits . header : UIAccessibilityTraits . none } } final var isSelected : Bool = false { didSet { accessibilityTraits = isSelected ? UIAccessibilityTraits . selected : UIAccessibilityTraits . none } } override public init ( accessibilityContainer container : Any ) { containerView = ( container as ! UIView ) super . init ( accessibilityContainer : container ) } override open var accessibilityFrame : CGRect { get { return super . accessibilityFrame } set { guard let containerView = containerView else { return } super . accessibilityFrame = containerView . convert (" at line 35, column 5.
Was expecting one of:
    "}" ...
    "{" "[" ...
    "{" "(" ...
    "{" "_" ...
    "{" <IDENTIFIER> ...
    "{" "alpha" ...
    "{" "arch" ...
    "{" "arm" ...
...

WARN 2022-09-30 14:40:57,093 - com.als.core.main.SingleTechnologyStaticAnalyzer: Original code: lines 33/37
WARN 2022-09-30 14:40:57,093 - com.als.core.main.SingleTechnologyStaticAnalyzer: 
    final var isHeader: Bool = false
    {
        didSet
        {

WARN 2022-09-30 14:40:57,094 - com.als.core.main.SingleTechnologyStaticAnalyzer: ***************************************************
