INFO 2022-09-30 14:37:24,177 - com.optimyth.qaking.codeanalysis.metadata.model.LibrariesResolver: Metadata libraries FACTORY directory added = D:\Software\KiuwanLocalAnalyzer\libraries
INFO 2022-09-30 14:37:24,178 - com.optimyth.qaking.codeanalysis.metadata.model.LibrariesResolver: Metadata libraries resolver found 1 directories to inspect: [D:\Software\KiuwanLocalAnalyzer\libraries]
INFO 2022-09-30 14:38:12,934 - com.optimyth.qaking.codeanalysis.tainting.TaintingAnalyzer: Too complex control flow (ccn=74) in block containing sink, at IQKeyboardManager+Position.swift line 228. Using direct navigation as fallback.
INFO 2022-09-30 14:38:12,943 - com.optimyth.qaking.codeanalysis.tainting.TaintingAnalyzer: Too complex control flow (ccn=74) in block containing sink, at IQKeyboardManager+Position.swift line 228. Using direct navigation as fallback.
INFO 2022-09-30 14:38:12,945 - com.optimyth.qaking.codeanalysis.tainting.TaintingAnalyzer: Too complex control flow (ccn=74) in block containing sink, at IQKeyboardManager+Position.swift line 251. Using direct navigation as fallback.
INFO 2022-09-30 14:38:12,947 - com.optimyth.qaking.codeanalysis.tainting.TaintingAnalyzer: Too complex control flow (ccn=74) in block containing sink, at IQKeyboardManager+Position.swift line 251. Using direct navigation as fallback.
INFO 2022-09-30 14:38:12,947 - com.optimyth.qaking.codeanalysis.tainting.TaintingAnalyzer: Too complex control flow (ccn=74) in block containing sink, at IQKeyboardManager+Position.swift line 260. Using direct navigation as fallback.
INFO 2022-09-30 14:38:12,949 - com.optimyth.qaking.codeanalysis.tainting.TaintingAnalyzer: Too complex control flow (ccn=74) in block containing sink, at IQKeyboardManager+Position.swift line 260. Using direct navigation as fallback.
INFO 2022-09-30 14:38:12,951 - com.optimyth.qaking.codeanalysis.tainting.TaintingAnalyzer: Too complex control flow (ccn=74) in block containing sink, at IQKeyboardManager+Position.swift line 278. Using direct navigation as fallback.
INFO 2022-09-30 14:38:12,953 - com.optimyth.qaking.codeanalysis.tainting.TaintingAnalyzer: Too complex control flow (ccn=74) in block containing sink, at IQKeyboardManager+Position.swift line 278. Using direct navigation as fallback.
INFO 2022-09-30 14:38:12,954 - com.optimyth.qaking.codeanalysis.tainting.TaintingAnalyzer: Too complex control flow (ccn=74) in block containing sink, at IQKeyboardManager+Position.swift line 287. Using direct navigation as fallback.
INFO 2022-09-30 14:38:12,958 - com.optimyth.qaking.codeanalysis.tainting.TaintingAnalyzer: Too complex control flow (ccn=74) in block containing sink, at IQKeyboardManager+Position.swift line 287. Using direct navigation as fallback.
INFO 2022-09-30 14:38:12,960 - com.optimyth.qaking.codeanalysis.tainting.TaintingAnalyzer: Too complex control flow (ccn=74) in block containing sink, at IQKeyboardManager+Position.swift line 314. Using direct navigation as fallback.
INFO 2022-09-30 14:38:12,962 - com.optimyth.qaking.codeanalysis.tainting.TaintingAnalyzer: Too complex control flow (ccn=74) in block containing sink, at IQKeyboardManager+Position.swift line 314. Using direct navigation as fallback.
INFO 2022-09-30 14:38:12,964 - com.optimyth.qaking.codeanalysis.tainting.TaintingAnalyzer: Too complex control flow (ccn=74) in block containing sink, at IQKeyboardManager+Position.swift line 332. Using direct navigation as fallback.
INFO 2022-09-30 14:38:12,965 - com.optimyth.qaking.codeanalysis.tainting.TaintingAnalyzer: Too complex control flow (ccn=74) in block containing sink, at IQKeyboardManager+Position.swift line 332. Using direct navigation as fallback.
INFO 2022-09-30 14:38:12,967 - com.optimyth.qaking.codeanalysis.tainting.TaintingAnalyzer: Too complex control flow (ccn=74) in block containing sink, at IQKeyboardManager+Position.swift line 440. Using direct navigation as fallback.
INFO 2022-09-30 14:38:12,976 - com.optimyth.qaking.codeanalysis.tainting.TaintingAnalyzer: Too complex control flow (ccn=74) in block containing sink, at IQKeyboardManager+Position.swift line 440. Using direct navigation as fallback.
INFO 2022-09-30 14:38:12,985 - com.optimyth.qaking.codeanalysis.tainting.TaintingAnalyzer: Too complex control flow (ccn=74) in block containing sink, at IQKeyboardManager+Position.swift line 441. Using direct navigation as fallback.
INFO 2022-09-30 14:38:12,994 - com.optimyth.qaking.codeanalysis.tainting.TaintingAnalyzer: Too complex control flow (ccn=74) in block containing sink, at IQKeyboardManager+Position.swift line 441. Using direct navigation as fallback.
INFO 2022-09-30 14:38:13,002 - com.optimyth.qaking.codeanalysis.tainting.TaintingAnalyzer: Too complex control flow (ccn=74) in block containing sink, at IQKeyboardManager+Position.swift line 492. Using direct navigation as fallback.
INFO 2022-09-30 14:38:13,011 - com.optimyth.qaking.codeanalysis.tainting.TaintingAnalyzer: Too complex control flow (ccn=74) in block containing sink, at IQKeyboardManager+Position.swift line 492. Using direct navigation as fallback.
INFO 2022-09-30 14:38:13,019 - com.optimyth.qaking.codeanalysis.tainting.TaintingAnalyzer: Too complex control flow (ccn=74) in block containing sink, at IQKeyboardManager+Position.swift line 564. Using direct navigation as fallback.
INFO 2022-09-30 14:38:13,025 - com.optimyth.qaking.codeanalysis.tainting.TaintingAnalyzer: Too complex control flow (ccn=74) in block containing sink, at IQKeyboardManager+Position.swift line 564. Using direct navigation as fallback.
INFO 2022-09-30 14:38:13,034 - com.optimyth.qaking.codeanalysis.tainting.TaintingAnalyzer: Too complex control flow (ccn=74) in block containing sink, at IQKeyboardManager+Position.swift line 596. Using direct navigation as fallback.
INFO 2022-09-30 14:38:13,047 - com.optimyth.qaking.codeanalysis.tainting.TaintingAnalyzer: Too complex control flow (ccn=74) in block containing sink, at IQKeyboardManager+Position.swift line 596. Using direct navigation as fallback.
INFO 2022-09-30 14:38:13,060 - com.optimyth.qaking.codeanalysis.tainting.TaintingAnalyzer: Too complex control flow (ccn=74) in block containing sink, at IQKeyboardManager+Position.swift line 628. Using direct navigation as fallback.
INFO 2022-09-30 14:38:13,073 - com.optimyth.qaking.codeanalysis.tainting.TaintingAnalyzer: Too complex control flow (ccn=74) in block containing sink, at IQKeyboardManager+Position.swift line 628. Using direct navigation as fallback.
INFO 2022-09-30 14:38:13,085 - com.optimyth.qaking.codeanalysis.tainting.TaintingAnalyzer: Too complex control flow (ccn=74) in block containing sink, at IQKeyboardManager+Position.swift line 637. Using direct navigation as fallback.
INFO 2022-09-30 14:38:13,095 - com.optimyth.qaking.codeanalysis.tainting.TaintingAnalyzer: Too complex control flow (ccn=74) in block containing sink, at IQKeyboardManager+Position.swift line 637. Using direct navigation as fallback.
INFO 2022-09-30 14:38:24,436 - com.optimyth.qaking.codeanalysis.redos.RegexNfaAnalyzer$AnalysisRunner: Error analyzing regular expression: ((?<=(v|V)/)|(?<=be/)|(?<=(\\?|\\&)v=)|(?<=embed/))([\\w-]++)
java.lang.UnsupportedOperationException: Positive Look behind symbols not supported
	at regexcompiler.ParseTreeToNFAConverter.dfsBuild(ParseTreeToNFAConverter.java:186)
	at regexcompiler.ParseTreeToNFAConverter.dfsBuild(ParseTreeToNFAConverter.java:105)
	at regexcompiler.ParseTreeToNFAConverter.dfsBuild(ParseTreeToNFAConverter.java:105)
	at regexcompiler.ParseTreeToNFAConverter.dfsBuild(ParseTreeToNFAConverter.java:105)
	at regexcompiler.ParseTreeToNFAConverter.dfsBuild(ParseTreeToNFAConverter.java:140)
	at regexcompiler.ParseTreeToNFAConverter.dfsBuild(ParseTreeToNFAConverter.java:113)
	at regexcompiler.ParseTreeToNFAConverter.convertParseTree(ParseTreeToNFAConverter.java:58)
	at regexcompiler.MyPattern.toNFAGraph(MyPattern.java:99)
	at com.optimyth.qaking.codeanalysis.redos.RegexNfaAnalyzer$AnalysisRunner.run(RegexNfaAnalyzer.java:225)
	at java.util.concurrent.Executors$RunnableAdapter.call(Unknown Source)
	at java.util.concurrent.FutureTask.run(Unknown Source)
	at java.util.concurrent.ThreadPoolExecutor.runWorker(Unknown Source)
	at java.util.concurrent.ThreadPoolExecutor$Worker.run(Unknown Source)
	at java.lang.Thread.run(Unknown Source)
ERROR 2022-09-30 14:38:30,614 - com.als.core.RuleSet: ***************************************************
ERROR 2022-09-30 14:38:30,614 - com.als.core.RuleSet: File: D:\Repos\Brideweave Crypto Repo\Re-Testing\bwbucket-bw-crypto-ios-a9ff865d223d\InvestorAiCrypto\InvestorAiCrypto\Helpers\ICConstants.swift
ERROR 2022-09-30 14:38:30,615 - com.als.core.RuleSet: Rule: OPT.SWIFT.SECURITY.InsecureTransport
ERROR 2022-09-30 14:38:30,615 - com.als.core.RuleSet: Message: The node must be non-null
ERROR 2022-09-30 14:38:30,616 - com.als.core.RuleSet: Stack:
ERROR 2022-09-30 14:38:30,616 - com.als.core.RuleSet: java.lang.NullPointerException: The node must be non-null
	at com.google.common.base.Preconditions.checkNotNull(Preconditions.java:895)
	at com.optimyth.qaking.codeanalysis.tainting.site.TaintItem.<init>(TaintItem.java:36)
	at com.optimyth.qaking.codeanalysis.tainting.site.Source.<init>(Source.java:21)
	at com.optimyth.qaking.swift.rules.security.InsecureTransport.k26(InsecureTransport.java:253)
	at com.optimyth.qaking.swift.rules.security.InsecureTransport.E(InsecureTransport.java:173)
	at com.als.core.ast.GuardedVisitor.visit(GuardedVisitor.java:47)
	at com.als.core.ast.BaseNode.accept(BaseNode.java:137)
	at com.als.core.ast.BaseNode.accept(BaseNode.java:140)
	at com.als.core.ast.BaseNode.accept(BaseNode.java:140)
...

ERROR 2022-09-30 14:38:30,616 - com.als.core.RuleSet: ***************************************************
WARN 2022-09-30 14:38:36,378 - com.als.core.main.SingleTechnologyStaticAnalyzer: ***************************************************
WARN 2022-09-30 14:38:36,378 - com.als.core.main.SingleTechnologyStaticAnalyzer: File: D:\Repos\Brideweave Crypto Repo\Re-Testing\bwbucket-bw-crypto-ios-a9ff865d223d\InvestorAiCrypto\InvestorAiCrypto\Managers\Network\ICNetworkService.swift
WARN 2022-09-30 14:38:36,378 - com.als.core.main.SingleTechnologyStaticAnalyzer: Technology: swift
WARN 2022-09-30 14:38:36,378 - com.als.core.main.SingleTechnologyStaticAnalyzer: Message: Cannot parse D:\Repos\Brideweave Crypto Repo\Re-Testing\bwbucket-bw-crypto-ios-a9ff865d223d\InvestorAiCrypto\InvestorAiCrypto\Managers\Network\ICNetworkService.swift, due to: com.optimyth.qaking.swift.parser.ParseException: Encountered "public final class DefaultNetworkErrorLogger : NetworkErrorLogger { public init ( ) { } public func log ( request : URLRequest ) { printIfDebug ( \"-------------\" ) printIfDebug ( \"request: \\(request.url!)\" ) printIfDebug ( \"headers: \\(request.allHTTPHeaderFields!)\" ) printIfDebug ( \"method: \\(request.httpMethod!)\" ) if let httpBody = request . httpBody , let result = ( ( try ? JSONSerialization . jsonObject ( with : httpBody , options : [ ] ) as ? [ String : AnyObject ] ) as [ String : AnyObject ] ? ? )" at line 139, column 1.
WARN 2022-09-30 14:38:36,391 - com.als.core.main.SingleTechnologyStaticAnalyzer: Stack:
WARN 2022-09-30 14:38:36,391 - com.als.core.main.SingleTechnologyStaticAnalyzer: com.als.core.parser.ParseException: Cannot parse D:\Repos\Brideweave Crypto Repo\Re-Testing\bwbucket-bw-crypto-ios-a9ff865d223d\InvestorAiCrypto\InvestorAiCrypto\Managers\Network\ICNetworkService.swift, due to: com.optimyth.qaking.swift.parser.ParseException: Encountered "public final class DefaultNetworkErrorLogger : NetworkErrorLogger { public init ( ) { } public func log ( request : URLRequest ) { printIfDebug ( \"-------------\" ) printIfDebug ( \"request: \\(request.url!)\" ) printIfDebug ( \"headers: \\(request.allHTTPHeaderFields!)\" ) printIfDebug ( \"method: \\(request.httpMethod!)\" ) if let httpBody = request . httpBody , let result = ( ( try ? JSONSerialization . jsonObject ( with : httpBody , options : [ ] ) as ? [ String : AnyObject ] ) as [ String : AnyObject ] ? ? )" at line 139, column 1.
Was expecting one of:
    <EOF> 
    <IDENTIFIER> ...
    "alpha" ...
    "arch" ...
    "arm" ...
    "as" ...
    "associatedtype" ...
    "associativity" ...
...

WARN 2022-09-30 14:38:36,391 - com.als.core.main.SingleTechnologyStaticAnalyzer: Original code: lines 137/141
WARN 2022-09-30 14:38:36,392 - com.als.core.main.SingleTechnologyStaticAnalyzer: // MARK: - Logger

public final class DefaultNetworkErrorLogger: NetworkErrorLogger {
    public init() { }


WARN 2022-09-30 14:38:36,392 - com.als.core.main.SingleTechnologyStaticAnalyzer: ***************************************************
INFO 2022-09-30 14:39:18,810 - com.optimyth.qaking.codeanalysis.tainting.TaintingAnalyzer: Too complex control flow (ccn=40) in block containing sink, at ICHomeViewController.swift line 306. Using direct navigation as fallback.
INFO 2022-09-30 14:39:18,812 - com.optimyth.qaking.codeanalysis.tainting.TaintingAnalyzer: Too complex control flow (ccn=40) in block containing sink, at ICHomeViewController.swift line 314. Using direct navigation as fallback.
INFO 2022-09-30 14:39:18,813 - com.optimyth.qaking.codeanalysis.tainting.TaintingAnalyzer: Too complex control flow (ccn=40) in block containing sink, at ICHomeViewController.swift line 321. Using direct navigation as fallback.
INFO 2022-09-30 14:39:18,816 - com.optimyth.qaking.codeanalysis.tainting.TaintingAnalyzer: Too complex control flow (ccn=40) in block containing sink, at ICHomeViewController.swift line 333. Using direct navigation as fallback.
INFO 2022-09-30 14:39:18,819 - com.optimyth.qaking.codeanalysis.tainting.TaintingAnalyzer: Too complex control flow (ccn=40) in block containing sink, at ICHomeViewController.swift line 338. Using direct navigation as fallback.
INFO 2022-09-30 14:39:18,821 - com.optimyth.qaking.codeanalysis.tainting.TaintingAnalyzer: Too complex control flow (ccn=40) in block containing sink, at ICHomeViewController.swift line 346. Using direct navigation as fallback.
INFO 2022-09-30 14:39:18,824 - com.optimyth.qaking.codeanalysis.tainting.TaintingAnalyzer: Too complex control flow (ccn=40) in block containing sink, at ICHomeViewController.swift line 351. Using direct navigation as fallback.
INFO 2022-09-30 14:39:18,826 - com.optimyth.qaking.codeanalysis.tainting.TaintingAnalyzer: Too complex control flow (ccn=40) in block containing sink, at ICHomeViewController.swift line 446. Using direct navigation as fallback.
INFO 2022-09-30 14:39:18,827 - com.optimyth.qaking.codeanalysis.tainting.TaintingAnalyzer: Too complex control flow (ccn=40) in block containing sink, at ICHomeViewController.swift line 450. Using direct navigation as fallback.
INFO 2022-09-30 14:39:18,830 - com.optimyth.qaking.codeanalysis.tainting.TaintingAnalyzer: Too complex control flow (ccn=40) in block containing sink, at ICHomeViewController.swift line 475. Using direct navigation as fallback.
INFO 2022-09-30 14:39:18,837 - com.optimyth.qaking.codeanalysis.tainting.TaintingAnalyzer: Too complex control flow (ccn=40) in block containing sink, at ICHomeViewController.swift line 488. Using direct navigation as fallback.
INFO 2022-09-30 14:39:18,843 - com.optimyth.qaking.codeanalysis.tainting.TaintingAnalyzer: Too complex control flow (ccn=40) in block containing sink, at ICHomeViewController.swift line 495. Using direct navigation as fallback.
INFO 2022-09-30 14:39:18,849 - com.optimyth.qaking.codeanalysis.tainting.TaintingAnalyzer: Too complex control flow (ccn=40) in block containing sink, at ICHomeViewController.swift line 507. Using direct navigation as fallback.
INFO 2022-09-30 14:39:18,855 - com.optimyth.qaking.codeanalysis.tainting.TaintingAnalyzer: Too complex control flow (ccn=40) in block containing sink, at ICHomeViewController.swift line 512. Using direct navigation as fallback.
INFO 2022-09-30 14:39:18,861 - com.optimyth.qaking.codeanalysis.tainting.TaintingAnalyzer: Too complex control flow (ccn=40) in block containing sink, at ICHomeViewController.swift line 519. Using direct navigation as fallback.
INFO 2022-09-30 14:39:18,868 - com.optimyth.qaking.codeanalysis.tainting.TaintingAnalyzer: Too complex control flow (ccn=40) in block containing sink, at ICHomeViewController.swift line 524. Using direct navigation as fallback.
INFO 2022-09-30 14:39:18,874 - com.optimyth.qaking.codeanalysis.tainting.TaintingAnalyzer: Too complex control flow (ccn=40) in block containing sink, at ICHomeViewController.swift line 542. Using direct navigation as fallback.
INFO 2022-09-30 14:39:18,875 - com.optimyth.qaking.codeanalysis.tainting.TaintingAnalyzer: Too complex control flow (ccn=40) in block containing sink, at ICHomeViewController.swift line 547. Using direct navigation as fallback.
INFO 2022-09-30 14:39:18,878 - com.optimyth.qaking.codeanalysis.tainting.TaintingAnalyzer: Too complex control flow (ccn=40) in block containing sink, at ICHomeViewController.swift line 555. Using direct navigation as fallback.
INFO 2022-09-30 14:39:18,881 - com.optimyth.qaking.codeanalysis.tainting.TaintingAnalyzer: Too complex control flow (ccn=40) in block containing sink, at ICHomeViewController.swift line 562. Using direct navigation as fallback.
INFO 2022-09-30 14:39:18,883 - com.optimyth.qaking.codeanalysis.tainting.TaintingAnalyzer: Too complex control flow (ccn=40) in block containing sink, at ICHomeViewController.swift line 574. Using direct navigation as fallback.
INFO 2022-09-30 14:39:18,886 - com.optimyth.qaking.codeanalysis.tainting.TaintingAnalyzer: Too complex control flow (ccn=40) in block containing sink, at ICHomeViewController.swift line 579. Using direct navigation as fallback.
INFO 2022-09-30 14:39:18,889 - com.optimyth.qaking.codeanalysis.tainting.TaintingAnalyzer: Too complex control flow (ccn=40) in block containing sink, at ICHomeViewController.swift line 586. Using direct navigation as fallback.
INFO 2022-09-30 14:39:18,892 - com.optimyth.qaking.codeanalysis.tainting.TaintingAnalyzer: Too complex control flow (ccn=40) in block containing sink, at ICHomeViewController.swift line 591. Using direct navigation as fallback.
INFO 2022-09-30 14:39:18,934 - com.optimyth.qaking.codeanalysis.tainting.TaintingAnalyzer: Too complex control flow (ccn=40) in block containing sink, at ICHomeViewController.swift line 306. Using direct navigation as fallback.
INFO 2022-09-30 14:39:18,936 - com.optimyth.qaking.codeanalysis.tainting.TaintingAnalyzer: Too complex control flow (ccn=40) in block containing sink, at ICHomeViewController.swift line 314. Using direct navigation as fallback.
INFO 2022-09-30 14:39:18,936 - com.optimyth.qaking.codeanalysis.tainting.TaintingAnalyzer: Too complex control flow (ccn=40) in block containing sink, at ICHomeViewController.swift line 321. Using direct navigation as fallback.
INFO 2022-09-30 14:39:18,939 - com.optimyth.qaking.codeanalysis.tainting.TaintingAnalyzer: Too complex control flow (ccn=40) in block containing sink, at ICHomeViewController.swift line 333. Using direct navigation as fallback.
INFO 2022-09-30 14:39:18,942 - com.optimyth.qaking.codeanalysis.tainting.TaintingAnalyzer: Too complex control flow (ccn=40) in block containing sink, at ICHomeViewController.swift line 338. Using direct navigation as fallback.
INFO 2022-09-30 14:39:18,944 - com.optimyth.qaking.codeanalysis.tainting.TaintingAnalyzer: Too complex control flow (ccn=40) in block containing sink, at ICHomeViewController.swift line 346. Using direct navigation as fallback.
INFO 2022-09-30 14:39:18,947 - com.optimyth.qaking.codeanalysis.tainting.TaintingAnalyzer: Too complex control flow (ccn=40) in block containing sink, at ICHomeViewController.swift line 351. Using direct navigation as fallback.
INFO 2022-09-30 14:39:18,949 - com.optimyth.qaking.codeanalysis.tainting.TaintingAnalyzer: Too complex control flow (ccn=40) in block containing sink, at ICHomeViewController.swift line 446. Using direct navigation as fallback.
INFO 2022-09-30 14:39:18,950 - com.optimyth.qaking.codeanalysis.tainting.TaintingAnalyzer: Too complex control flow (ccn=40) in block containing sink, at ICHomeViewController.swift line 450. Using direct navigation as fallback.
INFO 2022-09-30 14:39:18,954 - com.optimyth.qaking.codeanalysis.tainting.TaintingAnalyzer: Too complex control flow (ccn=40) in block containing sink, at ICHomeViewController.swift line 475. Using direct navigation as fallback.
INFO 2022-09-30 14:39:18,960 - com.optimyth.qaking.codeanalysis.tainting.TaintingAnalyzer: Too complex control flow (ccn=40) in block containing sink, at ICHomeViewController.swift line 488. Using direct navigation as fallback.
INFO 2022-09-30 14:39:18,965 - com.optimyth.qaking.codeanalysis.tainting.TaintingAnalyzer: Too complex control flow (ccn=40) in block containing sink, at ICHomeViewController.swift line 495. Using direct navigation as fallback.
INFO 2022-09-30 14:39:18,975 - com.optimyth.qaking.codeanalysis.tainting.TaintingAnalyzer: Too complex control flow (ccn=40) in block containing sink, at ICHomeViewController.swift line 507. Using direct navigation as fallback.
INFO 2022-09-30 14:39:18,981 - com.optimyth.qaking.codeanalysis.tainting.TaintingAnalyzer: Too complex control flow (ccn=40) in block containing sink, at ICHomeViewController.swift line 512. Using direct navigation as fallback.
INFO 2022-09-30 14:39:18,988 - com.optimyth.qaking.codeanalysis.tainting.TaintingAnalyzer: Too complex control flow (ccn=40) in block containing sink, at ICHomeViewController.swift line 519. Using direct navigation as fallback.
INFO 2022-09-30 14:39:18,995 - com.optimyth.qaking.codeanalysis.tainting.TaintingAnalyzer: Too complex control flow (ccn=40) in block containing sink, at ICHomeViewController.swift line 524. Using direct navigation as fallback.
INFO 2022-09-30 14:39:19,001 - com.optimyth.qaking.codeanalysis.tainting.TaintingAnalyzer: Too complex control flow (ccn=40) in block containing sink, at ICHomeViewController.swift line 542. Using direct navigation as fallback.
INFO 2022-09-30 14:39:19,003 - com.optimyth.qaking.codeanalysis.tainting.TaintingAnalyzer: Too complex control flow (ccn=40) in block containing sink, at ICHomeViewController.swift line 547. Using direct navigation as fallback.
INFO 2022-09-30 14:39:19,006 - com.optimyth.qaking.codeanalysis.tainting.TaintingAnalyzer: Too complex control flow (ccn=40) in block containing sink, at ICHomeViewController.swift line 555. Using direct navigation as fallback.
INFO 2022-09-30 14:39:19,008 - com.optimyth.qaking.codeanalysis.tainting.TaintingAnalyzer: Too complex control flow (ccn=40) in block containing sink, at ICHomeViewController.swift line 562. Using direct navigation as fallback.
INFO 2022-09-30 14:39:19,011 - com.optimyth.qaking.codeanalysis.tainting.TaintingAnalyzer: Too complex control flow (ccn=40) in block containing sink, at ICHomeViewController.swift line 574. Using direct navigation as fallback.
INFO 2022-09-30 14:39:19,014 - com.optimyth.qaking.codeanalysis.tainting.TaintingAnalyzer: Too complex control flow (ccn=40) in block containing sink, at ICHomeViewController.swift line 579. Using direct navigation as fallback.
INFO 2022-09-30 14:39:19,017 - com.optimyth.qaking.codeanalysis.tainting.TaintingAnalyzer: Too complex control flow (ccn=40) in block containing sink, at ICHomeViewController.swift line 586. Using direct navigation as fallback.
INFO 2022-09-30 14:39:19,019 - com.optimyth.qaking.codeanalysis.tainting.TaintingAnalyzer: Too complex control flow (ccn=40) in block containing sink, at ICHomeViewController.swift line 591. Using direct navigation as fallback.
WARN 2022-09-30 14:39:49,532 - com.als.core.main.SingleTechnologyStaticAnalyzer: ***************************************************
WARN 2022-09-30 14:39:49,532 - com.als.core.main.SingleTechnologyStaticAnalyzer: File: D:\Repos\Brideweave Crypto Repo\Re-Testing\bwbucket-bw-crypto-ios-a9ff865d223d\InvestorAiCrypto\Pods\Charts\Source\Charts\Charts\ChartViewBase.swift
WARN 2022-09-30 14:39:49,532 - com.als.core.main.SingleTechnologyStaticAnalyzer: Technology: swift
WARN 2022-09-30 14:39:49,532 - com.als.core.main.SingleTechnologyStaticAnalyzer: Message: Cannot parse D:\Repos\Brideweave Crypto Repo\Re-Testing\bwbucket-bw-crypto-ios-a9ff865d223d\InvestorAiCrypto\Pods\Charts\Source\Charts\Charts\ChartViewBase.swift, due to: com.optimyth.qaking.swift.parser.ParseException: Encountered "if _defaultValueFormatter is DefaultValueFormatter { let digits = reference . decimalPlaces ( _defaultValueFormatter as ? DefaultValueFormatter ) ? . decimals = digits" at line 306, column 9.
WARN 2022-09-30 14:39:49,532 - com.als.core.main.SingleTechnologyStaticAnalyzer: Stack:
WARN 2022-09-30 14:39:49,532 - com.als.core.main.SingleTechnologyStaticAnalyzer: com.als.core.parser.ParseException: Cannot parse D:\Repos\Brideweave Crypto Repo\Re-Testing\bwbucket-bw-crypto-ios-a9ff865d223d\InvestorAiCrypto\Pods\Charts\Source\Charts\Charts\ChartViewBase.swift, due to: com.optimyth.qaking.swift.parser.ParseException: Encountered "if _defaultValueFormatter is DefaultValueFormatter { let digits = reference . decimalPlaces ( _defaultValueFormatter as ? DefaultValueFormatter ) ? . decimals = digits" at line 306, column 9.
Was expecting one of:
    "}" ...
    <IDENTIFIER> ...
    "alpha" ...
    "arch" ...
    "arm" ...
    "as" ...
    "associatedtype" ...
    "associativity" ...
...

WARN 2022-09-30 14:39:49,532 - com.als.core.main.SingleTechnologyStaticAnalyzer: Original code: lines 304/308
WARN 2022-09-30 14:39:49,532 - com.als.core.main.SingleTechnologyStaticAnalyzer:         
    
        if _defaultValueFormatter is DefaultValueFormatter
        {
            // setup the formatter with a new number of digits

WARN 2022-09-30 14:39:49,532 - com.als.core.main.SingleTechnologyStaticAnalyzer: ***************************************************
WARN 2022-09-30 14:40:17,699 - com.als.core.main.SingleTechnologyStaticAnalyzer: ***************************************************
WARN 2022-09-30 14:40:17,700 - com.als.core.main.SingleTechnologyStaticAnalyzer: File: D:\Repos\Brideweave Crypto Repo\Re-Testing\bwbucket-bw-crypto-ios-a9ff865d223d\InvestorAiCrypto\Pods\Charts\Source\Charts\Renderers\PieChartRenderer.swift
WARN 2022-09-30 14:40:17,700 - com.als.core.main.SingleTechnologyStaticAnalyzer: Technology: swift
WARN 2022-09-30 14:40:17,700 - com.als.core.main.SingleTechnologyStaticAnalyzer: Message: Cannot parse D:\Repos\Brideweave Crypto Repo\Re-Testing\bwbucket-bw-crypto-ios-a9ff865d223d\InvestorAiCrypto\Pods\Charts\Source\Charts\Renderers\PieChartRenderer.swift, due to: com.optimyth.qaking.swift.parser.ParseException: Encountered "if pieData ! = nil { accessibleChartElements . removeAll ( ) for set in pieData ! . dataSets as ! [ IPieChartDataSet ] where set . isVisible && set . entryCount > 0 { drawDataSet ( context : context , dataSet : set ) } }" at line 40, column 9.
WARN 2022-09-30 14:40:17,706 - com.als.core.main.SingleTechnologyStaticAnalyzer: Stack:
WARN 2022-09-30 14:40:17,706 - com.als.core.main.SingleTechnologyStaticAnalyzer: com.als.core.parser.ParseException: Cannot parse D:\Repos\Brideweave Crypto Repo\Re-Testing\bwbucket-bw-crypto-ios-a9ff865d223d\InvestorAiCrypto\Pods\Charts\Source\Charts\Renderers\PieChartRenderer.swift, due to: com.optimyth.qaking.swift.parser.ParseException: Encountered "if pieData ! = nil { accessibleChartElements . removeAll ( ) for set in pieData ! . dataSets as ! [ IPieChartDataSet ] where set . isVisible && set . entryCount > 0 { drawDataSet ( context : context , dataSet : set ) } }" at line 40, column 9.
Was expecting one of:
    "}" ...
    "(" ...
    "." ...
    "+" ...
    "-" ...
    <INTEGER_LITERAL> ...
    <FLOATING_POINT_LITERAL> ...
    <OCTAL_LITERAL> ...
...

WARN 2022-09-30 14:40:17,706 - com.als.core.main.SingleTechnologyStaticAnalyzer: Original code: lines 38/42
WARN 2022-09-30 14:40:17,706 - com.als.core.main.SingleTechnologyStaticAnalyzer:         let pieData = chart.data

        if pieData != nil
        {
            // If we redraw the data, remove and repopulate accessible elements to update label values and frames

WARN 2022-09-30 14:40:17,706 - com.als.core.main.SingleTechnologyStaticAnalyzer: ***************************************************
WARN 2022-09-30 14:40:26,724 - com.als.core.main.SingleTechnologyStaticAnalyzer: ***************************************************
WARN 2022-09-30 14:40:26,725 - com.als.core.main.SingleTechnologyStaticAnalyzer: File: D:\Repos\Brideweave Crypto Repo\Re-Testing\bwbucket-bw-crypto-ios-a9ff865d223d\InvestorAiCrypto\Pods\Charts\Source\Charts\Utils\Platform+Accessibility.swift
WARN 2022-09-30 14:40:26,725 - com.als.core.main.SingleTechnologyStaticAnalyzer: Technology: swift
WARN 2022-09-30 14:40:26,725 - com.als.core.main.SingleTechnologyStaticAnalyzer: Message: Cannot parse D:\Repos\Brideweave Crypto Repo\Re-Testing\bwbucket-bw-crypto-ios-a9ff865d223d\InvestorAiCrypto\Pods\Charts\Source\Charts\Utils\Platform+Accessibility.swift, due to: com.optimyth.qaking.swift.parser.ParseException: Encountered "{ didSet { accessibilityTraits = isHeader ? UIAccessibilityTraits . header : UIAccessibilityTraits . none } } final var isSelected : Bool = false { didSet { accessibilityTraits = isSelected ? UIAccessibilityTraits . selected : UIAccessibilityTraits . none } } override public init ( accessibilityContainer container : Any ) { containerView = ( container as ! UIView ) super . init ( accessibilityContainer : container ) } override open var accessibilityFrame : CGRect { get { return super . accessibilityFrame } set { guard let containerView = containerView else { return } super . accessibilityFrame = containerView . convert (" at line 35, column 5.
WARN 2022-09-30 14:40:26,741 - com.als.core.main.SingleTechnologyStaticAnalyzer: Stack:
WARN 2022-09-30 14:40:26,741 - com.als.core.main.SingleTechnologyStaticAnalyzer: com.als.core.parser.ParseException: Cannot parse D:\Repos\Brideweave Crypto Repo\Re-Testing\bwbucket-bw-crypto-ios-a9ff865d223d\InvestorAiCrypto\Pods\Charts\Source\Charts\Utils\Platform+Accessibility.swift, due to: com.optimyth.qaking.swift.parser.ParseException: Encountered "{ didSet { accessibilityTraits = isHeader ? UIAccessibilityTraits . header : UIAccessibilityTraits . none } } final var isSelected : Bool = false { didSet { accessibilityTraits = isSelected ? UIAccessibilityTraits . selected : UIAccessibilityTraits . none } } override public init ( accessibilityContainer container : Any ) { containerView = ( container as ! UIView ) super . init ( accessibilityContainer : container ) } override open var accessibilityFrame : CGRect { get { return super . accessibilityFrame } set { guard let containerView = containerView else { return } super . accessibilityFrame = containerView . convert (" at line 35, column 5.
Was expecting one of:
    "}" ...
    "{" "[" ...
    "{" "(" ...
    "{" "_" ...
    "{" <IDENTIFIER> ...
    "{" "alpha" ...
    "{" "arch" ...
    "{" "arm" ...
...

WARN 2022-09-30 14:40:26,741 - com.als.core.main.SingleTechnologyStaticAnalyzer: Original code: lines 33/37
WARN 2022-09-30 14:40:26,741 - com.als.core.main.SingleTechnologyStaticAnalyzer: 
    final var isHeader: Bool = false
    {
        didSet
        {

WARN 2022-09-30 14:40:26,741 - com.als.core.main.SingleTechnologyStaticAnalyzer: ***************************************************
INFO 2022-09-30 14:40:29,110 - com.optimyth.qaking.codeanalysis.tainting.TaintingAnalyzer: Too complex control flow (ccn=74) in block containing sink, at IQKeyboardManager+Position.swift line 228. Using direct navigation as fallback.
INFO 2022-09-30 14:40:29,111 - com.optimyth.qaking.codeanalysis.tainting.TaintingAnalyzer: Too complex control flow (ccn=74) in block containing sink, at IQKeyboardManager+Position.swift line 251. Using direct navigation as fallback.
INFO 2022-09-30 14:40:29,112 - com.optimyth.qaking.codeanalysis.tainting.TaintingAnalyzer: Too complex control flow (ccn=74) in block containing sink, at IQKeyboardManager+Position.swift line 260. Using direct navigation as fallback.
INFO 2022-09-30 14:40:29,113 - com.optimyth.qaking.codeanalysis.tainting.TaintingAnalyzer: Too complex control flow (ccn=74) in block containing sink, at IQKeyboardManager+Position.swift line 278. Using direct navigation as fallback.
INFO 2022-09-30 14:40:29,114 - com.optimyth.qaking.codeanalysis.tainting.TaintingAnalyzer: Too complex control flow (ccn=74) in block containing sink, at IQKeyboardManager+Position.swift line 287. Using direct navigation as fallback.
INFO 2022-09-30 14:40:29,115 - com.optimyth.qaking.codeanalysis.tainting.TaintingAnalyzer: Too complex control flow (ccn=74) in block containing sink, at IQKeyboardManager+Position.swift line 314. Using direct navigation as fallback.
INFO 2022-09-30 14:40:29,116 - com.optimyth.qaking.codeanalysis.tainting.TaintingAnalyzer: Too complex control flow (ccn=74) in block containing sink, at IQKeyboardManager+Position.swift line 332. Using direct navigation as fallback.
INFO 2022-09-30 14:40:29,118 - com.optimyth.qaking.codeanalysis.tainting.TaintingAnalyzer: Too complex control flow (ccn=74) in block containing sink, at IQKeyboardManager+Position.swift line 440. Using direct navigation as fallback.
INFO 2022-09-30 14:40:29,124 - com.optimyth.qaking.codeanalysis.tainting.TaintingAnalyzer: Too complex control flow (ccn=74) in block containing sink, at IQKeyboardManager+Position.swift line 441. Using direct navigation as fallback.
INFO 2022-09-30 14:40:29,131 - com.optimyth.qaking.codeanalysis.tainting.TaintingAnalyzer: Too complex control flow (ccn=74) in block containing sink, at IQKeyboardManager+Position.swift line 492. Using direct navigation as fallback.
INFO 2022-09-30 14:40:29,137 - com.optimyth.qaking.codeanalysis.tainting.TaintingAnalyzer: Too complex control flow (ccn=74) in block containing sink, at IQKeyboardManager+Position.swift line 564. Using direct navigation as fallback.
INFO 2022-09-30 14:40:29,146 - com.optimyth.qaking.codeanalysis.tainting.TaintingAnalyzer: Too complex control flow (ccn=74) in block containing sink, at IQKeyboardManager+Position.swift line 596. Using direct navigation as fallback.
INFO 2022-09-30 14:40:29,155 - com.optimyth.qaking.codeanalysis.tainting.TaintingAnalyzer: Too complex control flow (ccn=74) in block containing sink, at IQKeyboardManager+Position.swift line 628. Using direct navigation as fallback.
INFO 2022-09-30 14:40:29,166 - com.optimyth.qaking.codeanalysis.tainting.TaintingAnalyzer: Too complex control flow (ccn=74) in block containing sink, at IQKeyboardManager+Position.swift line 637. Using direct navigation as fallback.
INFO 2022-09-30 14:40:29,346 - com.optimyth.qaking.codeanalysis.tainting.TaintingAnalyzer: Too complex control flow (ccn=74) in block containing sink, at IQKeyboardManager+Position.swift line 228. Using direct navigation as fallback.
INFO 2022-09-30 14:40:29,347 - com.optimyth.qaking.codeanalysis.tainting.TaintingAnalyzer: Too complex control flow (ccn=74) in block containing sink, at IQKeyboardManager+Position.swift line 251. Using direct navigation as fallback.
INFO 2022-09-30 14:40:29,348 - com.optimyth.qaking.codeanalysis.tainting.TaintingAnalyzer: Too complex control flow (ccn=74) in block containing sink, at IQKeyboardManager+Position.swift line 260. Using direct navigation as fallback.
INFO 2022-09-30 14:40:29,348 - com.optimyth.qaking.codeanalysis.tainting.TaintingAnalyzer: Too complex control flow (ccn=74) in block containing sink, at IQKeyboardManager+Position.swift line 278. Using direct navigation as fallback.
INFO 2022-09-30 14:40:29,349 - com.optimyth.qaking.codeanalysis.tainting.TaintingAnalyzer: Too complex control flow (ccn=74) in block containing sink, at IQKeyboardManager+Position.swift line 287. Using direct navigation as fallback.
INFO 2022-09-30 14:40:29,351 - com.optimyth.qaking.codeanalysis.tainting.TaintingAnalyzer: Too complex control flow (ccn=74) in block containing sink, at IQKeyboardManager+Position.swift line 314. Using direct navigation as fallback.
INFO 2022-09-30 14:40:29,352 - com.optimyth.qaking.codeanalysis.tainting.TaintingAnalyzer: Too complex control flow (ccn=74) in block containing sink, at IQKeyboardManager+Position.swift line 332. Using direct navigation as fallback.
INFO 2022-09-30 14:40:29,353 - com.optimyth.qaking.codeanalysis.tainting.TaintingAnalyzer: Too complex control flow (ccn=74) in block containing sink, at IQKeyboardManager+Position.swift line 440. Using direct navigation as fallback.
INFO 2022-09-30 14:40:29,360 - com.optimyth.qaking.codeanalysis.tainting.TaintingAnalyzer: Too complex control flow (ccn=74) in block containing sink, at IQKeyboardManager+Position.swift line 441. Using direct navigation as fallback.
INFO 2022-09-30 14:40:29,367 - com.optimyth.qaking.codeanalysis.tainting.TaintingAnalyzer: Too complex control flow (ccn=74) in block containing sink, at IQKeyboardManager+Position.swift line 492. Using direct navigation as fallback.
INFO 2022-09-30 14:40:29,373 - com.optimyth.qaking.codeanalysis.tainting.TaintingAnalyzer: Too complex control flow (ccn=74) in block containing sink, at IQKeyboardManager+Position.swift line 564. Using direct navigation as fallback.
INFO 2022-09-30 14:40:29,378 - com.optimyth.qaking.codeanalysis.tainting.TaintingAnalyzer: Too complex control flow (ccn=74) in block containing sink, at IQKeyboardManager+Position.swift line 596. Using direct navigation as fallback.
INFO 2022-09-30 14:40:29,387 - com.optimyth.qaking.codeanalysis.tainting.TaintingAnalyzer: Too complex control flow (ccn=74) in block containing sink, at IQKeyboardManager+Position.swift line 628. Using direct navigation as fallback.
INFO 2022-09-30 14:40:29,396 - com.optimyth.qaking.codeanalysis.tainting.TaintingAnalyzer: Too complex control flow (ccn=74) in block containing sink, at IQKeyboardManager+Position.swift line 637. Using direct navigation as fallback.
