INFO 2022-07-20 12:04:51,531 - Analysis initialization: FINISHED
INFO 2022-07-20 12:04:51,531 - -----------------------------------------------------
INFO 2022-07-20 12:04:51,532 - Starting analysis for application "Edcast Release 5.16 Frontend"
INFO 2022-07-20 12:04:51,532 - -----------------------------------------------------
INFO 2022-07-20 12:04:51,533 - Model retrieval: STARTED
INFO 2022-07-20 12:04:52,265 - Model retrieved from cache
INFO 2022-07-20 12:04:52,265 - Model retrieval: FINISHED
INFO 2022-07-20 12:04:52,265 - Analysis authorization: STARTED
INFO 2022-07-20 12:04:53,030 - Upload analyzed source code forced to "false" - not allowed for user / application
INFO 2022-07-20 12:04:53,030 - Analysis authorization: FINISHED
INFO 2022-07-20 12:04:53,037 - License check: STARTED
INFO 2022-07-20 12:04:53,959 - License check: FINISHED
INFO 2022-07-20 12:04:53,959 - Prepare analysis data: STARTED
INFO 2022-07-20 12:04:53,992 - Prepare analysis data: FINISHED
INFO 2022-07-20 12:04:53,992 - Prepare source code files for upload: STARTED
INFO 2022-07-20 12:04:53,992 - Prepare source code files for upload: FINISHED
WARN 2022-07-20 12:04:54,579 - -----------------------------------------------------
WARN 2022-07-20 12:04:54,580 - Executing rules analysis for technology html
WARN 2022-07-20 12:04:54,580 - -----------------------------------------------------
WARN 2022-07-20 12:04:54,580 - directory: D:\Repos\Edcast Repo\Edcast 5.16\edc-web-release-txp-v5.16.0
WARN 2022-07-20 12:04:54,580 - bill-of-materials: 
WARN 2022-07-20 12:04:54,580 - bill-of-materials format: 
WARN 2022-07-20 12:04:54,580 - includes: 
WARN 2022-07-20 12:04:54,580 - excludes: **/src/test/**,**/__MACOSX/**,**/*.min.js,**/*.Designer.vb,**/*.designer.vb,**/*Reference.vb,**/*Service.vb,**/*Silverlight.vb,**/*.Designer.cs,**/*.designer.cs,**/*Reference.cs,**/*Service.cs,**/*Silverlight.cs,**/.*,**/Pods/BuildHeaders/**/*.h,**/Pods/Headers/**/*.h,**/node_modules/**,**/bower_components/**,**/target/**,**/bin/**,**/obj/**,**/dist/**,**/lib/**
WARN 2022-07-20 12:04:54,580 - configuration: D:\Software\KiuwanLocalAnalyzer\bin\..\conf\apps\Edcast Release 5_16 Frontend.properties
WARN 2022-07-20 12:04:54,580 - VM version: 1.8.0_333
WARN 2022-07-20 12:04:54,691 - VM settings:
WARN 2022-07-20 12:04:54,692 -     Stack Size: 2.00M
WARN 2022-07-20 12:04:54,692 -     Min. Heap Size: 128.00M
WARN 2022-07-20 12:04:54,692 -     Max. Heap Size: 1.00G
WARN 2022-07-20 12:04:54,692 -     Ergonomics Machine Class: client
WARN 2022-07-20 12:04:54,692 -     Using VM: Java HotSpot(TM) 64-Bit Server VM
WARN 2022-07-20 12:04:54,692 - 
INFO 2022-07-20 12:05:02,640 - Moving 1 file to D:\Software\KiuwanLocalAnalyzer\temp\Edcast Release 5_16 Frontend.6372753353267507965\results
INFO 2022-07-20 12:05:02,662 - Deleting: D:\Software\KiuwanLocalAnalyzer\temp\Edcast Release 5_16 Frontend.6372753353267507965\results\rules_html.key
WARN 2022-07-20 12:05:02,845 - -----------------------------------------------------
WARN 2022-07-20 12:05:02,845 - Executing metrics analysis for technology html
WARN 2022-07-20 12:05:02,846 - -----------------------------------------------------
WARN 2022-07-20 12:05:02,846 - directory: D:\Repos\Edcast Repo\Edcast 5.16\edc-web-release-txp-v5.16.0
WARN 2022-07-20 12:05:02,846 - bill-of-materials: 
WARN 2022-07-20 12:05:02,846 - bill-of-materials format: 
WARN 2022-07-20 12:05:02,846 - includes: 
WARN 2022-07-20 12:05:02,846 - excludes: **/src/test/**,**/__MACOSX/**,**/*.min.js,**/*.Designer.vb,**/*.designer.vb,**/*Reference.vb,**/*Service.vb,**/*Silverlight.vb,**/*.Designer.cs,**/*.designer.cs,**/*Reference.cs,**/*Service.cs,**/*Silverlight.cs,**/.*,**/Pods/BuildHeaders/**/*.h,**/Pods/Headers/**/*.h,**/node_modules/**,**/bower_components/**,**/target/**,**/bin/**,**/obj/**,**/dist/**,**/lib/**
WARN 2022-07-20 12:05:02,846 - configuration: D:\Software\KiuwanLocalAnalyzer\bin\..\conf\apps\Edcast Release 5_16 Frontend.properties
WARN 2022-07-20 12:05:02,847 - VM version: 1.8.0_333
WARN 2022-07-20 12:05:02,953 - VM settings:
WARN 2022-07-20 12:05:02,955 -     Stack Size: 2.00M
WARN 2022-07-20 12:05:02,955 -     Min. Heap Size: 128.00M
WARN 2022-07-20 12:05:02,955 -     Max. Heap Size: 1.00G
WARN 2022-07-20 12:05:02,955 -     Ergonomics Machine Class: client
WARN 2022-07-20 12:05:02,955 -     Using VM: Java HotSpot(TM) 64-Bit Server VM
WARN 2022-07-20 12:05:02,955 - 
INFO 2022-07-20 12:05:10,811 - Moving 1 file to D:\Software\KiuwanLocalAnalyzer\temp\Edcast Release 5_16 Frontend.6372753353267507965\results
INFO 2022-07-20 12:05:10,818 - Deleting: D:\Software\KiuwanLocalAnalyzer\temp\Edcast Release 5_16 Frontend.6372753353267507965\results\metrics_html.key
WARN 2022-07-20 12:05:10,974 - -----------------------------------------------------
WARN 2022-07-20 12:05:10,974 - Executing rules analysis for technology javascript
WARN 2022-07-20 12:05:10,974 - -----------------------------------------------------
WARN 2022-07-20 12:05:10,974 - directory: D:\Repos\Edcast Repo\Edcast 5.16\edc-web-release-txp-v5.16.0
WARN 2022-07-20 12:05:10,974 - bill-of-materials: 
WARN 2022-07-20 12:05:10,975 - bill-of-materials format: 
WARN 2022-07-20 12:05:10,975 - includes: 
WARN 2022-07-20 12:05:10,975 - excludes: **/src/test/**,**/__MACOSX/**,**/*.min.js,**/*.Designer.vb,**/*.designer.vb,**/*Reference.vb,**/*Service.vb,**/*Silverlight.vb,**/*.Designer.cs,**/*.designer.cs,**/*Reference.cs,**/*Service.cs,**/*Silverlight.cs,**/.*,**/Pods/BuildHeaders/**/*.h,**/Pods/Headers/**/*.h,**/node_modules/**,**/bower_components/**,**/target/**,**/bin/**,**/obj/**,**/dist/**,**/lib/**
WARN 2022-07-20 12:05:10,975 - configuration: D:\Software\KiuwanLocalAnalyzer\bin\..\conf\apps\Edcast Release 5_16 Frontend.properties
WARN 2022-07-20 12:05:10,975 - VM version: 1.8.0_333
WARN 2022-07-20 12:05:11,076 - VM settings:
WARN 2022-07-20 12:05:11,078 -     Stack Size: 2.00M
WARN 2022-07-20 12:05:11,078 -     Min. Heap Size: 128.00M
WARN 2022-07-20 12:05:11,078 -     Max. Heap Size: 1.00G
WARN 2022-07-20 12:05:11,078 -     Ergonomics Machine Class: client
WARN 2022-07-20 12:05:11,078 -     Using VM: Java HotSpot(TM) 64-Bit Server VM
WARN 2022-07-20 12:05:11,078 - 
INFO 2022-07-20 12:07:12,152 - Moving 1 file to D:\Software\KiuwanLocalAnalyzer\temp\Edcast Release 5_16 Frontend.6372753353267507965\results
INFO 2022-07-20 12:07:12,158 - Deleting: D:\Software\KiuwanLocalAnalyzer\temp\Edcast Release 5_16 Frontend.6372753353267507965\results\rules_javascript.key
WARN 2022-07-20 12:07:12,322 - -----------------------------------------------------
WARN 2022-07-20 12:07:12,322 - Executing metrics analysis for technology javascript
WARN 2022-07-20 12:07:12,322 - -----------------------------------------------------
WARN 2022-07-20 12:07:12,323 - directory: D:\Repos\Edcast Repo\Edcast 5.16\edc-web-release-txp-v5.16.0
WARN 2022-07-20 12:07:12,323 - bill-of-materials: 
WARN 2022-07-20 12:07:12,323 - bill-of-materials format: 
WARN 2022-07-20 12:07:12,323 - includes: 
WARN 2022-07-20 12:07:12,323 - excludes: **/src/test/**,**/__MACOSX/**,**/*.min.js,**/*.Designer.vb,**/*.designer.vb,**/*Reference.vb,**/*Service.vb,**/*Silverlight.vb,**/*.Designer.cs,**/*.designer.cs,**/*Reference.cs,**/*Service.cs,**/*Silverlight.cs,**/.*,**/Pods/BuildHeaders/**/*.h,**/Pods/Headers/**/*.h,**/node_modules/**,**/bower_components/**,**/target/**,**/bin/**,**/obj/**,**/dist/**,**/lib/**
WARN 2022-07-20 12:07:12,323 - configuration: D:\Software\KiuwanLocalAnalyzer\bin\..\conf\apps\Edcast Release 5_16 Frontend.properties
WARN 2022-07-20 12:07:12,323 - VM version: 1.8.0_333
WARN 2022-07-20 12:07:12,432 - VM settings:
WARN 2022-07-20 12:07:12,433 -     Stack Size: 2.00M
WARN 2022-07-20 12:07:12,433 -     Min. Heap Size: 128.00M
WARN 2022-07-20 12:07:12,433 -     Max. Heap Size: 1.00G
WARN 2022-07-20 12:07:12,433 -     Ergonomics Machine Class: client
WARN 2022-07-20 12:07:12,433 -     Using VM: Java HotSpot(TM) 64-Bit Server VM
WARN 2022-07-20 12:07:12,433 - 
INFO 2022-07-20 12:07:26,661 - Moving 1 file to D:\Software\KiuwanLocalAnalyzer\temp\Edcast Release 5_16 Frontend.6372753353267507965\results
INFO 2022-07-20 12:07:26,668 - Deleting: D:\Software\KiuwanLocalAnalyzer\temp\Edcast Release 5_16 Frontend.6372753353267507965\results\metrics_javascript.key
INFO 2022-07-20 12:07:26,674 - Update global report: STARTED
INFO 2022-07-20 12:07:26,683 - Update global report: FINISHED
INFO 2022-07-20 12:07:26,683 - Upload results to kiuwan: STARTED
INFO 2022-07-20 12:07:28,671 - Upload results to kiuwan: FINISHED
INFO 2022-07-20 12:07:28,672 - Retrieve complete results from kiuwan: STARTED
INFO 2022-07-20 12:07:29,514 - Retrieve complete results from kiuwan: FINISHED
INFO 2022-07-20 12:07:29,515 - Register analysis code in global report: STARTED
INFO 2022-07-20 12:07:29,516 - Register analysis code in global report: FINISHED
INFO 2022-07-20 12:07:29,521 - Analysis finished: A-7e6-1821a3f81d1
