INFO 2022-07-20 12:07:18,307 - com.optimyth.qaking.codeanalysis.metadata.model.LibrariesResolver: Metadata libraries FACTORY directory added = D:\Software\KiuwanLocalAnalyzer\libraries
INFO 2022-07-20 12:07:18,309 - com.optimyth.qaking.codeanalysis.metadata.model.LibrariesResolver: Metadata libraries resolver found 1 directories to inspect: [D:\Software\KiuwanLocalAnalyzer\libraries]
WARN 2022-07-20 12:07:19,952 - com.als.core.main.SingleTechnologyStaticAnalyzer: ***************************************************
WARN 2022-07-20 12:07:19,952 - com.als.core.main.SingleTechnologyStaticAnalyzer: File: D:\Repos\Edcast Repo\Edcast 5.16\edc-web-release-txp-v5.16.0\server\config\views\assets.js
WARN 2022-07-20 12:07:19,954 - com.als.core.main.SingleTechnologyStaticAnalyzer: Technology: javascript
WARN 2022-07-20 12:07:19,960 - com.als.core.main.SingleTechnologyStaticAnalyzer: Message: Cannot parse D:\Repos\Edcast Repo\Edcast 5.16\edc-web-release-txp-v5.16.0\server\config\views\assets.js, due to: org.mozilla.javascript.EvaluatorException: invalid property id (D:\Repos\Edcast Repo\Edcast 5.16\edc-web-release-txp-v5.16.0\server\config\views\assets.js#1)
WARN 2022-07-20 12:07:19,960 - com.als.core.main.SingleTechnologyStaticAnalyzer: Stack:
WARN 2022-07-20 12:07:19,960 - com.als.core.main.SingleTechnologyStaticAnalyzer: com.als.core.parser.ParseException: Cannot parse D:\Repos\Edcast Repo\Edcast 5.16\edc-web-release-txp-v5.16.0\server\config\views\assets.js, due to: org.mozilla.javascript.EvaluatorException: invalid property id (D:\Repos\Edcast Repo\Edcast 5.16\edc-web-release-txp-v5.16.0\server\config\views\assets.js#1)
	at com.als.core.parser.AbstractReaderParser.wrapException(AbstractReaderParser.java:98)
	at com.als.core.parser.AbstractReaderParser.throwParseException(AbstractReaderParser.java:93)
	at com.optimyth.qaking.js.ast.MozillaParser.parse(MozillaParser.java:79)
	at com.optimyth.qaking.js.ast.MozillaParser.parse(MozillaParser.java:69)
	at com.optimyth.qaking.js.ast.MozillaParser.parse(MozillaParser.java:13)
	at com.als.core.parser.multiparser.ArrangementBasedMultiParser$2.parse(ArrangementBasedMultiParser.java:60)
	at com.als.core.parser.multiparser.ArrangementBasedMultiParser.k26(ArrangementBasedMultiParser.java:111)
	at com.als.core.parser.multiparser.ArrangementBasedMultiParser.parse(ArrangementBasedMultiParser.java:58)
	at com.als.core.language.LanguageSupport.parseAndValidate(LanguageSupport.java:304)
...

WARN 2022-07-20 12:07:19,961 - com.als.core.main.SingleTechnologyStaticAnalyzer: ***************************************************
WARN 2022-07-20 12:07:19,978 - com.als.core.main.SingleTechnologyStaticAnalyzer: ***************************************************
WARN 2022-07-20 12:07:19,978 - com.als.core.main.SingleTechnologyStaticAnalyzer: File: D:\Repos\Edcast Repo\Edcast 5.16\edc-web-release-txp-v5.16.0\src\app\actions\chatbot.js
WARN 2022-07-20 12:07:19,978 - com.als.core.main.SingleTechnologyStaticAnalyzer: Technology: javascript
WARN 2022-07-20 12:07:19,978 - com.als.core.main.SingleTechnologyStaticAnalyzer: Message: Cannot parse D:\Repos\Edcast Repo\Edcast 5.16\edc-web-release-txp-v5.16.0\src\app\actions\chatbot.js, due to: org.mozilla.javascript.EvaluatorException: missing ; before statement (D:\Repos\Edcast Repo\Edcast 5.16\edc-web-release-txp-v5.16.0\src\app\actions\chatbot.js#7)
WARN 2022-07-20 12:07:19,978 - com.als.core.main.SingleTechnologyStaticAnalyzer: Stack:
WARN 2022-07-20 12:07:19,978 - com.als.core.main.SingleTechnologyStaticAnalyzer: com.als.core.parser.ParseException: Cannot parse D:\Repos\Edcast Repo\Edcast 5.16\edc-web-release-txp-v5.16.0\src\app\actions\chatbot.js, due to: org.mozilla.javascript.EvaluatorException: missing ; before statement (D:\Repos\Edcast Repo\Edcast 5.16\edc-web-release-txp-v5.16.0\src\app\actions\chatbot.js#7)
	at com.als.core.parser.AbstractReaderParser.wrapException(AbstractReaderParser.java:98)
	at com.als.core.parser.AbstractReaderParser.throwParseException(AbstractReaderParser.java:93)
	at com.optimyth.qaking.js.ast.MozillaParser.parse(MozillaParser.java:79)
	at com.optimyth.qaking.js.ast.MozillaParser.parse(MozillaParser.java:69)
	at com.optimyth.qaking.js.ast.MozillaParser.parse(MozillaParser.java:13)
	at com.als.core.parser.multiparser.ArrangementBasedMultiParser$2.parse(ArrangementBasedMultiParser.java:60)
	at com.als.core.parser.multiparser.ArrangementBasedMultiParser.k26(ArrangementBasedMultiParser.java:111)
	at com.als.core.parser.multiparser.ArrangementBasedMultiParser.parse(ArrangementBasedMultiParser.java:58)
	at com.als.core.language.LanguageSupport.parseAndValidate(LanguageSupport.java:304)
...

WARN 2022-07-20 12:07:19,979 - com.als.core.main.SingleTechnologyStaticAnalyzer: ***************************************************
WARN 2022-07-20 12:07:20,266 - com.als.core.main.SingleTechnologyStaticAnalyzer: ***************************************************
WARN 2022-07-20 12:07:20,266 - com.als.core.main.SingleTechnologyStaticAnalyzer: File: D:\Repos\Edcast Repo\Edcast 5.16\edc-web-release-txp-v5.16.0\src\app\components\cardStandardization\journey\Journey.js
WARN 2022-07-20 12:07:20,266 - com.als.core.main.SingleTechnologyStaticAnalyzer: Technology: javascript
WARN 2022-07-20 12:07:20,268 - com.als.core.main.SingleTechnologyStaticAnalyzer: Message: Cannot parse D:\Repos\Edcast Repo\Edcast 5.16\edc-web-release-txp-v5.16.0\src\app\components\cardStandardization\journey\Journey.js, due to: org.mozilla.javascript.EvaluatorException: unterminated string literal (D:\Repos\Edcast Repo\Edcast 5.16\edc-web-release-txp-v5.16.0\src\app\components\cardStandardization\journey\Journey.js#665)
WARN 2022-07-20 12:07:20,268 - com.als.core.main.SingleTechnologyStaticAnalyzer: Stack:
WARN 2022-07-20 12:07:20,268 - com.als.core.main.SingleTechnologyStaticAnalyzer: com.als.core.parser.ParseException: Cannot parse D:\Repos\Edcast Repo\Edcast 5.16\edc-web-release-txp-v5.16.0\src\app\components\cardStandardization\journey\Journey.js, due to: org.mozilla.javascript.EvaluatorException: unterminated string literal (D:\Repos\Edcast Repo\Edcast 5.16\edc-web-release-txp-v5.16.0\src\app\components\cardStandardization\journey\Journey.js#665)
	at com.als.core.parser.AbstractReaderParser.wrapException(AbstractReaderParser.java:98)
	at com.als.core.parser.AbstractReaderParser.throwParseException(AbstractReaderParser.java:93)
	at com.optimyth.qaking.js.ast.MozillaParser.parse(MozillaParser.java:79)
	at com.optimyth.qaking.js.ast.MozillaParser.parse(MozillaParser.java:69)
	at com.optimyth.qaking.js.ast.MozillaParser.parse(MozillaParser.java:13)
	at com.als.core.parser.multiparser.ArrangementBasedMultiParser$2.parse(ArrangementBasedMultiParser.java:60)
	at com.als.core.parser.multiparser.ArrangementBasedMultiParser.k26(ArrangementBasedMultiParser.java:111)
	at com.als.core.parser.multiparser.ArrangementBasedMultiParser.parse(ArrangementBasedMultiParser.java:58)
	at com.als.core.language.LanguageSupport.parseAndValidate(LanguageSupport.java:304)
...

WARN 2022-07-20 12:07:20,268 - com.als.core.main.SingleTechnologyStaticAnalyzer: ***************************************************
WARN 2022-07-20 12:07:20,346 - com.als.core.main.SingleTechnologyStaticAnalyzer: ***************************************************
WARN 2022-07-20 12:07:20,346 - com.als.core.main.SingleTechnologyStaticAnalyzer: File: D:\Repos\Edcast Repo\Edcast 5.16\edc-web-release-txp-v5.16.0\src\app\components\cardStandardization\pathway\Pathway.js
WARN 2022-07-20 12:07:20,346 - com.als.core.main.SingleTechnologyStaticAnalyzer: Technology: javascript
WARN 2022-07-20 12:07:20,346 - com.als.core.main.SingleTechnologyStaticAnalyzer: Message: Cannot parse D:\Repos\Edcast Repo\Edcast 5.16\edc-web-release-txp-v5.16.0\src\app\components\cardStandardization\pathway\Pathway.js, due to: org.mozilla.javascript.EvaluatorException: unterminated string literal (D:\Repos\Edcast Repo\Edcast 5.16\edc-web-release-txp-v5.16.0\src\app\components\cardStandardization\pathway\Pathway.js#366)
WARN 2022-07-20 12:07:20,346 - com.als.core.main.SingleTechnologyStaticAnalyzer: Stack:
WARN 2022-07-20 12:07:20,346 - com.als.core.main.SingleTechnologyStaticAnalyzer: com.als.core.parser.ParseException: Cannot parse D:\Repos\Edcast Repo\Edcast 5.16\edc-web-release-txp-v5.16.0\src\app\components\cardStandardization\pathway\Pathway.js, due to: org.mozilla.javascript.EvaluatorException: unterminated string literal (D:\Repos\Edcast Repo\Edcast 5.16\edc-web-release-txp-v5.16.0\src\app\components\cardStandardization\pathway\Pathway.js#366)
	at com.als.core.parser.AbstractReaderParser.wrapException(AbstractReaderParser.java:98)
	at com.als.core.parser.AbstractReaderParser.throwParseException(AbstractReaderParser.java:93)
	at com.optimyth.qaking.js.ast.MozillaParser.parse(MozillaParser.java:79)
	at com.optimyth.qaking.js.ast.MozillaParser.parse(MozillaParser.java:69)
	at com.optimyth.qaking.js.ast.MozillaParser.parse(MozillaParser.java:13)
	at com.als.core.parser.multiparser.ArrangementBasedMultiParser$2.parse(ArrangementBasedMultiParser.java:60)
	at com.als.core.parser.multiparser.ArrangementBasedMultiParser.k26(ArrangementBasedMultiParser.java:111)
	at com.als.core.parser.multiparser.ArrangementBasedMultiParser.parse(ArrangementBasedMultiParser.java:58)
	at com.als.core.language.LanguageSupport.parseAndValidate(LanguageSupport.java:304)
...

WARN 2022-07-20 12:07:20,347 - com.als.core.main.SingleTechnologyStaticAnalyzer: ***************************************************
WARN 2022-07-20 12:07:20,996 - com.als.core.main.SingleTechnologyStaticAnalyzer: ***************************************************
WARN 2022-07-20 12:07:20,996 - com.als.core.main.SingleTechnologyStaticAnalyzer: File: D:\Repos\Edcast Repo\Edcast 5.16\edc-web-release-txp-v5.16.0\src\v2\components\cardStandardization\journey\Journey.js
WARN 2022-07-20 12:07:20,996 - com.als.core.main.SingleTechnologyStaticAnalyzer: Technology: javascript
WARN 2022-07-20 12:07:20,996 - com.als.core.main.SingleTechnologyStaticAnalyzer: Message: Cannot parse D:\Repos\Edcast Repo\Edcast 5.16\edc-web-release-txp-v5.16.0\src\v2\components\cardStandardization\journey\Journey.js, due to: org.mozilla.javascript.EvaluatorException: missing : in conditional expression (D:\Repos\Edcast Repo\Edcast 5.16\edc-web-release-txp-v5.16.0\src\v2\components\cardStandardization\journey\Journey.js#568)
WARN 2022-07-20 12:07:20,997 - com.als.core.main.SingleTechnologyStaticAnalyzer: Stack:
WARN 2022-07-20 12:07:20,997 - com.als.core.main.SingleTechnologyStaticAnalyzer: com.als.core.parser.ParseException: Cannot parse D:\Repos\Edcast Repo\Edcast 5.16\edc-web-release-txp-v5.16.0\src\v2\components\cardStandardization\journey\Journey.js, due to: org.mozilla.javascript.EvaluatorException: missing : in conditional expression (D:\Repos\Edcast Repo\Edcast 5.16\edc-web-release-txp-v5.16.0\src\v2\components\cardStandardization\journey\Journey.js#568)
	at com.als.core.parser.AbstractReaderParser.wrapException(AbstractReaderParser.java:98)
	at com.als.core.parser.AbstractReaderParser.throwParseException(AbstractReaderParser.java:93)
	at com.optimyth.qaking.js.ast.MozillaParser.parse(MozillaParser.java:79)
	at com.optimyth.qaking.js.ast.MozillaParser.parse(MozillaParser.java:69)
	at com.optimyth.qaking.js.ast.MozillaParser.parse(MozillaParser.java:13)
	at com.als.core.parser.multiparser.ArrangementBasedMultiParser$2.parse(ArrangementBasedMultiParser.java:60)
	at com.als.core.parser.multiparser.ArrangementBasedMultiParser.k26(ArrangementBasedMultiParser.java:111)
	at com.als.core.parser.multiparser.ArrangementBasedMultiParser.parse(ArrangementBasedMultiParser.java:58)
	at com.als.core.language.LanguageSupport.parseAndValidate(LanguageSupport.java:304)
...

WARN 2022-07-20 12:07:20,997 - com.als.core.main.SingleTechnologyStaticAnalyzer: ***************************************************
WARN 2022-07-20 12:07:21,066 - com.als.core.main.SingleTechnologyStaticAnalyzer: ***************************************************
WARN 2022-07-20 12:07:21,066 - com.als.core.main.SingleTechnologyStaticAnalyzer: File: D:\Repos\Edcast Repo\Edcast 5.16\edc-web-release-txp-v5.16.0\src\v2\components\cardStandardization\pathway\Pathway.js
WARN 2022-07-20 12:07:21,066 - com.als.core.main.SingleTechnologyStaticAnalyzer: Technology: javascript
WARN 2022-07-20 12:07:21,066 - com.als.core.main.SingleTechnologyStaticAnalyzer: Message: Cannot parse D:\Repos\Edcast Repo\Edcast 5.16\edc-web-release-txp-v5.16.0\src\v2\components\cardStandardization\pathway\Pathway.js, due to: org.mozilla.javascript.EvaluatorException: missing : in conditional expression (D:\Repos\Edcast Repo\Edcast 5.16\edc-web-release-txp-v5.16.0\src\v2\components\cardStandardization\pathway\Pathway.js#301)
WARN 2022-07-20 12:07:21,066 - com.als.core.main.SingleTechnologyStaticAnalyzer: Stack:
WARN 2022-07-20 12:07:21,066 - com.als.core.main.SingleTechnologyStaticAnalyzer: com.als.core.parser.ParseException: Cannot parse D:\Repos\Edcast Repo\Edcast 5.16\edc-web-release-txp-v5.16.0\src\v2\components\cardStandardization\pathway\Pathway.js, due to: org.mozilla.javascript.EvaluatorException: missing : in conditional expression (D:\Repos\Edcast Repo\Edcast 5.16\edc-web-release-txp-v5.16.0\src\v2\components\cardStandardization\pathway\Pathway.js#301)
	at com.als.core.parser.AbstractReaderParser.wrapException(AbstractReaderParser.java:98)
	at com.als.core.parser.AbstractReaderParser.throwParseException(AbstractReaderParser.java:93)
	at com.optimyth.qaking.js.ast.MozillaParser.parse(MozillaParser.java:79)
	at com.optimyth.qaking.js.ast.MozillaParser.parse(MozillaParser.java:69)
	at com.optimyth.qaking.js.ast.MozillaParser.parse(MozillaParser.java:13)
	at com.als.core.parser.multiparser.ArrangementBasedMultiParser$2.parse(ArrangementBasedMultiParser.java:60)
	at com.als.core.parser.multiparser.ArrangementBasedMultiParser.k26(ArrangementBasedMultiParser.java:111)
	at com.als.core.parser.multiparser.ArrangementBasedMultiParser.parse(ArrangementBasedMultiParser.java:58)
	at com.als.core.language.LanguageSupport.parseAndValidate(LanguageSupport.java:304)
...

WARN 2022-07-20 12:07:21,066 - com.als.core.main.SingleTechnologyStaticAnalyzer: ***************************************************
