INFO 2022-09-30 11:10:17,849 - Analysis initialization: FINISHED
INFO 2022-09-30 11:10:17,849 - -----------------------------------------------------
INFO 2022-09-30 11:10:17,849 - Starting analysis for application "Bridgeweave Android"
INFO 2022-09-30 11:10:17,849 - -----------------------------------------------------
INFO 2022-09-30 11:10:17,851 - Model retrieval: STARTED
INFO 2022-09-30 11:10:38,085 - Model downloaded from Kiuwan
INFO 2022-09-30 11:10:38,085 - Model retrieval: FINISHED
INFO 2022-09-30 11:10:38,086 - Analysis authorization: STARTED
INFO 2022-09-30 11:10:39,392 - Upload analyzed source code forced to "false" - not allowed for user / application
INFO 2022-09-30 11:10:39,392 - Analysis authorization: FINISHED
INFO 2022-09-30 11:10:39,398 - License check: STARTED
INFO 2022-09-30 11:10:41,260 - License check: FINISHED
INFO 2022-09-30 11:10:41,260 - Prepare analysis data: STARTED
INFO 2022-09-30 11:10:41,287 - Prepare analysis data: FINISHED
INFO 2022-09-30 11:10:41,287 - Prepare source code files for upload: STARTED
INFO 2022-09-30 11:10:41,287 - Prepare source code files for upload: FINISHED
WARN 2022-09-30 11:10:43,038 - -----------------------------------------------------
WARN 2022-09-30 11:10:43,038 - Executing rules analysis for technology java
WARN 2022-09-30 11:10:43,039 - -----------------------------------------------------
WARN 2022-09-30 11:10:43,039 - directory: D:\Repos\Brideweave Crypto Repo\Re-Testing\bwbucket-bw-crypto-android-06c0c79b19d7
WARN 2022-09-30 11:10:43,039 - bill-of-materials: 
WARN 2022-09-30 11:10:43,039 - bill-of-materials format: 
WARN 2022-09-30 11:10:43,039 - includes: 
WARN 2022-09-30 11:10:43,039 - excludes: **/src/test/**,**/__MACOSX/**,**/*.min.js,**/*.Designer.vb,**/*.designer.vb,**/*Reference.vb,**/*Service.vb,**/*Silverlight.vb,**/*.Designer.cs,**/*.designer.cs,**/*Reference.cs,**/*Service.cs,**/*Silverlight.cs,**/.*,**/Pods/BuildHeaders/**/*.h,**/Pods/Headers/**/*.h,**/node_modules/**,**/bower_components/**,**/target/**,**/bin/**,**/obj/**,**/dist/**,**/lib/**
WARN 2022-09-30 11:10:43,039 - configuration: D:\Software\KiuwanLocalAnalyzer\bin\..\conf\apps\Bridgeweave Android.properties
WARN 2022-09-30 11:10:43,039 - VM version: 1.8.0_333
WARN 2022-09-30 11:10:43,162 - VM settings:
WARN 2022-09-30 11:10:43,163 -     Stack Size: 2.00M
WARN 2022-09-30 11:10:43,163 -     Min. Heap Size: 128.00M
WARN 2022-09-30 11:10:43,163 -     Max. Heap Size: 1.00G
WARN 2022-09-30 11:10:43,163 -     Ergonomics Machine Class: client
WARN 2022-09-30 11:10:43,163 -     Using VM: Java HotSpot(TM) 64-Bit Server VM
WARN 2022-09-30 11:10:43,163 - 
INFO 2022-09-30 11:10:56,880 - Moving 1 file to D:\Software\KiuwanLocalAnalyzer\temp\Bridgeweave Android.3137998565314767194\results
INFO 2022-09-30 11:10:56,893 - Deleting: D:\Software\KiuwanLocalAnalyzer\temp\Bridgeweave Android.3137998565314767194\results\rules_java.key
WARN 2022-09-30 11:10:57,081 - -----------------------------------------------------
WARN 2022-09-30 11:10:57,082 - Executing metrics analysis for technology java
WARN 2022-09-30 11:10:57,082 - -----------------------------------------------------
WARN 2022-09-30 11:10:57,082 - directory: D:\Repos\Brideweave Crypto Repo\Re-Testing\bwbucket-bw-crypto-android-06c0c79b19d7
WARN 2022-09-30 11:10:57,082 - bill-of-materials: 
WARN 2022-09-30 11:10:57,082 - bill-of-materials format: 
WARN 2022-09-30 11:10:57,083 - includes: 
WARN 2022-09-30 11:10:57,083 - excludes: **/src/test/**,**/__MACOSX/**,**/*.min.js,**/*.Designer.vb,**/*.designer.vb,**/*Reference.vb,**/*Service.vb,**/*Silverlight.vb,**/*.Designer.cs,**/*.designer.cs,**/*Reference.cs,**/*Service.cs,**/*Silverlight.cs,**/.*,**/Pods/BuildHeaders/**/*.h,**/Pods/Headers/**/*.h,**/node_modules/**,**/bower_components/**,**/target/**,**/bin/**,**/obj/**,**/dist/**,**/lib/**
WARN 2022-09-30 11:10:57,083 - configuration: D:\Software\KiuwanLocalAnalyzer\bin\..\conf\apps\Bridgeweave Android.properties
WARN 2022-09-30 11:10:57,083 - VM version: 1.8.0_333
WARN 2022-09-30 11:10:57,189 - VM settings:
WARN 2022-09-30 11:10:57,191 -     Stack Size: 2.00M
WARN 2022-09-30 11:10:57,191 -     Min. Heap Size: 128.00M
WARN 2022-09-30 11:10:57,191 -     Max. Heap Size: 1.00G
WARN 2022-09-30 11:10:57,191 -     Ergonomics Machine Class: client
WARN 2022-09-30 11:10:57,191 -     Using VM: Java HotSpot(TM) 64-Bit Server VM
WARN 2022-09-30 11:10:57,191 - 
INFO 2022-09-30 11:11:06,772 - Moving 1 file to D:\Software\KiuwanLocalAnalyzer\temp\Bridgeweave Android.3137998565314767194\results
INFO 2022-09-30 11:11:06,781 - Deleting: D:\Software\KiuwanLocalAnalyzer\temp\Bridgeweave Android.3137998565314767194\results\metrics_java.key
WARN 2022-09-30 11:11:06,941 - -----------------------------------------------------
WARN 2022-09-30 11:11:06,941 - Executing rules analysis for technology kotlin
WARN 2022-09-30 11:11:06,941 - -----------------------------------------------------
WARN 2022-09-30 11:11:06,942 - directory: D:\Repos\Brideweave Crypto Repo\Re-Testing\bwbucket-bw-crypto-android-06c0c79b19d7
WARN 2022-09-30 11:11:06,942 - bill-of-materials: 
WARN 2022-09-30 11:11:06,942 - bill-of-materials format: 
WARN 2022-09-30 11:11:06,942 - includes: 
WARN 2022-09-30 11:11:06,942 - excludes: **/src/test/**,**/__MACOSX/**,**/*.min.js,**/*.Designer.vb,**/*.designer.vb,**/*Reference.vb,**/*Service.vb,**/*Silverlight.vb,**/*.Designer.cs,**/*.designer.cs,**/*Reference.cs,**/*Service.cs,**/*Silverlight.cs,**/.*,**/Pods/BuildHeaders/**/*.h,**/Pods/Headers/**/*.h,**/node_modules/**,**/bower_components/**,**/target/**,**/bin/**,**/obj/**,**/dist/**,**/lib/**
WARN 2022-09-30 11:11:06,942 - configuration: D:\Software\KiuwanLocalAnalyzer\bin\..\conf\apps\Bridgeweave Android.properties
WARN 2022-09-30 11:11:06,942 - VM version: 1.8.0_333
WARN 2022-09-30 11:11:07,034 - VM settings:
WARN 2022-09-30 11:11:07,035 -     Stack Size: 2.00M
WARN 2022-09-30 11:11:07,035 -     Min. Heap Size: 128.00M
WARN 2022-09-30 11:11:07,035 -     Max. Heap Size: 1.00G
WARN 2022-09-30 11:11:07,036 -     Ergonomics Machine Class: client
WARN 2022-09-30 11:11:07,036 -     Using VM: Java HotSpot(TM) 64-Bit Server VM
WARN 2022-09-30 11:11:07,036 - 
INFO 2022-09-30 11:11:39,308 - Moving 1 file to D:\Software\KiuwanLocalAnalyzer\temp\Bridgeweave Android.3137998565314767194\results
INFO 2022-09-30 11:11:39,316 - Deleting: D:\Software\KiuwanLocalAnalyzer\temp\Bridgeweave Android.3137998565314767194\results\rules_kotlin.key
WARN 2022-09-30 11:11:39,481 - -----------------------------------------------------
WARN 2022-09-30 11:11:39,481 - Executing metrics analysis for technology kotlin
WARN 2022-09-30 11:11:39,481 - -----------------------------------------------------
WARN 2022-09-30 11:11:39,481 - directory: D:\Repos\Brideweave Crypto Repo\Re-Testing\bwbucket-bw-crypto-android-06c0c79b19d7
WARN 2022-09-30 11:11:39,481 - bill-of-materials: 
WARN 2022-09-30 11:11:39,481 - bill-of-materials format: 
WARN 2022-09-30 11:11:39,481 - includes: 
WARN 2022-09-30 11:11:39,481 - excludes: **/src/test/**,**/__MACOSX/**,**/*.min.js,**/*.Designer.vb,**/*.designer.vb,**/*Reference.vb,**/*Service.vb,**/*Silverlight.vb,**/*.Designer.cs,**/*.designer.cs,**/*Reference.cs,**/*Service.cs,**/*Silverlight.cs,**/.*,**/Pods/BuildHeaders/**/*.h,**/Pods/Headers/**/*.h,**/node_modules/**,**/bower_components/**,**/target/**,**/bin/**,**/obj/**,**/dist/**,**/lib/**
WARN 2022-09-30 11:11:39,481 - configuration: D:\Software\KiuwanLocalAnalyzer\bin\..\conf\apps\Bridgeweave Android.properties
WARN 2022-09-30 11:11:39,482 - VM version: 1.8.0_333
WARN 2022-09-30 11:11:39,581 - VM settings:
WARN 2022-09-30 11:11:39,582 -     Stack Size: 2.00M
WARN 2022-09-30 11:11:39,582 -     Min. Heap Size: 128.00M
WARN 2022-09-30 11:11:39,582 -     Max. Heap Size: 1.00G
WARN 2022-09-30 11:11:39,582 -     Ergonomics Machine Class: client
WARN 2022-09-30 11:11:39,582 -     Using VM: Java HotSpot(TM) 64-Bit Server VM
WARN 2022-09-30 11:11:39,582 - 
INFO 2022-09-30 11:11:50,171 - Moving 1 file to D:\Software\KiuwanLocalAnalyzer\temp\Bridgeweave Android.3137998565314767194\results
INFO 2022-09-30 11:11:50,186 - Deleting: D:\Software\KiuwanLocalAnalyzer\temp\Bridgeweave Android.3137998565314767194\results\metrics_kotlin.key
INFO 2022-09-30 11:11:50,190 - Update global report: STARTED
INFO 2022-09-30 11:11:50,198 - Update global report: FINISHED
INFO 2022-09-30 11:11:50,198 - Upload results to kiuwan: STARTED
WARN 2022-09-30 11:12:06,378 - CANCELLED running Static Analysis Kotlin Metrics step for software "Bridgeweave Android"
