INFO 2022-09-30 11:11:09,894 - com.optimyth.qaking.codeanalysis.metadata.model.LibrariesResolver: Metadata libraries FACTORY directory added = D:\Software\KiuwanLocalAnalyzer\libraries
INFO 2022-09-30 11:11:09,895 - com.optimyth.qaking.codeanalysis.metadata.model.LibrariesResolver: Metadata libraries resolver found 1 directories to inspect: [D:\Software\KiuwanLocalAnalyzer\libraries]
WARN 2022-09-30 11:11:18,317 - com.kiuwan.qaking.kotlin.tainting.CachedClassResolver: Cannot parse file: D:\Repos\Brideweave Crypto Repo\Re-Testing\bwbucket-bw-crypto-android-06c0c79b19d7\features\strategies\src\main\java\com\investorai\strategies\presentation\add\viewmodel\StrategiesAccountViewModel.kt
WARN 2022-09-30 11:11:18,456 - com.kiuwan.qaking.kotlin.tainting.CachedClassResolver: Cannot parse file: D:\Repos\Brideweave Crypto Repo\Re-Testing\bwbucket-bw-crypto-android-06c0c79b19d7\features\strategies\src\main\java\com\investorai\strategies\data\repository\CryptoStrategiesRepository.kt
INFO 2022-09-30 11:11:19,802 - com.optimyth.qaking.codeanalysis.redos.RegexNfaAnalyzer$AnalysisRunner: Error analyzing regular expression: \
java.lang.ArrayIndexOutOfBoundsException: 1
	at regexcompiler.MyPattern$Tokeniser.tokenise(MyPattern.java:165)
	at regexcompiler.MyPattern$Tokeniser.access$100(MyPattern.java:103)
	at regexcompiler.MyPattern.toNFAGraph(MyPattern.java:83)
	at com.optimyth.qaking.codeanalysis.redos.RegexNfaAnalyzer$AnalysisRunner.run(RegexNfaAnalyzer.java:225)
	at java.util.concurrent.Executors$RunnableAdapter.call(Unknown Source)
	at java.util.concurrent.FutureTask.run(Unknown Source)
	at java.util.concurrent.ThreadPoolExecutor.runWorker(Unknown Source)
	at java.util.concurrent.ThreadPoolExecutor$Worker.run(Unknown Source)
	at java.lang.Thread.run(Unknown Source)
INFO 2022-09-30 11:11:22,666 - com.optimyth.qaking.codeanalysis.redos.RegexNfaAnalyzer$AnalysisRunner: Error analyzing regular expression: [*
java.util.regex.PatternSyntaxException: Unclosed character class near index 2
[*
	at regexcompiler.MyPattern$Tokeniser.createTokenCharacterClass(MyPattern.java:329)
	at regexcompiler.MyPattern$Tokeniser.tokenise(MyPattern.java:143)
	at regexcompiler.MyPattern$Tokeniser.access$100(MyPattern.java:103)
	at regexcompiler.MyPattern.toNFAGraph(MyPattern.java:83)
	at com.optimyth.qaking.codeanalysis.redos.RegexNfaAnalyzer$AnalysisRunner.run(RegexNfaAnalyzer.java:225)
	at java.util.concurrent.Executors$RunnableAdapter.call(Unknown Source)
	at java.util.concurrent.FutureTask.run(Unknown Source)
	at java.util.concurrent.ThreadPoolExecutor.runWorker(Unknown Source)
	at java.util.concurrent.ThreadPoolExecutor$Worker.run(Unknown Source)
	at java.lang.Thread.run(Unknown Source)
INFO 2022-09-30 11:11:22,671 - com.optimyth.qaking.codeanalysis.redos.RegexNfaAnalyzer$AnalysisRunner: Error analyzing regular expression: *]
java.util.regex.PatternSyntaxException: Dangling meta character '*' near index 1
*]
 ^
	at regexcompiler.MyPattern$Parser.parseTerm(MyPattern.java:605)
	at regexcompiler.MyPattern$Parser.parseRegex(MyPattern.java:564)
	at regexcompiler.MyPattern$Parser.parse(MyPattern.java:546)
	at regexcompiler.MyPattern.toNFAGraph(MyPattern.java:86)
	at com.optimyth.qaking.codeanalysis.redos.RegexNfaAnalyzer$AnalysisRunner.run(RegexNfaAnalyzer.java:225)
	at java.util.concurrent.Executors$RunnableAdapter.call(Unknown Source)
	at java.util.concurrent.FutureTask.run(Unknown Source)
	at java.util.concurrent.ThreadPoolExecutor.runWorker(Unknown Source)
	at java.util.concurrent.ThreadPoolExecutor$Worker.run(Unknown Source)
	at java.lang.Thread.run(Unknown Source)
INFO 2022-09-30 11:11:22,673 - com.optimyth.qaking.codeanalysis.redos.RegexNfaAnalyzer$AnalysisRunner: Error analyzing regular expression: [*
java.util.regex.PatternSyntaxException: Unclosed character class near index 2
[*
	at regexcompiler.MyPattern$Tokeniser.createTokenCharacterClass(MyPattern.java:329)
	at regexcompiler.MyPattern$Tokeniser.tokenise(MyPattern.java:143)
	at regexcompiler.MyPattern$Tokeniser.access$100(MyPattern.java:103)
	at regexcompiler.MyPattern.toNFAGraph(MyPattern.java:83)
	at com.optimyth.qaking.codeanalysis.redos.RegexNfaAnalyzer$AnalysisRunner.run(RegexNfaAnalyzer.java:225)
	at java.util.concurrent.Executors$RunnableAdapter.call(Unknown Source)
	at java.util.concurrent.FutureTask.run(Unknown Source)
	at java.util.concurrent.ThreadPoolExecutor.runWorker(Unknown Source)
	at java.util.concurrent.ThreadPoolExecutor$Worker.run(Unknown Source)
	at java.lang.Thread.run(Unknown Source)
INFO 2022-09-30 11:11:22,678 - com.optimyth.qaking.codeanalysis.redos.RegexNfaAnalyzer$AnalysisRunner: Error analyzing regular expression: *]
java.util.regex.PatternSyntaxException: Dangling meta character '*' near index 1
*]
 ^
	at regexcompiler.MyPattern$Parser.parseTerm(MyPattern.java:605)
	at regexcompiler.MyPattern$Parser.parseRegex(MyPattern.java:564)
	at regexcompiler.MyPattern$Parser.parse(MyPattern.java:546)
	at regexcompiler.MyPattern.toNFAGraph(MyPattern.java:86)
	at com.optimyth.qaking.codeanalysis.redos.RegexNfaAnalyzer$AnalysisRunner.run(RegexNfaAnalyzer.java:225)
	at java.util.concurrent.Executors$RunnableAdapter.call(Unknown Source)
	at java.util.concurrent.FutureTask.run(Unknown Source)
	at java.util.concurrent.ThreadPoolExecutor.runWorker(Unknown Source)
	at java.util.concurrent.ThreadPoolExecutor$Worker.run(Unknown Source)
	at java.lang.Thread.run(Unknown Source)
INFO 2022-09-30 11:11:23,444 - com.optimyth.qaking.codeanalysis.redos.RegexNfaAnalyzer$AnalysisRunner: Error analyzing regular expression: [*
java.util.regex.PatternSyntaxException: Unclosed character class near index 2
[*
	at regexcompiler.MyPattern$Tokeniser.createTokenCharacterClass(MyPattern.java:329)
	at regexcompiler.MyPattern$Tokeniser.tokenise(MyPattern.java:143)
	at regexcompiler.MyPattern$Tokeniser.access$100(MyPattern.java:103)
	at regexcompiler.MyPattern.toNFAGraph(MyPattern.java:83)
	at com.optimyth.qaking.codeanalysis.redos.RegexNfaAnalyzer$AnalysisRunner.run(RegexNfaAnalyzer.java:225)
	at java.util.concurrent.Executors$RunnableAdapter.call(Unknown Source)
	at java.util.concurrent.FutureTask.run(Unknown Source)
	at java.util.concurrent.ThreadPoolExecutor.runWorker(Unknown Source)
	at java.util.concurrent.ThreadPoolExecutor$Worker.run(Unknown Source)
	at java.lang.Thread.run(Unknown Source)
INFO 2022-09-30 11:11:23,446 - com.optimyth.qaking.codeanalysis.redos.RegexNfaAnalyzer$AnalysisRunner: Error analyzing regular expression: *]
java.util.regex.PatternSyntaxException: Dangling meta character '*' near index 1
*]
 ^
	at regexcompiler.MyPattern$Parser.parseTerm(MyPattern.java:605)
	at regexcompiler.MyPattern$Parser.parseRegex(MyPattern.java:564)
	at regexcompiler.MyPattern$Parser.parse(MyPattern.java:546)
	at regexcompiler.MyPattern.toNFAGraph(MyPattern.java:86)
	at com.optimyth.qaking.codeanalysis.redos.RegexNfaAnalyzer$AnalysisRunner.run(RegexNfaAnalyzer.java:225)
	at java.util.concurrent.Executors$RunnableAdapter.call(Unknown Source)
	at java.util.concurrent.FutureTask.run(Unknown Source)
	at java.util.concurrent.ThreadPoolExecutor.runWorker(Unknown Source)
	at java.util.concurrent.ThreadPoolExecutor$Worker.run(Unknown Source)
	at java.lang.Thread.run(Unknown Source)
INFO 2022-09-30 11:11:23,446 - com.optimyth.qaking.codeanalysis.redos.RegexNfaAnalyzer$AnalysisRunner: Error analyzing regular expression: [*
java.util.regex.PatternSyntaxException: Unclosed character class near index 2
[*
	at regexcompiler.MyPattern$Tokeniser.createTokenCharacterClass(MyPattern.java:329)
	at regexcompiler.MyPattern$Tokeniser.tokenise(MyPattern.java:143)
	at regexcompiler.MyPattern$Tokeniser.access$100(MyPattern.java:103)
	at regexcompiler.MyPattern.toNFAGraph(MyPattern.java:83)
	at com.optimyth.qaking.codeanalysis.redos.RegexNfaAnalyzer$AnalysisRunner.run(RegexNfaAnalyzer.java:225)
	at java.util.concurrent.Executors$RunnableAdapter.call(Unknown Source)
	at java.util.concurrent.FutureTask.run(Unknown Source)
	at java.util.concurrent.ThreadPoolExecutor.runWorker(Unknown Source)
	at java.util.concurrent.ThreadPoolExecutor$Worker.run(Unknown Source)
	at java.lang.Thread.run(Unknown Source)
INFO 2022-09-30 11:11:23,448 - com.optimyth.qaking.codeanalysis.redos.RegexNfaAnalyzer$AnalysisRunner: Error analyzing regular expression: *]
java.util.regex.PatternSyntaxException: Dangling meta character '*' near index 1
*]
 ^
	at regexcompiler.MyPattern$Parser.parseTerm(MyPattern.java:605)
	at regexcompiler.MyPattern$Parser.parseRegex(MyPattern.java:564)
	at regexcompiler.MyPattern$Parser.parse(MyPattern.java:546)
	at regexcompiler.MyPattern.toNFAGraph(MyPattern.java:86)
	at com.optimyth.qaking.codeanalysis.redos.RegexNfaAnalyzer$AnalysisRunner.run(RegexNfaAnalyzer.java:225)
	at java.util.concurrent.Executors$RunnableAdapter.call(Unknown Source)
	at java.util.concurrent.FutureTask.run(Unknown Source)
	at java.util.concurrent.ThreadPoolExecutor.runWorker(Unknown Source)
	at java.util.concurrent.ThreadPoolExecutor$Worker.run(Unknown Source)
	at java.lang.Thread.run(Unknown Source)
INFO 2022-09-30 11:11:23,448 - com.optimyth.qaking.codeanalysis.redos.RegexNfaAnalyzer$AnalysisRunner: Error analyzing regular expression: [**
java.util.regex.PatternSyntaxException: Unclosed character class near index 3
[**
	at regexcompiler.MyPattern$Tokeniser.createTokenCharacterClass(MyPattern.java:329)
	at regexcompiler.MyPattern$Tokeniser.tokenise(MyPattern.java:143)
	at regexcompiler.MyPattern$Tokeniser.access$100(MyPattern.java:103)
	at regexcompiler.MyPattern.toNFAGraph(MyPattern.java:83)
	at com.optimyth.qaking.codeanalysis.redos.RegexNfaAnalyzer$AnalysisRunner.run(RegexNfaAnalyzer.java:225)
	at java.util.concurrent.Executors$RunnableAdapter.call(Unknown Source)
	at java.util.concurrent.FutureTask.run(Unknown Source)
	at java.util.concurrent.ThreadPoolExecutor.runWorker(Unknown Source)
	at java.util.concurrent.ThreadPoolExecutor$Worker.run(Unknown Source)
	at java.lang.Thread.run(Unknown Source)
INFO 2022-09-30 11:11:23,449 - com.optimyth.qaking.codeanalysis.redos.RegexNfaAnalyzer$AnalysisRunner: Error analyzing regular expression: **]
java.util.regex.PatternSyntaxException: Dangling meta character '*' near index 1
**]
 ^
	at regexcompiler.MyPattern$Parser.parseTerm(MyPattern.java:605)
	at regexcompiler.MyPattern$Parser.parseRegex(MyPattern.java:564)
	at regexcompiler.MyPattern$Parser.parse(MyPattern.java:546)
	at regexcompiler.MyPattern.toNFAGraph(MyPattern.java:86)
	at com.optimyth.qaking.codeanalysis.redos.RegexNfaAnalyzer$AnalysisRunner.run(RegexNfaAnalyzer.java:225)
	at java.util.concurrent.Executors$RunnableAdapter.call(Unknown Source)
	at java.util.concurrent.FutureTask.run(Unknown Source)
	at java.util.concurrent.ThreadPoolExecutor.runWorker(Unknown Source)
	at java.util.concurrent.ThreadPoolExecutor$Worker.run(Unknown Source)
	at java.lang.Thread.run(Unknown Source)
INFO 2022-09-30 11:11:23,912 - com.optimyth.qaking.codeanalysis.redos.RegexNfaAnalyzer$AnalysisRunner: Error analyzing regular expression: [*
java.util.regex.PatternSyntaxException: Unclosed character class near index 2
[*
	at regexcompiler.MyPattern$Tokeniser.createTokenCharacterClass(MyPattern.java:329)
	at regexcompiler.MyPattern$Tokeniser.tokenise(MyPattern.java:143)
	at regexcompiler.MyPattern$Tokeniser.access$100(MyPattern.java:103)
	at regexcompiler.MyPattern.toNFAGraph(MyPattern.java:83)
	at com.optimyth.qaking.codeanalysis.redos.RegexNfaAnalyzer$AnalysisRunner.run(RegexNfaAnalyzer.java:225)
	at java.util.concurrent.Executors$RunnableAdapter.call(Unknown Source)
	at java.util.concurrent.FutureTask.run(Unknown Source)
	at java.util.concurrent.ThreadPoolExecutor.runWorker(Unknown Source)
	at java.util.concurrent.ThreadPoolExecutor$Worker.run(Unknown Source)
	at java.lang.Thread.run(Unknown Source)
INFO 2022-09-30 11:11:23,914 - com.optimyth.qaking.codeanalysis.redos.RegexNfaAnalyzer$AnalysisRunner: Error analyzing regular expression: *]
java.util.regex.PatternSyntaxException: Dangling meta character '*' near index 1
*]
 ^
	at regexcompiler.MyPattern$Parser.parseTerm(MyPattern.java:605)
	at regexcompiler.MyPattern$Parser.parseRegex(MyPattern.java:564)
	at regexcompiler.MyPattern$Parser.parse(MyPattern.java:546)
	at regexcompiler.MyPattern.toNFAGraph(MyPattern.java:86)
	at com.optimyth.qaking.codeanalysis.redos.RegexNfaAnalyzer$AnalysisRunner.run(RegexNfaAnalyzer.java:225)
	at java.util.concurrent.Executors$RunnableAdapter.call(Unknown Source)
	at java.util.concurrent.FutureTask.run(Unknown Source)
	at java.util.concurrent.ThreadPoolExecutor.runWorker(Unknown Source)
	at java.util.concurrent.ThreadPoolExecutor$Worker.run(Unknown Source)
	at java.lang.Thread.run(Unknown Source)
INFO 2022-09-30 11:11:23,917 - com.optimyth.qaking.codeanalysis.redos.RegexNfaAnalyzer$AnalysisRunner: Error analyzing regular expression: [*
java.util.regex.PatternSyntaxException: Unclosed character class near index 2
[*
	at regexcompiler.MyPattern$Tokeniser.createTokenCharacterClass(MyPattern.java:329)
	at regexcompiler.MyPattern$Tokeniser.tokenise(MyPattern.java:143)
	at regexcompiler.MyPattern$Tokeniser.access$100(MyPattern.java:103)
	at regexcompiler.MyPattern.toNFAGraph(MyPattern.java:83)
	at com.optimyth.qaking.codeanalysis.redos.RegexNfaAnalyzer$AnalysisRunner.run(RegexNfaAnalyzer.java:225)
	at java.util.concurrent.Executors$RunnableAdapter.call(Unknown Source)
	at java.util.concurrent.FutureTask.run(Unknown Source)
	at java.util.concurrent.ThreadPoolExecutor.runWorker(Unknown Source)
	at java.util.concurrent.ThreadPoolExecutor$Worker.run(Unknown Source)
	at java.lang.Thread.run(Unknown Source)
INFO 2022-09-30 11:11:23,917 - com.optimyth.qaking.codeanalysis.redos.RegexNfaAnalyzer$AnalysisRunner: Error analyzing regular expression: *]
java.util.regex.PatternSyntaxException: Dangling meta character '*' near index 1
*]
 ^
	at regexcompiler.MyPattern$Parser.parseTerm(MyPattern.java:605)
	at regexcompiler.MyPattern$Parser.parseRegex(MyPattern.java:564)
	at regexcompiler.MyPattern$Parser.parse(MyPattern.java:546)
	at regexcompiler.MyPattern.toNFAGraph(MyPattern.java:86)
	at com.optimyth.qaking.codeanalysis.redos.RegexNfaAnalyzer$AnalysisRunner.run(RegexNfaAnalyzer.java:225)
	at java.util.concurrent.Executors$RunnableAdapter.call(Unknown Source)
	at java.util.concurrent.FutureTask.run(Unknown Source)
	at java.util.concurrent.ThreadPoolExecutor.runWorker(Unknown Source)
	at java.util.concurrent.ThreadPoolExecutor$Worker.run(Unknown Source)
	at java.lang.Thread.run(Unknown Source)
INFO 2022-09-30 11:11:23,924 - com.optimyth.qaking.codeanalysis.redos.RegexNfaAnalyzer$AnalysisRunner: Error analyzing regular expression: [*
java.util.regex.PatternSyntaxException: Unclosed character class near index 2
[*
	at regexcompiler.MyPattern$Tokeniser.createTokenCharacterClass(MyPattern.java:329)
	at regexcompiler.MyPattern$Tokeniser.tokenise(MyPattern.java:143)
	at regexcompiler.MyPattern$Tokeniser.access$100(MyPattern.java:103)
	at regexcompiler.MyPattern.toNFAGraph(MyPattern.java:83)
	at com.optimyth.qaking.codeanalysis.redos.RegexNfaAnalyzer$AnalysisRunner.run(RegexNfaAnalyzer.java:225)
	at java.util.concurrent.Executors$RunnableAdapter.call(Unknown Source)
	at java.util.concurrent.FutureTask.run(Unknown Source)
	at java.util.concurrent.ThreadPoolExecutor.runWorker(Unknown Source)
	at java.util.concurrent.ThreadPoolExecutor$Worker.run(Unknown Source)
	at java.lang.Thread.run(Unknown Source)
INFO 2022-09-30 11:11:23,925 - com.optimyth.qaking.codeanalysis.redos.RegexNfaAnalyzer$AnalysisRunner: Error analyzing regular expression: *]
java.util.regex.PatternSyntaxException: Dangling meta character '*' near index 1
*]
 ^
	at regexcompiler.MyPattern$Parser.parseTerm(MyPattern.java:605)
	at regexcompiler.MyPattern$Parser.parseRegex(MyPattern.java:564)
	at regexcompiler.MyPattern$Parser.parse(MyPattern.java:546)
	at regexcompiler.MyPattern.toNFAGraph(MyPattern.java:86)
	at com.optimyth.qaking.codeanalysis.redos.RegexNfaAnalyzer$AnalysisRunner.run(RegexNfaAnalyzer.java:225)
	at java.util.concurrent.Executors$RunnableAdapter.call(Unknown Source)
	at java.util.concurrent.FutureTask.run(Unknown Source)
	at java.util.concurrent.ThreadPoolExecutor.runWorker(Unknown Source)
	at java.util.concurrent.ThreadPoolExecutor$Worker.run(Unknown Source)
	at java.lang.Thread.run(Unknown Source)
INFO 2022-09-30 11:11:23,926 - com.optimyth.qaking.codeanalysis.redos.RegexNfaAnalyzer$AnalysisRunner: Error analyzing regular expression: [*
java.util.regex.PatternSyntaxException: Unclosed character class near index 2
[*
	at regexcompiler.MyPattern$Tokeniser.createTokenCharacterClass(MyPattern.java:329)
	at regexcompiler.MyPattern$Tokeniser.tokenise(MyPattern.java:143)
	at regexcompiler.MyPattern$Tokeniser.access$100(MyPattern.java:103)
	at regexcompiler.MyPattern.toNFAGraph(MyPattern.java:83)
	at com.optimyth.qaking.codeanalysis.redos.RegexNfaAnalyzer$AnalysisRunner.run(RegexNfaAnalyzer.java:225)
	at java.util.concurrent.Executors$RunnableAdapter.call(Unknown Source)
	at java.util.concurrent.FutureTask.run(Unknown Source)
	at java.util.concurrent.ThreadPoolExecutor.runWorker(Unknown Source)
	at java.util.concurrent.ThreadPoolExecutor$Worker.run(Unknown Source)
	at java.lang.Thread.run(Unknown Source)
INFO 2022-09-30 11:11:23,926 - com.optimyth.qaking.codeanalysis.redos.RegexNfaAnalyzer$AnalysisRunner: Error analyzing regular expression: *]
java.util.regex.PatternSyntaxException: Dangling meta character '*' near index 1
*]
 ^
	at regexcompiler.MyPattern$Parser.parseTerm(MyPattern.java:605)
	at regexcompiler.MyPattern$Parser.parseRegex(MyPattern.java:564)
	at regexcompiler.MyPattern$Parser.parse(MyPattern.java:546)
	at regexcompiler.MyPattern.toNFAGraph(MyPattern.java:86)
	at com.optimyth.qaking.codeanalysis.redos.RegexNfaAnalyzer$AnalysisRunner.run(RegexNfaAnalyzer.java:225)
	at java.util.concurrent.Executors$RunnableAdapter.call(Unknown Source)
	at java.util.concurrent.FutureTask.run(Unknown Source)
	at java.util.concurrent.ThreadPoolExecutor.runWorker(Unknown Source)
	at java.util.concurrent.ThreadPoolExecutor$Worker.run(Unknown Source)
	at java.lang.Thread.run(Unknown Source)
WARN 2022-09-30 11:11:28,853 - com.als.core.main.SingleTechnologyStaticAnalyzer: ***************************************************
WARN 2022-09-30 11:11:28,853 - com.als.core.main.SingleTechnologyStaticAnalyzer: File: D:\Repos\Brideweave Crypto Repo\Re-Testing\bwbucket-bw-crypto-android-06c0c79b19d7\features\hunter\src\main\java\com\investorai\hunter\data\repository\HunterRepositoryImpl.kt
WARN 2022-09-30 11:11:28,860 - com.als.core.main.SingleTechnologyStaticAnalyzer: Technology: kotlin
WARN 2022-09-30 11:11:28,860 - com.als.core.main.SingleTechnologyStaticAnalyzer: Message: Cannot parse D:\Repos\Brideweave Crypto Repo\Re-Testing\bwbucket-bw-crypto-android-06c0c79b19d7\features\hunter\src\main\java\com\investorai\hunter\data\repository\HunterRepositoryImpl.kt, due to: com.kiuwan.qaking.kotlin.parser.ParseException: Encountered ")" at line 132, column 5.
WARN 2022-09-30 11:11:28,862 - com.als.core.main.SingleTechnologyStaticAnalyzer: Stack:
WARN 2022-09-30 11:11:28,862 - com.als.core.main.SingleTechnologyStaticAnalyzer: com.als.core.parser.ParseException: Cannot parse D:\Repos\Brideweave Crypto Repo\Re-Testing\bwbucket-bw-crypto-android-06c0c79b19d7\features\hunter\src\main\java\com\investorai\hunter\data\repository\HunterRepositoryImpl.kt, due to: com.kiuwan.qaking.kotlin.parser.ParseException: Encountered ")" at line 132, column 5.
Was expecting one of:
    "=" ...
    <NL> ...
    "<" ...
    "." ...
    "?" ...
    
	at com.als.core.parser.AbstractReaderParser.wrapException(AbstractReaderParser.java:98)
	at com.als.core.parser.AbstractReaderParser.throwParseException(AbstractReaderParser.java:93)
...

WARN 2022-09-30 11:11:28,862 - com.als.core.main.SingleTechnologyStaticAnalyzer: Original code: lines 130/134
WARN 2022-09-30 11:11:28,862 - com.als.core.main.SingleTechnologyStaticAnalyzer:         frequency: String

    ): DataResult<AllocationDetailsResponse> {
        return networkExtension.safeApiCall {
            hunterApi.yourAllocation(

WARN 2022-09-30 11:11:28,862 - com.als.core.main.SingleTechnologyStaticAnalyzer: ***************************************************
WARN 2022-09-30 11:11:30,605 - com.als.core.main.SingleTechnologyStaticAnalyzer: ***************************************************
WARN 2022-09-30 11:11:30,605 - com.als.core.main.SingleTechnologyStaticAnalyzer: File: D:\Repos\Brideweave Crypto Repo\Re-Testing\bwbucket-bw-crypto-android-06c0c79b19d7\features\strategies\src\main\java\com\investorai\strategies\data\repository\CryptoStrategiesRepository.kt
WARN 2022-09-30 11:11:30,605 - com.als.core.main.SingleTechnologyStaticAnalyzer: Technology: kotlin
WARN 2022-09-30 11:11:30,605 - com.als.core.main.SingleTechnologyStaticAnalyzer: Message: Cannot parse D:\Repos\Brideweave Crypto Repo\Re-Testing\bwbucket-bw-crypto-android-06c0c79b19d7\features\strategies\src\main\java\com\investorai\strategies\data\repository\CryptoStrategiesRepository.kt, due to: com.kiuwan.qaking.kotlin.parser.ParseException: Encountered ")" at line 50, column 5.
WARN 2022-09-30 11:11:30,606 - com.als.core.main.SingleTechnologyStaticAnalyzer: Stack:
WARN 2022-09-30 11:11:30,606 - com.als.core.main.SingleTechnologyStaticAnalyzer: com.als.core.parser.ParseException: Cannot parse D:\Repos\Brideweave Crypto Repo\Re-Testing\bwbucket-bw-crypto-android-06c0c79b19d7\features\strategies\src\main\java\com\investorai\strategies\data\repository\CryptoStrategiesRepository.kt, due to: com.kiuwan.qaking.kotlin.parser.ParseException: Encountered ")" at line 50, column 5.
Was expecting one of:
    "=" ...
    <NL> ...
    "<" ...
    "." ...
    "?" ...
    
	at com.als.core.parser.AbstractReaderParser.wrapException(AbstractReaderParser.java:98)
	at com.als.core.parser.AbstractReaderParser.throwParseException(AbstractReaderParser.java:93)
...

WARN 2022-09-30 11:11:30,606 - com.als.core.main.SingleTechnologyStaticAnalyzer: Original code: lines 48/52
WARN 2022-09-30 11:11:30,606 - com.als.core.main.SingleTechnologyStaticAnalyzer:         currency: String

    ): DataResult<StratergyConfirmResponse>

    suspend fun fetchAvailableUnitTrading(exchangeCode: String): DataResult<AvailableTradingUnitResponse>

WARN 2022-09-30 11:11:30,606 - com.als.core.main.SingleTechnologyStaticAnalyzer: ***************************************************
WARN 2022-09-30 11:11:30,607 - com.als.core.main.SingleTechnologyStaticAnalyzer: ***************************************************
WARN 2022-09-30 11:11:30,607 - com.als.core.main.SingleTechnologyStaticAnalyzer: File: D:\Repos\Brideweave Crypto Repo\Re-Testing\bwbucket-bw-crypto-android-06c0c79b19d7\features\strategies\src\main\java\com\investorai\strategies\data\repository\CryptoStrategiesRepositoryImpl.kt
WARN 2022-09-30 11:11:30,607 - com.als.core.main.SingleTechnologyStaticAnalyzer: Technology: kotlin
WARN 2022-09-30 11:11:30,607 - com.als.core.main.SingleTechnologyStaticAnalyzer: Message: Cannot parse D:\Repos\Brideweave Crypto Repo\Re-Testing\bwbucket-bw-crypto-android-06c0c79b19d7\features\strategies\src\main\java\com\investorai\strategies\data\repository\CryptoStrategiesRepositoryImpl.kt, due to: com.kiuwan.qaking.kotlin.parser.ParseException: Encountered ")" at line 127, column 5.
WARN 2022-09-30 11:11:30,608 - com.als.core.main.SingleTechnologyStaticAnalyzer: Stack:
WARN 2022-09-30 11:11:30,608 - com.als.core.main.SingleTechnologyStaticAnalyzer: com.als.core.parser.ParseException: Cannot parse D:\Repos\Brideweave Crypto Repo\Re-Testing\bwbucket-bw-crypto-android-06c0c79b19d7\features\strategies\src\main\java\com\investorai\strategies\data\repository\CryptoStrategiesRepositoryImpl.kt, due to: com.kiuwan.qaking.kotlin.parser.ParseException: Encountered ")" at line 127, column 5.
Was expecting one of:
    "=" ...
    <NL> ...
    "<" ...
    "." ...
    "?" ...
    
	at com.als.core.parser.AbstractReaderParser.wrapException(AbstractReaderParser.java:98)
	at com.als.core.parser.AbstractReaderParser.throwParseException(AbstractReaderParser.java:93)
...

WARN 2022-09-30 11:11:30,608 - com.als.core.main.SingleTechnologyStaticAnalyzer: Original code: lines 125/129
WARN 2022-09-30 11:11:30,608 - com.als.core.main.SingleTechnologyStaticAnalyzer: 

    ): DataResult<StratergyConfirmResponse> {
        return networkExtension.safeApiCall {
            cryptoStrategiesApi.getConfirmStratergies(

WARN 2022-09-30 11:11:30,608 - com.als.core.main.SingleTechnologyStaticAnalyzer: ***************************************************
WARN 2022-09-30 11:11:31,302 - com.als.core.main.SingleTechnologyStaticAnalyzer: ***************************************************
WARN 2022-09-30 11:11:31,302 - com.als.core.main.SingleTechnologyStaticAnalyzer: File: D:\Repos\Brideweave Crypto Repo\Re-Testing\bwbucket-bw-crypto-android-06c0c79b19d7\features\strategies\src\main\java\com\investorai\strategies\presentation\add\viewmodel\StrategiesAccountViewModel.kt
WARN 2022-09-30 11:11:31,302 - com.als.core.main.SingleTechnologyStaticAnalyzer: Technology: kotlin
WARN 2022-09-30 11:11:31,302 - com.als.core.main.SingleTechnologyStaticAnalyzer: Message: Cannot parse D:\Repos\Brideweave Crypto Repo\Re-Testing\bwbucket-bw-crypto-android-06c0c79b19d7\features\strategies\src\main\java\com\investorai\strategies\presentation\add\viewmodel\StrategiesAccountViewModel.kt, due to: com.kiuwan.qaking.kotlin.parser.ParseException: Encountered ")" at line 314, column 5.
WARN 2022-09-30 11:11:31,302 - com.als.core.main.SingleTechnologyStaticAnalyzer: Stack:
WARN 2022-09-30 11:11:31,302 - com.als.core.main.SingleTechnologyStaticAnalyzer: com.als.core.parser.ParseException: Cannot parse D:\Repos\Brideweave Crypto Repo\Re-Testing\bwbucket-bw-crypto-android-06c0c79b19d7\features\strategies\src\main\java\com\investorai\strategies\presentation\add\viewmodel\StrategiesAccountViewModel.kt, due to: com.kiuwan.qaking.kotlin.parser.ParseException: Encountered ")" at line 314, column 5.
Was expecting one of:
    "=" ...
    <NL> ...
    "<" ...
    "." ...
    "?" ...
    
	at com.als.core.parser.AbstractReaderParser.wrapException(AbstractReaderParser.java:98)
	at com.als.core.parser.AbstractReaderParser.throwParseException(AbstractReaderParser.java:93)
...

WARN 2022-09-30 11:11:31,302 - com.als.core.main.SingleTechnologyStaticAnalyzer: Original code: lines 312/316
WARN 2022-09-30 11:11:31,302 - com.als.core.main.SingleTechnologyStaticAnalyzer:         strategyType: String

    ) {
        emitState(StrategiesState.Loading)
        launch {

WARN 2022-09-30 11:11:31,302 - com.als.core.main.SingleTechnologyStaticAnalyzer: ***************************************************
INFO 2022-09-30 11:11:32,379 - com.optimyth.qaking.codeanalysis.redos.RegexNfaAnalyzer$AnalysisRunner: Error analyzing regular expression: ^(?=.*[0-9])(?=.*[A-Z])(?=.*[!@#$%^&+=])(?=\S+$).{8,}$
regexcompiler.UnimplementedFunctionalityException: Anchor at invalid position: $ at 46
	at regexcompiler.MyPattern$Parser.parseRegex(MyPattern.java:583)
	at regexcompiler.MyPattern$Parser.parse(MyPattern.java:546)
	at regexcompiler.MyPattern$Parser.parseFactor(MyPattern.java:679)
	at regexcompiler.MyPattern$Parser.parseTerm(MyPattern.java:615)
	at regexcompiler.MyPattern$Parser.parseRegex(MyPattern.java:564)
	at regexcompiler.MyPattern$Parser.parse(MyPattern.java:546)
	at regexcompiler.MyPattern.toNFAGraph(MyPattern.java:86)
	at com.optimyth.qaking.codeanalysis.redos.RegexNfaAnalyzer$AnalysisRunner.run(RegexNfaAnalyzer.java:225)
	at java.util.concurrent.Executors$RunnableAdapter.call(Unknown Source)
	at java.util.concurrent.FutureTask.run(Unknown Source)
	at java.util.concurrent.ThreadPoolExecutor.runWorker(Unknown Source)
	at java.util.concurrent.ThreadPoolExecutor$Worker.run(Unknown Source)
	at java.lang.Thread.run(Unknown Source)
