INFO 2022-11-18 12:43:30,247 - Analysis initialization: FINISHED
INFO 2022-11-18 12:43:30,247 - -----------------------------------------------------
INFO 2022-11-18 12:43:30,247 - Starting analysis for application "BridgeWeave Crypto Android"
INFO 2022-11-18 12:43:30,248 - -----------------------------------------------------
INFO 2022-11-18 12:43:30,249 - Model retrieval: STARTED
INFO 2022-11-18 12:43:31,146 - Model retrieved from cache
INFO 2022-11-18 12:43:31,147 - Model retrieval: FINISHED
INFO 2022-11-18 12:43:31,147 - Analysis authorization: STARTED
INFO 2022-11-18 12:43:31,988 - Upload analyzed source code forced to "false" - not allowed for user / application
INFO 2022-11-18 12:43:31,989 - Analysis authorization: FINISHED
INFO 2022-11-18 12:43:31,995 - License check: STARTED
INFO 2022-11-18 12:43:32,933 - License check: FINISHED
INFO 2022-11-18 12:43:32,933 - Prepare analysis data: STARTED
INFO 2022-11-18 12:43:32,962 - Prepare analysis data: FINISHED
INFO 2022-11-18 12:43:32,962 - Prepare source code files for upload: STARTED
INFO 2022-11-18 12:43:32,963 - Prepare source code files for upload: FINISHED
WARN 2022-11-18 12:43:34,637 - -----------------------------------------------------
WARN 2022-11-18 12:43:34,638 - Executing rules analysis for technology java
WARN 2022-11-18 12:43:34,638 - -----------------------------------------------------
WARN 2022-11-18 12:43:34,638 - directory: D:\Repos\Brideweave Crypto Repo\Re-Test V2\bwbucket-bw-crypto-android-d8c446fae3e3
WARN 2022-11-18 12:43:34,638 - bill-of-materials: 
WARN 2022-11-18 12:43:34,638 - bill-of-materials format: 
WARN 2022-11-18 12:43:34,638 - includes: 
WARN 2022-11-18 12:43:34,638 - excludes: **/src/test/**,**/__MACOSX/**,**/*.min.js,**/*.Designer.vb,**/*.designer.vb,**/*Reference.vb,**/*Service.vb,**/*Silverlight.vb,**/*.Designer.cs,**/*.designer.cs,**/*Reference.cs,**/*Service.cs,**/*Silverlight.cs,**/.*,**/Pods/BuildHeaders/**/*.h,**/Pods/Headers/**/*.h,**/node_modules/**,**/bower_components/**,**/target/**,**/bin/**,**/obj/**,**/dist/**,**/lib/**
WARN 2022-11-18 12:43:34,638 - configuration: D:\Software\KiuwanLocalAnalyzer\bin\..\conf\apps\BridgeWeave Crypto Android.properties
WARN 2022-11-18 12:43:34,638 - VM version: 1.8.0_333
WARN 2022-11-18 12:43:34,749 - VM settings:
WARN 2022-11-18 12:43:34,750 -     Stack Size: 2.00M
WARN 2022-11-18 12:43:34,750 -     Min. Heap Size: 128.00M
WARN 2022-11-18 12:43:34,750 -     Max. Heap Size: 1.00G
WARN 2022-11-18 12:43:34,750 -     Ergonomics Machine Class: client
WARN 2022-11-18 12:43:34,750 -     Using VM: Java HotSpot(TM) 64-Bit Server VM
WARN 2022-11-18 12:43:34,750 - 
INFO 2022-11-18 12:43:48,681 - Moving 1 file to D:\Software\KiuwanLocalAnalyzer\temp\BridgeWeave Crypto Android.8992049002099959198\results
INFO 2022-11-18 12:43:48,690 - Deleting: D:\Software\KiuwanLocalAnalyzer\temp\BridgeWeave Crypto Android.8992049002099959198\results\rules_java.key
WARN 2022-11-18 12:43:48,887 - -----------------------------------------------------
WARN 2022-11-18 12:43:48,887 - Executing metrics analysis for technology java
WARN 2022-11-18 12:43:48,887 - -----------------------------------------------------
WARN 2022-11-18 12:43:48,887 - directory: D:\Repos\Brideweave Crypto Repo\Re-Test V2\bwbucket-bw-crypto-android-d8c446fae3e3
WARN 2022-11-18 12:43:48,887 - bill-of-materials: 
WARN 2022-11-18 12:43:48,887 - bill-of-materials format: 
WARN 2022-11-18 12:43:48,888 - includes: 
WARN 2022-11-18 12:43:48,888 - excludes: **/src/test/**,**/__MACOSX/**,**/*.min.js,**/*.Designer.vb,**/*.designer.vb,**/*Reference.vb,**/*Service.vb,**/*Silverlight.vb,**/*.Designer.cs,**/*.designer.cs,**/*Reference.cs,**/*Service.cs,**/*Silverlight.cs,**/.*,**/Pods/BuildHeaders/**/*.h,**/Pods/Headers/**/*.h,**/node_modules/**,**/bower_components/**,**/target/**,**/bin/**,**/obj/**,**/dist/**,**/lib/**
WARN 2022-11-18 12:43:48,888 - configuration: D:\Software\KiuwanLocalAnalyzer\bin\..\conf\apps\BridgeWeave Crypto Android.properties
WARN 2022-11-18 12:43:48,888 - VM version: 1.8.0_333
WARN 2022-11-18 12:43:48,987 - VM settings:
WARN 2022-11-18 12:43:48,988 -     Stack Size: 2.00M
WARN 2022-11-18 12:43:48,988 -     Min. Heap Size: 128.00M
WARN 2022-11-18 12:43:48,988 -     Max. Heap Size: 1.00G
WARN 2022-11-18 12:43:48,988 -     Ergonomics Machine Class: client
WARN 2022-11-18 12:43:48,988 -     Using VM: Java HotSpot(TM) 64-Bit Server VM
WARN 2022-11-18 12:43:48,989 - 
INFO 2022-11-18 12:43:58,780 - Moving 1 file to D:\Software\KiuwanLocalAnalyzer\temp\BridgeWeave Crypto Android.8992049002099959198\results
INFO 2022-11-18 12:43:58,789 - Deleting: D:\Software\KiuwanLocalAnalyzer\temp\BridgeWeave Crypto Android.8992049002099959198\results\metrics_java.key
WARN 2022-11-18 12:43:58,960 - -----------------------------------------------------
WARN 2022-11-18 12:43:58,960 - Executing rules analysis for technology kotlin
WARN 2022-11-18 12:43:58,960 - -----------------------------------------------------
WARN 2022-11-18 12:43:58,960 - directory: D:\Repos\Brideweave Crypto Repo\Re-Test V2\bwbucket-bw-crypto-android-d8c446fae3e3
WARN 2022-11-18 12:43:58,960 - bill-of-materials: 
WARN 2022-11-18 12:43:58,960 - bill-of-materials format: 
WARN 2022-11-18 12:43:58,960 - includes: 
WARN 2022-11-18 12:43:58,960 - excludes: **/src/test/**,**/__MACOSX/**,**/*.min.js,**/*.Designer.vb,**/*.designer.vb,**/*Reference.vb,**/*Service.vb,**/*Silverlight.vb,**/*.Designer.cs,**/*.designer.cs,**/*Reference.cs,**/*Service.cs,**/*Silverlight.cs,**/.*,**/Pods/BuildHeaders/**/*.h,**/Pods/Headers/**/*.h,**/node_modules/**,**/bower_components/**,**/target/**,**/bin/**,**/obj/**,**/dist/**,**/lib/**
WARN 2022-11-18 12:43:58,960 - configuration: D:\Software\KiuwanLocalAnalyzer\bin\..\conf\apps\BridgeWeave Crypto Android.properties
WARN 2022-11-18 12:43:58,960 - VM version: 1.8.0_333
WARN 2022-11-18 12:43:59,050 - VM settings:
WARN 2022-11-18 12:43:59,051 -     Stack Size: 2.00M
WARN 2022-11-18 12:43:59,051 -     Min. Heap Size: 128.00M
WARN 2022-11-18 12:43:59,051 -     Max. Heap Size: 1.00G
WARN 2022-11-18 12:43:59,051 -     Ergonomics Machine Class: client
WARN 2022-11-18 12:43:59,051 -     Using VM: Java HotSpot(TM) 64-Bit Server VM
WARN 2022-11-18 12:43:59,051 - 
INFO 2022-11-18 12:44:32,093 - Moving 1 file to D:\Software\KiuwanLocalAnalyzer\temp\BridgeWeave Crypto Android.8992049002099959198\results
INFO 2022-11-18 12:44:32,106 - Deleting: D:\Software\KiuwanLocalAnalyzer\temp\BridgeWeave Crypto Android.8992049002099959198\results\rules_kotlin.key
WARN 2022-11-18 12:44:32,331 - -----------------------------------------------------
WARN 2022-11-18 12:44:32,331 - Executing metrics analysis for technology kotlin
WARN 2022-11-18 12:44:32,331 - -----------------------------------------------------
WARN 2022-11-18 12:44:32,331 - directory: D:\Repos\Brideweave Crypto Repo\Re-Test V2\bwbucket-bw-crypto-android-d8c446fae3e3
WARN 2022-11-18 12:44:32,332 - bill-of-materials: 
WARN 2022-11-18 12:44:32,332 - bill-of-materials format: 
WARN 2022-11-18 12:44:32,332 - includes: 
WARN 2022-11-18 12:44:32,332 - excludes: **/src/test/**,**/__MACOSX/**,**/*.min.js,**/*.Designer.vb,**/*.designer.vb,**/*Reference.vb,**/*Service.vb,**/*Silverlight.vb,**/*.Designer.cs,**/*.designer.cs,**/*Reference.cs,**/*Service.cs,**/*Silverlight.cs,**/.*,**/Pods/BuildHeaders/**/*.h,**/Pods/Headers/**/*.h,**/node_modules/**,**/bower_components/**,**/target/**,**/bin/**,**/obj/**,**/dist/**,**/lib/**
WARN 2022-11-18 12:44:32,332 - configuration: D:\Software\KiuwanLocalAnalyzer\bin\..\conf\apps\BridgeWeave Crypto Android.properties
WARN 2022-11-18 12:44:32,332 - VM version: 1.8.0_333
WARN 2022-11-18 12:44:32,435 - VM settings:
WARN 2022-11-18 12:44:32,437 -     Stack Size: 2.00M
WARN 2022-11-18 12:44:32,437 -     Min. Heap Size: 128.00M
WARN 2022-11-18 12:44:32,437 -     Max. Heap Size: 1.00G
WARN 2022-11-18 12:44:32,437 -     Ergonomics Machine Class: client
WARN 2022-11-18 12:44:32,437 -     Using VM: Java HotSpot(TM) 64-Bit Server VM
WARN 2022-11-18 12:44:32,437 - 
INFO 2022-11-18 12:44:42,973 - Moving 1 file to D:\Software\KiuwanLocalAnalyzer\temp\BridgeWeave Crypto Android.8992049002099959198\results
INFO 2022-11-18 12:44:42,987 - Deleting: D:\Software\KiuwanLocalAnalyzer\temp\BridgeWeave Crypto Android.8992049002099959198\results\metrics_kotlin.key
INFO 2022-11-18 12:44:42,992 - Update global report: STARTED
INFO 2022-11-18 12:44:43,001 - Update global report: FINISHED
INFO 2022-11-18 12:44:43,002 - Upload results to kiuwan: STARTED
INFO 2022-11-18 12:44:45,058 - Upload results to kiuwan: FINISHED
INFO 2022-11-18 12:44:45,059 - Retrieve complete results from kiuwan: STARTED
INFO 2022-11-18 12:44:45,933 - Retrieve complete results from kiuwan: FINISHED
INFO 2022-11-18 12:44:45,933 - Register analysis code in global report: STARTED
INFO 2022-11-18 12:44:45,935 - Register analysis code in global report: FINISHED
INFO 2022-11-18 12:44:45,941 - Analysis finished: A-7e6-18488edc262
